2025-12-29T20:53:16.136Z,Endpoint3-Win,1,60602,Windows application error event.,9,,EventChannel,"{'agent': {'ip': '192.168.100.15', 'name': 'Endpoint3-Win', 'id': '001'}, 'manager': {'name': 'wazuh-vm'}, 'data': {'win': {'eventdata': {'messageText': 'GetCACaps GetCACaps: Not Found {\\""Message\\"":\\""The authority \\\\\\""vmw-keyid-8f9961c00eb0db14c8c4176de23e14d78e212215.microsoftaik.azure.net\\\\\\"" does not exist.\\""} HTTP/1.1 404 Not Found Date: Mon, 29 Dec 2025 20:53:15 GMT Content-Length: 121 Content-Type: application/json; charset=utf-8 X-Content-Type-Options: nosniff Strict-Transport-Security: max-age=31536000;includeSubDomains x-ms-request-id: 794b37ab-b7b3-4501-b7b2-ad5a75bf6c60', 'method': 'GET(1047ms)', 'stage': 'GetCACaps', 'context': 'Local system', 'errorCode': 'Not found (404). 0x80190194 (-2145844844 HTTP_E_STATUS_NOT_FOUND)', 'url': 'https://VMW-KeyId-8f9961c00eb0db14c8c4176de23e14d78e212215.microsoftaik.azure.net/templates/Aik/scep'}, 'system': {'eventID': '86', 'eventSourceName': 'CertEnroll', 'keywords': '0x80000000000000', 'providerGuid': '{54164045-7C50-4905-963F-E5BC1EEF0CCA}', 'level': '2', 'channel': 'Application', 'opcode': '0', 'message': '""SCEP Certificate enrollment initialization for Local system via https://VMW-KeyId-8f9961c00eb0db14c8c4176de23e14d78e212215.microsoftaik.azure.net/templates/Aik/scep failed:\r\n\r\nGetCACaps\nGetCACaps: Not Found\n{""Message"":""The authority \\""vmw-keyid-8f9961c00eb0db14c8c4176de23e14d78e212215.microsoftaik.azure.net\\"" does not exist.""}\nHTTP/1.1 404 Not Found\nDate: Mon, 29 Dec 2025 20:53:15 GMT\nContent-Length: 121\nContent-Type: application/json; charset=utf-8\nX-Content-Type-Options: nosniff\nStrict-Transport-Security: max-age=31536000;includeSubDomains\nx-ms-request-id: 794b37ab-b7b3-4501-b7b2-ad5a75bf6c60\n\r\nMethod: GET(1047ms)\r\nStage: GetCACaps\r\nNot found (404). 0x80190194 (-2145844844 HTTP_E_STATUS_NOT_FOUND)""', 'version': '0', 'systemTime': '2025-12-29T20:53:15.3994923Z', 'eventRecordID': '1165', 'threadID': '0', 'computer': 'WindowsEnd-c7921449-8b62-4c4d-8a83-d9281ac0190b', 'task': '0', 'processID': '2000', 'severityValue': 'ERROR', 'providerName': 'Microsoft-Windows-CertificateServicesClient-CertEnroll'}}}, 'rule': {'firedtimes': 1, 'mail': False, 'level': 9, 'description': 'Windows application error event.', 'groups': ['windows', 'windows_application', 'system_error'], 'id': '60602', 'gdpr': ['IV_35.7.d'], 'gpg13': ['4.3']}, 'decoder': {'name': 'windows_eventchannel'}, 'input': {'type': 'log'}, '@timestamp': '2025-12-29T20:53:16.136Z', 'location': 'EventChannel', 'id': '1767041596.8589539', 'timestamp': '2025-12-29T21:53:16.136+0100'}",high,
2025-12-29T20:53:16.786Z,wazuh-vm,0,52002,Apparmor DENIED,3,,/var/log/kern.log,"{'predecoder': {'program_name': 'kernel', 'timestamp': '2025-12-29T21:53:16.767620+01:00'}, 'agent': {'name': 'wazuh-vm', 'id': '000'}, 'manager': {'name': 'wazuh-vm'}, 'data': {'extra_data': 'open', 'status': 'DENIED'}, 'rule': {'firedtimes': 68, 'mail': False, 'level': 3, 'description': 'Apparmor DENIED', 'groups': ['local', 'syslog', 'apparmor'], 'id': '52002'}, 'decoder': {'parent': 'kernel', 'name': 'kernel'}, 'full_log': '2025-12-29T21:53:16.767620+01:00 wazuh-vm kernel: audit: type=1400 audit(1767041596.765:282): apparmor=""DENIED"" operation=""open"" class=""file"" profile=""snap.firefox.firefox"" name=""/proc/pressure/memory"" pid=4137 comm=""MemoryPoller"" requested_mask=""r"" denied_mask=""r"" fsuid=1001 ouid=0', 'input': {'type': 'log'}, '@timestamp': '2025-12-29T20:53:16.786Z', 'location': '/var/log/kern.log', 'id': '1767041596.8594253', 'timestamp': '2025-12-29T21:53:16.786+0100'}",low,
2025-12-29T20:53:16.786Z,wazuh-vm,0,52002,Apparmor DENIED,3,,/var/log/syslog,"{'predecoder': {'program_name': 'kernel', 'timestamp': '2025-12-29T21:53:16.767620+01:00'}, 'agent': {'name': 'wazuh-vm', 'id': '000'}, 'manager': {'name': 'wazuh-vm'}, 'data': {'extra_data': 'open', 'status': 'DENIED'}, 'rule': {'firedtimes': 67, 'mail': False, 'level': 3, 'description': 'Apparmor DENIED', 'groups': ['local', 'syslog', 'apparmor'], 'id': '52002'}, 'decoder': {'parent': 'kernel', 'name': 'kernel'}, 'full_log': '2025-12-29T21:53:16.767620+01:00 wazuh-vm kernel: audit: type=1400 audit(1767041596.765:282): apparmor=""DENIED"" operation=""open"" class=""file"" profile=""snap.firefox.firefox"" name=""/proc/pressure/memory"" pid=4137 comm=""MemoryPoller"" requested_mask=""r"" denied_mask=""r"" fsuid=1001 ouid=0', 'input': {'type': 'log'}, '@timestamp': '2025-12-29T20:53:16.786Z', 'location': '/var/log/syslog', 'id': '1767041596.8593824', 'timestamp': '2025-12-29T21:53:16.786+0100'}",low,
2025-12-29T20:53:17.818Z,Endpoint3-Win,1,60642,Software protection service scheduled successfully.,3,,EventChannel,"{'agent': {'ip': '192.168.100.15', 'name': 'Endpoint3-Win', 'id': '001'}, 'manager': {'name': 'wazuh-vm'}, 'data': {'win': {'eventdata': {'data': '2025-12-30T20:49:16Z, RulesEngine'}, 'system': {'eventID': '16384', 'eventSourceName': 'Software Protection Platform Service', 'keywords': '0x80000000000000', 'providerGuid': '{E23B33B0-C8C9-472C-A5F9-F2BDFEA0F156}', 'level': '4', 'channel': 'Application', 'opcode': '0', 'message': '""Successfully scheduled Software Protection service for re-start at 2025-12-30T20:49:16Z. Reason: RulesEngine.""', 'version': '0', 'systemTime': '2025-12-29T20:53:17.0125165Z', 'eventRecordID': '1166', 'threadID': '0', 'computer': 'WindowsEnd-c7921449-8b62-4c4d-8a83-d9281ac0190b', 'task': '0', 'processID': '9036', 'severityValue': 'INFORMATION', 'providerName': 'Microsoft-Windows-Security-SPP'}}}, 'rule': {'firedtimes': 2, 'mail': False, 'level': 3, 'description': 'Software protection service scheduled successfully.', 'groups': ['windows', 'windows_application'], 'id': '60642'}, 'decoder': {'name': 'windows_eventchannel'}, 'input': {'type': 'log'}, '@timestamp': '2025-12-29T20:53:17.818Z', 'location': 'EventChannel', 'id': '1767041597.8594684', 'timestamp': '2025-12-29T21:53:17.818+0100'}",low,
2025-12-29T20:53:18.461Z,Endpoint3-Win,1,92154,Process loaded taskschd.dll module. May be used to create delayed malware execution,4,T1053.005,EventChannel,"{'agent': {'ip': '192.168.100.15', 'name': 'Endpoint3-Win', 'id': '001'}, 'manager': {'name': 'wazuh-vm'}, 'data': {'win': {'eventdata': {'originalFileName': 'taskschd.dll', 'image': 'C:\\\\Windows\\\\System32\\\\sppsvc.exe', 'product': 'Microsoft® Windows® Operating System', 'signature': 'Microsoft Windows', 'imageLoaded': 'C:\\\\Windows\\\\System32\\\\taskschd.dll', 'description': 'Task Scheduler COM API', 'signed': 'true', 'signatureStatus': 'Valid', 'processGuid': '{411eefe4-ea1c-6952-1601-000000001100}', 'processId': '9036', 'utcTime': '2025-12-29 20:53:16.694', 'hashes': 'SHA1=BF09E52372CF6663743A6FC58FCDB75D7551CD64,MD5=DF9E41FF2CF7430B4A29B24BB86AB7B0,SHA256=1E3292A4C58708CA4E3A73B82DB0E9CA4A2C1FC640526B9A14337A1A55A36AA7,IMPHASH=E61FD409CB21E6A6EBA2AFE59848CFC8', 'ruleName': 'technique_id=T1053,technique_name=Scheduled Task', 'company': 'Microsoft Corporation', 'fileVersion': '10.0.26100.5074 (WinBuild.160101.0800)', 'user': 'NT AUTHORITY\\\\NETWORK SERVICE'}, 'system': {'eventID': '7', 'keywords': '0x8000000000000000', 'providerGuid': '{5770385f-c22a-43e0-bf4c-06f5698ffbd9}', 'level': '4', 'channel': 'Microsoft-Windows-Sysmon/Operational', 'opcode': '0', 'message': '""Image loaded:\r\nRuleName: technique_id=T1053,technique_name=Scheduled Task\r\nUtcTime: 2025-12-29 20:53:16.694\r\nProcessGuid: {411eefe4-ea1c-6952-1601-000000001100}\r\nProcessId: 9036\r\nImage: C:\\Windows\\System32\\sppsvc.exe\r\nImageLoaded: C:\\Windows\\System32\\taskschd.dll\r\nFileVersion: 10.0.26100.5074 (WinBuild.160101.0800)\r\nDescription: Task Scheduler COM API\r\nProduct: Microsoft® Windows® Operating System\r\nCompany: Microsoft Corporation\r\nOriginalFileName: taskschd.dll\r\nHashes: SHA1=BF09E52372CF6663743A6FC58FCDB75D7551CD64,MD5=DF9E41FF2CF7430B4A29B24BB86AB7B0,SHA256=1E3292A4C58708CA4E3A73B82DB0E9CA4A2C1FC640526B9A14337A1A55A36AA7,IMPHASH=E61FD409CB21E6A6EBA2AFE59848CFC8\r\nSigned: true\r\nSignature: Microsoft Windows\r\nSignatureStatus: Valid\r\nUser: NT AUTHORITY\\NETWORK SERVICE""', 'version': '3', 'systemTime': '2025-12-29T20:53:16.7238062Z', 'eventRecordID': '20850', 'threadID': '5012', 'computer': 'WindowsEnd-c7921449-8b62-4c4d-8a83-d9281ac0190b', 'task': '7', 'processID': '3884', 'severityValue': 'INFORMATION', 'providerName': 'Microsoft-Windows-Sysmon'}}}, 'rule': {'firedtimes': 18, 'mail': False, 'level': 4, 'description': 'Process loaded taskschd.dll module. May be used to create delayed malware execution', 'groups': ['sysmon', 'sysmon_eid7_detections', 'windows'], 'mitre': {'technique': ['Scheduled Task'], 'id': ['T1053.005'], 'tactic': ['Execution', 'Persistence', 'Privilege Escalation']}, 'id': '92154'}, 'decoder': {'name': 'windows_eventchannel'}, 'input': {'type': 'log'}, '@timestamp': '2025-12-29T20:53:18.461Z', 'location': 'EventChannel', 'id': '1767041598.8596347', 'timestamp': '2025-12-29T21:53:18.461+0100'}",medium,
2025-12-29T20:53:19.626Z,Endpoint3-Win,1,60106,Windows logon success.,3,T1078,EventChannel,"{'agent': {'ip': '192.168.100.15', 'name': 'Endpoint3-Win', 'id': '001'}, 'manager': {'name': 'wazuh-vm'}, 'data': {'win': {'eventdata': {'subjectLogonId': '0x3e7', 'subjectDomainName': 'WORKGROUP', 'targetLinkedLogonId': '0x0', 'impersonationLevel': '%%1833', 'authenticationPackageName': 'Negotiate', 'targetLogonId': '0x3e7', 'logonProcessName': 'Advapi', 'logonGuid': '{00000000-0000-0000-0000-000000000000}', 'targetUserName': 'SYSTEM', 'keyLength': '0', 'elevatedToken': '%%1842', 'subjectUserSid': 'S-1-5-18', 'processId': '0x344', 'processName': 'C:\\\\Windows\\\\System32\\\\services.exe', 'targetDomainName': 'NT AUTHORITY', 'targetUserSid': 'S-1-5-18', 'virtualAccount': '%%1843', 'logonType': '5', 'subjectUserName': 'WINDOWSEND-C792$'}, 'system': {'eventID': '4624', 'keywords': '0x8020000000000000', 'providerGuid': '{54849625-5478-4994-a5ba-3e3b0328c30d}', 'level': '0', 'channel': 'Security', 'opcode': '0', 'message': '""An account was successfully logged on.\r\n\r\nSubject:\r\n\tSecurity ID:\t\tS-1-5-18\r\n\tAccount Name:\t\tWINDOWSEND-C792$\r\n\tAccount Domain:\t\tWORKGROUP\r\n\tLogon ID:\t\t0x3E7\r\n\r\nLogon Information:\r\n\tLogon Type:\t\t5\r\n\tRestricted Admin Mode:\t-\r\n\tRemote Credential Guard:\t-\r\n\tVirtual Account:\t\tNo\r\n\tElevated Token:\t\tYes\r\n\r\nImpersonation Level:\t\tImpersonation\r\n\r\nNew Logon:\r\n\tSecurity ID:\t\tS-1-5-18\r\n\tAccount Name:\t\tSYSTEM\r\n\tAccount Domain:\t\tNT AUTHORITY\r\n\tLogon ID:\t\t0x3E7\r\n\tLinked Logon ID:\t\t0x0\r\n\tNetwork Account Name:\t-\r\n\tNetwork Account Domain:\t-\r\n\tLogon GUID:\t\t{00000000-0000-0000-0000-000000000000}\r\n\r\nProcess Information:\r\n\tProcess ID:\t\t0x344\r\n\tProcess Name:\t\tC:\\Windows\\System32\\services.exe\r\n\r\nNetwork Information:\r\n\tWorkstation Name:\t-\r\n\tSource Network Address:\t-\r\n\tSource Port:\t\t-\r\n\r\nDetailed Authentication Information:\r\n\tLogon Process:\t\tAdvapi  \r\n\tAuthentication Package:\tNegotiate\r\n\tTransited Services:\t-\r\n\tPackage Name (NTLM only):\t-\r\n\tKey Length:\t\t0\r\n\r\nThis event is generated when a logon session is created. It is generated on the computer that was accessed.\r\n\r\nThe subject fields indicate the account on the local system which requested the logon. This is most commonly a service such as the Server service, or a local process such as Winlogon.exe or Services.exe.\r\n\r\nThe logon type field indicates the kind of logon that occurred. The most common types are 2 (interactive) and 3 (network).\r\n\r\nThe New Logon fields indicate the account for whom the new logon was created, i.e. the account that was logged on.\r\n\r\nThe network fields indicate where a remote logon request originated. Workstation name is not always available and may be left blank in some cases.\r\n\r\nThe impersonation level field indicates the extent to which a process in the logon session can impersonate.\r\n\r\nThe authentication information fields provide detailed information about this specific logon request.\r\n\t- Logon GUID is a unique identifier that can be used to correlate this event with a KDC event.\r\n\t- Transited services indicate which intermediate services have participated in this logon request.\r\n\t- Package name indicates which sub-protocol was used among the NTLM protocols.\r\n\t- Key length indicates the length of the generated session key. This will be 0 if no session key was requested.""', 'version': '3', 'systemTime': '2025-12-29T20:53:17.8651140Z', 'eventRecordID': '40136', 'threadID': '3096', 'computer': 'WindowsEnd-c7921449-8b62-4c4d-8a83-d9281ac0190b', 'task': '12544', 'processID': '856', 'severityValue': 'AUDIT_SUCCESS', 'providerName': 'Microsoft-Windows-Security-Auditing'}}}, 'rule': {'mail': False, 'level': 3, 'hipaa': ['164.312.b'], 'pci_dss': ['10.2.5'], 'tsc': ['CC6.8', 'CC7.2', 'CC7.3'], 'description': 'Windows logon success.', 'groups': ['windows', 'windows_security', 'authentication_success'], 'nist_800_53': ['AC.7', 'AU.14'], 'gdpr': ['IV_32.2'], 'firedtimes': 24, 'mitre': {'technique': ['Valid Accounts'], 'id': ['T1078'], 'tactic': ['Defense Evasion', 'Persistence', 'Privilege Escalation', 'Initial Access']}, 'id': '60106', 'gpg13': ['7.1', '7.2']}, 'decoder': {'name': 'windows_eventchannel'}, 'input': {'type': 'log'}, '@timestamp': '2025-12-29T20:53:19.626Z', 'location': 'EventChannel', 'id': '1767041599.8601038', 'timestamp': '2025-12-29T21:53:19.626+0100'}",low,
2025-12-29T20:53:21.864Z,Endpoint3-Win,1,60602,Windows application error event.,9,,EventChannel,"{'agent': {'ip': '192.168.100.15', 'name': 'Endpoint3-Win', 'id': '001'}, 'manager': {'name': 'wazuh-vm'}, 'data': {'win': {'eventdata': {'messageText': 'GetCACaps GetCACaps: Not Found {\\""Message\\"":\\""The authority \\\\\\""vmw-keyid-8f9961c00eb0db14c8c4176de23e14d78e212215.microsoftaik.azure.net\\\\\\"" does not exist.\\""} HTTP/1.1 404 Not Found Date: Mon, 29 Dec 2025 20:53:21 GMT Content-Length: 121 Content-Type: application/json; charset=utf-8 X-Content-Type-Options: nosniff Strict-Transport-Security: max-age=31536000;includeSubDomains x-ms-request-id: ea57dc01-97f9-494b-a69d-74dc11cb65cc', 'method': 'GET(5656ms)', 'stage': 'GetCACaps', 'context': 'WORKGROUP\\\\WINDOWSEND-C792$', 'errorCode': 'Not found (404). 0x80190194 (-2145844844 HTTP_E_STATUS_NOT_FOUND)', 'url': 'https://VMW-KeyId-8f9961c00eb0db14c8c4176de23e14d78e212215.microsoftaik.azure.net/templates/Aik/scep'}, 'system': {'eventID': '86', 'eventSourceName': 'CertEnroll', 'keywords': '0x80000000000000', 'providerGuid': '{54164045-7C50-4905-963F-E5BC1EEF0CCA}', 'level': '2', 'channel': 'Application', 'opcode': '0', 'message': '""SCEP Certificate enrollment initialization for WORKGROUP\\WINDOWSEND-C792$ via https://VMW-KeyId-8f9961c00eb0db14c8c4176de23e14d78e212215.microsoftaik.azure.net/templates/Aik/scep failed:\r\n\r\nGetCACaps\nGetCACaps: Not Found\n{""Message"":""The authority \\""vmw-keyid-8f9961c00eb0db14c8c4176de23e14d78e212215.microsoftaik.azure.net\\"" does not exist.""}\nHTTP/1.1 404 Not Found\nDate: Mon, 29 Dec 2025 20:53:21 GMT\nContent-Length: 121\nContent-Type: application/json; charset=utf-8\nX-Content-Type-Options: nosniff\nStrict-Transport-Security: max-age=31536000;includeSubDomains\nx-ms-request-id: ea57dc01-97f9-494b-a69d-74dc11cb65cc\n\r\nMethod: GET(5656ms)\r\nStage: GetCACaps\r\nNot found (404). 0x80190194 (-2145844844 HTTP_E_STATUS_NOT_FOUND)""', 'version': '0', 'systemTime': '2025-12-29T20:53:21.1258079Z', 'eventRecordID': '1167', 'threadID': '0', 'computer': 'WindowsEnd-c7921449-8b62-4c4d-8a83-d9281ac0190b', 'task': '0', 'processID': '2000', 'severityValue': 'ERROR', 'providerName': 'Microsoft-Windows-CertificateServicesClient-CertEnroll'}}}, 'rule': {'firedtimes': 2, 'mail': False, 'level': 9, 'description': 'Windows application error event.', 'groups': ['windows', 'windows_application', 'system_error'], 'id': '60602', 'gdpr': ['IV_35.7.d'], 'gpg13': ['4.3']}, 'decoder': {'name': 'windows_eventchannel'}, 'input': {'type': 'log'}, '@timestamp': '2025-12-29T20:53:21.864Z', 'location': 'EventChannel', 'id': '1767041601.8608486', 'timestamp': '2025-12-29T21:53:21.864+0100'}",high,
2025-12-29T20:53:22.717Z,wazuh-vm,0,52002,Apparmor DENIED,3,,/var/log/syslog,"{'predecoder': {'program_name': 'kernel', 'timestamp': '2025-12-29T21:53:21.768691+01:00'}, 'agent': {'name': 'wazuh-vm', 'id': '000'}, 'manager': {'name': 'wazuh-vm'}, 'data': {'extra_data': 'open', 'status': 'DENIED'}, 'rule': {'firedtimes': 69, 'mail': False, 'level': 3, 'description': 'Apparmor DENIED', 'groups': ['local', 'syslog', 'apparmor'], 'id': '52002'}, 'decoder': {'parent': 'kernel', 'name': 'kernel'}, 'full_log': '2025-12-29T21:53:21.768691+01:00 wazuh-vm kernel: audit: type=1400 audit(1767041601.767:283): apparmor=""DENIED"" operation=""open"" class=""file"" profile=""snap.firefox.firefox"" name=""/proc/pressure/memory"" pid=4137 comm=""MemoryPoller"" requested_mask=""r"" denied_mask=""r"" fsuid=1001 ouid=0', 'input': {'type': 'log'}, '@timestamp': '2025-12-29T20:53:22.717Z', 'location': '/var/log/syslog', 'id': '1767041602.8612832', 'timestamp': '2025-12-29T21:53:22.717+0100'}",low,
2025-12-29T20:53:22.717Z,wazuh-vm,0,52002,Apparmor DENIED,3,,/var/log/kern.log,"{'predecoder': {'program_name': 'kernel', 'timestamp': '2025-12-29T21:53:21.768691+01:00'}, 'agent': {'name': 'wazuh-vm', 'id': '000'}, 'manager': {'name': 'wazuh-vm'}, 'data': {'extra_data': 'open', 'status': 'DENIED'}, 'rule': {'firedtimes': 70, 'mail': False, 'level': 3, 'description': 'Apparmor DENIED', 'groups': ['local', 'syslog', 'apparmor'], 'id': '52002'}, 'decoder': {'parent': 'kernel', 'name': 'kernel'}, 'full_log': '2025-12-29T21:53:21.768691+01:00 wazuh-vm kernel: audit: type=1400 audit(1767041601.767:283): apparmor=""DENIED"" operation=""open"" class=""file"" profile=""snap.firefox.firefox"" name=""/proc/pressure/memory"" pid=4137 comm=""MemoryPoller"" requested_mask=""r"" denied_mask=""r"" fsuid=1001 ouid=0', 'input': {'type': 'log'}, '@timestamp': '2025-12-29T20:53:22.717Z', 'location': '/var/log/kern.log', 'id': '1767041602.8613261', 'timestamp': '2025-12-29T21:53:22.717+0100'}",low,
2025-12-29T20:53:23.368Z,Endpoint3-Win,1,61102,Windows System error event,5,,EventChannel,"{'agent': {'ip': '192.168.100.15', 'name': 'Endpoint3-Win', 'id': '001'}, 'manager': {'name': 'wazuh-vm'}, 'data': {'win': {'eventdata': {'bucketId': 'c9179ef297a30992fa985c66d93c06df37fdd843898c7ef5b5d37ad9e5020beb', 'deviceAttributes': 'BaseBoardManufacturer:Intel Corporation;FirmwareManufacturer:VMware, Inc.;FirmwareVersion:VMW201.00V.24006586.B64.2406042154;OEMModelNumber:VMware20,1;OEMModelBaseBoard:440BX Desktop Reference Platform;OEMModelSystemFamily:;OEMManufacturerName:VMware, Inc.;OEMModelSKU:;OSArchitecture:amd64;'}, 'system': {'eventID': '1801', 'keywords': '0x8000000000000000', 'providerGuid': '{7d5387b0-cbe0-11da-a94d-0800200c9a66}', 'level': '2', 'channel': 'System', 'opcode': '0', 'message': '""Secure Boot certificates have been updated but are not yet applied to the device firmware. Review the published guidance to complete the update and ensure full protection. This device signature information is included here.\r\nDeviceAttributes: BaseBoardManufacturer:Intel Corporation;FirmwareManufacturer:VMware, Inc.;FirmwareVersion:VMW201.00V.24006586.B64.2406042154;OEMModelNumber:VMware20,1;OEMModelBaseBoard:440BX Desktop Reference Platform;OEMModelSystemFamily:;OEMManufacturerName:VMware, Inc.;OEMModelSKU:;OSArchitecture:amd64;\r\nBucketId: c9179ef297a30992fa985c66d93c06df37fdd843898c7ef5b5d37ad9e5020beb\r\nBucketConfidenceLevel: \r\nUpdateType: \r\nFor more information, please see https://go.microsoft.com/fwlink/?linkid=2301018.""', 'version': '2', 'systemTime': '2025-12-29T20:53:21.6228305Z', 'eventRecordID': '2509', 'threadID': '2864', 'computer': 'WindowsEnd-c7921449-8b62-4c4d-8a83-d9281ac0190b', 'task': '0', 'processID': '2000', 'severityValue': 'ERROR', 'providerName': 'Microsoft-Windows-TPM-WMI'}}}, 'rule': {'firedtimes': 3, 'mail': False, 'level': 5, 'description': 'Windows System error event', 'groups': ['windows', 'windows_system', 'system_error'], 'id': '61102', 'gpg13': ['4.3'], 'gdpr': ['IV_35.7.d']}, 'decoder': {'name': 'windows_eventchannel'}, 'input': {'type': 'log'}, '@timestamp': '2025-12-29T20:53:23.368Z', 'location': 'EventChannel', 'id': '1767041603.8613692', 'timestamp': '2025-12-29T21:53:23.368+0100'}",medium,
2025-12-29T20:53:26.798Z,wazuh-vm,0,52002,Apparmor DENIED,3,,/var/log/syslog,"{'predecoder': {'program_name': 'kernel', 'timestamp': '2025-12-29T21:53:26.769677+01:00'}, 'agent': {'name': 'wazuh-vm', 'id': '000'}, 'manager': {'name': 'wazuh-vm'}, 'data': {'extra_data': 'open', 'status': 'DENIED'}, 'rule': {'firedtimes': 71, 'mail': False, 'level': 3, 'description': 'Apparmor DENIED', 'groups': ['local', 'syslog', 'apparmor'], 'id': '52002'}, 'decoder': {'parent': 'kernel', 'name': 'kernel'}, 'full_log': '2025-12-29T21:53:26.769677+01:00 wazuh-vm kernel: audit: type=1400 audit(1767041606.768:284): apparmor=""DENIED"" operation=""open"" class=""file"" profile=""snap.firefox.firefox"" name=""/proc/pressure/memory"" pid=4137 comm=""MemoryPoller"" requested_mask=""r"" denied_mask=""r"" fsuid=1001 ouid=0', 'input': {'type': 'log'}, '@timestamp': '2025-12-29T20:53:26.798Z', 'location': '/var/log/syslog', 'id': '1767041606.8617180', 'timestamp': '2025-12-29T21:53:26.798+0100'}",low,
2025-12-29T20:53:26.798Z,wazuh-vm,0,52002,Apparmor DENIED,3,,/var/log/kern.log,"{'predecoder': {'program_name': 'kernel', 'timestamp': '2025-12-29T21:53:26.769677+01:00'}, 'agent': {'name': 'wazuh-vm', 'id': '000'}, 'manager': {'name': 'wazuh-vm'}, 'data': {'extra_data': 'open', 'status': 'DENIED'}, 'rule': {'firedtimes': 72, 'mail': False, 'level': 3, 'description': 'Apparmor DENIED', 'groups': ['local', 'syslog', 'apparmor'], 'id': '52002'}, 'decoder': {'parent': 'kernel', 'name': 'kernel'}, 'full_log': '2025-12-29T21:53:26.769677+01:00 wazuh-vm kernel: audit: type=1400 audit(1767041606.768:284): apparmor=""DENIED"" operation=""open"" class=""file"" profile=""snap.firefox.firefox"" name=""/proc/pressure/memory"" pid=4137 comm=""MemoryPoller"" requested_mask=""r"" denied_mask=""r"" fsuid=1001 ouid=0', 'input': {'type': 'log'}, '@timestamp': '2025-12-29T20:53:26.798Z', 'location': '/var/log/kern.log', 'id': '1767041606.8617609', 'timestamp': '2025-12-29T21:53:26.798+0100'}",low,
2025-12-29T20:53:32.729Z,wazuh-vm,0,52002,Apparmor DENIED,3,,/var/log/syslog,"{'predecoder': {'program_name': 'kernel', 'timestamp': '2025-12-29T21:53:31.769709+01:00'}, 'agent': {'name': 'wazuh-vm', 'id': '000'}, 'manager': {'name': 'wazuh-vm'}, 'data': {'extra_data': 'open', 'status': 'DENIED'}, 'rule': {'firedtimes': 73, 'mail': False, 'level': 3, 'description': 'Apparmor DENIED', 'groups': ['local', 'syslog', 'apparmor'], 'id': '52002'}, 'decoder': {'parent': 'kernel', 'name': 'kernel'}, 'full_log': '2025-12-29T21:53:31.769709+01:00 wazuh-vm kernel: audit: type=1400 audit(1767041611.768:285): apparmor=""DENIED"" operation=""open"" class=""file"" profile=""snap.firefox.firefox"" name=""/proc/pressure/memory"" pid=4137 comm=""MemoryPoller"" requested_mask=""r"" denied_mask=""r"" fsuid=1001 ouid=0', 'input': {'type': 'log'}, '@timestamp': '2025-12-29T20:53:32.729Z', 'location': '/var/log/syslog', 'id': '1767041612.8618040', 'timestamp': '2025-12-29T21:53:32.729+0100'}",low,
2025-12-29T20:53:32.730Z,wazuh-vm,0,52002,Apparmor DENIED,3,,/var/log/kern.log,"{'predecoder': {'program_name': 'kernel', 'timestamp': '2025-12-29T21:53:31.769709+01:00'}, 'agent': {'name': 'wazuh-vm', 'id': '000'}, 'manager': {'name': 'wazuh-vm'}, 'data': {'extra_data': 'open', 'status': 'DENIED'}, 'rule': {'firedtimes': 74, 'mail': False, 'level': 3, 'description': 'Apparmor DENIED', 'groups': ['local', 'syslog', 'apparmor'], 'id': '52002'}, 'decoder': {'parent': 'kernel', 'name': 'kernel'}, 'full_log': '2025-12-29T21:53:31.769709+01:00 wazuh-vm kernel: audit: type=1400 audit(1767041611.768:285): apparmor=""DENIED"" operation=""open"" class=""file"" profile=""snap.firefox.firefox"" name=""/proc/pressure/memory"" pid=4137 comm=""MemoryPoller"" requested_mask=""r"" denied_mask=""r"" fsuid=1001 ouid=0', 'input': {'type': 'log'}, '@timestamp': '2025-12-29T20:53:32.730Z', 'location': '/var/log/kern.log', 'id': '1767041612.8618469', 'timestamp': '2025-12-29T21:53:32.730+0100'}",low,
2025-12-29T20:53:36.808Z,wazuh-vm,0,52002,Apparmor DENIED,3,,/var/log/syslog,"{'predecoder': {'program_name': 'kernel', 'timestamp': '2025-12-29T21:53:36.770710+01:00'}, 'agent': {'name': 'wazuh-vm', 'id': '000'}, 'manager': {'name': 'wazuh-vm'}, 'data': {'extra_data': 'open', 'status': 'DENIED'}, 'rule': {'firedtimes': 75, 'mail': False, 'level': 3, 'description': 'Apparmor DENIED', 'groups': ['local', 'syslog', 'apparmor'], 'id': '52002'}, 'decoder': {'parent': 'kernel', 'name': 'kernel'}, 'full_log': '2025-12-29T21:53:36.770710+01:00 wazuh-vm kernel: audit: type=1400 audit(1767041616.769:286): apparmor=""DENIED"" operation=""open"" class=""file"" profile=""snap.firefox.firefox"" name=""/proc/pressure/memory"" pid=4137 comm=""MemoryPoller"" requested_mask=""r"" denied_mask=""r"" fsuid=1001 ouid=0', 'input': {'type': 'log'}, '@timestamp': '2025-12-29T20:53:36.808Z', 'location': '/var/log/syslog', 'id': '1767041616.8618900', 'timestamp': '2025-12-29T21:53:36.808+0100'}",low,
2025-12-29T20:53:36.809Z,wazuh-vm,0,52002,Apparmor DENIED,3,,/var/log/kern.log,"{'predecoder': {'program_name': 'kernel', 'timestamp': '2025-12-29T21:53:36.770710+01:00'}, 'agent': {'name': 'wazuh-vm', 'id': '000'}, 'manager': {'name': 'wazuh-vm'}, 'data': {'extra_data': 'open', 'status': 'DENIED'}, 'rule': {'firedtimes': 76, 'mail': False, 'level': 3, 'description': 'Apparmor DENIED', 'groups': ['local', 'syslog', 'apparmor'], 'id': '52002'}, 'decoder': {'parent': 'kernel', 'name': 'kernel'}, 'full_log': '2025-12-29T21:53:36.770710+01:00 wazuh-vm kernel: audit: type=1400 audit(1767041616.769:286): apparmor=""DENIED"" operation=""open"" class=""file"" profile=""snap.firefox.firefox"" name=""/proc/pressure/memory"" pid=4137 comm=""MemoryPoller"" requested_mask=""r"" denied_mask=""r"" fsuid=1001 ouid=0', 'input': {'type': 'log'}, '@timestamp': '2025-12-29T20:53:36.809Z', 'location': '/var/log/kern.log', 'id': '1767041616.8619329', 'timestamp': '2025-12-29T21:53:36.809+0100'}",low,
2025-12-29T20:53:40.190Z,Endpoint3-Win,1,92039,A net.exe account discovery command was initiated,3,T1087,EventChannel,"{'agent': {'ip': '192.168.100.15', 'name': 'Endpoint3-Win', 'id': '001'}, 'manager': {'name': 'wazuh-vm'}, 'data': {'win': {'eventdata': {'originalFileName': 'net1.exe', 'image': 'C:\\\\Windows\\\\SysWOW64\\\\net1.exe', 'product': 'Microsoft® Windows® Operating System', 'parentProcessGuid': '{411eefe4-ea3a-6952-2501-000000001100}', 'description': 'Net Command', 'logonGuid': '{411eefe4-e8ce-6952-e703-000000000000}', 'parentCommandLine': 'net user administrator', 'processGuid': '{411eefe4-ea52-6952-2d01-000000001100}', 'logonId': '0x3e7', 'parentProcessId': '8284', 'processId': '8616', 'currentDirectory': 'C:\\\\Program Files (x86)\\\\ossec-agent\\\\', 'utcTime': '2025-12-29 20:53:38.437', 'hashes': 'SHA1=FE09437DAC25812FB834D72D9D6BE31BFCDBB490,MD5=97EF48CB1ED2DFEEB51672B7FAEB1B72,SHA256=0BAAD631C2F9EDDB6E7D6B9ABB43A5CE950515B9569C5D15AADBD1BA5725E131,IMPHASH=FEB4A1A72B6368863C8CC53955256BF8', 'parentImage': 'C:\\\\Windows\\\\SysWOW64\\\\net.exe', 'ruleName': 'technique_id=T1018,technique_name=Remote System Discovery', 'company': 'Microsoft Corporation', 'commandLine': 'C:\\\\WINDOWS\\\\system32\\\\net1 user administrator', 'integrityLevel': 'System', 'fileVersion': '10.0.26100.7019 (WinBuild.160101.0800)', 'user': 'NT AUTHORITY\\\\SYSTEM', 'terminalSessionId': '0', 'parentUser': 'NT AUTHORITY\\\\SYSTEM'}, 'system': {'eventID': '1', 'keywords': '0x8000000000000000', 'providerGuid': '{5770385f-c22a-43e0-bf4c-06f5698ffbd9}', 'level': '4', 'channel': 'Microsoft-Windows-Sysmon/Operational', 'opcode': '0', 'message': '""Process Create:\r\nRuleName: technique_id=T1018,technique_name=Remote System Discovery\r\nUtcTime: 2025-12-29 20:53:38.437\r\nProcessGuid: {411eefe4-ea52-6952-2d01-000000001100}\r\nProcessId: 8616\r\nImage: C:\\Windows\\SysWOW64\\net1.exe\r\nFileVersion: 10.0.26100.7019 (WinBuild.160101.0800)\r\nDescription: Net Command\r\nProduct: Microsoft® Windows® Operating System\r\nCompany: Microsoft Corporation\r\nOriginalFileName: net1.exe\r\nCommandLine: C:\\WINDOWS\\system32\\net1 user administrator\r\nCurrentDirectory: C:\\Program Files (x86)\\ossec-agent\\\r\nUser: NT AUTHORITY\\SYSTEM\r\nLogonGuid: {411eefe4-e8ce-6952-e703-000000000000}\r\nLogonId: 0x3E7\r\nTerminalSessionId: 0\r\nIntegrityLevel: System\r\nHashes: SHA1=FE09437DAC25812FB834D72D9D6BE31BFCDBB490,MD5=97EF48CB1ED2DFEEB51672B7FAEB1B72,SHA256=0BAAD631C2F9EDDB6E7D6B9ABB43A5CE950515B9569C5D15AADBD1BA5725E131,IMPHASH=FEB4A1A72B6368863C8CC53955256BF8\r\nParentProcessGuid: {411eefe4-ea3a-6952-2501-000000001100}\r\nParentProcessId: 8284\r\nParentImage: C:\\Windows\\SysWOW64\\net.exe\r\nParentCommandLine: net user administrator\r\nParentUser: NT AUTHORITY\\SYSTEM""', 'version': '5', 'systemTime': '2025-12-29T20:53:38.4544763Z', 'eventRecordID': '20885', 'threadID': '5004', 'computer': 'WindowsEnd-c7921449-8b62-4c4d-8a83-d9281ac0190b', 'task': '1', 'processID': '3884', 'severityValue': 'INFORMATION', 'providerName': 'Microsoft-Windows-Sysmon'}}}, 'rule': {'firedtimes': 2, 'mail': False, 'level': 3, 'description': 'A net.exe account discovery command was initiated', 'groups': ['sysmon', 'sysmon_eid1_detections', 'windows'], 'mitre': {'technique': ['Account Discovery'], 'id': ['T1087'], 'tactic': ['Discovery']}, 'id': '92039'}, 'decoder': {'name': 'windows_eventchannel'}, 'input': {'type': 'log'}, '@timestamp': '2025-12-29T20:53:40.190Z', 'location': 'EventChannel', 'id': '1767041620.8619760', 'timestamp': '2025-12-29T21:53:40.190+0100'}",low,C:\\WINDOWS\\system32\\net1 user administrator
2025-12-29T20:53:41.885Z,Endpoint3-Win,1,92039,A net.exe account discovery command was initiated,3,T1087,EventChannel,"{'agent': {'ip': '192.168.100.15', 'name': 'Endpoint3-Win', 'id': '001'}, 'manager': {'name': 'wazuh-vm'}, 'data': {'win': {'eventdata': {'originalFileName': 'net.exe', 'image': 'C:\\\\Windows\\\\SysWOW64\\\\net.exe', 'product': 'Microsoft® Windows® Operating System', 'parentProcessGuid': '{411eefe4-e8e3-6952-4c00-000000001100}', 'description': 'Net Command', 'logonGuid': '{411eefe4-e8ce-6952-e703-000000000000}', 'parentCommandLine': '\\""C:\\\\Program Files (x86)\\\\ossec-agent\\\\wazuh-agent.exe\\""', 'processGuid': '{411eefe4-ea54-6952-2e01-000000001100}', 'logonId': '0x3e7', 'parentProcessId': '3316', 'processId': '8960', 'currentDirectory': 'C:\\\\Program Files (x86)\\\\ossec-agent\\\\', 'utcTime': '2025-12-29 20:53:40.151', 'hashes': 'SHA1=898EA6CF28BAA8E35FD604A218CB4AC1DB63CF9A,MD5=D4E7A009D386934803364C2D69ED465B,SHA256=E7A3A04DB13F7D5E65DB45DBED99B80C9AD9907BEEBA3416E2E5428E1EFB791E,IMPHASH=559D4014B9861D37E317DED7FD6BC691', 'parentImage': 'C:\\\\Program Files (x86)\\\\ossec-agent\\\\wazuh-agent.exe', 'ruleName': 'technique_id=T1087.001,technique_name=Local Account', 'company': 'Microsoft Corporation', 'commandLine': 'net user guest', 'integrityLevel': 'System', 'fileVersion': '10.0.26100.7019 (WinBuild.160101.0800)', 'user': 'NT AUTHORITY\\\\SYSTEM', 'terminalSessionId': '0', 'parentUser': 'NT AUTHORITY\\\\SYSTEM'}, 'system': {'eventID': '1', 'keywords': '0x8000000000000000', 'providerGuid': '{5770385f-c22a-43e0-bf4c-06f5698ffbd9}', 'level': '4', 'channel': 'Microsoft-Windows-Sysmon/Operational', 'opcode': '0', 'message': '""Process Create:\r\nRuleName: technique_id=T1087.001,technique_name=Local Account\r\nUtcTime: 2025-12-29 20:53:40.151\r\nProcessGuid: {411eefe4-ea54-6952-2e01-000000001100}\r\nProcessId: 8960\r\nImage: C:\\Windows\\SysWOW64\\net.exe\r\nFileVersion: 10.0.26100.7019 (WinBuild.160101.0800)\r\nDescription: Net Command\r\nProduct: Microsoft® Windows® Operating System\r\nCompany: Microsoft Corporation\r\nOriginalFileName: net.exe\r\nCommandLine: net user guest\r\nCurrentDirectory: C:\\Program Files (x86)\\ossec-agent\\\r\nUser: NT AUTHORITY\\SYSTEM\r\nLogonGuid: {411eefe4-e8ce-6952-e703-000000000000}\r\nLogonId: 0x3E7\r\nTerminalSessionId: 0\r\nIntegrityLevel: System\r\nHashes: SHA1=898EA6CF28BAA8E35FD604A218CB4AC1DB63CF9A,MD5=D4E7A009D386934803364C2D69ED465B,SHA256=E7A3A04DB13F7D5E65DB45DBED99B80C9AD9907BEEBA3416E2E5428E1EFB791E,IMPHASH=559D4014B9861D37E317DED7FD6BC691\r\nParentProcessGuid: {411eefe4-e8e3-6952-4c00-000000001100}\r\nParentProcessId: 3316\r\nParentImage: C:\\Program Files (x86)\\ossec-agent\\wazuh-agent.exe\r\nParentCommandLine: ""C:\\Program Files (x86)\\ossec-agent\\wazuh-agent.exe""\r\nParentUser: NT AUTHORITY\\SYSTEM""', 'version': '5', 'systemTime': '2025-12-29T20:53:40.1595588Z', 'eventRecordID': '20888', 'threadID': '5004', 'computer': 'WindowsEnd-c7921449-8b62-4c4d-8a83-d9281ac0190b', 'task': '1', 'processID': '3884', 'severityValue': 'INFORMATION', 'providerName': 'Microsoft-Windows-Sysmon'}}}, 'rule': {'firedtimes': 3, 'mail': False, 'level': 3, 'description': 'A net.exe account discovery command was initiated', 'groups': ['sysmon', 'sysmon_eid1_detections', 'windows'], 'mitre': {'technique': ['Account Discovery'], 'id': ['T1087'], 'tactic': ['Discovery']}, 'id': '92039'}, 'decoder': {'name': 'windows_eventchannel'}, 'input': {'type': 'log'}, '@timestamp': '2025-12-29T20:53:41.885Z', 'location': 'EventChannel', 'id': '1767041621.8625751', 'timestamp': '2025-12-29T21:53:41.885+0100'}",low,net user guest
2025-12-29T20:53:42.740Z,wazuh-vm,0,52002,Apparmor DENIED,3,,/var/log/syslog,"{'predecoder': {'program_name': 'kernel', 'timestamp': '2025-12-29T21:53:42.181650+01:00'}, 'agent': {'name': 'wazuh-vm', 'id': '000'}, 'manager': {'name': 'wazuh-vm'}, 'data': {'extra_data': 'open', 'status': 'DENIED'}, 'rule': {'firedtimes': 77, 'mail': False, 'level': 3, 'description': 'Apparmor DENIED', 'groups': ['local', 'syslog', 'apparmor'], 'id': '52002'}, 'decoder': {'parent': 'kernel', 'name': 'kernel'}, 'full_log': '2025-12-29T21:53:42.181650+01:00 wazuh-vm kernel: audit: type=1400 audit(1767041622.180:287): apparmor=""DENIED"" operation=""open"" class=""file"" profile=""snap.firefox.firefox"" name=""/proc/pressure/memory"" pid=4137 comm=""MemoryPoller"" requested_mask=""r"" denied_mask=""r"" fsuid=1001 ouid=0', 'input': {'type': 'log'}, '@timestamp': '2025-12-29T20:53:42.740Z', 'location': '/var/log/syslog', 'id': '1767041622.8631816', 'timestamp': '2025-12-29T21:53:42.740+0100'}",low,
2025-12-29T20:53:42.741Z,wazuh-vm,0,52002,Apparmor DENIED,3,,/var/log/kern.log,"{'predecoder': {'program_name': 'kernel', 'timestamp': '2025-12-29T21:53:42.181650+01:00'}, 'agent': {'name': 'wazuh-vm', 'id': '000'}, 'manager': {'name': 'wazuh-vm'}, 'data': {'extra_data': 'open', 'status': 'DENIED'}, 'rule': {'firedtimes': 78, 'mail': False, 'level': 3, 'description': 'Apparmor DENIED', 'groups': ['local', 'syslog', 'apparmor'], 'id': '52002'}, 'decoder': {'parent': 'kernel', 'name': 'kernel'}, 'full_log': '2025-12-29T21:53:42.181650+01:00 wazuh-vm kernel: audit: type=1400 audit(1767041622.180:287): apparmor=""DENIED"" operation=""open"" class=""file"" profile=""snap.firefox.firefox"" name=""/proc/pressure/memory"" pid=4137 comm=""MemoryPoller"" requested_mask=""r"" denied_mask=""r"" fsuid=1001 ouid=0', 'input': {'type': 'log'}, '@timestamp': '2025-12-29T20:53:42.741Z', 'location': '/var/log/kern.log', 'id': '1767041622.8632245', 'timestamp': '2025-12-29T21:53:42.741+0100'}",low,
2025-12-29T20:53:43.381Z,Endpoint3-Win,1,92039,A net.exe account discovery command was initiated,3,T1087,EventChannel,"{'agent': {'ip': '192.168.100.15', 'name': 'Endpoint3-Win', 'id': '001'}, 'manager': {'name': 'wazuh-vm'}, 'data': {'win': {'eventdata': {'originalFileName': 'net1.exe', 'image': 'C:\\\\Windows\\\\SysWOW64\\\\net1.exe', 'product': 'Microsoft® Windows® Operating System', 'parentProcessGuid': '{411eefe4-ea54-6952-2e01-000000001100}', 'description': 'Net Command', 'logonGuid': '{411eefe4-e8ce-6952-e703-000000000000}', 'parentCommandLine': 'net user guest', 'processGuid': '{411eefe4-ea55-6952-3001-000000001100}', 'logonId': '0x3e7', 'parentProcessId': '8960', 'processId': '8112', 'currentDirectory': 'C:\\\\Program Files (x86)\\\\ossec-agent\\\\', 'utcTime': '2025-12-29 20:53:41.630', 'hashes': 'SHA1=FE09437DAC25812FB834D72D9D6BE31BFCDBB490,MD5=97EF48CB1ED2DFEEB51672B7FAEB1B72,SHA256=0BAAD631C2F9EDDB6E7D6B9ABB43A5CE950515B9569C5D15AADBD1BA5725E131,IMPHASH=FEB4A1A72B6368863C8CC53955256BF8', 'parentImage': 'C:\\\\Windows\\\\SysWOW64\\\\net.exe', 'ruleName': 'technique_id=T1018,technique_name=Remote System Discovery', 'company': 'Microsoft Corporation', 'commandLine': 'C:\\\\WINDOWS\\\\system32\\\\net1 user guest', 'integrityLevel': 'System', 'fileVersion': '10.0.26100.7019 (WinBuild.160101.0800)', 'user': 'NT AUTHORITY\\\\SYSTEM', 'terminalSessionId': '0', 'parentUser': 'NT AUTHORITY\\\\SYSTEM'}, 'system': {'eventID': '1', 'keywords': '0x8000000000000000', 'providerGuid': '{5770385f-c22a-43e0-bf4c-06f5698ffbd9}', 'level': '4', 'channel': 'Microsoft-Windows-Sysmon/Operational', 'opcode': '0', 'message': '""Process Create:\r\nRuleName: technique_id=T1018,technique_name=Remote System Discovery\r\nUtcTime: 2025-12-29 20:53:41.630\r\nProcessGuid: {411eefe4-ea55-6952-3001-000000001100}\r\nProcessId: 8112\r\nImage: C:\\Windows\\SysWOW64\\net1.exe\r\nFileVersion: 10.0.26100.7019 (WinBuild.160101.0800)\r\nDescription: Net Command\r\nProduct: Microsoft® Windows® Operating System\r\nCompany: Microsoft Corporation\r\nOriginalFileName: net1.exe\r\nCommandLine: C:\\WINDOWS\\system32\\net1 user guest\r\nCurrentDirectory: C:\\Program Files (x86)\\ossec-agent\\\r\nUser: NT AUTHORITY\\SYSTEM\r\nLogonGuid: {411eefe4-e8ce-6952-e703-000000000000}\r\nLogonId: 0x3E7\r\nTerminalSessionId: 0\r\nIntegrityLevel: System\r\nHashes: SHA1=FE09437DAC25812FB834D72D9D6BE31BFCDBB490,MD5=97EF48CB1ED2DFEEB51672B7FAEB1B72,SHA256=0BAAD631C2F9EDDB6E7D6B9ABB43A5CE950515B9569C5D15AADBD1BA5725E131,IMPHASH=FEB4A1A72B6368863C8CC53955256BF8\r\nParentProcessGuid: {411eefe4-ea54-6952-2e01-000000001100}\r\nParentProcessId: 8960\r\nParentImage: C:\\Windows\\SysWOW64\\net.exe\r\nParentCommandLine: net user guest\r\nParentUser: NT AUTHORITY\\SYSTEM""', 'version': '5', 'systemTime': '2025-12-29T20:53:41.6405766Z', 'eventRecordID': '20891', 'threadID': '5004', 'computer': 'WindowsEnd-c7921449-8b62-4c4d-8a83-d9281ac0190b', 'task': '1', 'processID': '3884', 'severityValue': 'INFORMATION', 'providerName': 'Microsoft-Windows-Sysmon'}}}, 'rule': {'firedtimes': 4, 'mail': False, 'level': 3, 'description': 'A net.exe account discovery command was initiated', 'groups': ['sysmon', 'sysmon_eid1_detections', 'windows'], 'mitre': {'technique': ['Account Discovery'], 'id': ['T1087'], 'tactic': ['Discovery']}, 'id': '92039'}, 'decoder': {'name': 'windows_eventchannel'}, 'input': {'type': 'log'}, '@timestamp': '2025-12-29T20:53:43.381Z', 'location': 'EventChannel', 'id': '1767041623.8632676', 'timestamp': '2025-12-29T21:53:43.381+0100'}",low,C:\\WINDOWS\\system32\\net1 user guest
2025-12-29T20:53:43.392Z,Endpoint3-Win,1,92039,A net.exe account discovery command was initiated,3,T1087,EventChannel,"{'agent': {'ip': '192.168.100.15', 'name': 'Endpoint3-Win', 'id': '001'}, 'manager': {'name': 'wazuh-vm'}, 'data': {'win': {'eventdata': {'originalFileName': 'net.exe', 'image': 'C:\\\\Windows\\\\SysWOW64\\\\net.exe', 'product': 'Microsoft® Windows® Operating System', 'parentProcessGuid': '{411eefe4-e8e3-6952-4c00-000000001100}', 'description': 'Net Command', 'logonGuid': '{411eefe4-e8ce-6952-e703-000000000000}', 'parentCommandLine': '\\""C:\\\\Program Files (x86)\\\\ossec-agent\\\\wazuh-agent.exe\\""', 'processGuid': '{411eefe4-ea56-6952-3101-000000001100}', 'logonId': '0x3e7', 'parentProcessId': '3316', 'processId': '612', 'currentDirectory': 'C:\\\\Program Files (x86)\\\\ossec-agent\\\\', 'utcTime': '2025-12-29 20:53:42.180', 'hashes': 'SHA1=898EA6CF28BAA8E35FD604A218CB4AC1DB63CF9A,MD5=D4E7A009D386934803364C2D69ED465B,SHA256=E7A3A04DB13F7D5E65DB45DBED99B80C9AD9907BEEBA3416E2E5428E1EFB791E,IMPHASH=559D4014B9861D37E317DED7FD6BC691', 'parentImage': 'C:\\\\Program Files (x86)\\\\ossec-agent\\\\wazuh-agent.exe', 'ruleName': 'technique_id=T1087.001,technique_name=Local Account', 'company': 'Microsoft Corporation', 'commandLine': 'net user administrator', 'integrityLevel': 'System', 'fileVersion': '10.0.26100.7019 (WinBuild.160101.0800)', 'user': 'NT AUTHORITY\\\\SYSTEM', 'terminalSessionId': '0', 'parentUser': 'NT AUTHORITY\\\\SYSTEM'}, 'system': {'eventID': '1', 'keywords': '0x8000000000000000', 'providerGuid': '{5770385f-c22a-43e0-bf4c-06f5698ffbd9}', 'level': '4', 'channel': 'Microsoft-Windows-Sysmon/Operational', 'opcode': '0', 'message': '""Process Create:\r\nRuleName: technique_id=T1087.001,technique_name=Local Account\r\nUtcTime: 2025-12-29 20:53:42.180\r\nProcessGuid: {411eefe4-ea56-6952-3101-000000001100}\r\nProcessId: 612\r\nImage: C:\\Windows\\SysWOW64\\net.exe\r\nFileVersion: 10.0.26100.7019 (WinBuild.160101.0800)\r\nDescription: Net Command\r\nProduct: Microsoft® Windows® Operating System\r\nCompany: Microsoft Corporation\r\nOriginalFileName: net.exe\r\nCommandLine: net user administrator\r\nCurrentDirectory: C:\\Program Files (x86)\\ossec-agent\\\r\nUser: NT AUTHORITY\\SYSTEM\r\nLogonGuid: {411eefe4-e8ce-6952-e703-000000000000}\r\nLogonId: 0x3E7\r\nTerminalSessionId: 0\r\nIntegrityLevel: System\r\nHashes: SHA1=898EA6CF28BAA8E35FD604A218CB4AC1DB63CF9A,MD5=D4E7A009D386934803364C2D69ED465B,SHA256=E7A3A04DB13F7D5E65DB45DBED99B80C9AD9907BEEBA3416E2E5428E1EFB791E,IMPHASH=559D4014B9861D37E317DED7FD6BC691\r\nParentProcessGuid: {411eefe4-e8e3-6952-4c00-000000001100}\r\nParentProcessId: 3316\r\nParentImage: C:\\Program Files (x86)\\ossec-agent\\wazuh-agent.exe\r\nParentCommandLine: ""C:\\Program Files (x86)\\ossec-agent\\wazuh-agent.exe""\r\nParentUser: NT AUTHORITY\\SYSTEM""', 'version': '5', 'systemTime': '2025-12-29T20:53:42.1849007Z', 'eventRecordID': '20894', 'threadID': '5004', 'computer': 'WindowsEnd-c7921449-8b62-4c4d-8a83-d9281ac0190b', 'task': '1', 'processID': '3884', 'severityValue': 'INFORMATION', 'providerName': 'Microsoft-Windows-Sysmon'}}}, 'rule': {'firedtimes': 5, 'mail': False, 'level': 3, 'description': 'A net.exe account discovery command was initiated', 'groups': ['sysmon', 'sysmon_eid1_detections', 'windows'], 'mitre': {'technique': ['Account Discovery'], 'id': ['T1087'], 'tactic': ['Discovery']}, 'id': '92039'}, 'decoder': {'name': 'windows_eventchannel'}, 'input': {'type': 'log'}, '@timestamp': '2025-12-29T20:53:43.392Z', 'location': 'EventChannel', 'id': '1767041623.8638603', 'timestamp': '2025-12-29T21:53:43.392+0100'}",low,net user administrator
