2025-12-29T21:06:23.742Z,Endpoint3-Win,1,92154,Process loaded taskschd.dll module. May be used to create delayed malware execution,4,T1053.005,EventChannel,"{'agent': {'ip': '192.168.100.15', 'name': 'Endpoint3-Win', 'id': '001'}, 'manager': {'name': 'wazuh-vm'}, 'data': {'win': {'eventdata': {'originalFileName': 'taskschd.dll', 'image': 'C:\\\\Program Files (x86)\\\\Microsoft\\\\EdgeUpdate\\\\MicrosoftEdgeUpdate.exe', 'product': 'Microsoft® Windows® Operating System', 'signature': 'Microsoft Windows', 'imageLoaded': 'C:\\\\Windows\\\\SysWOW64\\\\taskschd.dll', 'description': 'Task Scheduler COM API', 'signed': 'true', 'signatureStatus': 'Valid', 'processGuid': '{411eefe4-ed4a-6952-f101-000000001100}', 'processId': '4140', 'utcTime': '2025-12-29 21:06:21.326', 'hashes': 'SHA1=9A8680AD5B2A8A03CD76ECA9C59903B32491B01F,MD5=37CAF4C00F4781439B95891B3AD80285,SHA256=331FFA63D5FAE28E01929C99081899CC2CED5308F45F4C2148CE5E07132B5819,IMPHASH=86234BA1ECC097DF8302B1B6731097FD', 'ruleName': 'technique_id=T1053,technique_name=Scheduled Task', 'company': 'Microsoft Corporation', 'fileVersion': '10.0.26100.5074 (WinBuild.160101.0800)', 'user': 'NT AUTHORITY\\\\SYSTEM'}, 'system': {'eventID': '7', 'keywords': '0x8000000000000000', 'providerGuid': '{5770385f-c22a-43e0-bf4c-06f5698ffbd9}', 'level': '4', 'channel': 'Microsoft-Windows-Sysmon/Operational', 'opcode': '0', 'message': '""Image loaded:\r\nRuleName: technique_id=T1053,technique_name=Scheduled Task\r\nUtcTime: 2025-12-29 21:06:21.326\r\nProcessGuid: {411eefe4-ed4a-6952-f101-000000001100}\r\nProcessId: 4140\r\nImage: C:\\Program Files (x86)\\Microsoft\\EdgeUpdate\\MicrosoftEdgeUpdate.exe\r\nImageLoaded: C:\\Windows\\SysWOW64\\taskschd.dll\r\nFileVersion: 10.0.26100.5074 (WinBuild.160101.0800)\r\nDescription: Task Scheduler COM API\r\nProduct: Microsoft® Windows® Operating System\r\nCompany: Microsoft Corporation\r\nOriginalFileName: taskschd.dll\r\nHashes: SHA1=9A8680AD5B2A8A03CD76ECA9C59903B32491B01F,MD5=37CAF4C00F4781439B95891B3AD80285,SHA256=331FFA63D5FAE28E01929C99081899CC2CED5308F45F4C2148CE5E07132B5819,IMPHASH=86234BA1ECC097DF8302B1B6731097FD\r\nSigned: true\r\nSignature: Microsoft Windows\r\nSignatureStatus: Valid\r\nUser: NT AUTHORITY\\SYSTEM""', 'version': '3', 'systemTime': '2025-12-29T21:06:21.9845596Z', 'eventRecordID': '21490', 'threadID': '5012', 'computer': 'WindowsEnd-c7921449-8b62-4c4d-8a83-d9281ac0190b', 'task': '7', 'processID': '3884', 'severityValue': 'INFORMATION', 'providerName': 'Microsoft-Windows-Sysmon'}}}, 'rule': {'firedtimes': 8, 'mail': False, 'level': 4, 'description': 'Process loaded taskschd.dll module. May be used to create delayed malware execution', 'groups': ['sysmon', 'sysmon_eid7_detections', 'windows'], 'mitre': {'technique': ['Scheduled Task'], 'id': ['T1053.005'], 'tactic': ['Execution', 'Persistence', 'Privilege Escalation']}, 'id': '92154'}, 'decoder': {'name': 'windows_eventchannel'}, 'input': {'type': 'log'}, '@timestamp': '2025-12-29T21:06:23.742Z', 'location': 'EventChannel', 'id': '1767042383.9060750', 'timestamp': '2025-12-29T22:06:23.742+0100'}",medium,
2025-12-29T21:10:06.092Z,Endpoint3-Win,1,61104,Service startup type was changed,3,,EventChannel,"{'agent': {'ip': '192.168.100.15', 'name': 'Endpoint3-Win', 'id': '001'}, 'manager': {'name': 'wazuh-vm'}, 'data': {'win': {'eventdata': {'param3': 'demand start', 'param4': 'BITS', 'param1': 'Background Intelligent Transfer Service', 'param2': 'auto start'}, 'system': {'eventID': '7040', 'eventSourceName': 'Service Control Manager', 'keywords': '0x8080000000000000', 'providerGuid': '{555908d1-a6d7-4695-8e1e-26931d2012f4}', 'level': '4', 'channel': 'System', 'opcode': '0', 'message': '""The start type of the Background Intelligent Transfer Service service was changed from auto start to demand start.""', 'version': '0', 'systemTime': '2025-12-29T21:10:04.3326756Z', 'eventRecordID': '2518', 'threadID': '3360', 'computer': 'WindowsEnd-c7921449-8b62-4c4d-8a83-d9281ac0190b', 'task': '0', 'processID': '836', 'severityValue': 'INFORMATION', 'providerName': 'Service Control Manager'}}}, 'rule': {'firedtimes': 2, 'mail': False, 'level': 3, 'pci_dss': ['10.6'], 'hipaa': ['164.312.b'], 'tsc': ['CC6.1', 'CC6.8', 'CC7.2', 'CC7.3'], 'description': 'Service startup type was changed', 'groups': ['windows', 'windows_system', 'policy_changed'], 'id': '61104', 'nist_800_53': ['AU.6'], 'info': 'This does not appear to be logged on Windows 2000', 'gdpr': ['IV_35.7.d']}, 'decoder': {'name': 'windows_eventchannel'}, 'input': {'type': 'log'}, '@timestamp': '2025-12-29T21:10:06.092Z', 'location': 'EventChannel', 'id': '1767042606.9065558', 'timestamp': '2025-12-29T22:10:06.092+0100'}",low,
2025-12-29T21:11:38.791Z,Endpoint3-Win,1,60106,Windows logon success.,3,T1078,EventChannel,"{'agent': {'ip': '192.168.100.15', 'name': 'Endpoint3-Win', 'id': '001'}, 'manager': {'name': 'wazuh-vm'}, 'data': {'win': {'eventdata': {'subjectLogonId': '0x3e7', 'subjectDomainName': 'WORKGROUP', 'targetLinkedLogonId': '0x0', 'impersonationLevel': '%%1833', 'authenticationPackageName': 'Negotiate', 'targetLogonId': '0x3e7', 'logonProcessName': 'Advapi', 'logonGuid': '{00000000-0000-0000-0000-000000000000}', 'targetUserName': 'SYSTEM', 'keyLength': '0', 'elevatedToken': '%%1842', 'subjectUserSid': 'S-1-5-18', 'processId': '0x344', 'processName': 'C:\\\\Windows\\\\System32\\\\services.exe', 'targetDomainName': 'NT AUTHORITY', 'targetUserSid': 'S-1-5-18', 'virtualAccount': '%%1843', 'logonType': '5', 'subjectUserName': 'WINDOWSEND-C792$'}, 'system': {'eventID': '4624', 'keywords': '0x8020000000000000', 'providerGuid': '{54849625-5478-4994-a5ba-3e3b0328c30d}', 'level': '0', 'channel': 'Security', 'opcode': '0', 'message': '""An account was successfully logged on.\r\n\r\nSubject:\r\n\tSecurity ID:\t\tS-1-5-18\r\n\tAccount Name:\t\tWINDOWSEND-C792$\r\n\tAccount Domain:\t\tWORKGROUP\r\n\tLogon ID:\t\t0x3E7\r\n\r\nLogon Information:\r\n\tLogon Type:\t\t5\r\n\tRestricted Admin Mode:\t-\r\n\tRemote Credential Guard:\t-\r\n\tVirtual Account:\t\tNo\r\n\tElevated Token:\t\tYes\r\n\r\nImpersonation Level:\t\tImpersonation\r\n\r\nNew Logon:\r\n\tSecurity ID:\t\tS-1-5-18\r\n\tAccount Name:\t\tSYSTEM\r\n\tAccount Domain:\t\tNT AUTHORITY\r\n\tLogon ID:\t\t0x3E7\r\n\tLinked Logon ID:\t\t0x0\r\n\tNetwork Account Name:\t-\r\n\tNetwork Account Domain:\t-\r\n\tLogon GUID:\t\t{00000000-0000-0000-0000-000000000000}\r\n\r\nProcess Information:\r\n\tProcess ID:\t\t0x344\r\n\tProcess Name:\t\tC:\\Windows\\System32\\services.exe\r\n\r\nNetwork Information:\r\n\tWorkstation Name:\t-\r\n\tSource Network Address:\t-\r\n\tSource Port:\t\t-\r\n\r\nDetailed Authentication Information:\r\n\tLogon Process:\t\tAdvapi  \r\n\tAuthentication Package:\tNegotiate\r\n\tTransited Services:\t-\r\n\tPackage Name (NTLM only):\t-\r\n\tKey Length:\t\t0\r\n\r\nThis event is generated when a logon session is created. It is generated on the computer that was accessed.\r\n\r\nThe subject fields indicate the account on the local system which requested the logon. This is most commonly a service such as the Server service, or a local process such as Winlogon.exe or Services.exe.\r\n\r\nThe logon type field indicates the kind of logon that occurred. The most common types are 2 (interactive) and 3 (network).\r\n\r\nThe New Logon fields indicate the account for whom the new logon was created, i.e. the account that was logged on.\r\n\r\nThe network fields indicate where a remote logon request originated. Workstation name is not always available and may be left blank in some cases.\r\n\r\nThe impersonation level field indicates the extent to which a process in the logon session can impersonate.\r\n\r\nThe authentication information fields provide detailed information about this specific logon request.\r\n\t- Logon GUID is a unique identifier that can be used to correlate this event with a KDC event.\r\n\t- Transited services indicate which intermediate services have participated in this logon request.\r\n\t- Package name indicates which sub-protocol was used among the NTLM protocols.\r\n\t- Key length indicates the length of the generated session key. This will be 0 if no session key was requested.""', 'version': '3', 'systemTime': '2025-12-29T21:11:37.0115559Z', 'eventRecordID': '40490', 'threadID': '5484', 'computer': 'WindowsEnd-c7921449-8b62-4c4d-8a83-d9281ac0190b', 'task': '12544', 'processID': '856', 'severityValue': 'AUDIT_SUCCESS', 'providerName': 'Microsoft-Windows-Security-Auditing'}}}, 'rule': {'mail': False, 'level': 3, 'hipaa': ['164.312.b'], 'pci_dss': ['10.2.5'], 'tsc': ['CC6.8', 'CC7.2', 'CC7.3'], 'description': 'Windows logon success.', 'groups': ['windows', 'windows_security', 'authentication_success'], 'nist_800_53': ['AC.7', 'AU.14'], 'gdpr': ['IV_32.2'], 'firedtimes': 10, 'mitre': {'technique': ['Valid Accounts'], 'id': ['T1078'], 'tactic': ['Defense Evasion', 'Persistence', 'Privilege Escalation', 'Initial Access']}, 'id': '60106', 'gpg13': ['7.1', '7.2']}, 'decoder': {'name': 'windows_eventchannel'}, 'input': {'type': 'log'}, '@timestamp': '2025-12-29T21:11:38.791Z', 'location': 'EventChannel', 'id': '1767042698.9067452', 'timestamp': '2025-12-29T22:11:38.791+0100'}",low,
2025-12-29T21:15:14.578Z,Endpoint3-Win,1,92154,Process loaded taskschd.dll module. May be used to create delayed malware execution,4,T1053.005,EventChannel,"{'agent': {'ip': '192.168.100.15', 'name': 'Endpoint3-Win', 'id': '001'}, 'manager': {'name': 'wazuh-vm'}, 'data': {'win': {'eventdata': {'originalFileName': 'taskschd.dll', 'image': 'C:\\\\Windows\\\\System32\\\\taskhostw.exe', 'product': 'Microsoft® Windows® Operating System', 'signature': 'Microsoft Windows', 'imageLoaded': 'C:\\\\Windows\\\\System32\\\\taskschd.dll', 'description': 'Task Scheduler COM API', 'signed': 'true', 'signatureStatus': 'Valid', 'processGuid': '{411eefe4-ef5a-6952-f401-000000001100}', 'processId': '1380', 'utcTime': '2025-12-29 21:15:12.818', 'hashes': 'SHA1=BF09E52372CF6663743A6FC58FCDB75D7551CD64,MD5=DF9E41FF2CF7430B4A29B24BB86AB7B0,SHA256=1E3292A4C58708CA4E3A73B82DB0E9CA4A2C1FC640526B9A14337A1A55A36AA7,IMPHASH=E61FD409CB21E6A6EBA2AFE59848CFC8', 'ruleName': 'technique_id=T1053,technique_name=Scheduled Task', 'company': 'Microsoft Corporation', 'fileVersion': '10.0.26100.5074 (WinBuild.160101.0800)', 'user': 'NT AUTHORITY\\\\SYSTEM'}, 'system': {'eventID': '7', 'keywords': '0x8000000000000000', 'providerGuid': '{5770385f-c22a-43e0-bf4c-06f5698ffbd9}', 'level': '4', 'channel': 'Microsoft-Windows-Sysmon/Operational', 'opcode': '0', 'message': '""Image loaded:\r\nRuleName: technique_id=T1053,technique_name=Scheduled Task\r\nUtcTime: 2025-12-29 21:15:12.818\r\nProcessGuid: {411eefe4-ef5a-6952-f401-000000001100}\r\nProcessId: 1380\r\nImage: C:\\Windows\\System32\\taskhostw.exe\r\nImageLoaded: C:\\Windows\\System32\\taskschd.dll\r\nFileVersion: 10.0.26100.5074 (WinBuild.160101.0800)\r\nDescription: Task Scheduler COM API\r\nProduct: Microsoft® Windows® Operating System\r\nCompany: Microsoft Corporation\r\nOriginalFileName: taskschd.dll\r\nHashes: SHA1=BF09E52372CF6663743A6FC58FCDB75D7551CD64,MD5=DF9E41FF2CF7430B4A29B24BB86AB7B0,SHA256=1E3292A4C58708CA4E3A73B82DB0E9CA4A2C1FC640526B9A14337A1A55A36AA7,IMPHASH=E61FD409CB21E6A6EBA2AFE59848CFC8\r\nSigned: true\r\nSignature: Microsoft Windows\r\nSignatureStatus: Valid\r\nUser: NT AUTHORITY\\SYSTEM""', 'version': '3', 'systemTime': '2025-12-29T21:15:12.8198685Z', 'eventRecordID': '21496', 'threadID': '5004', 'computer': 'WindowsEnd-c7921449-8b62-4c4d-8a83-d9281ac0190b', 'task': '7', 'processID': '3884', 'severityValue': 'INFORMATION', 'providerName': 'Microsoft-Windows-Sysmon'}}}, 'rule': {'firedtimes': 9, 'mail': False, 'level': 4, 'description': 'Process loaded taskschd.dll module. May be used to create delayed malware execution', 'groups': ['sysmon', 'sysmon_eid7_detections', 'windows'], 'mitre': {'technique': ['Scheduled Task'], 'id': ['T1053.005'], 'tactic': ['Execution', 'Persistence', 'Privilege Escalation']}, 'id': '92154'}, 'decoder': {'name': 'windows_eventchannel'}, 'input': {'type': 'log'}, '@timestamp': '2025-12-29T21:15:14.578Z', 'location': 'EventChannel', 'id': '1767042914.9074900', 'timestamp': '2025-12-29T22:15:14.578+0100'}",medium,
2025-12-29T21:15:42.113Z,Endpoint3-Win,1,60642,Software protection service scheduled successfully.,3,,EventChannel,"{'agent': {'ip': '192.168.100.15', 'name': 'Endpoint3-Win', 'id': '001'}, 'manager': {'name': 'wazuh-vm'}, 'data': {'win': {'eventdata': {'data': '2025-12-30T20:48:41Z, RulesEngine'}, 'system': {'eventID': '16384', 'eventSourceName': 'Software Protection Platform Service', 'keywords': '0x80000000000000', 'providerGuid': '{E23B33B0-C8C9-472C-A5F9-F2BDFEA0F156}', 'level': '4', 'channel': 'Application', 'opcode': '0', 'message': '""Successfully scheduled Software Protection service for re-start at 2025-12-30T20:48:41Z. Reason: RulesEngine.""', 'version': '0', 'systemTime': '2025-12-29T21:15:41.3571844Z', 'eventRecordID': '1176', 'threadID': '0', 'computer': 'WindowsEnd-c7921449-8b62-4c4d-8a83-d9281ac0190b', 'task': '0', 'processID': '4484', 'severityValue': 'INFORMATION', 'providerName': 'Microsoft-Windows-Security-SPP'}}}, 'rule': {'firedtimes': 2, 'mail': False, 'level': 3, 'description': 'Software protection service scheduled successfully.', 'groups': ['windows', 'windows_application'], 'id': '60642'}, 'decoder': {'name': 'windows_eventchannel'}, 'input': {'type': 'log'}, '@timestamp': '2025-12-29T21:15:42.113Z', 'location': 'EventChannel', 'id': '1767042942.9079567', 'timestamp': '2025-12-29T22:15:42.113+0100'}",low,
2025-12-29T21:15:43.091Z,Endpoint3-Win,1,92154,Process loaded taskschd.dll module. May be used to create delayed malware execution,4,T1053.005,EventChannel,"{'agent': {'ip': '192.168.100.15', 'name': 'Endpoint3-Win', 'id': '001'}, 'manager': {'name': 'wazuh-vm'}, 'data': {'win': {'eventdata': {'originalFileName': 'taskschd.dll', 'image': 'C:\\\\Windows\\\\System32\\\\sppsvc.exe', 'product': 'Microsoft® Windows® Operating System', 'signature': 'Microsoft Windows', 'imageLoaded': 'C:\\\\Windows\\\\System32\\\\taskschd.dll', 'description': 'Task Scheduler COM API', 'signed': 'true', 'signatureStatus': 'Valid', 'processGuid': '{411eefe4-ef5e-6952-f701-000000001100}', 'processId': '4484', 'utcTime': '2025-12-29 21:15:41.330', 'hashes': 'SHA1=BF09E52372CF6663743A6FC58FCDB75D7551CD64,MD5=DF9E41FF2CF7430B4A29B24BB86AB7B0,SHA256=1E3292A4C58708CA4E3A73B82DB0E9CA4A2C1FC640526B9A14337A1A55A36AA7,IMPHASH=E61FD409CB21E6A6EBA2AFE59848CFC8', 'ruleName': 'technique_id=T1053,technique_name=Scheduled Task', 'company': 'Microsoft Corporation', 'fileVersion': '10.0.26100.5074 (WinBuild.160101.0800)', 'user': 'NT AUTHORITY\\\\NETWORK SERVICE'}, 'system': {'eventID': '7', 'keywords': '0x8000000000000000', 'providerGuid': '{5770385f-c22a-43e0-bf4c-06f5698ffbd9}', 'level': '4', 'channel': 'Microsoft-Windows-Sysmon/Operational', 'opcode': '0', 'message': '""Image loaded:\r\nRuleName: technique_id=T1053,technique_name=Scheduled Task\r\nUtcTime: 2025-12-29 21:15:41.330\r\nProcessGuid: {411eefe4-ef5e-6952-f701-000000001100}\r\nProcessId: 4484\r\nImage: C:\\Windows\\System32\\sppsvc.exe\r\nImageLoaded: C:\\Windows\\System32\\taskschd.dll\r\nFileVersion: 10.0.26100.5074 (WinBuild.160101.0800)\r\nDescription: Task Scheduler COM API\r\nProduct: Microsoft® Windows® Operating System\r\nCompany: Microsoft Corporation\r\nOriginalFileName: taskschd.dll\r\nHashes: SHA1=BF09E52372CF6663743A6FC58FCDB75D7551CD64,MD5=DF9E41FF2CF7430B4A29B24BB86AB7B0,SHA256=1E3292A4C58708CA4E3A73B82DB0E9CA4A2C1FC640526B9A14337A1A55A36AA7,IMPHASH=E61FD409CB21E6A6EBA2AFE59848CFC8\r\nSigned: true\r\nSignature: Microsoft Windows\r\nSignatureStatus: Valid\r\nUser: NT AUTHORITY\\NETWORK SERVICE""', 'version': '3', 'systemTime': '2025-12-29T21:15:41.3319492Z', 'eventRecordID': '21498', 'threadID': '5004', 'computer': 'WindowsEnd-c7921449-8b62-4c4d-8a83-d9281ac0190b', 'task': '7', 'processID': '3884', 'severityValue': 'INFORMATION', 'providerName': 'Microsoft-Windows-Sysmon'}}}, 'rule': {'firedtimes': 10, 'mail': False, 'level': 4, 'description': 'Process loaded taskschd.dll module. May be used to create delayed malware execution', 'groups': ['sysmon', 'sysmon_eid7_detections', 'windows'], 'mitre': {'technique': ['Scheduled Task'], 'id': ['T1053.005'], 'tactic': ['Execution', 'Persistence', 'Privilege Escalation']}, 'id': '92154'}, 'decoder': {'name': 'windows_eventchannel'}, 'input': {'type': 'log'}, '@timestamp': '2025-12-29T21:15:43.091Z', 'location': 'EventChannel', 'id': '1767042943.9081230', 'timestamp': '2025-12-29T22:15:43.091+0100'}",medium,
2025-12-29T21:15:46.742Z,Endpoint3-Win,1,92052,Windows command prompt started by an abnormal process,4,T1059.003,EventChannel,"{'agent': {'ip': '192.168.100.15', 'name': 'Endpoint3-Win', 'id': '001'}, 'manager': {'name': 'wazuh-vm'}, 'data': {'win': {'eventdata': {'originalFileName': 'Cmd.Exe', 'image': 'C:\\\\Windows\\\\System32\\\\cmd.exe', 'product': 'Microsoft® Windows® Operating System', 'parentProcessGuid': '{411eefe4-e8d4-6952-1b00-000000001100}', 'description': 'Windows Command Processor', 'logonGuid': '{411eefe4-e8ce-6952-e703-000000000000}', 'parentCommandLine': 'C:\\\\WINDOWS\\\\system32\\\\svchost.exe -k netsvcs -p -s Schedule', 'processGuid': '{411eefe4-ef80-6952-f801-000000001100}', 'logonId': '0x3e7', 'parentProcessId': '1444', 'processId': '9096', 'currentDirectory': 'C:\\\\WINDOWS\\\\system32\\\\', 'utcTime': '2025-12-29 21:15:44.911', 'hashes': 'SHA1=583BAC245F14E4E07E7508692C5D8B97F9EB9E6D,MD5=6D109A3A00F210C1AB89C3B08399ED48,SHA256=64AFC6DB3AAD1289533662E2D79E27DD55C7DCDB8CD918B08E145AD82AD5ACB4,IMPHASH=B0F049C014592B156EB1FA857E99CEB9', 'parentImage': 'C:\\\\Windows\\\\System32\\\\svchost.exe', 'ruleName': 'technique_id=T1059.003,technique_name=Windows Command Shell', 'company': 'Microsoft Corporation', 'commandLine': '\\""C:\\\\WINDOWS\\\\system32\\\\cmd.exe\\"" /d /c C:\\\\WINDOWS\\\\system32\\\\hpatchmonTask.cmd', 'integrityLevel': 'System', 'fileVersion': '10.0.26100.7309 (WinBuild.160101.0800)', 'user': 'NT AUTHORITY\\\\SYSTEM', 'terminalSessionId': '0', 'parentUser': 'NT AUTHORITY\\\\SYSTEM'}, 'system': {'eventID': '1', 'keywords': '0x8000000000000000', 'providerGuid': '{5770385f-c22a-43e0-bf4c-06f5698ffbd9}', 'level': '4', 'channel': 'Microsoft-Windows-Sysmon/Operational', 'opcode': '0', 'message': '""Process Create:\r\nRuleName: technique_id=T1059.003,technique_name=Windows Command Shell\r\nUtcTime: 2025-12-29 21:15:44.911\r\nProcessGuid: {411eefe4-ef80-6952-f801-000000001100}\r\nProcessId: 9096\r\nImage: C:\\Windows\\System32\\cmd.exe\r\nFileVersion: 10.0.26100.7309 (WinBuild.160101.0800)\r\nDescription: Windows Command Processor\r\nProduct: Microsoft® Windows® Operating System\r\nCompany: Microsoft Corporation\r\nOriginalFileName: Cmd.Exe\r\nCommandLine: ""C:\\WINDOWS\\system32\\cmd.exe"" /d /c C:\\WINDOWS\\system32\\hpatchmonTask.cmd\r\nCurrentDirectory: C:\\WINDOWS\\system32\\\r\nUser: NT AUTHORITY\\SYSTEM\r\nLogonGuid: {411eefe4-e8ce-6952-e703-000000000000}\r\nLogonId: 0x3E7\r\nTerminalSessionId: 0\r\nIntegrityLevel: System\r\nHashes: SHA1=583BAC245F14E4E07E7508692C5D8B97F9EB9E6D,MD5=6D109A3A00F210C1AB89C3B08399ED48,SHA256=64AFC6DB3AAD1289533662E2D79E27DD55C7DCDB8CD918B08E145AD82AD5ACB4,IMPHASH=B0F049C014592B156EB1FA857E99CEB9\r\nParentProcessGuid: {411eefe4-e8d4-6952-1b00-000000001100}\r\nParentProcessId: 1444\r\nParentImage: C:\\Windows\\System32\\svchost.exe\r\nParentCommandLine: C:\\WINDOWS\\system32\\svchost.exe -k netsvcs -p -s Schedule\r\nParentUser: NT AUTHORITY\\SYSTEM""', 'version': '5', 'systemTime': '2025-12-29T21:15:44.9336021Z', 'eventRecordID': '21501', 'threadID': '5004', 'computer': 'WindowsEnd-c7921449-8b62-4c4d-8a83-d9281ac0190b', 'task': '1', 'processID': '3884', 'severityValue': 'INFORMATION', 'providerName': 'Microsoft-Windows-Sysmon'}}}, 'rule': {'firedtimes': 8, 'mail': False, 'level': 4, 'description': 'Windows command prompt started by an abnormal process', 'groups': ['sysmon', 'sysmon_eid1_detections', 'windows'], 'mitre': {'technique': ['Windows Command Shell'], 'id': ['T1059.003'], 'tactic': ['Execution']}, 'id': '92052'}, 'decoder': {'name': 'windows_eventchannel'}, 'input': {'type': 'log'}, '@timestamp': '2025-12-29T21:15:46.742Z', 'location': 'EventChannel', 'id': '1767042946.9085921', 'timestamp': '2025-12-29T22:15:46.742+0100'}",medium,"\""C:\\WINDOWS\\system32\\cmd.exe\"" /d /c C:\\WINDOWS\\system32\\hpatchmonTask.cmd"
2025-12-29T21:15:48.208Z,Endpoint3-Win,1,60106,Windows logon success.,3,T1078,EventChannel,"{'agent': {'ip': '192.168.100.15', 'name': 'Endpoint3-Win', 'id': '001'}, 'manager': {'name': 'wazuh-vm'}, 'data': {'win': {'eventdata': {'subjectLogonId': '0x3e7', 'subjectDomainName': 'WORKGROUP', 'targetLinkedLogonId': '0x0', 'impersonationLevel': '%%1833', 'authenticationPackageName': 'Negotiate', 'targetLogonId': '0x3e7', 'logonProcessName': 'Advapi', 'logonGuid': '{00000000-0000-0000-0000-000000000000}', 'targetUserName': 'SYSTEM', 'keyLength': '0', 'elevatedToken': '%%1842', 'subjectUserSid': 'S-1-5-18', 'processId': '0x344', 'processName': 'C:\\\\Windows\\\\System32\\\\services.exe', 'targetDomainName': 'NT AUTHORITY', 'targetUserSid': 'S-1-5-18', 'virtualAccount': '%%1843', 'logonType': '5', 'subjectUserName': 'WINDOWSEND-C792$'}, 'system': {'eventID': '4624', 'keywords': '0x8020000000000000', 'providerGuid': '{54849625-5478-4994-a5ba-3e3b0328c30d}', 'level': '0', 'channel': 'Security', 'opcode': '0', 'message': '""An account was successfully logged on.\r\n\r\nSubject:\r\n\tSecurity ID:\t\tS-1-5-18\r\n\tAccount Name:\t\tWINDOWSEND-C792$\r\n\tAccount Domain:\t\tWORKGROUP\r\n\tLogon ID:\t\t0x3E7\r\n\r\nLogon Information:\r\n\tLogon Type:\t\t5\r\n\tRestricted Admin Mode:\t-\r\n\tRemote Credential Guard:\t-\r\n\tVirtual Account:\t\tNo\r\n\tElevated Token:\t\tYes\r\n\r\nImpersonation Level:\t\tImpersonation\r\n\r\nNew Logon:\r\n\tSecurity ID:\t\tS-1-5-18\r\n\tAccount Name:\t\tSYSTEM\r\n\tAccount Domain:\t\tNT AUTHORITY\r\n\tLogon ID:\t\t0x3E7\r\n\tLinked Logon ID:\t\t0x0\r\n\tNetwork Account Name:\t-\r\n\tNetwork Account Domain:\t-\r\n\tLogon GUID:\t\t{00000000-0000-0000-0000-000000000000}\r\n\r\nProcess Information:\r\n\tProcess ID:\t\t0x344\r\n\tProcess Name:\t\tC:\\Windows\\System32\\services.exe\r\n\r\nNetwork Information:\r\n\tWorkstation Name:\t-\r\n\tSource Network Address:\t-\r\n\tSource Port:\t\t-\r\n\r\nDetailed Authentication Information:\r\n\tLogon Process:\t\tAdvapi  \r\n\tAuthentication Package:\tNegotiate\r\n\tTransited Services:\t-\r\n\tPackage Name (NTLM only):\t-\r\n\tKey Length:\t\t0\r\n\r\nThis event is generated when a logon session is created. It is generated on the computer that was accessed.\r\n\r\nThe subject fields indicate the account on the local system which requested the logon. This is most commonly a service such as the Server service, or a local process such as Winlogon.exe or Services.exe.\r\n\r\nThe logon type field indicates the kind of logon that occurred. The most common types are 2 (interactive) and 3 (network).\r\n\r\nThe New Logon fields indicate the account for whom the new logon was created, i.e. the account that was logged on.\r\n\r\nThe network fields indicate where a remote logon request originated. Workstation name is not always available and may be left blank in some cases.\r\n\r\nThe impersonation level field indicates the extent to which a process in the logon session can impersonate.\r\n\r\nThe authentication information fields provide detailed information about this specific logon request.\r\n\t- Logon GUID is a unique identifier that can be used to correlate this event with a KDC event.\r\n\t- Transited services indicate which intermediate services have participated in this logon request.\r\n\t- Package name indicates which sub-protocol was used among the NTLM protocols.\r\n\t- Key length indicates the length of the generated session key. This will be 0 if no session key was requested.""', 'version': '3', 'systemTime': '2025-12-29T21:15:46.4220601Z', 'eventRecordID': '40492', 'threadID': '5484', 'computer': 'WindowsEnd-c7921449-8b62-4c4d-8a83-d9281ac0190b', 'task': '12544', 'processID': '856', 'severityValue': 'AUDIT_SUCCESS', 'providerName': 'Microsoft-Windows-Security-Auditing'}}}, 'rule': {'mail': False, 'level': 3, 'hipaa': ['164.312.b'], 'pci_dss': ['10.2.5'], 'tsc': ['CC6.8', 'CC7.2', 'CC7.3'], 'description': 'Windows logon success.', 'groups': ['windows', 'windows_security', 'authentication_success'], 'nist_800_53': ['AC.7', 'AU.14'], 'gdpr': ['IV_32.2'], 'firedtimes': 11, 'mitre': {'technique': ['Valid Accounts'], 'id': ['T1078'], 'tactic': ['Defense Evasion', 'Persistence', 'Privilege Escalation', 'Initial Access']}, 'id': '60106', 'gpg13': ['7.1', '7.2']}, 'decoder': {'name': 'windows_eventchannel'}, 'input': {'type': 'log'}, '@timestamp': '2025-12-29T21:15:48.208Z', 'location': 'EventChannel', 'id': '1767042948.9092228', 'timestamp': '2025-12-29T22:15:48.208+0100'}",low,
2025-12-29T21:15:48.653Z,Endpoint3-Win,1,60106,Windows logon success.,3,T1078,EventChannel,"{'agent': {'ip': '192.168.100.15', 'name': 'Endpoint3-Win', 'id': '001'}, 'manager': {'name': 'wazuh-vm'}, 'data': {'win': {'eventdata': {'subjectLogonId': '0x3e7', 'subjectDomainName': 'WORKGROUP', 'targetLinkedLogonId': '0x0', 'impersonationLevel': '%%1833', 'authenticationPackageName': 'Negotiate', 'targetLogonId': '0x3e7', 'logonProcessName': 'Advapi', 'logonGuid': '{00000000-0000-0000-0000-000000000000}', 'targetUserName': 'SYSTEM', 'keyLength': '0', 'elevatedToken': '%%1842', 'subjectUserSid': 'S-1-5-18', 'processId': '0x344', 'processName': 'C:\\\\Windows\\\\System32\\\\services.exe', 'targetDomainName': 'NT AUTHORITY', 'targetUserSid': 'S-1-5-18', 'virtualAccount': '%%1843', 'logonType': '5', 'subjectUserName': 'WINDOWSEND-C792$'}, 'system': {'eventID': '4624', 'keywords': '0x8020000000000000', 'providerGuid': '{54849625-5478-4994-a5ba-3e3b0328c30d}', 'level': '0', 'channel': 'Security', 'opcode': '0', 'message': '""An account was successfully logged on.\r\n\r\nSubject:\r\n\tSecurity ID:\t\tS-1-5-18\r\n\tAccount Name:\t\tWINDOWSEND-C792$\r\n\tAccount Domain:\t\tWORKGROUP\r\n\tLogon ID:\t\t0x3E7\r\n\r\nLogon Information:\r\n\tLogon Type:\t\t5\r\n\tRestricted Admin Mode:\t-\r\n\tRemote Credential Guard:\t-\r\n\tVirtual Account:\t\tNo\r\n\tElevated Token:\t\tYes\r\n\r\nImpersonation Level:\t\tImpersonation\r\n\r\nNew Logon:\r\n\tSecurity ID:\t\tS-1-5-18\r\n\tAccount Name:\t\tSYSTEM\r\n\tAccount Domain:\t\tNT AUTHORITY\r\n\tLogon ID:\t\t0x3E7\r\n\tLinked Logon ID:\t\t0x0\r\n\tNetwork Account Name:\t-\r\n\tNetwork Account Domain:\t-\r\n\tLogon GUID:\t\t{00000000-0000-0000-0000-000000000000}\r\n\r\nProcess Information:\r\n\tProcess ID:\t\t0x344\r\n\tProcess Name:\t\tC:\\Windows\\System32\\services.exe\r\n\r\nNetwork Information:\r\n\tWorkstation Name:\t-\r\n\tSource Network Address:\t-\r\n\tSource Port:\t\t-\r\n\r\nDetailed Authentication Information:\r\n\tLogon Process:\t\tAdvapi  \r\n\tAuthentication Package:\tNegotiate\r\n\tTransited Services:\t-\r\n\tPackage Name (NTLM only):\t-\r\n\tKey Length:\t\t0\r\n\r\nThis event is generated when a logon session is created. It is generated on the computer that was accessed.\r\n\r\nThe subject fields indicate the account on the local system which requested the logon. This is most commonly a service such as the Server service, or a local process such as Winlogon.exe or Services.exe.\r\n\r\nThe logon type field indicates the kind of logon that occurred. The most common types are 2 (interactive) and 3 (network).\r\n\r\nThe New Logon fields indicate the account for whom the new logon was created, i.e. the account that was logged on.\r\n\r\nThe network fields indicate where a remote logon request originated. Workstation name is not always available and may be left blank in some cases.\r\n\r\nThe impersonation level field indicates the extent to which a process in the logon session can impersonate.\r\n\r\nThe authentication information fields provide detailed information about this specific logon request.\r\n\t- Logon GUID is a unique identifier that can be used to correlate this event with a KDC event.\r\n\t- Transited services indicate which intermediate services have participated in this logon request.\r\n\t- Package name indicates which sub-protocol was used among the NTLM protocols.\r\n\t- Key length indicates the length of the generated session key. This will be 0 if no session key was requested.""', 'version': '3', 'systemTime': '2025-12-29T21:15:47.3107039Z', 'eventRecordID': '40507', 'threadID': '948', 'computer': 'WindowsEnd-c7921449-8b62-4c4d-8a83-d9281ac0190b', 'task': '12544', 'processID': '856', 'severityValue': 'AUDIT_SUCCESS', 'providerName': 'Microsoft-Windows-Security-Auditing'}}}, 'rule': {'mail': False, 'level': 3, 'hipaa': ['164.312.b'], 'pci_dss': ['10.2.5'], 'tsc': ['CC6.8', 'CC7.2', 'CC7.3'], 'description': 'Windows logon success.', 'groups': ['windows', 'windows_security', 'authentication_success'], 'nist_800_53': ['AC.7', 'AU.14'], 'gdpr': ['IV_32.2'], 'firedtimes': 12, 'mitre': {'technique': ['Valid Accounts'], 'id': ['T1078'], 'tactic': ['Defense Evasion', 'Persistence', 'Privilege Escalation', 'Initial Access']}, 'id': '60106', 'gpg13': ['7.1', '7.2']}, 'decoder': {'name': 'windows_eventchannel'}, 'input': {'type': 'log'}, '@timestamp': '2025-12-29T21:15:48.653Z', 'location': 'EventChannel', 'id': '1767042948.9099676', 'timestamp': '2025-12-29T22:15:48.653+0100'}",low,
2025-12-29T21:15:51.370Z,Endpoint3-Win,1,60106,Windows logon success.,3,T1078,EventChannel,"{'agent': {'ip': '192.168.100.15', 'name': 'Endpoint3-Win', 'id': '001'}, 'manager': {'name': 'wazuh-vm'}, 'data': {'win': {'eventdata': {'subjectLogonId': '0x3e7', 'subjectDomainName': 'WORKGROUP', 'targetLinkedLogonId': '0x0', 'impersonationLevel': '%%1833', 'authenticationPackageName': 'Negotiate', 'targetLogonId': '0x3e7', 'logonProcessName': 'Advapi', 'logonGuid': '{00000000-0000-0000-0000-000000000000}', 'targetUserName': 'SYSTEM', 'keyLength': '0', 'elevatedToken': '%%1842', 'subjectUserSid': 'S-1-5-18', 'processId': '0x344', 'processName': 'C:\\\\Windows\\\\System32\\\\services.exe', 'targetDomainName': 'NT AUTHORITY', 'targetUserSid': 'S-1-5-18', 'virtualAccount': '%%1843', 'logonType': '5', 'subjectUserName': 'WINDOWSEND-C792$'}, 'system': {'eventID': '4624', 'keywords': '0x8020000000000000', 'providerGuid': '{54849625-5478-4994-a5ba-3e3b0328c30d}', 'level': '0', 'channel': 'Security', 'opcode': '0', 'message': '""An account was successfully logged on.\r\n\r\nSubject:\r\n\tSecurity ID:\t\tS-1-5-18\r\n\tAccount Name:\t\tWINDOWSEND-C792$\r\n\tAccount Domain:\t\tWORKGROUP\r\n\tLogon ID:\t\t0x3E7\r\n\r\nLogon Information:\r\n\tLogon Type:\t\t5\r\n\tRestricted Admin Mode:\t-\r\n\tRemote Credential Guard:\t-\r\n\tVirtual Account:\t\tNo\r\n\tElevated Token:\t\tYes\r\n\r\nImpersonation Level:\t\tImpersonation\r\n\r\nNew Logon:\r\n\tSecurity ID:\t\tS-1-5-18\r\n\tAccount Name:\t\tSYSTEM\r\n\tAccount Domain:\t\tNT AUTHORITY\r\n\tLogon ID:\t\t0x3E7\r\n\tLinked Logon ID:\t\t0x0\r\n\tNetwork Account Name:\t-\r\n\tNetwork Account Domain:\t-\r\n\tLogon GUID:\t\t{00000000-0000-0000-0000-000000000000}\r\n\r\nProcess Information:\r\n\tProcess ID:\t\t0x344\r\n\tProcess Name:\t\tC:\\Windows\\System32\\services.exe\r\n\r\nNetwork Information:\r\n\tWorkstation Name:\t-\r\n\tSource Network Address:\t-\r\n\tSource Port:\t\t-\r\n\r\nDetailed Authentication Information:\r\n\tLogon Process:\t\tAdvapi  \r\n\tAuthentication Package:\tNegotiate\r\n\tTransited Services:\t-\r\n\tPackage Name (NTLM only):\t-\r\n\tKey Length:\t\t0\r\n\r\nThis event is generated when a logon session is created. It is generated on the computer that was accessed.\r\n\r\nThe subject fields indicate the account on the local system which requested the logon. This is most commonly a service such as the Server service, or a local process such as Winlogon.exe or Services.exe.\r\n\r\nThe logon type field indicates the kind of logon that occurred. The most common types are 2 (interactive) and 3 (network).\r\n\r\nThe New Logon fields indicate the account for whom the new logon was created, i.e. the account that was logged on.\r\n\r\nThe network fields indicate where a remote logon request originated. Workstation name is not always available and may be left blank in some cases.\r\n\r\nThe impersonation level field indicates the extent to which a process in the logon session can impersonate.\r\n\r\nThe authentication information fields provide detailed information about this specific logon request.\r\n\t- Logon GUID is a unique identifier that can be used to correlate this event with a KDC event.\r\n\t- Transited services indicate which intermediate services have participated in this logon request.\r\n\t- Package name indicates which sub-protocol was used among the NTLM protocols.\r\n\t- Key length indicates the length of the generated session key. This will be 0 if no session key was requested.""', 'version': '3', 'systemTime': '2025-12-29T21:15:49.5842529Z', 'eventRecordID': '40509', 'threadID': '948', 'computer': 'WindowsEnd-c7921449-8b62-4c4d-8a83-d9281ac0190b', 'task': '12544', 'processID': '856', 'severityValue': 'AUDIT_SUCCESS', 'providerName': 'Microsoft-Windows-Security-Auditing'}}}, 'rule': {'mail': False, 'level': 3, 'hipaa': ['164.312.b'], 'pci_dss': ['10.2.5'], 'tsc': ['CC6.8', 'CC7.2', 'CC7.3'], 'description': 'Windows logon success.', 'groups': ['windows', 'windows_security', 'authentication_success'], 'nist_800_53': ['AC.7', 'AU.14'], 'gdpr': ['IV_32.2'], 'firedtimes': 13, 'mitre': {'technique': ['Valid Accounts'], 'id': ['T1078'], 'tactic': ['Defense Evasion', 'Persistence', 'Privilege Escalation', 'Initial Access']}, 'id': '60106', 'gpg13': ['7.1', '7.2']}, 'decoder': {'name': 'windows_eventchannel'}, 'input': {'type': 'log'}, '@timestamp': '2025-12-29T21:15:51.370Z', 'location': 'EventChannel', 'id': '1767042951.9107122', 'timestamp': '2025-12-29T22:15:51.370+0100'}",low,
2025-12-29T21:15:53.620Z,Endpoint3-Win,1,60106,Windows logon success.,3,T1078,EventChannel,"{'agent': {'ip': '192.168.100.15', 'name': 'Endpoint3-Win', 'id': '001'}, 'manager': {'name': 'wazuh-vm'}, 'data': {'win': {'eventdata': {'subjectLogonId': '0x3e7', 'subjectDomainName': 'WORKGROUP', 'targetLinkedLogonId': '0x0', 'impersonationLevel': '%%1833', 'authenticationPackageName': 'Negotiate', 'targetLogonId': '0x3e7', 'logonProcessName': 'Advapi', 'logonGuid': '{00000000-0000-0000-0000-000000000000}', 'targetUserName': 'SYSTEM', 'keyLength': '0', 'elevatedToken': '%%1842', 'subjectUserSid': 'S-1-5-18', 'processId': '0x344', 'processName': 'C:\\\\Windows\\\\System32\\\\services.exe', 'targetDomainName': 'NT AUTHORITY', 'targetUserSid': 'S-1-5-18', 'virtualAccount': '%%1843', 'logonType': '5', 'subjectUserName': 'WINDOWSEND-C792$'}, 'system': {'eventID': '4624', 'keywords': '0x8020000000000000', 'providerGuid': '{54849625-5478-4994-a5ba-3e3b0328c30d}', 'level': '0', 'channel': 'Security', 'opcode': '0', 'message': '""An account was successfully logged on.\r\n\r\nSubject:\r\n\tSecurity ID:\t\tS-1-5-18\r\n\tAccount Name:\t\tWINDOWSEND-C792$\r\n\tAccount Domain:\t\tWORKGROUP\r\n\tLogon ID:\t\t0x3E7\r\n\r\nLogon Information:\r\n\tLogon Type:\t\t5\r\n\tRestricted Admin Mode:\t-\r\n\tRemote Credential Guard:\t-\r\n\tVirtual Account:\t\tNo\r\n\tElevated Token:\t\tYes\r\n\r\nImpersonation Level:\t\tImpersonation\r\n\r\nNew Logon:\r\n\tSecurity ID:\t\tS-1-5-18\r\n\tAccount Name:\t\tSYSTEM\r\n\tAccount Domain:\t\tNT AUTHORITY\r\n\tLogon ID:\t\t0x3E7\r\n\tLinked Logon ID:\t\t0x0\r\n\tNetwork Account Name:\t-\r\n\tNetwork Account Domain:\t-\r\n\tLogon GUID:\t\t{00000000-0000-0000-0000-000000000000}\r\n\r\nProcess Information:\r\n\tProcess ID:\t\t0x344\r\n\tProcess Name:\t\tC:\\Windows\\System32\\services.exe\r\n\r\nNetwork Information:\r\n\tWorkstation Name:\t-\r\n\tSource Network Address:\t-\r\n\tSource Port:\t\t-\r\n\r\nDetailed Authentication Information:\r\n\tLogon Process:\t\tAdvapi  \r\n\tAuthentication Package:\tNegotiate\r\n\tTransited Services:\t-\r\n\tPackage Name (NTLM only):\t-\r\n\tKey Length:\t\t0\r\n\r\nThis event is generated when a logon session is created. It is generated on the computer that was accessed.\r\n\r\nThe subject fields indicate the account on the local system which requested the logon. This is most commonly a service such as the Server service, or a local process such as Winlogon.exe or Services.exe.\r\n\r\nThe logon type field indicates the kind of logon that occurred. The most common types are 2 (interactive) and 3 (network).\r\n\r\nThe New Logon fields indicate the account for whom the new logon was created, i.e. the account that was logged on.\r\n\r\nThe network fields indicate where a remote logon request originated. Workstation name is not always available and may be left blank in some cases.\r\n\r\nThe impersonation level field indicates the extent to which a process in the logon session can impersonate.\r\n\r\nThe authentication information fields provide detailed information about this specific logon request.\r\n\t- Logon GUID is a unique identifier that can be used to correlate this event with a KDC event.\r\n\t- Transited services indicate which intermediate services have participated in this logon request.\r\n\t- Package name indicates which sub-protocol was used among the NTLM protocols.\r\n\t- Key length indicates the length of the generated session key. This will be 0 if no session key was requested.""', 'version': '3', 'systemTime': '2025-12-29T21:15:51.8456712Z', 'eventRecordID': '40511', 'threadID': '1132', 'computer': 'WindowsEnd-c7921449-8b62-4c4d-8a83-d9281ac0190b', 'task': '12544', 'processID': '856', 'severityValue': 'AUDIT_SUCCESS', 'providerName': 'Microsoft-Windows-Security-Auditing'}}}, 'rule': {'mail': False, 'level': 3, 'hipaa': ['164.312.b'], 'pci_dss': ['10.2.5'], 'tsc': ['CC6.8', 'CC7.2', 'CC7.3'], 'description': 'Windows logon success.', 'groups': ['windows', 'windows_security', 'authentication_success'], 'nist_800_53': ['AC.7', 'AU.14'], 'gdpr': ['IV_32.2'], 'firedtimes': 14, 'mitre': {'technique': ['Valid Accounts'], 'id': ['T1078'], 'tactic': ['Defense Evasion', 'Persistence', 'Privilege Escalation', 'Initial Access']}, 'id': '60106', 'gpg13': ['7.1', '7.2']}, 'decoder': {'name': 'windows_eventchannel'}, 'input': {'type': 'log'}, '@timestamp': '2025-12-29T21:15:53.620Z', 'location': 'EventChannel', 'id': '1767042953.9114568', 'timestamp': '2025-12-29T22:15:53.620+0100'}",low,
2025-12-29T21:15:53.634Z,Endpoint3-Win,1,60106,Windows logon success.,3,T1078,EventChannel,"{'agent': {'ip': '192.168.100.15', 'name': 'Endpoint3-Win', 'id': '001'}, 'manager': {'name': 'wazuh-vm'}, 'data': {'win': {'eventdata': {'subjectLogonId': '0x3e7', 'subjectDomainName': 'WORKGROUP', 'targetLinkedLogonId': '0x0', 'impersonationLevel': '%%1833', 'authenticationPackageName': 'Negotiate', 'targetLogonId': '0x3e7', 'logonProcessName': 'Advapi', 'logonGuid': '{00000000-0000-0000-0000-000000000000}', 'targetUserName': 'SYSTEM', 'keyLength': '0', 'elevatedToken': '%%1842', 'subjectUserSid': 'S-1-5-18', 'processId': '0x344', 'processName': 'C:\\\\Windows\\\\System32\\\\services.exe', 'targetDomainName': 'NT AUTHORITY', 'targetUserSid': 'S-1-5-18', 'virtualAccount': '%%1843', 'logonType': '5', 'subjectUserName': 'WINDOWSEND-C792$'}, 'system': {'eventID': '4624', 'keywords': '0x8020000000000000', 'providerGuid': '{54849625-5478-4994-a5ba-3e3b0328c30d}', 'level': '0', 'channel': 'Security', 'opcode': '0', 'message': '""An account was successfully logged on.\r\n\r\nSubject:\r\n\tSecurity ID:\t\tS-1-5-18\r\n\tAccount Name:\t\tWINDOWSEND-C792$\r\n\tAccount Domain:\t\tWORKGROUP\r\n\tLogon ID:\t\t0x3E7\r\n\r\nLogon Information:\r\n\tLogon Type:\t\t5\r\n\tRestricted Admin Mode:\t-\r\n\tRemote Credential Guard:\t-\r\n\tVirtual Account:\t\tNo\r\n\tElevated Token:\t\tYes\r\n\r\nImpersonation Level:\t\tImpersonation\r\n\r\nNew Logon:\r\n\tSecurity ID:\t\tS-1-5-18\r\n\tAccount Name:\t\tSYSTEM\r\n\tAccount Domain:\t\tNT AUTHORITY\r\n\tLogon ID:\t\t0x3E7\r\n\tLinked Logon ID:\t\t0x0\r\n\tNetwork Account Name:\t-\r\n\tNetwork Account Domain:\t-\r\n\tLogon GUID:\t\t{00000000-0000-0000-0000-000000000000}\r\n\r\nProcess Information:\r\n\tProcess ID:\t\t0x344\r\n\tProcess Name:\t\tC:\\Windows\\System32\\services.exe\r\n\r\nNetwork Information:\r\n\tWorkstation Name:\t-\r\n\tSource Network Address:\t-\r\n\tSource Port:\t\t-\r\n\r\nDetailed Authentication Information:\r\n\tLogon Process:\t\tAdvapi  \r\n\tAuthentication Package:\tNegotiate\r\n\tTransited Services:\t-\r\n\tPackage Name (NTLM only):\t-\r\n\tKey Length:\t\t0\r\n\r\nThis event is generated when a logon session is created. It is generated on the computer that was accessed.\r\n\r\nThe subject fields indicate the account on the local system which requested the logon. This is most commonly a service such as the Server service, or a local process such as Winlogon.exe or Services.exe.\r\n\r\nThe logon type field indicates the kind of logon that occurred. The most common types are 2 (interactive) and 3 (network).\r\n\r\nThe New Logon fields indicate the account for whom the new logon was created, i.e. the account that was logged on.\r\n\r\nThe network fields indicate where a remote logon request originated. Workstation name is not always available and may be left blank in some cases.\r\n\r\nThe impersonation level field indicates the extent to which a process in the logon session can impersonate.\r\n\r\nThe authentication information fields provide detailed information about this specific logon request.\r\n\t- Logon GUID is a unique identifier that can be used to correlate this event with a KDC event.\r\n\t- Transited services indicate which intermediate services have participated in this logon request.\r\n\t- Package name indicates which sub-protocol was used among the NTLM protocols.\r\n\t- Key length indicates the length of the generated session key. This will be 0 if no session key was requested.""', 'version': '3', 'systemTime': '2025-12-29T21:15:52.1829611Z', 'eventRecordID': '40513', 'threadID': '948', 'computer': 'WindowsEnd-c7921449-8b62-4c4d-8a83-d9281ac0190b', 'task': '12544', 'processID': '856', 'severityValue': 'AUDIT_SUCCESS', 'providerName': 'Microsoft-Windows-Security-Auditing'}}}, 'rule': {'mail': False, 'level': 3, 'hipaa': ['164.312.b'], 'pci_dss': ['10.2.5'], 'tsc': ['CC6.8', 'CC7.2', 'CC7.3'], 'description': 'Windows logon success.', 'groups': ['windows', 'windows_security', 'authentication_success'], 'nist_800_53': ['AC.7', 'AU.14'], 'gdpr': ['IV_32.2'], 'firedtimes': 15, 'mitre': {'technique': ['Valid Accounts'], 'id': ['T1078'], 'tactic': ['Defense Evasion', 'Persistence', 'Privilege Escalation', 'Initial Access']}, 'id': '60106', 'gpg13': ['7.1', '7.2']}, 'decoder': {'name': 'windows_eventchannel'}, 'input': {'type': 'log'}, '@timestamp': '2025-12-29T21:15:53.634Z', 'location': 'EventChannel', 'id': '1767042953.9122016', 'timestamp': '2025-12-29T22:15:53.634+0100'}",low,
2025-12-29T21:15:56.433Z,Endpoint3-Win,1,92154,Process loaded taskschd.dll module. May be used to create delayed malware execution,4,T1053.005,EventChannel,"{'agent': {'ip': '192.168.100.15', 'name': 'Endpoint3-Win', 'id': '001'}, 'manager': {'name': 'wazuh-vm'}, 'data': {'win': {'eventdata': {'originalFileName': 'taskschd.dll', 'image': 'C:\\\\Windows\\\\UUS\\\\Packages\\\\Preview\\\\amd64\\\\MoUsoCoreWorker.exe', 'product': 'Microsoft® Windows® Operating System', 'signature': 'Microsoft Windows', 'imageLoaded': 'C:\\\\Windows\\\\System32\\\\taskschd.dll', 'description': 'Task Scheduler COM API', 'signed': 'true', 'signatureStatus': 'Valid', 'processGuid': '{411eefe4-ef86-6952-0202-000000001100}', 'processId': '4760', 'utcTime': '2025-12-29 21:15:54.620', 'hashes': 'SHA1=BF09E52372CF6663743A6FC58FCDB75D7551CD64,MD5=DF9E41FF2CF7430B4A29B24BB86AB7B0,SHA256=1E3292A4C58708CA4E3A73B82DB0E9CA4A2C1FC640526B9A14337A1A55A36AA7,IMPHASH=E61FD409CB21E6A6EBA2AFE59848CFC8', 'ruleName': 'technique_id=T1053,technique_name=Scheduled Task', 'company': 'Microsoft Corporation', 'fileVersion': '10.0.26100.5074 (WinBuild.160101.0800)', 'user': 'NT AUTHORITY\\\\SYSTEM'}, 'system': {'eventID': '7', 'keywords': '0x8000000000000000', 'providerGuid': '{5770385f-c22a-43e0-bf4c-06f5698ffbd9}', 'level': '4', 'channel': 'Microsoft-Windows-Sysmon/Operational', 'opcode': '0', 'message': '""Image loaded:\r\nRuleName: technique_id=T1053,technique_name=Scheduled Task\r\nUtcTime: 2025-12-29 21:15:54.620\r\nProcessGuid: {411eefe4-ef86-6952-0202-000000001100}\r\nProcessId: 4760\r\nImage: C:\\Windows\\UUS\\Packages\\Preview\\amd64\\MoUsoCoreWorker.exe\r\nImageLoaded: C:\\Windows\\System32\\taskschd.dll\r\nFileVersion: 10.0.26100.5074 (WinBuild.160101.0800)\r\nDescription: Task Scheduler COM API\r\nProduct: Microsoft® Windows® Operating System\r\nCompany: Microsoft Corporation\r\nOriginalFileName: taskschd.dll\r\nHashes: SHA1=BF09E52372CF6663743A6FC58FCDB75D7551CD64,MD5=DF9E41FF2CF7430B4A29B24BB86AB7B0,SHA256=1E3292A4C58708CA4E3A73B82DB0E9CA4A2C1FC640526B9A14337A1A55A36AA7,IMPHASH=E61FD409CB21E6A6EBA2AFE59848CFC8\r\nSigned: true\r\nSignature: Microsoft Windows\r\nSignatureStatus: Valid\r\nUser: NT AUTHORITY\\SYSTEM""', 'version': '3', 'systemTime': '2025-12-29T21:15:54.6244474Z', 'eventRecordID': '21520', 'threadID': '5004', 'computer': 'WindowsEnd-c7921449-8b62-4c4d-8a83-d9281ac0190b', 'task': '7', 'processID': '3884', 'severityValue': 'INFORMATION', 'providerName': 'Microsoft-Windows-Sysmon'}}}, 'rule': {'firedtimes': 11, 'mail': False, 'level': 4, 'description': 'Process loaded taskschd.dll module. May be used to create delayed malware execution', 'groups': ['sysmon', 'sysmon_eid7_detections', 'windows'], 'mitre': {'technique': ['Scheduled Task'], 'id': ['T1053.005'], 'tactic': ['Execution', 'Persistence', 'Privilege Escalation']}, 'id': '92154'}, 'decoder': {'name': 'windows_eventchannel'}, 'input': {'type': 'log'}, '@timestamp': '2025-12-29T21:15:56.433Z', 'location': 'EventChannel', 'id': '1767042956.9129462', 'timestamp': '2025-12-29T22:15:56.433+0100'}",medium,
2025-12-29T21:15:56.472Z,Endpoint3-Win,1,92154,Process loaded taskschd.dll module. May be used to create delayed malware execution,4,T1053.005,EventChannel,"{'agent': {'ip': '192.168.100.15', 'name': 'Endpoint3-Win', 'id': '001'}, 'manager': {'name': 'wazuh-vm'}, 'data': {'win': {'eventdata': {'originalFileName': 'taskschd.dll', 'image': 'C:\\\\Windows\\\\System32\\\\svchost.exe', 'product': 'Microsoft® Windows® Operating System', 'signature': 'Microsoft Windows', 'imageLoaded': 'C:\\\\Windows\\\\System32\\\\taskschd.dll', 'description': 'Task Scheduler COM API', 'signed': 'true', 'signatureStatus': 'Valid', 'processGuid': '{411eefe4-ef88-6952-0602-000000001100}', 'processId': '728', 'utcTime': '2025-12-29 21:15:54.663', 'hashes': 'SHA1=BF09E52372CF6663743A6FC58FCDB75D7551CD64,MD5=DF9E41FF2CF7430B4A29B24BB86AB7B0,SHA256=1E3292A4C58708CA4E3A73B82DB0E9CA4A2C1FC640526B9A14337A1A55A36AA7,IMPHASH=E61FD409CB21E6A6EBA2AFE59848CFC8', 'ruleName': 'technique_id=T1053,technique_name=Scheduled Task', 'company': 'Microsoft Corporation', 'fileVersion': '10.0.26100.5074 (WinBuild.160101.0800)', 'user': 'NT AUTHORITY\\\\SYSTEM'}, 'system': {'eventID': '7', 'keywords': '0x8000000000000000', 'providerGuid': '{5770385f-c22a-43e0-bf4c-06f5698ffbd9}', 'level': '4', 'channel': 'Microsoft-Windows-Sysmon/Operational', 'opcode': '0', 'message': '""Image loaded:\r\nRuleName: technique_id=T1053,technique_name=Scheduled Task\r\nUtcTime: 2025-12-29 21:15:54.663\r\nProcessGuid: {411eefe4-ef88-6952-0602-000000001100}\r\nProcessId: 728\r\nImage: C:\\Windows\\System32\\svchost.exe\r\nImageLoaded: C:\\Windows\\System32\\taskschd.dll\r\nFileVersion: 10.0.26100.5074 (WinBuild.160101.0800)\r\nDescription: Task Scheduler COM API\r\nProduct: Microsoft® Windows® Operating System\r\nCompany: Microsoft Corporation\r\nOriginalFileName: taskschd.dll\r\nHashes: SHA1=BF09E52372CF6663743A6FC58FCDB75D7551CD64,MD5=DF9E41FF2CF7430B4A29B24BB86AB7B0,SHA256=1E3292A4C58708CA4E3A73B82DB0E9CA4A2C1FC640526B9A14337A1A55A36AA7,IMPHASH=E61FD409CB21E6A6EBA2AFE59848CFC8\r\nSigned: true\r\nSignature: Microsoft Windows\r\nSignatureStatus: Valid\r\nUser: NT AUTHORITY\\SYSTEM""', 'version': '3', 'systemTime': '2025-12-29T21:15:54.6696312Z', 'eventRecordID': '21522', 'threadID': '5004', 'computer': 'WindowsEnd-c7921449-8b62-4c4d-8a83-d9281ac0190b', 'task': '7', 'processID': '3884', 'severityValue': 'INFORMATION', 'providerName': 'Microsoft-Windows-Sysmon'}}}, 'rule': {'firedtimes': 12, 'mail': False, 'level': 4, 'description': 'Process loaded taskschd.dll module. May be used to create delayed malware execution', 'groups': ['sysmon', 'sysmon_eid7_detections', 'windows'], 'mitre': {'technique': ['Scheduled Task'], 'id': ['T1053.005'], 'tactic': ['Execution', 'Persistence', 'Privilege Escalation']}, 'id': '92154'}, 'decoder': {'name': 'windows_eventchannel'}, 'input': {'type': 'log'}, '@timestamp': '2025-12-29T21:15:56.472Z', 'location': 'EventChannel', 'id': '1767042956.9134240', 'timestamp': '2025-12-29T22:15:56.472+0100'}",medium,
