2025-12-29T20:51:27.693Z,Endpoint3-Win,1,60106,Windows logon success.,3,T1078,EventChannel,"{'agent': {'ip': '192.168.100.15', 'name': 'Endpoint3-Win', 'id': '001'}, 'manager': {'name': 'wazuh-vm'}, 'data': {'win': {'eventdata': {'subjectLogonId': '0x3e7', 'subjectDomainName': 'WORKGROUP', 'targetLinkedLogonId': '0x0', 'impersonationLevel': '%%1833', 'authenticationPackageName': 'Negotiate', 'targetLogonId': '0x3e7', 'logonProcessName': 'Advapi', 'logonGuid': '{00000000-0000-0000-0000-000000000000}', 'targetUserName': 'SYSTEM', 'keyLength': '0', 'elevatedToken': '%%1842', 'subjectUserSid': 'S-1-5-18', 'processId': '0x344', 'processName': 'C:\\\\Windows\\\\System32\\\\services.exe', 'targetDomainName': 'NT AUTHORITY', 'targetUserSid': 'S-1-5-18', 'virtualAccount': '%%1843', 'logonType': '5', 'subjectUserName': 'WINDOWSEND-C792$'}, 'system': {'eventID': '4624', 'keywords': '0x8020000000000000', 'providerGuid': '{54849625-5478-4994-a5ba-3e3b0328c30d}', 'level': '0', 'channel': 'Security', 'opcode': '0', 'message': '""An account was successfully logged on.\r\n\r\nSubject:\r\n\tSecurity ID:\t\tS-1-5-18\r\n\tAccount Name:\t\tWINDOWSEND-C792$\r\n\tAccount Domain:\t\tWORKGROUP\r\n\tLogon ID:\t\t0x3E7\r\n\r\nLogon Information:\r\n\tLogon Type:\t\t5\r\n\tRestricted Admin Mode:\t-\r\n\tRemote Credential Guard:\t-\r\n\tVirtual Account:\t\tNo\r\n\tElevated Token:\t\tYes\r\n\r\nImpersonation Level:\t\tImpersonation\r\n\r\nNew Logon:\r\n\tSecurity ID:\t\tS-1-5-18\r\n\tAccount Name:\t\tSYSTEM\r\n\tAccount Domain:\t\tNT AUTHORITY\r\n\tLogon ID:\t\t0x3E7\r\n\tLinked Logon ID:\t\t0x0\r\n\tNetwork Account Name:\t-\r\n\tNetwork Account Domain:\t-\r\n\tLogon GUID:\t\t{00000000-0000-0000-0000-000000000000}\r\n\r\nProcess Information:\r\n\tProcess ID:\t\t0x344\r\n\tProcess Name:\t\tC:\\Windows\\System32\\services.exe\r\n\r\nNetwork Information:\r\n\tWorkstation Name:\t-\r\n\tSource Network Address:\t-\r\n\tSource Port:\t\t-\r\n\r\nDetailed Authentication Information:\r\n\tLogon Process:\t\tAdvapi  \r\n\tAuthentication Package:\tNegotiate\r\n\tTransited Services:\t-\r\n\tPackage Name (NTLM only):\t-\r\n\tKey Length:\t\t0\r\n\r\nThis event is generated when a logon session is created. It is generated on the computer that was accessed.\r\n\r\nThe subject fields indicate the account on the local system which requested the logon. This is most commonly a service such as the Server service, or a local process such as Winlogon.exe or Services.exe.\r\n\r\nThe logon type field indicates the kind of logon that occurred. The most common types are 2 (interactive) and 3 (network).\r\n\r\nThe New Logon fields indicate the account for whom the new logon was created, i.e. the account that was logged on.\r\n\r\nThe network fields indicate where a remote logon request originated. Workstation name is not always available and may be left blank in some cases.\r\n\r\nThe impersonation level field indicates the extent to which a process in the logon session can impersonate.\r\n\r\nThe authentication information fields provide detailed information about this specific logon request.\r\n\t- Logon GUID is a unique identifier that can be used to correlate this event with a KDC event.\r\n\t- Transited services indicate which intermediate services have participated in this logon request.\r\n\t- Package name indicates which sub-protocol was used among the NTLM protocols.\r\n\t- Key length indicates the length of the generated session key. This will be 0 if no session key was requested.""', 'version': '3', 'systemTime': '2025-12-29T20:51:24.1375582Z', 'eventRecordID': '39881', 'threadID': '916', 'computer': 'WindowsEnd-c7921449-8b62-4c4d-8a83-d9281ac0190b', 'task': '12544', 'processID': '856', 'severityValue': 'AUDIT_SUCCESS', 'providerName': 'Microsoft-Windows-Security-Auditing'}}}, 'rule': {'mail': False, 'level': 3, 'hipaa': ['164.312.b'], 'pci_dss': ['10.2.5'], 'tsc': ['CC6.8', 'CC7.2', 'CC7.3'], 'description': 'Windows logon success.', 'groups': ['windows', 'windows_security', 'authentication_success'], 'nist_800_53': ['AC.7', 'AU.14'], 'gdpr': ['IV_32.2'], 'firedtimes': 14, 'mitre': {'technique': ['Valid Accounts'], 'id': ['T1078'], 'tactic': ['Defense Evasion', 'Persistence', 'Privilege Escalation', 'Initial Access']}, 'id': '60106', 'gpg13': ['7.1', '7.2']}, 'decoder': {'name': 'windows_eventchannel'}, 'input': {'type': 'log'}, '@timestamp': '2025-12-29T20:51:27.693Z', 'location': 'EventChannel', 'id': '1767041487.8447701', 'timestamp': '2025-12-29T21:51:27.693+0100'}",low,
2025-12-29T20:51:42.468Z,Endpoint3-Win,1,92031,Discovery activity executed,3,T1087,EventChannel,"{'agent': {'ip': '192.168.100.15', 'name': 'Endpoint3-Win', 'id': '001'}, 'manager': {'name': 'wazuh-vm'}, 'data': {'win': {'eventdata': {'originalFileName': 'net.exe', 'image': 'C:\\\\Windows\\\\SysWOW64\\\\net.exe', 'product': 'Microsoft® Windows® Operating System', 'parentProcessGuid': '{411eefe4-e8e3-6952-4c00-000000001100}', 'description': 'Net Command', 'logonGuid': '{411eefe4-e8ce-6952-e703-000000000000}', 'parentCommandLine': '\\""C:\\\\Program Files (x86)\\\\ossec-agent\\\\wazuh-agent.exe\\""', 'processGuid': '{411eefe4-e9dc-6952-f500-000000001100}', 'logonId': '0x3e7', 'parentProcessId': '3316', 'processId': '972', 'currentDirectory': 'C:\\\\Program Files (x86)\\\\ossec-agent\\\\', 'utcTime': '2025-12-29 20:51:40.582', 'hashes': 'SHA1=898EA6CF28BAA8E35FD604A218CB4AC1DB63CF9A,MD5=D4E7A009D386934803364C2D69ED465B,SHA256=E7A3A04DB13F7D5E65DB45DBED99B80C9AD9907BEEBA3416E2E5428E1EFB791E,IMPHASH=559D4014B9861D37E317DED7FD6BC691', 'parentImage': 'C:\\\\Program Files (x86)\\\\ossec-agent\\\\wazuh-agent.exe', 'ruleName': 'technique_id=T1018,technique_name=Remote System Discovery', 'company': 'Microsoft Corporation', 'commandLine': 'net.exe accounts', 'integrityLevel': 'System', 'fileVersion': '10.0.26100.7019 (WinBuild.160101.0800)', 'user': 'NT AUTHORITY\\\\SYSTEM', 'terminalSessionId': '0', 'parentUser': 'NT AUTHORITY\\\\SYSTEM'}, 'system': {'eventID': '1', 'keywords': '0x8000000000000000', 'providerGuid': '{5770385f-c22a-43e0-bf4c-06f5698ffbd9}', 'level': '4', 'channel': 'Microsoft-Windows-Sysmon/Operational', 'opcode': '0', 'message': '""Process Create:\r\nRuleName: technique_id=T1018,technique_name=Remote System Discovery\r\nUtcTime: 2025-12-29 20:51:40.582\r\nProcessGuid: {411eefe4-e9dc-6952-f500-000000001100}\r\nProcessId: 972\r\nImage: C:\\Windows\\SysWOW64\\net.exe\r\nFileVersion: 10.0.26100.7019 (WinBuild.160101.0800)\r\nDescription: Net Command\r\nProduct: Microsoft® Windows® Operating System\r\nCompany: Microsoft Corporation\r\nOriginalFileName: net.exe\r\nCommandLine: net.exe accounts\r\nCurrentDirectory: C:\\Program Files (x86)\\ossec-agent\\\r\nUser: NT AUTHORITY\\SYSTEM\r\nLogonGuid: {411eefe4-e8ce-6952-e703-000000000000}\r\nLogonId: 0x3E7\r\nTerminalSessionId: 0\r\nIntegrityLevel: System\r\nHashes: SHA1=898EA6CF28BAA8E35FD604A218CB4AC1DB63CF9A,MD5=D4E7A009D386934803364C2D69ED465B,SHA256=E7A3A04DB13F7D5E65DB45DBED99B80C9AD9907BEEBA3416E2E5428E1EFB791E,IMPHASH=559D4014B9861D37E317DED7FD6BC691\r\nParentProcessGuid: {411eefe4-e8e3-6952-4c00-000000001100}\r\nParentProcessId: 3316\r\nParentImage: C:\\Program Files (x86)\\ossec-agent\\wazuh-agent.exe\r\nParentCommandLine: ""C:\\Program Files (x86)\\ossec-agent\\wazuh-agent.exe""\r\nParentUser: NT AUTHORITY\\SYSTEM""', 'version': '5', 'systemTime': '2025-12-29T20:51:40.8087181Z', 'eventRecordID': '20573', 'threadID': '5004', 'computer': 'WindowsEnd-c7921449-8b62-4c4d-8a83-d9281ac0190b', 'task': '1', 'processID': '3884', 'severityValue': 'INFORMATION', 'providerName': 'Microsoft-Windows-Sysmon'}}}, 'rule': {'firedtimes': 7, 'mail': False, 'level': 3, 'description': 'Discovery activity executed', 'groups': ['sysmon', 'sysmon_eid1_detections', 'windows'], 'mitre': {'technique': ['Account Discovery'], 'id': ['T1087'], 'tactic': ['Discovery']}, 'id': '92031'}, 'decoder': {'name': 'windows_eventchannel'}, 'input': {'type': 'log'}, '@timestamp': '2025-12-29T20:51:42.468Z', 'location': 'EventChannel', 'id': '1767041502.8455147', 'timestamp': '2025-12-29T21:51:42.468+0100'}",low,net.exe accounts
2025-12-29T20:52:10.299Z,Endpoint3-Win,1,60702,The VSS service is shutting down due to idle timeout.,5,,EventChannel,"{'agent': {'ip': '192.168.100.15', 'name': 'Endpoint3-Win', 'id': '001'}, 'manager': {'name': 'wazuh-vm'}, 'data': {'win': {'eventdata': {'binary': '2D20436F64653A2020434F525356434330303030303737322D2043616C6C3A2020434F525356434330303030303735342D205049443A202030303030333732342D205449443A202030303030343436342D20434D443A2020433A5C57494E444F57535C73797374656D33325C76737376632E6578652020202D20557365723A204E616D653A204E5420415554484F524954595C53595354454D2C205349443A532D312D352D313820'}, 'system': {'eventID': '8224', 'keywords': '0x80000000000000', 'level': '4', 'channel': 'Application', 'opcode': '0', 'message': '""The VSS service is shutting down due to idle timeout. ""', 'version': '0', 'systemTime': '2025-12-29T20:52:09.2643756Z', 'eventRecordID': '1160', 'threadID': '0', 'computer': 'WindowsEnd-c7921449-8b62-4c4d-8a83-d9281ac0190b', 'task': '0', 'processID': '3724', 'severityValue': 'INFORMATION', 'providerName': 'VSS'}}}, 'rule': {'firedtimes': 1, 'mail': False, 'level': 5, 'description': 'The VSS service is shutting down due to idle timeout.', 'groups': ['windows', 'windows_application'], 'id': '60702'}, 'decoder': {'name': 'windows_eventchannel'}, 'input': {'type': 'log'}, '@timestamp': '2025-12-29T20:52:10.299Z', 'location': 'EventChannel', 'id': '1767041530.8461218', 'timestamp': '2025-12-29T21:52:10.299+0100'}",medium,
2025-12-29T20:52:14.598Z,Endpoint3-Win,1,92031,Discovery activity executed,3,T1087,EventChannel,"{'agent': {'ip': '192.168.100.15', 'name': 'Endpoint3-Win', 'id': '001'}, 'manager': {'name': 'wazuh-vm'}, 'data': {'win': {'eventdata': {'originalFileName': 'net.exe', 'image': 'C:\\\\Windows\\\\SysWOW64\\\\net.exe', 'product': 'Microsoft® Windows® Operating System', 'parentProcessGuid': '{411eefe4-e8e3-6952-4c00-000000001100}', 'description': 'Net Command', 'logonGuid': '{411eefe4-e8ce-6952-e703-000000000000}', 'parentCommandLine': '\\""C:\\\\Program Files (x86)\\\\ossec-agent\\\\wazuh-agent.exe\\""', 'processGuid': '{411eefe4-e9fc-6952-0501-000000001100}', 'logonId': '0x3e7', 'parentProcessId': '3316', 'processId': '8852', 'currentDirectory': 'C:\\\\Program Files (x86)\\\\ossec-agent\\\\', 'utcTime': '2025-12-29 20:52:12.103', 'hashes': 'SHA1=898EA6CF28BAA8E35FD604A218CB4AC1DB63CF9A,MD5=D4E7A009D386934803364C2D69ED465B,SHA256=E7A3A04DB13F7D5E65DB45DBED99B80C9AD9907BEEBA3416E2E5428E1EFB791E,IMPHASH=559D4014B9861D37E317DED7FD6BC691', 'parentImage': 'C:\\\\Program Files (x86)\\\\ossec-agent\\\\wazuh-agent.exe', 'ruleName': 'technique_id=T1018,technique_name=Remote System Discovery', 'company': 'Microsoft Corporation', 'commandLine': 'net.exe accounts', 'integrityLevel': 'System', 'fileVersion': '10.0.26100.7019 (WinBuild.160101.0800)', 'user': 'NT AUTHORITY\\\\SYSTEM', 'terminalSessionId': '0', 'parentUser': 'NT AUTHORITY\\\\SYSTEM'}, 'system': {'eventID': '1', 'keywords': '0x8000000000000000', 'providerGuid': '{5770385f-c22a-43e0-bf4c-06f5698ffbd9}', 'level': '4', 'channel': 'Microsoft-Windows-Sysmon/Operational', 'opcode': '0', 'message': '""Process Create:\r\nRuleName: technique_id=T1018,technique_name=Remote System Discovery\r\nUtcTime: 2025-12-29 20:52:12.103\r\nProcessGuid: {411eefe4-e9fc-6952-0501-000000001100}\r\nProcessId: 8852\r\nImage: C:\\Windows\\SysWOW64\\net.exe\r\nFileVersion: 10.0.26100.7019 (WinBuild.160101.0800)\r\nDescription: Net Command\r\nProduct: Microsoft® Windows® Operating System\r\nCompany: Microsoft Corporation\r\nOriginalFileName: net.exe\r\nCommandLine: net.exe accounts\r\nCurrentDirectory: C:\\Program Files (x86)\\ossec-agent\\\r\nUser: NT AUTHORITY\\SYSTEM\r\nLogonGuid: {411eefe4-e8ce-6952-e703-000000000000}\r\nLogonId: 0x3E7\r\nTerminalSessionId: 0\r\nIntegrityLevel: System\r\nHashes: SHA1=898EA6CF28BAA8E35FD604A218CB4AC1DB63CF9A,MD5=D4E7A009D386934803364C2D69ED465B,SHA256=E7A3A04DB13F7D5E65DB45DBED99B80C9AD9907BEEBA3416E2E5428E1EFB791E,IMPHASH=559D4014B9861D37E317DED7FD6BC691\r\nParentProcessGuid: {411eefe4-e8e3-6952-4c00-000000001100}\r\nParentProcessId: 3316\r\nParentImage: C:\\Program Files (x86)\\ossec-agent\\wazuh-agent.exe\r\nParentCommandLine: ""C:\\Program Files (x86)\\ossec-agent\\wazuh-agent.exe""\r\nParentUser: NT AUTHORITY\\SYSTEM""', 'version': '5', 'systemTime': '2025-12-29T20:52:12.2185457Z', 'eventRecordID': '20641', 'threadID': '5004', 'computer': 'WindowsEnd-c7921449-8b62-4c4d-8a83-d9281ac0190b', 'task': '1', 'processID': '3884', 'severityValue': 'INFORMATION', 'providerName': 'Microsoft-Windows-Sysmon'}}}, 'rule': {'firedtimes': 8, 'mail': False, 'level': 3, 'description': 'Discovery activity executed', 'groups': ['sysmon', 'sysmon_eid1_detections', 'windows'], 'mitre': {'technique': ['Account Discovery'], 'id': ['T1087'], 'tactic': ['Discovery']}, 'id': '92031'}, 'decoder': {'name': 'windows_eventchannel'}, 'input': {'type': 'log'}, '@timestamp': '2025-12-29T20:52:14.598Z', 'location': 'EventChannel', 'id': '1767041534.8463085', 'timestamp': '2025-12-29T21:52:14.598+0100'}",low,net.exe accounts
2025-12-29T20:52:26.653Z,Endpoint3-Win,1,61108,The Windows Search service hung on starting,5,,EventChannel,"{'agent': {'ip': '192.168.100.15', 'name': 'Endpoint3-Win', 'id': '001'}, 'manager': {'name': 'wazuh-vm'}, 'data': {'win': {'eventdata': {'binary': '44006F005300760063000000', 'param1': 'Delivery Optimization'}, 'system': {'eventID': '7022', 'eventSourceName': 'Service Control Manager', 'keywords': '0x8080000000000000', 'providerGuid': '{555908d1-a6d7-4695-8e1e-26931d2012f4}', 'level': '2', 'channel': 'System', 'opcode': '0', 'message': '""The Delivery Optimization service hung on starting.""', 'version': '0', 'systemTime': '2025-12-29T20:52:24.8793102Z', 'eventRecordID': '2498', 'threadID': '5112', 'computer': 'WindowsEnd-c7921449-8b62-4c4d-8a83-d9281ac0190b', 'task': '0', 'processID': '836', 'severityValue': 'ERROR', 'providerName': 'Service Control Manager'}}}, 'rule': {'firedtimes': 1, 'mail': False, 'level': 5, 'description': 'The Windows Search service hung on starting', 'groups': ['windows', 'windows_system'], 'id': '61108'}, 'decoder': {'name': 'windows_eventchannel'}, 'input': {'type': 'log'}, '@timestamp': '2025-12-29T20:52:26.653Z', 'location': 'EventChannel', 'id': '1767041546.8469160', 'timestamp': '2025-12-29T21:52:26.653+0100'}",medium,
2025-12-29T20:52:31.013Z,Endpoint3-Win,1,60106,Windows logon success.,3,T1078,EventChannel,"{'agent': {'ip': '192.168.100.15', 'name': 'Endpoint3-Win', 'id': '001'}, 'manager': {'name': 'wazuh-vm'}, 'data': {'win': {'eventdata': {'subjectLogonId': '0x3e7', 'subjectDomainName': 'WORKGROUP', 'targetLinkedLogonId': '0x0', 'impersonationLevel': '%%1833', 'authenticationPackageName': 'Negotiate', 'targetLogonId': '0x3e7', 'logonProcessName': 'Advapi', 'logonGuid': '{00000000-0000-0000-0000-000000000000}', 'targetUserName': 'SYSTEM', 'keyLength': '0', 'elevatedToken': '%%1842', 'subjectUserSid': 'S-1-5-18', 'processId': '0x344', 'processName': 'C:\\\\Windows\\\\System32\\\\services.exe', 'targetDomainName': 'NT AUTHORITY', 'targetUserSid': 'S-1-5-18', 'virtualAccount': '%%1843', 'logonType': '5', 'subjectUserName': 'WINDOWSEND-C792$'}, 'system': {'eventID': '4624', 'keywords': '0x8020000000000000', 'providerGuid': '{54849625-5478-4994-a5ba-3e3b0328c30d}', 'level': '0', 'channel': 'Security', 'opcode': '0', 'message': '""An account was successfully logged on.\r\n\r\nSubject:\r\n\tSecurity ID:\t\tS-1-5-18\r\n\tAccount Name:\t\tWINDOWSEND-C792$\r\n\tAccount Domain:\t\tWORKGROUP\r\n\tLogon ID:\t\t0x3E7\r\n\r\nLogon Information:\r\n\tLogon Type:\t\t5\r\n\tRestricted Admin Mode:\t-\r\n\tRemote Credential Guard:\t-\r\n\tVirtual Account:\t\tNo\r\n\tElevated Token:\t\tYes\r\n\r\nImpersonation Level:\t\tImpersonation\r\n\r\nNew Logon:\r\n\tSecurity ID:\t\tS-1-5-18\r\n\tAccount Name:\t\tSYSTEM\r\n\tAccount Domain:\t\tNT AUTHORITY\r\n\tLogon ID:\t\t0x3E7\r\n\tLinked Logon ID:\t\t0x0\r\n\tNetwork Account Name:\t-\r\n\tNetwork Account Domain:\t-\r\n\tLogon GUID:\t\t{00000000-0000-0000-0000-000000000000}\r\n\r\nProcess Information:\r\n\tProcess ID:\t\t0x344\r\n\tProcess Name:\t\tC:\\Windows\\System32\\services.exe\r\n\r\nNetwork Information:\r\n\tWorkstation Name:\t-\r\n\tSource Network Address:\t-\r\n\tSource Port:\t\t-\r\n\r\nDetailed Authentication Information:\r\n\tLogon Process:\t\tAdvapi  \r\n\tAuthentication Package:\tNegotiate\r\n\tTransited Services:\t-\r\n\tPackage Name (NTLM only):\t-\r\n\tKey Length:\t\t0\r\n\r\nThis event is generated when a logon session is created. It is generated on the computer that was accessed.\r\n\r\nThe subject fields indicate the account on the local system which requested the logon. This is most commonly a service such as the Server service, or a local process such as Winlogon.exe or Services.exe.\r\n\r\nThe logon type field indicates the kind of logon that occurred. The most common types are 2 (interactive) and 3 (network).\r\n\r\nThe New Logon fields indicate the account for whom the new logon was created, i.e. the account that was logged on.\r\n\r\nThe network fields indicate where a remote logon request originated. Workstation name is not always available and may be left blank in some cases.\r\n\r\nThe impersonation level field indicates the extent to which a process in the logon session can impersonate.\r\n\r\nThe authentication information fields provide detailed information about this specific logon request.\r\n\t- Logon GUID is a unique identifier that can be used to correlate this event with a KDC event.\r\n\t- Transited services indicate which intermediate services have participated in this logon request.\r\n\t- Package name indicates which sub-protocol was used among the NTLM protocols.\r\n\t- Key length indicates the length of the generated session key. This will be 0 if no session key was requested.""', 'version': '3', 'systemTime': '2025-12-29T20:52:29.2480786Z', 'eventRecordID': '40090', 'threadID': '916', 'computer': 'WindowsEnd-c7921449-8b62-4c4d-8a83-d9281ac0190b', 'task': '12544', 'processID': '856', 'severityValue': 'AUDIT_SUCCESS', 'providerName': 'Microsoft-Windows-Security-Auditing'}}}, 'rule': {'mail': False, 'level': 3, 'hipaa': ['164.312.b'], 'pci_dss': ['10.2.5'], 'tsc': ['CC6.8', 'CC7.2', 'CC7.3'], 'description': 'Windows logon success.', 'groups': ['windows', 'windows_security', 'authentication_success'], 'nist_800_53': ['AC.7', 'AU.14'], 'gdpr': ['IV_32.2'], 'firedtimes': 15, 'mitre': {'technique': ['Valid Accounts'], 'id': ['T1078'], 'tactic': ['Defense Evasion', 'Persistence', 'Privilege Escalation', 'Initial Access']}, 'id': '60106', 'gpg13': ['7.1', '7.2']}, 'decoder': {'name': 'windows_eventchannel'}, 'input': {'type': 'log'}, '@timestamp': '2025-12-29T20:52:31.013Z', 'location': 'EventChannel', 'id': '1767041551.8470701', 'timestamp': '2025-12-29T21:52:31.013+0100'}",low,
2025-12-29T20:52:33.198Z,Endpoint3-Win,1,92154,Process loaded taskschd.dll module. May be used to create delayed malware execution,4,T1053.005,EventChannel,"{'agent': {'ip': '192.168.100.15', 'name': 'Endpoint3-Win', 'id': '001'}, 'manager': {'name': 'wazuh-vm'}, 'data': {'win': {'eventdata': {'originalFileName': 'taskschd.dll', 'image': 'C:\\\\Windows\\\\System32\\\\taskhostw.exe', 'product': 'Microsoft® Windows® Operating System', 'signature': 'Microsoft Windows', 'imageLoaded': 'C:\\\\Windows\\\\System32\\\\taskschd.dll', 'description': 'Task Scheduler COM API', 'signed': 'true', 'signatureStatus': 'Valid', 'processGuid': '{411eefe4-e8d8-6952-2a00-000000001100}', 'processId': '2000', 'utcTime': '2025-12-29 20:51:34.554', 'hashes': 'SHA1=BF09E52372CF6663743A6FC58FCDB75D7551CD64,MD5=DF9E41FF2CF7430B4A29B24BB86AB7B0,SHA256=1E3292A4C58708CA4E3A73B82DB0E9CA4A2C1FC640526B9A14337A1A55A36AA7,IMPHASH=E61FD409CB21E6A6EBA2AFE59848CFC8', 'ruleName': 'technique_id=T1053,technique_name=Scheduled Task', 'company': 'Microsoft Corporation', 'fileVersion': '10.0.26100.5074 (WinBuild.160101.0800)', 'user': 'NT AUTHORITY\\\\SYSTEM'}, 'system': {'eventID': '7', 'keywords': '0x8000000000000000', 'providerGuid': '{5770385f-c22a-43e0-bf4c-06f5698ffbd9}', 'level': '4', 'channel': 'Microsoft-Windows-Sysmon/Operational', 'opcode': '0', 'message': '""Image loaded:\r\nRuleName: technique_id=T1053,technique_name=Scheduled Task\r\nUtcTime: 2025-12-29 20:51:34.554\r\nProcessGuid: {411eefe4-e8d8-6952-2a00-000000001100}\r\nProcessId: 2000\r\nImage: C:\\Windows\\System32\\taskhostw.exe\r\nImageLoaded: C:\\Windows\\System32\\taskschd.dll\r\nFileVersion: 10.0.26100.5074 (WinBuild.160101.0800)\r\nDescription: Task Scheduler COM API\r\nProduct: Microsoft® Windows® Operating System\r\nCompany: Microsoft Corporation\r\nOriginalFileName: taskschd.dll\r\nHashes: SHA1=BF09E52372CF6663743A6FC58FCDB75D7551CD64,MD5=DF9E41FF2CF7430B4A29B24BB86AB7B0,SHA256=1E3292A4C58708CA4E3A73B82DB0E9CA4A2C1FC640526B9A14337A1A55A36AA7,IMPHASH=E61FD409CB21E6A6EBA2AFE59848CFC8\r\nSigned: true\r\nSignature: Microsoft Windows\r\nSignatureStatus: Valid\r\nUser: NT AUTHORITY\\SYSTEM""', 'version': '3', 'systemTime': '2025-12-29T20:52:32.3901579Z', 'eventRecordID': '20727', 'threadID': '5012', 'computer': 'WindowsEnd-c7921449-8b62-4c4d-8a83-d9281ac0190b', 'task': '7', 'processID': '3884', 'severityValue': 'INFORMATION', 'providerName': 'Microsoft-Windows-Sysmon'}}}, 'rule': {'firedtimes': 11, 'mail': False, 'level': 4, 'description': 'Process loaded taskschd.dll module. May be used to create delayed malware execution', 'groups': ['sysmon', 'sysmon_eid7_detections', 'windows'], 'mitre': {'technique': ['Scheduled Task'], 'id': ['T1053.005'], 'tactic': ['Execution', 'Persistence', 'Privilege Escalation']}, 'id': '92154'}, 'decoder': {'name': 'windows_eventchannel'}, 'input': {'type': 'log'}, '@timestamp': '2025-12-29T20:52:33.198Z', 'location': 'EventChannel', 'id': '1767041553.8478147', 'timestamp': '2025-12-29T21:52:33.198+0100'}",medium,
2025-12-29T20:52:33.213Z,Endpoint3-Win,1,92154,Process loaded taskschd.dll module. May be used to create delayed malware execution,4,T1053.005,EventChannel,"{'agent': {'ip': '192.168.100.15', 'name': 'Endpoint3-Win', 'id': '001'}, 'manager': {'name': 'wazuh-vm'}, 'data': {'win': {'eventdata': {'originalFileName': 'taskschd.dll', 'image': 'C:\\\\Windows\\\\System32\\\\sppsvc.exe', 'product': 'Microsoft® Windows® Operating System', 'signature': 'Microsoft Windows', 'imageLoaded': 'C:\\\\Windows\\\\System32\\\\taskschd.dll', 'description': 'Task Scheduler COM API', 'signed': 'true', 'signatureStatus': 'Valid', 'processGuid': '{00000000-0000-0000-0000-000000000000}', 'processId': '5584', 'utcTime': '2025-12-29 20:51:15.459', 'hashes': 'SHA1=BF09E52372CF6663743A6FC58FCDB75D7551CD64,MD5=DF9E41FF2CF7430B4A29B24BB86AB7B0,SHA256=1E3292A4C58708CA4E3A73B82DB0E9CA4A2C1FC640526B9A14337A1A55A36AA7,IMPHASH=E61FD409CB21E6A6EBA2AFE59848CFC8', 'ruleName': 'technique_id=T1053,technique_name=Scheduled Task', 'company': 'Microsoft Corporation', 'fileVersion': '10.0.26100.5074 (WinBuild.160101.0800)', 'user': 'NT AUTHORITY\\\\NETWORK SERVICE'}, 'system': {'eventID': '7', 'keywords': '0x8000000000000000', 'providerGuid': '{5770385f-c22a-43e0-bf4c-06f5698ffbd9}', 'level': '4', 'channel': 'Microsoft-Windows-Sysmon/Operational', 'opcode': '0', 'message': '""Image loaded:\r\nRuleName: technique_id=T1053,technique_name=Scheduled Task\r\nUtcTime: 2025-12-29 20:51:15.459\r\nProcessGuid: {00000000-0000-0000-0000-000000000000}\r\nProcessId: 5584\r\nImage: C:\\Windows\\System32\\sppsvc.exe\r\nImageLoaded: C:\\Windows\\System32\\taskschd.dll\r\nFileVersion: 10.0.26100.5074 (WinBuild.160101.0800)\r\nDescription: Task Scheduler COM API\r\nProduct: Microsoft® Windows® Operating System\r\nCompany: Microsoft Corporation\r\nOriginalFileName: taskschd.dll\r\nHashes: SHA1=BF09E52372CF6663743A6FC58FCDB75D7551CD64,MD5=DF9E41FF2CF7430B4A29B24BB86AB7B0,SHA256=1E3292A4C58708CA4E3A73B82DB0E9CA4A2C1FC640526B9A14337A1A55A36AA7,IMPHASH=E61FD409CB21E6A6EBA2AFE59848CFC8\r\nSigned: true\r\nSignature: Microsoft Windows\r\nSignatureStatus: Valid\r\nUser: NT AUTHORITY\\NETWORK SERVICE""', 'version': '3', 'systemTime': '2025-12-29T20:52:32.3910789Z', 'eventRecordID': '20728', 'threadID': '5012', 'computer': 'WindowsEnd-c7921449-8b62-4c4d-8a83-d9281ac0190b', 'task': '7', 'processID': '3884', 'severityValue': 'INFORMATION', 'providerName': 'Microsoft-Windows-Sysmon'}}}, 'rule': {'firedtimes': 12, 'mail': False, 'level': 4, 'description': 'Process loaded taskschd.dll module. May be used to create delayed malware execution', 'groups': ['sysmon', 'sysmon_eid7_detections', 'windows'], 'mitre': {'technique': ['Scheduled Task'], 'id': ['T1053.005'], 'tactic': ['Execution', 'Persistence', 'Privilege Escalation']}, 'id': '92154'}, 'decoder': {'name': 'windows_eventchannel'}, 'input': {'type': 'log'}, '@timestamp': '2025-12-29T20:52:33.213Z', 'location': 'EventChannel', 'id': '1767041553.8482814', 'timestamp': '2025-12-29T21:52:33.213+0100'}",medium,
2025-12-29T20:52:33.214Z,Endpoint3-Win,1,92154,Process loaded taskschd.dll module. May be used to create delayed malware execution,4,T1053.005,EventChannel,"{'agent': {'ip': '192.168.100.15', 'name': 'Endpoint3-Win', 'id': '001'}, 'manager': {'name': 'wazuh-vm'}, 'data': {'win': {'eventdata': {'originalFileName': 'taskschd.dll', 'image': 'C:\\\\Windows\\\\System32\\\\svchost.exe', 'product': 'Microsoft® Windows® Operating System', 'signature': 'Microsoft Windows', 'imageLoaded': 'C:\\\\Windows\\\\System32\\\\taskschd.dll', 'description': 'Task Scheduler COM API', 'signed': 'true', 'signatureStatus': 'Valid', 'processGuid': '{411eefe4-e9b9-6952-dd00-000000001100}', 'processId': '7832', 'utcTime': '2025-12-29 20:51:05.730', 'hashes': 'SHA1=BF09E52372CF6663743A6FC58FCDB75D7551CD64,MD5=DF9E41FF2CF7430B4A29B24BB86AB7B0,SHA256=1E3292A4C58708CA4E3A73B82DB0E9CA4A2C1FC640526B9A14337A1A55A36AA7,IMPHASH=E61FD409CB21E6A6EBA2AFE59848CFC8', 'ruleName': 'technique_id=T1053,technique_name=Scheduled Task', 'company': 'Microsoft Corporation', 'fileVersion': '10.0.26100.5074 (WinBuild.160101.0800)', 'user': 'NT AUTHORITY\\\\SYSTEM'}, 'system': {'eventID': '7', 'keywords': '0x8000000000000000', 'providerGuid': '{5770385f-c22a-43e0-bf4c-06f5698ffbd9}', 'level': '4', 'channel': 'Microsoft-Windows-Sysmon/Operational', 'opcode': '0', 'message': '""Image loaded:\r\nRuleName: technique_id=T1053,technique_name=Scheduled Task\r\nUtcTime: 2025-12-29 20:51:05.730\r\nProcessGuid: {411eefe4-e9b9-6952-dd00-000000001100}\r\nProcessId: 7832\r\nImage: C:\\Windows\\System32\\svchost.exe\r\nImageLoaded: C:\\Windows\\System32\\taskschd.dll\r\nFileVersion: 10.0.26100.5074 (WinBuild.160101.0800)\r\nDescription: Task Scheduler COM API\r\nProduct: Microsoft® Windows® Operating System\r\nCompany: Microsoft Corporation\r\nOriginalFileName: taskschd.dll\r\nHashes: SHA1=BF09E52372CF6663743A6FC58FCDB75D7551CD64,MD5=DF9E41FF2CF7430B4A29B24BB86AB7B0,SHA256=1E3292A4C58708CA4E3A73B82DB0E9CA4A2C1FC640526B9A14337A1A55A36AA7,IMPHASH=E61FD409CB21E6A6EBA2AFE59848CFC8\r\nSigned: true\r\nSignature: Microsoft Windows\r\nSignatureStatus: Valid\r\nUser: NT AUTHORITY\\SYSTEM""', 'version': '3', 'systemTime': '2025-12-29T20:52:32.3922993Z', 'eventRecordID': '20729', 'threadID': '5012', 'computer': 'WindowsEnd-c7921449-8b62-4c4d-8a83-d9281ac0190b', 'task': '7', 'processID': '3884', 'severityValue': 'INFORMATION', 'providerName': 'Microsoft-Windows-Sysmon'}}}, 'rule': {'firedtimes': 13, 'mail': False, 'level': 4, 'description': 'Process loaded taskschd.dll module. May be used to create delayed malware execution', 'groups': ['sysmon', 'sysmon_eid7_detections', 'windows'], 'mitre': {'technique': ['Scheduled Task'], 'id': ['T1053.005'], 'tactic': ['Execution', 'Persistence', 'Privilege Escalation']}, 'id': '92154'}, 'decoder': {'name': 'windows_eventchannel'}, 'input': {'type': 'log'}, '@timestamp': '2025-12-29T20:52:33.214Z', 'location': 'EventChannel', 'id': '1767041553.8487505', 'timestamp': '2025-12-29T21:52:33.214+0100'}",medium,
2025-12-29T20:52:33.252Z,Endpoint3-Win,1,60106,Windows logon success.,3,T1078,EventChannel,"{'agent': {'ip': '192.168.100.15', 'name': 'Endpoint3-Win', 'id': '001'}, 'manager': {'name': 'wazuh-vm'}, 'data': {'win': {'eventdata': {'subjectLogonId': '0x3e7', 'subjectDomainName': 'WORKGROUP', 'targetLinkedLogonId': '0x0', 'impersonationLevel': '%%1833', 'authenticationPackageName': 'Negotiate', 'targetLogonId': '0x3e7', 'logonProcessName': 'Advapi', 'logonGuid': '{00000000-0000-0000-0000-000000000000}', 'targetUserName': 'SYSTEM', 'keyLength': '0', 'elevatedToken': '%%1842', 'subjectUserSid': 'S-1-5-18', 'processId': '0x344', 'processName': 'C:\\\\Windows\\\\System32\\\\services.exe', 'targetDomainName': 'NT AUTHORITY', 'targetUserSid': 'S-1-5-18', 'virtualAccount': '%%1843', 'logonType': '5', 'subjectUserName': 'WINDOWSEND-C792$'}, 'system': {'eventID': '4624', 'keywords': '0x8020000000000000', 'providerGuid': '{54849625-5478-4994-a5ba-3e3b0328c30d}', 'level': '0', 'channel': 'Security', 'opcode': '0', 'message': '""An account was successfully logged on.\r\n\r\nSubject:\r\n\tSecurity ID:\t\tS-1-5-18\r\n\tAccount Name:\t\tWINDOWSEND-C792$\r\n\tAccount Domain:\t\tWORKGROUP\r\n\tLogon ID:\t\t0x3E7\r\n\r\nLogon Information:\r\n\tLogon Type:\t\t5\r\n\tRestricted Admin Mode:\t-\r\n\tRemote Credential Guard:\t-\r\n\tVirtual Account:\t\tNo\r\n\tElevated Token:\t\tYes\r\n\r\nImpersonation Level:\t\tImpersonation\r\n\r\nNew Logon:\r\n\tSecurity ID:\t\tS-1-5-18\r\n\tAccount Name:\t\tSYSTEM\r\n\tAccount Domain:\t\tNT AUTHORITY\r\n\tLogon ID:\t\t0x3E7\r\n\tLinked Logon ID:\t\t0x0\r\n\tNetwork Account Name:\t-\r\n\tNetwork Account Domain:\t-\r\n\tLogon GUID:\t\t{00000000-0000-0000-0000-000000000000}\r\n\r\nProcess Information:\r\n\tProcess ID:\t\t0x344\r\n\tProcess Name:\t\tC:\\Windows\\System32\\services.exe\r\n\r\nNetwork Information:\r\n\tWorkstation Name:\t-\r\n\tSource Network Address:\t-\r\n\tSource Port:\t\t-\r\n\r\nDetailed Authentication Information:\r\n\tLogon Process:\t\tAdvapi  \r\n\tAuthentication Package:\tNegotiate\r\n\tTransited Services:\t-\r\n\tPackage Name (NTLM only):\t-\r\n\tKey Length:\t\t0\r\n\r\nThis event is generated when a logon session is created. It is generated on the computer that was accessed.\r\n\r\nThe subject fields indicate the account on the local system which requested the logon. This is most commonly a service such as the Server service, or a local process such as Winlogon.exe or Services.exe.\r\n\r\nThe logon type field indicates the kind of logon that occurred. The most common types are 2 (interactive) and 3 (network).\r\n\r\nThe New Logon fields indicate the account for whom the new logon was created, i.e. the account that was logged on.\r\n\r\nThe network fields indicate where a remote logon request originated. Workstation name is not always available and may be left blank in some cases.\r\n\r\nThe impersonation level field indicates the extent to which a process in the logon session can impersonate.\r\n\r\nThe authentication information fields provide detailed information about this specific logon request.\r\n\t- Logon GUID is a unique identifier that can be used to correlate this event with a KDC event.\r\n\t- Transited services indicate which intermediate services have participated in this logon request.\r\n\t- Package name indicates which sub-protocol was used among the NTLM protocols.\r\n\t- Key length indicates the length of the generated session key. This will be 0 if no session key was requested.""', 'version': '3', 'systemTime': '2025-12-29T20:52:31.4902243Z', 'eventRecordID': '40094', 'threadID': '916', 'computer': 'WindowsEnd-c7921449-8b62-4c4d-8a83-d9281ac0190b', 'task': '12544', 'processID': '856', 'severityValue': 'AUDIT_SUCCESS', 'providerName': 'Microsoft-Windows-Security-Auditing'}}}, 'rule': {'mail': False, 'level': 3, 'hipaa': ['164.312.b'], 'pci_dss': ['10.2.5'], 'tsc': ['CC6.8', 'CC7.2', 'CC7.3'], 'description': 'Windows logon success.', 'groups': ['windows', 'windows_security', 'authentication_success'], 'nist_800_53': ['AC.7', 'AU.14'], 'gdpr': ['IV_32.2'], 'firedtimes': 16, 'mitre': {'technique': ['Valid Accounts'], 'id': ['T1078'], 'tactic': ['Defense Evasion', 'Persistence', 'Privilege Escalation', 'Initial Access']}, 'id': '60106', 'gpg13': ['7.1', '7.2']}, 'decoder': {'name': 'windows_eventchannel'}, 'input': {'type': 'log'}, '@timestamp': '2025-12-29T20:52:33.252Z', 'location': 'EventChannel', 'id': '1767041553.8492164', 'timestamp': '2025-12-29T21:52:33.252+0100'}",low,
2025-12-29T20:52:36.665Z,wazuh-vm,0,52002,Apparmor DENIED,3,,/var/log/kern.log,"{'predecoder': {'program_name': 'kernel', 'timestamp': '2025-12-29T21:52:36.373504+01:00'}, 'agent': {'name': 'wazuh-vm', 'id': '000'}, 'manager': {'name': 'wazuh-vm'}, 'data': {'extra_data': 'open', 'status': 'DENIED'}, 'rule': {'firedtimes': 51, 'mail': False, 'level': 3, 'description': 'Apparmor DENIED', 'groups': ['local', 'syslog', 'apparmor'], 'id': '52002'}, 'decoder': {'parent': 'kernel', 'name': 'kernel'}, 'full_log': '2025-12-29T21:52:36.373504+01:00 wazuh-vm kernel: audit: type=1400 audit(1767041556.371:274): apparmor=""DENIED"" operation=""open"" class=""file"" profile=""snap.firefox.firefox"" name=""/proc/pressure/memory"" pid=4137 comm=""MemoryPoller"" requested_mask=""r"" denied_mask=""r"" fsuid=1001 ouid=0', 'input': {'type': 'log'}, '@timestamp': '2025-12-29T20:52:36.665Z', 'location': '/var/log/kern.log', 'id': '1767041556.8499610', 'timestamp': '2025-12-29T21:52:36.665+0100'}",low,
2025-12-29T20:52:36.665Z,wazuh-vm,0,52002,Apparmor DENIED,3,,/var/log/syslog,"{'predecoder': {'program_name': 'kernel', 'timestamp': '2025-12-29T21:52:36.373504+01:00'}, 'agent': {'name': 'wazuh-vm', 'id': '000'}, 'manager': {'name': 'wazuh-vm'}, 'data': {'extra_data': 'open', 'status': 'DENIED'}, 'rule': {'firedtimes': 52, 'mail': False, 'level': 3, 'description': 'Apparmor DENIED', 'groups': ['local', 'syslog', 'apparmor'], 'id': '52002'}, 'decoder': {'parent': 'kernel', 'name': 'kernel'}, 'full_log': '2025-12-29T21:52:36.373504+01:00 wazuh-vm kernel: audit: type=1400 audit(1767041556.371:274): apparmor=""DENIED"" operation=""open"" class=""file"" profile=""snap.firefox.firefox"" name=""/proc/pressure/memory"" pid=4137 comm=""MemoryPoller"" requested_mask=""r"" denied_mask=""r"" fsuid=1001 ouid=0', 'input': {'type': 'log'}, '@timestamp': '2025-12-29T20:52:36.665Z', 'location': '/var/log/syslog', 'id': '1767041556.8500041', 'timestamp': '2025-12-29T21:52:36.665+0100'}",low,
2025-12-29T20:52:37.676Z,Endpoint3-Win,1,60106,Windows logon success.,3,T1078,EventChannel,"{'agent': {'ip': '192.168.100.15', 'name': 'Endpoint3-Win', 'id': '001'}, 'manager': {'name': 'wazuh-vm'}, 'data': {'win': {'eventdata': {'subjectLogonId': '0x3e7', 'subjectDomainName': 'WORKGROUP', 'targetLinkedLogonId': '0x0', 'impersonationLevel': '%%1833', 'authenticationPackageName': 'Negotiate', 'targetLogonId': '0x3e7', 'logonProcessName': 'Advapi', 'logonGuid': '{00000000-0000-0000-0000-000000000000}', 'targetUserName': 'SYSTEM', 'keyLength': '0', 'elevatedToken': '%%1842', 'subjectUserSid': 'S-1-5-18', 'processId': '0x344', 'processName': 'C:\\\\Windows\\\\System32\\\\services.exe', 'targetDomainName': 'NT AUTHORITY', 'targetUserSid': 'S-1-5-18', 'virtualAccount': '%%1843', 'logonType': '5', 'subjectUserName': 'WINDOWSEND-C792$'}, 'system': {'eventID': '4624', 'keywords': '0x8020000000000000', 'providerGuid': '{54849625-5478-4994-a5ba-3e3b0328c30d}', 'level': '0', 'channel': 'Security', 'opcode': '0', 'message': '""An account was successfully logged on.\r\n\r\nSubject:\r\n\tSecurity ID:\t\tS-1-5-18\r\n\tAccount Name:\t\tWINDOWSEND-C792$\r\n\tAccount Domain:\t\tWORKGROUP\r\n\tLogon ID:\t\t0x3E7\r\n\r\nLogon Information:\r\n\tLogon Type:\t\t5\r\n\tRestricted Admin Mode:\t-\r\n\tRemote Credential Guard:\t-\r\n\tVirtual Account:\t\tNo\r\n\tElevated Token:\t\tYes\r\n\r\nImpersonation Level:\t\tImpersonation\r\n\r\nNew Logon:\r\n\tSecurity ID:\t\tS-1-5-18\r\n\tAccount Name:\t\tSYSTEM\r\n\tAccount Domain:\t\tNT AUTHORITY\r\n\tLogon ID:\t\t0x3E7\r\n\tLinked Logon ID:\t\t0x0\r\n\tNetwork Account Name:\t-\r\n\tNetwork Account Domain:\t-\r\n\tLogon GUID:\t\t{00000000-0000-0000-0000-000000000000}\r\n\r\nProcess Information:\r\n\tProcess ID:\t\t0x344\r\n\tProcess Name:\t\tC:\\Windows\\System32\\services.exe\r\n\r\nNetwork Information:\r\n\tWorkstation Name:\t-\r\n\tSource Network Address:\t-\r\n\tSource Port:\t\t-\r\n\r\nDetailed Authentication Information:\r\n\tLogon Process:\t\tAdvapi  \r\n\tAuthentication Package:\tNegotiate\r\n\tTransited Services:\t-\r\n\tPackage Name (NTLM only):\t-\r\n\tKey Length:\t\t0\r\n\r\nThis event is generated when a logon session is created. It is generated on the computer that was accessed.\r\n\r\nThe subject fields indicate the account on the local system which requested the logon. This is most commonly a service such as the Server service, or a local process such as Winlogon.exe or Services.exe.\r\n\r\nThe logon type field indicates the kind of logon that occurred. The most common types are 2 (interactive) and 3 (network).\r\n\r\nThe New Logon fields indicate the account for whom the new logon was created, i.e. the account that was logged on.\r\n\r\nThe network fields indicate where a remote logon request originated. Workstation name is not always available and may be left blank in some cases.\r\n\r\nThe impersonation level field indicates the extent to which a process in the logon session can impersonate.\r\n\r\nThe authentication information fields provide detailed information about this specific logon request.\r\n\t- Logon GUID is a unique identifier that can be used to correlate this event with a KDC event.\r\n\t- Transited services indicate which intermediate services have participated in this logon request.\r\n\t- Package name indicates which sub-protocol was used among the NTLM protocols.\r\n\t- Key length indicates the length of the generated session key. This will be 0 if no session key was requested.""', 'version': '3', 'systemTime': '2025-12-29T20:52:35.8033286Z', 'eventRecordID': '40099', 'threadID': '912', 'computer': 'WindowsEnd-c7921449-8b62-4c4d-8a83-d9281ac0190b', 'task': '12544', 'processID': '856', 'severityValue': 'AUDIT_SUCCESS', 'providerName': 'Microsoft-Windows-Security-Auditing'}}}, 'rule': {'mail': False, 'level': 3, 'hipaa': ['164.312.b'], 'pci_dss': ['10.2.5'], 'tsc': ['CC6.8', 'CC7.2', 'CC7.3'], 'description': 'Windows logon success.', 'groups': ['windows', 'windows_security', 'authentication_success'], 'nist_800_53': ['AC.7', 'AU.14'], 'gdpr': ['IV_32.2'], 'firedtimes': 17, 'mitre': {'technique': ['Valid Accounts'], 'id': ['T1078'], 'tactic': ['Defense Evasion', 'Persistence', 'Privilege Escalation', 'Initial Access']}, 'id': '60106', 'gpg13': ['7.1', '7.2']}, 'decoder': {'name': 'windows_eventchannel'}, 'input': {'type': 'log'}, '@timestamp': '2025-12-29T20:52:37.676Z', 'location': 'EventChannel', 'id': '1767041557.8500470', 'timestamp': '2025-12-29T21:52:37.676+0100'}",low,
2025-12-29T20:52:39.165Z,Endpoint3-Win,1,92154,Process loaded taskschd.dll module. May be used to create delayed malware execution,4,T1053.005,EventChannel,"{'agent': {'ip': '192.168.100.15', 'name': 'Endpoint3-Win', 'id': '001'}, 'manager': {'name': 'wazuh-vm'}, 'data': {'win': {'eventdata': {'originalFileName': 'taskschd.dll', 'image': 'C:\\\\Windows\\\\System32\\\\svchost.exe', 'product': 'Microsoft® Windows® Operating System', 'signature': 'Microsoft Windows', 'imageLoaded': 'C:\\\\Windows\\\\System32\\\\taskschd.dll', 'description': 'Task Scheduler COM API', 'signed': 'true', 'signatureStatus': 'Valid', 'processGuid': '{411eefe4-ea13-6952-0d01-000000001100}', 'processId': '6864', 'utcTime': '2025-12-29 20:52:37.898', 'hashes': 'SHA1=BF09E52372CF6663743A6FC58FCDB75D7551CD64,MD5=DF9E41FF2CF7430B4A29B24BB86AB7B0,SHA256=1E3292A4C58708CA4E3A73B82DB0E9CA4A2C1FC640526B9A14337A1A55A36AA7,IMPHASH=E61FD409CB21E6A6EBA2AFE59848CFC8', 'ruleName': 'technique_id=T1053,technique_name=Scheduled Task', 'company': 'Microsoft Corporation', 'fileVersion': '10.0.26100.5074 (WinBuild.160101.0800)', 'user': 'NT AUTHORITY\\\\SYSTEM'}, 'system': {'eventID': '7', 'keywords': '0x8000000000000000', 'providerGuid': '{5770385f-c22a-43e0-bf4c-06f5698ffbd9}', 'level': '4', 'channel': 'Microsoft-Windows-Sysmon/Operational', 'opcode': '0', 'message': '""Image loaded:\r\nRuleName: technique_id=T1053,technique_name=Scheduled Task\r\nUtcTime: 2025-12-29 20:52:37.898\r\nProcessGuid: {411eefe4-ea13-6952-0d01-000000001100}\r\nProcessId: 6864\r\nImage: C:\\Windows\\System32\\svchost.exe\r\nImageLoaded: C:\\Windows\\System32\\taskschd.dll\r\nFileVersion: 10.0.26100.5074 (WinBuild.160101.0800)\r\nDescription: Task Scheduler COM API\r\nProduct: Microsoft® Windows® Operating System\r\nCompany: Microsoft Corporation\r\nOriginalFileName: taskschd.dll\r\nHashes: SHA1=BF09E52372CF6663743A6FC58FCDB75D7551CD64,MD5=DF9E41FF2CF7430B4A29B24BB86AB7B0,SHA256=1E3292A4C58708CA4E3A73B82DB0E9CA4A2C1FC640526B9A14337A1A55A36AA7,IMPHASH=E61FD409CB21E6A6EBA2AFE59848CFC8\r\nSigned: true\r\nSignature: Microsoft Windows\r\nSignatureStatus: Valid\r\nUser: NT AUTHORITY\\SYSTEM""', 'version': '3', 'systemTime': '2025-12-29T20:52:37.9911009Z', 'eventRecordID': '20751', 'threadID': '5004', 'computer': 'WindowsEnd-c7921449-8b62-4c4d-8a83-d9281ac0190b', 'task': '7', 'processID': '3884', 'severityValue': 'INFORMATION', 'providerName': 'Microsoft-Windows-Sysmon'}}}, 'rule': {'firedtimes': 14, 'mail': False, 'level': 4, 'description': 'Process loaded taskschd.dll module. May be used to create delayed malware execution', 'groups': ['sysmon', 'sysmon_eid7_detections', 'windows'], 'mitre': {'technique': ['Scheduled Task'], 'id': ['T1053.005'], 'tactic': ['Execution', 'Persistence', 'Privilege Escalation']}, 'id': '92154'}, 'decoder': {'name': 'windows_eventchannel'}, 'input': {'type': 'log'}, '@timestamp': '2025-12-29T20:52:39.165Z', 'location': 'EventChannel', 'id': '1767041559.8507916', 'timestamp': '2025-12-29T21:52:39.165+0100'}",medium,
2025-12-29T20:52:39.192Z,Endpoint3-Win,1,92154,Process loaded taskschd.dll module. May be used to create delayed malware execution,4,T1053.005,EventChannel,"{'agent': {'ip': '192.168.100.15', 'name': 'Endpoint3-Win', 'id': '001'}, 'manager': {'name': 'wazuh-vm'}, 'data': {'win': {'eventdata': {'originalFileName': 'taskschd.dll', 'image': 'C:\\\\Windows\\\\System32\\\\svchost.exe', 'product': 'Microsoft® Windows® Operating System', 'signature': 'Microsoft Windows', 'imageLoaded': 'C:\\\\Windows\\\\System32\\\\taskschd.dll', 'description': 'Task Scheduler COM API', 'signed': 'true', 'signatureStatus': 'Valid', 'processGuid': '{411eefe4-ea15-6952-0e01-000000001100}', 'processId': '8728', 'utcTime': '2025-12-29 20:52:38.207', 'hashes': 'SHA1=BF09E52372CF6663743A6FC58FCDB75D7551CD64,MD5=DF9E41FF2CF7430B4A29B24BB86AB7B0,SHA256=1E3292A4C58708CA4E3A73B82DB0E9CA4A2C1FC640526B9A14337A1A55A36AA7,IMPHASH=E61FD409CB21E6A6EBA2AFE59848CFC8', 'ruleName': 'technique_id=T1053,technique_name=Scheduled Task', 'company': 'Microsoft Corporation', 'fileVersion': '10.0.26100.5074 (WinBuild.160101.0800)', 'user': 'NT AUTHORITY\\\\SYSTEM'}, 'system': {'eventID': '7', 'keywords': '0x8000000000000000', 'providerGuid': '{5770385f-c22a-43e0-bf4c-06f5698ffbd9}', 'level': '4', 'channel': 'Microsoft-Windows-Sysmon/Operational', 'opcode': '0', 'message': '""Image loaded:\r\nRuleName: technique_id=T1053,technique_name=Scheduled Task\r\nUtcTime: 2025-12-29 20:52:38.207\r\nProcessGuid: {411eefe4-ea15-6952-0e01-000000001100}\r\nProcessId: 8728\r\nImage: C:\\Windows\\System32\\svchost.exe\r\nImageLoaded: C:\\Windows\\System32\\taskschd.dll\r\nFileVersion: 10.0.26100.5074 (WinBuild.160101.0800)\r\nDescription: Task Scheduler COM API\r\nProduct: Microsoft® Windows® Operating System\r\nCompany: Microsoft Corporation\r\nOriginalFileName: taskschd.dll\r\nHashes: SHA1=BF09E52372CF6663743A6FC58FCDB75D7551CD64,MD5=DF9E41FF2CF7430B4A29B24BB86AB7B0,SHA256=1E3292A4C58708CA4E3A73B82DB0E9CA4A2C1FC640526B9A14337A1A55A36AA7,IMPHASH=E61FD409CB21E6A6EBA2AFE59848CFC8\r\nSigned: true\r\nSignature: Microsoft Windows\r\nSignatureStatus: Valid\r\nUser: NT AUTHORITY\\SYSTEM""', 'version': '3', 'systemTime': '2025-12-29T20:52:38.2103244Z', 'eventRecordID': '20753', 'threadID': '5004', 'computer': 'WindowsEnd-c7921449-8b62-4c4d-8a83-d9281ac0190b', 'task': '7', 'processID': '3884', 'severityValue': 'INFORMATION', 'providerName': 'Microsoft-Windows-Sysmon'}}}, 'rule': {'firedtimes': 15, 'mail': False, 'level': 4, 'description': 'Process loaded taskschd.dll module. May be used to create delayed malware execution', 'groups': ['sysmon', 'sysmon_eid7_detections', 'windows'], 'mitre': {'technique': ['Scheduled Task'], 'id': ['T1053.005'], 'tactic': ['Execution', 'Persistence', 'Privilege Escalation']}, 'id': '92154'}, 'decoder': {'name': 'windows_eventchannel'}, 'input': {'type': 'log'}, '@timestamp': '2025-12-29T20:52:39.192Z', 'location': 'EventChannel', 'id': '1767041559.8512575', 'timestamp': '2025-12-29T21:52:39.192+0100'}",medium,
2025-12-29T20:52:39.323Z,Endpoint3-Win,1,60106,Windows logon success.,3,T1078,EventChannel,"{'agent': {'ip': '192.168.100.15', 'name': 'Endpoint3-Win', 'id': '001'}, 'manager': {'name': 'wazuh-vm'}, 'data': {'win': {'eventdata': {'subjectLogonId': '0x3e7', 'subjectDomainName': 'WORKGROUP', 'targetLinkedLogonId': '0x0', 'impersonationLevel': '%%1833', 'authenticationPackageName': 'Negotiate', 'targetLogonId': '0x3e7', 'logonProcessName': 'Advapi', 'logonGuid': '{00000000-0000-0000-0000-000000000000}', 'targetUserName': 'SYSTEM', 'keyLength': '0', 'elevatedToken': '%%1842', 'subjectUserSid': 'S-1-5-18', 'processId': '0x344', 'processName': 'C:\\\\Windows\\\\System32\\\\services.exe', 'targetDomainName': 'NT AUTHORITY', 'targetUserSid': 'S-1-5-18', 'virtualAccount': '%%1843', 'logonType': '5', 'subjectUserName': 'WINDOWSEND-C792$'}, 'system': {'eventID': '4624', 'keywords': '0x8020000000000000', 'providerGuid': '{54849625-5478-4994-a5ba-3e3b0328c30d}', 'level': '0', 'channel': 'Security', 'opcode': '0', 'message': '""An account was successfully logged on.\r\n\r\nSubject:\r\n\tSecurity ID:\t\tS-1-5-18\r\n\tAccount Name:\t\tWINDOWSEND-C792$\r\n\tAccount Domain:\t\tWORKGROUP\r\n\tLogon ID:\t\t0x3E7\r\n\r\nLogon Information:\r\n\tLogon Type:\t\t5\r\n\tRestricted Admin Mode:\t-\r\n\tRemote Credential Guard:\t-\r\n\tVirtual Account:\t\tNo\r\n\tElevated Token:\t\tYes\r\n\r\nImpersonation Level:\t\tImpersonation\r\n\r\nNew Logon:\r\n\tSecurity ID:\t\tS-1-5-18\r\n\tAccount Name:\t\tSYSTEM\r\n\tAccount Domain:\t\tNT AUTHORITY\r\n\tLogon ID:\t\t0x3E7\r\n\tLinked Logon ID:\t\t0x0\r\n\tNetwork Account Name:\t-\r\n\tNetwork Account Domain:\t-\r\n\tLogon GUID:\t\t{00000000-0000-0000-0000-000000000000}\r\n\r\nProcess Information:\r\n\tProcess ID:\t\t0x344\r\n\tProcess Name:\t\tC:\\Windows\\System32\\services.exe\r\n\r\nNetwork Information:\r\n\tWorkstation Name:\t-\r\n\tSource Network Address:\t-\r\n\tSource Port:\t\t-\r\n\r\nDetailed Authentication Information:\r\n\tLogon Process:\t\tAdvapi  \r\n\tAuthentication Package:\tNegotiate\r\n\tTransited Services:\t-\r\n\tPackage Name (NTLM only):\t-\r\n\tKey Length:\t\t0\r\n\r\nThis event is generated when a logon session is created. It is generated on the computer that was accessed.\r\n\r\nThe subject fields indicate the account on the local system which requested the logon. This is most commonly a service such as the Server service, or a local process such as Winlogon.exe or Services.exe.\r\n\r\nThe logon type field indicates the kind of logon that occurred. The most common types are 2 (interactive) and 3 (network).\r\n\r\nThe New Logon fields indicate the account for whom the new logon was created, i.e. the account that was logged on.\r\n\r\nThe network fields indicate where a remote logon request originated. Workstation name is not always available and may be left blank in some cases.\r\n\r\nThe impersonation level field indicates the extent to which a process in the logon session can impersonate.\r\n\r\nThe authentication information fields provide detailed information about this specific logon request.\r\n\t- Logon GUID is a unique identifier that can be used to correlate this event with a KDC event.\r\n\t- Transited services indicate which intermediate services have participated in this logon request.\r\n\t- Package name indicates which sub-protocol was used among the NTLM protocols.\r\n\t- Key length indicates the length of the generated session key. This will be 0 if no session key was requested.""', 'version': '3', 'systemTime': '2025-12-29T20:52:37.6766238Z', 'eventRecordID': '40109', 'threadID': '912', 'computer': 'WindowsEnd-c7921449-8b62-4c4d-8a83-d9281ac0190b', 'task': '12544', 'processID': '856', 'severityValue': 'AUDIT_SUCCESS', 'providerName': 'Microsoft-Windows-Security-Auditing'}}}, 'rule': {'mail': False, 'level': 3, 'hipaa': ['164.312.b'], 'pci_dss': ['10.2.5'], 'tsc': ['CC6.8', 'CC7.2', 'CC7.3'], 'description': 'Windows logon success.', 'groups': ['windows', 'windows_security', 'authentication_success'], 'nist_800_53': ['AC.7', 'AU.14'], 'gdpr': ['IV_32.2'], 'firedtimes': 18, 'mitre': {'technique': ['Valid Accounts'], 'id': ['T1078'], 'tactic': ['Defense Evasion', 'Persistence', 'Privilege Escalation', 'Initial Access']}, 'id': '60106', 'gpg13': ['7.1', '7.2']}, 'decoder': {'name': 'windows_eventchannel'}, 'input': {'type': 'log'}, '@timestamp': '2025-12-29T20:52:39.323Z', 'location': 'EventChannel', 'id': '1767041559.8517234', 'timestamp': '2025-12-29T21:52:39.323+0100'}",low,
