2025-12-29T10:38:02.529Z,Endpoint3-Win,1,92046,Possible use of fodhelper.exe used to bypass UAC and execute of malicious software,12,T1548.002,EventChannel,"{'agent': {'ip': '192.168.100.15', 'name': 'Endpoint3-Win', 'id': '001'}, 'manager': {'name': 'wazuh-vm'}, 'data': {'win': {'eventdata': {'originalFileName': 'Cmd.Exe', 'image': 'C:\\\\Windows\\\\System32\\\\cmd.exe', 'product': 'Microsoft® Windows® Operating System', 'parentProcessGuid': '{411eefe4-58c6-6952-b418-000000001000}', 'description': 'Windows Command Processor', 'logonGuid': '{411eefe4-28dc-6951-f5d2-0e0000000000}', 'parentCommandLine': '\\""C:\\\\Windows\\\\System32\\\\fodhelper.exe\\""', 'processGuid': '{411eefe4-58c7-6952-b518-000000001000}', 'logonId': '0xed2f5', 'parentProcessId': '12268', 'processId': '2116', 'currentDirectory': 'C:\\\\Users\\\\ayoub\\\\AppData\\\\Local\\\\Temp\\\\', 'utcTime': '2025-12-29 10:32:39.416', 'hashes': 'SHA1=583BAC245F14E4E07E7508692C5D8B97F9EB9E6D,MD5=6D109A3A00F210C1AB89C3B08399ED48,SHA256=64AFC6DB3AAD1289533662E2D79E27DD55C7DCDB8CD918B08E145AD82AD5ACB4,IMPHASH=B0F049C014592B156EB1FA857E99CEB9', 'parentImage': 'C:\\\\Windows\\\\System32\\\\fodhelper.exe', 'ruleName': 'technique_id=T1548.002,technique_name=Bypass User Access Control', 'company': 'Microsoft Corporation', 'commandLine': '\\""C:\\\\Windows\\\\System32\\\\cmd.exe\\""', 'integrityLevel': 'High', 'fileVersion': '10.0.26100.7309 (WinBuild.160101.0800)', 'user': 'WINDOWSEND-C792\\\\ayoub', 'terminalSessionId': '1', 'parentUser': 'WINDOWSEND-C792\\\\ayoub'}, 'system': {'eventID': '1', 'keywords': '0x8000000000000000', 'providerGuid': '{5770385f-c22a-43e0-bf4c-06f5698ffbd9}', 'level': '4', 'channel': 'Microsoft-Windows-Sysmon/Operational', 'opcode': '0', 'message': '""Process Create:\r\nRuleName: technique_id=T1548.002,technique_name=Bypass User Access Control\r\nUtcTime: 2025-12-29 10:32:39.416\r\nProcessGuid: {411eefe4-58c7-6952-b518-000000001000}\r\nProcessId: 2116\r\nImage: C:\\Windows\\System32\\cmd.exe\r\nFileVersion: 10.0.26100.7309 (WinBuild.160101.0800)\r\nDescription: Windows Command Processor\r\nProduct: Microsoft® Windows® Operating System\r\nCompany: Microsoft Corporation\r\nOriginalFileName: Cmd.Exe\r\nCommandLine: ""C:\\Windows\\System32\\cmd.exe"" \r\nCurrentDirectory: C:\\Users\\ayoub\\AppData\\Local\\Temp\\\r\nUser: WINDOWSEND-C792\\ayoub\r\nLogonGuid: {411eefe4-28dc-6951-f5d2-0e0000000000}\r\nLogonId: 0xED2F5\r\nTerminalSessionId: 1\r\nIntegrityLevel: High\r\nHashes: SHA1=583BAC245F14E4E07E7508692C5D8B97F9EB9E6D,MD5=6D109A3A00F210C1AB89C3B08399ED48,SHA256=64AFC6DB3AAD1289533662E2D79E27DD55C7DCDB8CD918B08E145AD82AD5ACB4,IMPHASH=B0F049C014592B156EB1FA857E99CEB9\r\nParentProcessGuid: {411eefe4-58c6-6952-b418-000000001000}\r\nParentProcessId: 12268\r\nParentImage: C:\\Windows\\System32\\fodhelper.exe\r\nParentCommandLine: ""C:\\Windows\\System32\\fodhelper.exe"" \r\nParentUser: WINDOWSEND-C792\\ayoub""', 'version': '5', 'systemTime': '2025-12-29T10:32:39.4295458Z', 'eventRecordID': '18794', 'threadID': '3676', 'computer': 'WindowsEnd-c7921449-8b62-4c4d-8a83-d9281ac0190b', 'task': '1', 'processID': '1836', 'severityValue': 'INFORMATION', 'providerName': 'Microsoft-Windows-Sysmon'}}}, 'rule': {'firedtimes': 2, 'mail': True, 'level': 12, 'description': 'Possible use of fodhelper.exe used to bypass UAC and execute of malicious software', 'groups': ['sysmon', 'sysmon_eid1_detections', 'windows'], 'mitre': {'technique': ['Bypass User Account Control'], 'id': ['T1548.002'], 'tactic': ['Privilege Escalation', 'Defense Evasion']}, 'id': '92046'}, 'decoder': {'name': 'windows_eventchannel'}, 'input': {'type': 'log'}, '@timestamp': '2025-12-29T10:38:02.529Z', 'location': 'EventChannel', 'id': '1767004682.7539097', 'timestamp': '2025-12-29T11:38:02.529+0100'}",critical,"\""C:\\Windows\\System32\\cmd.exe\"""
2025-12-29T10:38:02.831Z,Endpoint3-Win,1,92052,Windows command prompt started by an abnormal process,4,T1059.003,EventChannel,"{'agent': {'ip': '192.168.100.15', 'name': 'Endpoint3-Win', 'id': '001'}, 'manager': {'name': 'wazuh-vm'}, 'data': {'win': {'eventdata': {'originalFileName': 'Cmd.Exe', 'image': 'C:\\\\Windows\\\\System32\\\\cmd.exe', 'product': 'Microsoft® Windows® Operating System', 'parentProcessGuid': '{411eefe4-ab3e-6951-cb0d-000000001000}', 'description': 'Windows Command Processor', 'logonGuid': '{411eefe4-28dc-6951-f5d2-0e0000000000}', 'parentCommandLine': 'C:\\\\WINDOWS\\\\System32\\\\WindowsPowerShell\\\\v1.0\\\\powershell.exe', 'processGuid': '{411eefe4-58f1-6952-d018-000000001000}', 'logonId': '0xed2f5', 'parentProcessId': '5948', 'processId': '6444', 'currentDirectory': 'C:\\\\Users\\\\ayoub\\\\AppData\\\\Local\\\\Temp\\\\', 'utcTime': '2025-12-29 10:33:21.844', 'hashes': 'SHA1=583BAC245F14E4E07E7508692C5D8B97F9EB9E6D,MD5=6D109A3A00F210C1AB89C3B08399ED48,SHA256=64AFC6DB3AAD1289533662E2D79E27DD55C7DCDB8CD918B08E145AD82AD5ACB4,IMPHASH=B0F049C014592B156EB1FA857E99CEB9', 'parentImage': 'C:\\\\Windows\\\\System32\\\\WindowsPowerShell\\\\v1.0\\\\powershell.exe', 'ruleName': 'technique_id=T1059.003,technique_name=Windows Command Shell', 'company': 'Microsoft Corporation', 'commandLine': '\\""cmd.exe\\"" /c del /f %%temp%%\\\\deleteme_T1551.004', 'integrityLevel': 'High', 'fileVersion': '10.0.26100.7309 (WinBuild.160101.0800)', 'user': 'WINDOWSEND-C792\\\\ayoub', 'terminalSessionId': '1', 'parentUser': 'WINDOWSEND-C792\\\\ayoub'}, 'system': {'eventID': '1', 'keywords': '0x8000000000000000', 'providerGuid': '{5770385f-c22a-43e0-bf4c-06f5698ffbd9}', 'level': '4', 'channel': 'Microsoft-Windows-Sysmon/Operational', 'opcode': '0', 'message': '""Process Create:\r\nRuleName: technique_id=T1059.003,technique_name=Windows Command Shell\r\nUtcTime: 2025-12-29 10:33:21.844\r\nProcessGuid: {411eefe4-58f1-6952-d018-000000001000}\r\nProcessId: 6444\r\nImage: C:\\Windows\\System32\\cmd.exe\r\nFileVersion: 10.0.26100.7309 (WinBuild.160101.0800)\r\nDescription: Windows Command Processor\r\nProduct: Microsoft® Windows® Operating System\r\nCompany: Microsoft Corporation\r\nOriginalFileName: Cmd.Exe\r\nCommandLine: ""cmd.exe"" /c del /f %%temp%%\\deleteme_T1551.004\r\nCurrentDirectory: C:\\Users\\ayoub\\AppData\\Local\\Temp\\\r\nUser: WINDOWSEND-C792\\ayoub\r\nLogonGuid: {411eefe4-28dc-6951-f5d2-0e0000000000}\r\nLogonId: 0xED2F5\r\nTerminalSessionId: 1\r\nIntegrityLevel: High\r\nHashes: SHA1=583BAC245F14E4E07E7508692C5D8B97F9EB9E6D,MD5=6D109A3A00F210C1AB89C3B08399ED48,SHA256=64AFC6DB3AAD1289533662E2D79E27DD55C7DCDB8CD918B08E145AD82AD5ACB4,IMPHASH=B0F049C014592B156EB1FA857E99CEB9\r\nParentProcessGuid: {411eefe4-ab3e-6951-cb0d-000000001000}\r\nParentProcessId: 5948\r\nParentImage: C:\\Windows\\System32\\WindowsPowerShell\\v1.0\\powershell.exe\r\nParentCommandLine: C:\\WINDOWS\\System32\\WindowsPowerShell\\v1.0\\powershell.exe\r\nParentUser: WINDOWSEND-C792\\ayoub""', 'version': '5', 'systemTime': '2025-12-29T10:33:21.8490464Z', 'eventRecordID': '18861', 'threadID': '3676', 'computer': 'WindowsEnd-c7921449-8b62-4c4d-8a83-d9281ac0190b', 'task': '1', 'processID': '1836', 'severityValue': 'INFORMATION', 'providerName': 'Microsoft-Windows-Sysmon'}}}, 'rule': {'firedtimes': 4, 'mail': False, 'level': 4, 'description': 'Windows command prompt started by an abnormal process', 'groups': ['sysmon', 'sysmon_eid1_detections', 'windows'], 'mitre': {'technique': ['Windows Command Shell'], 'id': ['T1059.003'], 'tactic': ['Execution']}, 'id': '92052'}, 'decoder': {'name': 'windows_eventchannel'}, 'input': {'type': 'log'}, '@timestamp': '2025-12-29T10:38:02.831Z', 'location': 'EventChannel', 'id': '1767004682.7545294', 'timestamp': '2025-12-29T11:38:02.831+0100'}",medium,"\""cmd.exe\"" /c del /f %%temp%%\\deleteme_T1551.004"
2025-12-29T10:38:02.923Z,Endpoint3-Win,1,92057,Powershell.exe spawned a powershell process which executed a base64 encoded command,12,T1059.001,EventChannel,"{'agent': {'ip': '192.168.100.15', 'name': 'Endpoint3-Win', 'id': '001'}, 'manager': {'name': 'wazuh-vm'}, 'data': {'win': {'eventdata': {'originalFileName': 'PowerShell.EXE', 'image': 'C:\\\\Windows\\\\System32\\\\WindowsPowerShell\\\\v1.0\\\\powershell.exe', 'product': 'Microsoft® Windows® Operating System', 'parentProcessGuid': '{411eefe4-ab3e-6951-cb0d-000000001000}', 'description': 'Windows PowerShell', 'logonGuid': '{411eefe4-28dc-6951-f5d2-0e0000000000}', 'parentCommandLine': 'C:\\\\WINDOWS\\\\System32\\\\WindowsPowerShell\\\\v1.0\\\\powershell.exe', 'processGuid': '{411eefe4-58f9-6952-d618-000000001000}', 'logonId': '0xed2f5', 'parentProcessId': '5948', 'processId': '11728', 'currentDirectory': 'C:\\\\Users\\\\ayoub\\\\AppData\\\\Local\\\\Temp\\\\', 'utcTime': '2025-12-29 10:33:29.577', 'hashes': 'SHA1=EB42621654E02FAF2DE940442B6DEB1A77864E5B,MD5=A97E6573B97B44C96122BFA543A82EA1,SHA256=0FF6F2C94BC7E2833A5F7E16DE1622E5DBA70396F31C7D5F56381870317E8C46,IMPHASH=AFACF6DC9041114B198160AAB4D0AE77', 'parentImage': 'C:\\\\Windows\\\\System32\\\\WindowsPowerShell\\\\v1.0\\\\powershell.exe', 'ruleName': 'technique_id=T1059.001,technique_name=PowerShell', 'company': 'Microsoft Corporation', 'commandLine': '\\""powershell.exe\\"" &amp; {$OriginalCommand = \'Write-Host \\\\\\""\\""Hey, Atomic!\\\\\\""\\""\' $Bytes = [System.Text.Encoding]::Unicode.GetBytes($OriginalCommand) $EncodedCommand =[Convert]::ToBase64String($Bytes) $EncodedCommand powershell.exe -EncodedCommand $EncodedCommand}', 'integrityLevel': 'High', 'fileVersion': '10.0.26100.5074 (WinBuild.160101.0800)', 'user': 'WINDOWSEND-C792\\\\ayoub', 'terminalSessionId': '1', 'parentUser': 'WINDOWSEND-C792\\\\ayoub'}, 'system': {'eventID': '1', 'keywords': '0x8000000000000000', 'providerGuid': '{5770385f-c22a-43e0-bf4c-06f5698ffbd9}', 'level': '4', 'channel': 'Microsoft-Windows-Sysmon/Operational', 'opcode': '0', 'message': '""Process Create:\r\nRuleName: technique_id=T1059.001,technique_name=PowerShell\r\nUtcTime: 2025-12-29 10:33:29.577\r\nProcessGuid: {411eefe4-58f9-6952-d618-000000001000}\r\nProcessId: 11728\r\nImage: C:\\Windows\\System32\\WindowsPowerShell\\v1.0\\powershell.exe\r\nFileVersion: 10.0.26100.5074 (WinBuild.160101.0800)\r\nDescription: Windows PowerShell\r\nProduct: Microsoft® Windows® Operating System\r\nCompany: Microsoft Corporation\r\nOriginalFileName: PowerShell.EXE\r\nCommandLine: ""powershell.exe"" & {$OriginalCommand = \'Write-Host \\""""Hey, Atomic!\\""""\'\n$Bytes = [System.Text.Encoding]::Unicode.GetBytes($OriginalCommand)\n$EncodedCommand =[Convert]::ToBase64String($Bytes)\n$EncodedCommand\npowershell.exe -EncodedCommand $EncodedCommand}\r\nCurrentDirectory: C:\\Users\\ayoub\\AppData\\Local\\Temp\\\r\nUser: WINDOWSEND-C792\\ayoub\r\nLogonGuid: {411eefe4-28dc-6951-f5d2-0e0000000000}\r\nLogonId: 0xED2F5\r\nTerminalSessionId: 1\r\nIntegrityLevel: High\r\nHashes: SHA1=EB42621654E02FAF2DE940442B6DEB1A77864E5B,MD5=A97E6573B97B44C96122BFA543A82EA1,SHA256=0FF6F2C94BC7E2833A5F7E16DE1622E5DBA70396F31C7D5F56381870317E8C46,IMPHASH=AFACF6DC9041114B198160AAB4D0AE77\r\nParentProcessGuid: {411eefe4-ab3e-6951-cb0d-000000001000}\r\nParentProcessId: 5948\r\nParentImage: C:\\Windows\\System32\\WindowsPowerShell\\v1.0\\powershell.exe\r\nParentCommandLine: C:\\WINDOWS\\System32\\WindowsPowerShell\\v1.0\\powershell.exe\r\nParentUser: WINDOWSEND-C792\\ayoub""', 'version': '5', 'systemTime': '2025-12-29T10:33:29.5817131Z', 'eventRecordID': '18878', 'threadID': '3676', 'computer': 'WindowsEnd-c7921449-8b62-4c4d-8a83-d9281ac0190b', 'task': '1', 'processID': '1836', 'severityValue': 'INFORMATION', 'providerName': 'Microsoft-Windows-Sysmon'}}}, 'rule': {'firedtimes': 1, 'mail': True, 'level': 12, 'description': 'Powershell.exe spawned a powershell process which executed a base64 encoded command', 'groups': ['sysmon', 'sysmon_eid1_detections', 'windows'], 'mitre': {'technique': ['PowerShell'], 'id': ['T1059.001'], 'tactic': ['Execution']}, 'id': '92057'}, 'decoder': {'name': 'windows_eventchannel'}, 'input': {'type': 'log'}, '@timestamp': '2025-12-29T10:38:02.923Z', 'location': 'EventChannel', 'id': '1767004682.7551683', 'timestamp': '2025-12-29T11:38:02.923+0100'}",critical,"\""powershell.exe\"" &amp; {$OriginalCommand = 'Write-Host \\\""\""Hey, Atomic!\\\""\""' $Bytes = [System.Text.Encoding]::Unicode.GetBytes($OriginalCommand) $EncodedCommand =[Convert]::ToBase64String($Bytes) $EncodedCommand powershell.exe -EncodedCommand $EncodedCommand}"
2025-12-29T10:38:02.957Z,Endpoint3-Win,1,92213,Executable file dropped in folder commonly used by malware,15,T1105,EventChannel,"{'agent': {'ip': '192.168.100.15', 'name': 'Endpoint3-Win', 'id': '001'}, 'manager': {'name': 'wazuh-vm'}, 'data': {'win': {'eventdata': {'image': 'C:\\\\WINDOWS\\\\System32\\\\WindowsPowerShell\\\\v1.0\\\\powershell.exe', 'processGuid': '{411eefe4-58f9-6952-d618-000000001000}', 'processId': '11728', 'utcTime': '2025-12-29 10:33:29.763', 'targetFilename': 'C:\\\\Users\\\\ayoub\\\\AppData\\\\Local\\\\Temp\\\\__PSScriptPolicyTest_jnquh2dd.qn3.ps1', 'ruleName': 'technique_id=T1059.001,technique_name=PowerShell', 'creationUtcTime': '2025-12-29 10:33:29.763', 'user': 'WINDOWSEND-C792\\\\ayoub'}, 'system': {'eventID': '11', 'keywords': '0x8000000000000000', 'providerGuid': '{5770385f-c22a-43e0-bf4c-06f5698ffbd9}', 'level': '4', 'channel': 'Microsoft-Windows-Sysmon/Operational', 'opcode': '0', 'message': '""File created:\r\nRuleName: technique_id=T1059.001,technique_name=PowerShell\r\nUtcTime: 2025-12-29 10:33:29.763\r\nProcessGuid: {411eefe4-58f9-6952-d618-000000001000}\r\nProcessId: 11728\r\nImage: C:\\WINDOWS\\System32\\WindowsPowerShell\\v1.0\\powershell.exe\r\nTargetFilename: C:\\Users\\ayoub\\AppData\\Local\\Temp\\__PSScriptPolicyTest_jnquh2dd.qn3.ps1\r\nCreationUtcTime: 2025-12-29 10:33:29.763\r\nUser: WINDOWSEND-C792\\ayoub""', 'version': '2', 'systemTime': '2025-12-29T10:33:29.7839817Z', 'eventRecordID': '18886', 'threadID': '3676', 'computer': 'WindowsEnd-c7921449-8b62-4c4d-8a83-d9281ac0190b', 'task': '11', 'processID': '1836', 'severityValue': 'INFORMATION', 'providerName': 'Microsoft-Windows-Sysmon'}}}, 'rule': {'firedtimes': 8, 'mail': True, 'level': 15, 'description': 'Executable file dropped in folder commonly used by malware', 'groups': ['sysmon', 'sysmon_eid11_detections', 'windows'], 'mitre': {'technique': ['Ingress Tool Transfer'], 'id': ['T1105'], 'tactic': ['Command and Control']}, 'id': '92213'}, 'decoder': {'name': 'windows_eventchannel'}, 'input': {'type': 'log'}, '@timestamp': '2025-12-29T10:38:02.957Z', 'location': 'EventChannel', 'id': '1767004682.7559060', 'timestamp': '2025-12-29T11:38:02.957+0100'}",critical,
2025-12-29T10:38:03.003Z,Endpoint3-Win,1,92057,Powershell.exe spawned a powershell process which executed a base64 encoded command,12,T1059.001,EventChannel,"{'agent': {'ip': '192.168.100.15', 'name': 'Endpoint3-Win', 'id': '001'}, 'manager': {'name': 'wazuh-vm'}, 'data': {'win': {'eventdata': {'originalFileName': 'PowerShell.EXE', 'image': 'C:\\\\Windows\\\\System32\\\\WindowsPowerShell\\\\v1.0\\\\powershell.exe', 'product': 'Microsoft® Windows® Operating System', 'parentProcessGuid': '{411eefe4-58f9-6952-d618-000000001000}', 'description': 'Windows PowerShell', 'logonGuid': '{411eefe4-28dc-6951-f5d2-0e0000000000}', 'parentCommandLine': '\\""powershell.exe\\"" &amp; {$OriginalCommand = \'Write-Host \\\\\\""\\""Hey, Atomic!\\\\\\""\\""\' $Bytes = [System.Text.Encoding]::Unicode.GetBytes($OriginalCommand) $EncodedCommand =[Convert]::ToBase64String($Bytes) $EncodedCommand powershell.exe -EncodedCommand $EncodedCommand}', 'processGuid': '{411eefe4-58fb-6952-da18-000000001000}', 'logonId': '0xed2f5', 'parentProcessId': '11728', 'processId': '9020', 'currentDirectory': 'C:\\\\Users\\\\ayoub\\\\AppData\\\\Local\\\\Temp\\\\', 'utcTime': '2025-12-29 10:33:31.467', 'hashes': 'SHA1=EB42621654E02FAF2DE940442B6DEB1A77864E5B,MD5=A97E6573B97B44C96122BFA543A82EA1,SHA256=0FF6F2C94BC7E2833A5F7E16DE1622E5DBA70396F31C7D5F56381870317E8C46,IMPHASH=AFACF6DC9041114B198160AAB4D0AE77', 'parentImage': 'C:\\\\Windows\\\\System32\\\\WindowsPowerShell\\\\v1.0\\\\powershell.exe', 'ruleName': 'technique_id=T1059.001,technique_name=PowerShell', 'company': 'Microsoft Corporation', 'commandLine': '\\""C:\\\\WINDOWS\\\\System32\\\\WindowsPowerShell\\\\v1.0\\\\powershell.exe\\"" -EncodedCommand VwByAGkAdABlAC0ASABvAHMAdAAgACIASABlAHkALAAgAEEAdABvAG0AaQBjACEAIgA=', 'integrityLevel': 'High', 'fileVersion': '10.0.26100.5074 (WinBuild.160101.0800)', 'user': 'WINDOWSEND-C792\\\\ayoub', 'terminalSessionId': '1', 'parentUser': 'WINDOWSEND-C792\\\\ayoub'}, 'system': {'eventID': '1', 'keywords': '0x8000000000000000', 'providerGuid': '{5770385f-c22a-43e0-bf4c-06f5698ffbd9}', 'level': '4', 'channel': 'Microsoft-Windows-Sysmon/Operational', 'opcode': '0', 'message': '""Process Create:\r\nRuleName: technique_id=T1059.001,technique_name=PowerShell\r\nUtcTime: 2025-12-29 10:33:31.467\r\nProcessGuid: {411eefe4-58fb-6952-da18-000000001000}\r\nProcessId: 9020\r\nImage: C:\\Windows\\System32\\WindowsPowerShell\\v1.0\\powershell.exe\r\nFileVersion: 10.0.26100.5074 (WinBuild.160101.0800)\r\nDescription: Windows PowerShell\r\nProduct: Microsoft® Windows® Operating System\r\nCompany: Microsoft Corporation\r\nOriginalFileName: PowerShell.EXE\r\nCommandLine: ""C:\\WINDOWS\\System32\\WindowsPowerShell\\v1.0\\powershell.exe"" -EncodedCommand VwByAGkAdABlAC0ASABvAHMAdAAgACIASABlAHkALAAgAEEAdABvAG0AaQBjACEAIgA=\r\nCurrentDirectory: C:\\Users\\ayoub\\AppData\\Local\\Temp\\\r\nUser: WINDOWSEND-C792\\ayoub\r\nLogonGuid: {411eefe4-28dc-6951-f5d2-0e0000000000}\r\nLogonId: 0xED2F5\r\nTerminalSessionId: 1\r\nIntegrityLevel: High\r\nHashes: SHA1=EB42621654E02FAF2DE940442B6DEB1A77864E5B,MD5=A97E6573B97B44C96122BFA543A82EA1,SHA256=0FF6F2C94BC7E2833A5F7E16DE1622E5DBA70396F31C7D5F56381870317E8C46,IMPHASH=AFACF6DC9041114B198160AAB4D0AE77\r\nParentProcessGuid: {411eefe4-58f9-6952-d618-000000001000}\r\nParentProcessId: 11728\r\nParentImage: C:\\Windows\\System32\\WindowsPowerShell\\v1.0\\powershell.exe\r\nParentCommandLine: ""powershell.exe"" & {$OriginalCommand = \'Write-Host \\""""Hey, Atomic!\\""""\'\n$Bytes = [System.Text.Encoding]::Unicode.GetBytes($OriginalCommand)\n$EncodedCommand =[Convert]::ToBase64String($Bytes)\n$EncodedCommand\npowershell.exe -EncodedCommand $EncodedCommand}\r\nParentUser: WINDOWSEND-C792\\ayoub""', 'version': '5', 'systemTime': '2025-12-29T10:33:31.4704780Z', 'eventRecordID': '18897', 'threadID': '3676', 'computer': 'WindowsEnd-c7921449-8b62-4c4d-8a83-d9281ac0190b', 'task': '1', 'processID': '1836', 'severityValue': 'INFORMATION', 'providerName': 'Microsoft-Windows-Sysmon'}}}, 'rule': {'firedtimes': 2, 'mail': True, 'level': 12, 'description': 'Powershell.exe spawned a powershell process which executed a base64 encoded command', 'groups': ['sysmon', 'sysmon_eid1_detections', 'windows'], 'mitre': {'technique': ['PowerShell'], 'id': ['T1059.001'], 'tactic': ['Execution']}, 'id': '92057'}, 'decoder': {'name': 'windows_eventchannel'}, 'input': {'type': 'log'}, '@timestamp': '2025-12-29T10:38:03.003Z', 'location': 'EventChannel', 'id': '1767004683.7562143', 'timestamp': '2025-12-29T11:38:03.003+0100'}",critical,"\""C:\\WINDOWS\\System32\\WindowsPowerShell\\v1.0\\powershell.exe\"" -EncodedCommand VwByAGkAdABlAC0ASABvAHMAdAAgACIASABlAHkALAAgAEEAdABvAG0AaQBjACEAIgA="
2025-12-29T10:38:03.037Z,Endpoint3-Win,1,92213,Executable file dropped in folder commonly used by malware,15,T1105,EventChannel,"{'agent': {'ip': '192.168.100.15', 'name': 'Endpoint3-Win', 'id': '001'}, 'manager': {'name': 'wazuh-vm'}, 'data': {'win': {'eventdata': {'image': 'C:\\\\WINDOWS\\\\System32\\\\WindowsPowerShell\\\\v1.0\\\\powershell.exe', 'processGuid': '{411eefe4-58fb-6952-da18-000000001000}', 'processId': '9020', 'utcTime': '2025-12-29 10:33:31.653', 'targetFilename': 'C:\\\\Users\\\\ayoub\\\\AppData\\\\Local\\\\Temp\\\\__PSScriptPolicyTest_m3cdbkjd.npn.ps1', 'ruleName': 'technique_id=T1059.001,technique_name=PowerShell', 'creationUtcTime': '2025-12-29 10:33:31.653', 'user': 'WINDOWSEND-C792\\\\ayoub'}, 'system': {'eventID': '11', 'keywords': '0x8000000000000000', 'providerGuid': '{5770385f-c22a-43e0-bf4c-06f5698ffbd9}', 'level': '4', 'channel': 'Microsoft-Windows-Sysmon/Operational', 'opcode': '0', 'message': '""File created:\r\nRuleName: technique_id=T1059.001,technique_name=PowerShell\r\nUtcTime: 2025-12-29 10:33:31.653\r\nProcessGuid: {411eefe4-58fb-6952-da18-000000001000}\r\nProcessId: 9020\r\nImage: C:\\WINDOWS\\System32\\WindowsPowerShell\\v1.0\\powershell.exe\r\nTargetFilename: C:\\Users\\ayoub\\AppData\\Local\\Temp\\__PSScriptPolicyTest_m3cdbkjd.npn.ps1\r\nCreationUtcTime: 2025-12-29 10:33:31.653\r\nUser: WINDOWSEND-C792\\ayoub""', 'version': '2', 'systemTime': '2025-12-29T10:33:31.6759507Z', 'eventRecordID': '18905', 'threadID': '3676', 'computer': 'WindowsEnd-c7921449-8b62-4c4d-8a83-d9281ac0190b', 'task': '11', 'processID': '1836', 'severityValue': 'INFORMATION', 'providerName': 'Microsoft-Windows-Sysmon'}}}, 'rule': {'firedtimes': 9, 'mail': True, 'level': 15, 'description': 'Executable file dropped in folder commonly used by malware', 'groups': ['sysmon', 'sysmon_eid11_detections', 'windows'], 'mitre': {'technique': ['Ingress Tool Transfer'], 'id': ['T1105'], 'tactic': ['Command and Control']}, 'id': '92213'}, 'decoder': {'name': 'windows_eventchannel'}, 'input': {'type': 'log'}, '@timestamp': '2025-12-29T10:38:03.037Z', 'location': 'EventChannel', 'id': '1767004683.7569878', 'timestamp': '2025-12-29T11:38:03.037+0100'}",critical,
2025-12-29T10:38:03.098Z,Endpoint3-Win,1,92154,Process loaded taskschd.dll module. May be used to create delayed malware execution,4,T1053.005,EventChannel,"{'agent': {'ip': '192.168.100.15', 'name': 'Endpoint3-Win', 'id': '001'}, 'manager': {'name': 'wazuh-vm'}, 'data': {'win': {'eventdata': {'originalFileName': 'taskschd.dll', 'image': 'C:\\\\Program Files (x86)\\\\Microsoft\\\\EdgeUpdate\\\\MicrosoftEdgeUpdate.exe', 'product': 'Microsoft® Windows® Operating System', 'signature': 'Microsoft Windows', 'imageLoaded': 'C:\\\\Windows\\\\SysWOW64\\\\taskschd.dll', 'description': 'Task Scheduler COM API', 'signed': 'true', 'signatureStatus': 'Valid', 'processGuid': '{411eefe4-5900-6952-dd18-000000001000}', 'processId': '8460', 'utcTime': '2025-12-29 10:33:37.003', 'hashes': 'SHA1=9A8680AD5B2A8A03CD76ECA9C59903B32491B01F,MD5=37CAF4C00F4781439B95891B3AD80285,SHA256=331FFA63D5FAE28E01929C99081899CC2CED5308F45F4C2148CE5E07132B5819,IMPHASH=86234BA1ECC097DF8302B1B6731097FD', 'ruleName': 'technique_id=T1053,technique_name=Scheduled Task', 'company': 'Microsoft Corporation', 'fileVersion': '10.0.26100.5074 (WinBuild.160101.0800)', 'user': 'NT AUTHORITY\\\\SYSTEM'}, 'system': {'eventID': '7', 'keywords': '0x8000000000000000', 'providerGuid': '{5770385f-c22a-43e0-bf4c-06f5698ffbd9}', 'level': '4', 'channel': 'Microsoft-Windows-Sysmon/Operational', 'opcode': '0', 'message': '""Image loaded:\r\nRuleName: technique_id=T1053,technique_name=Scheduled Task\r\nUtcTime: 2025-12-29 10:33:37.003\r\nProcessGuid: {411eefe4-5900-6952-dd18-000000001000}\r\nProcessId: 8460\r\nImage: C:\\Program Files (x86)\\Microsoft\\EdgeUpdate\\MicrosoftEdgeUpdate.exe\r\nImageLoaded: C:\\Windows\\SysWOW64\\taskschd.dll\r\nFileVersion: 10.0.26100.5074 (WinBuild.160101.0800)\r\nDescription: Task Scheduler COM API\r\nProduct: Microsoft® Windows® Operating System\r\nCompany: Microsoft Corporation\r\nOriginalFileName: taskschd.dll\r\nHashes: SHA1=9A8680AD5B2A8A03CD76ECA9C59903B32491B01F,MD5=37CAF4C00F4781439B95891B3AD80285,SHA256=331FFA63D5FAE28E01929C99081899CC2CED5308F45F4C2148CE5E07132B5819,IMPHASH=86234BA1ECC097DF8302B1B6731097FD\r\nSigned: true\r\nSignature: Microsoft Windows\r\nSignatureStatus: Valid\r\nUser: NT AUTHORITY\\SYSTEM""', 'version': '3', 'systemTime': '2025-12-29T10:33:37.1492897Z', 'eventRecordID': '18924', 'threadID': '8312', 'computer': 'WindowsEnd-c7921449-8b62-4c4d-8a83-d9281ac0190b', 'task': '7', 'processID': '1836', 'severityValue': 'INFORMATION', 'providerName': 'Microsoft-Windows-Sysmon'}}}, 'rule': {'firedtimes': 6, 'mail': False, 'level': 4, 'description': 'Process loaded taskschd.dll module. May be used to create delayed malware execution', 'groups': ['sysmon', 'sysmon_eid7_detections', 'windows'], 'mitre': {'technique': ['Scheduled Task'], 'id': ['T1053.005'], 'tactic': ['Execution', 'Persistence', 'Privilege Escalation']}, 'id': '92154'}, 'decoder': {'name': 'windows_eventchannel'}, 'input': {'type': 'log'}, '@timestamp': '2025-12-29T10:38:03.098Z', 'location': 'EventChannel', 'id': '1767004683.7572957', 'timestamp': '2025-12-29T11:38:03.098+0100'}",medium,
2025-12-29T10:38:03.109Z,Endpoint3-Win,1,92027,Powershell process spawned powershell instance,4,T1059.001,EventChannel,"{'agent': {'ip': '192.168.100.15', 'name': 'Endpoint3-Win', 'id': '001'}, 'manager': {'name': 'wazuh-vm'}, 'data': {'win': {'eventdata': {'originalFileName': 'PowerShell.EXE', 'image': 'C:\\\\Windows\\\\System32\\\\WindowsPowerShell\\\\v1.0\\\\powershell.exe', 'product': 'Microsoft® Windows® Operating System', 'parentProcessGuid': '{411eefe4-ab3e-6951-cb0d-000000001000}', 'description': 'Windows PowerShell', 'logonGuid': '{411eefe4-28dc-6951-f5d2-0e0000000000}', 'parentCommandLine': 'C:\\\\WINDOWS\\\\System32\\\\WindowsPowerShell\\\\v1.0\\\\powershell.exe', 'processGuid': '{411eefe4-5901-6952-e018-000000001000}', 'logonId': '0xed2f5', 'parentProcessId': '5948', 'processId': '13716', 'currentDirectory': 'C:\\\\Users\\\\ayoub\\\\AppData\\\\Local\\\\Temp\\\\', 'utcTime': '2025-12-29 10:33:37.553', 'hashes': 'SHA1=EB42621654E02FAF2DE940442B6DEB1A77864E5B,MD5=A97E6573B97B44C96122BFA543A82EA1,SHA256=0FF6F2C94BC7E2833A5F7E16DE1622E5DBA70396F31C7D5F56381870317E8C46,IMPHASH=AFACF6DC9041114B198160AAB4D0AE77', 'parentImage': 'C:\\\\Windows\\\\System32\\\\WindowsPowerShell\\\\v1.0\\\\powershell.exe', 'ruleName': 'technique_id=T1059.001,technique_name=PowerShell', 'company': 'Microsoft Corporation', 'commandLine': '\\""powershell.exe\\"" &amp; {$OriginalCommand = \'Write-Host \\\\\\""\\""Hey, Atomic!\\\\\\""\\""\' $Bytes = [System.Text.Encoding]::Unicode.GetBytes($OriginalCommand) $EncodedCommand =[Convert]::ToBase64String($Bytes) $EncodedCommand  Set-ItemProperty -Force -Path HKCU:Software\\\\Microsoft\\\\Windows\\\\CurrentVersion -Name Debug -Value $EncodedCommand powershell.exe -Command \\\\\\""\\""IEX ([Text.Encoding]::UNICODE.GetString([Convert]::FromBase64String((gp HKCU:Software\\\\Microsoft\\\\Windows\\\\CurrentVersion Debug).Debug)))\\\\\\""\\""}', 'integrityLevel': 'High', 'fileVersion': '10.0.26100.5074 (WinBuild.160101.0800)', 'user': 'WINDOWSEND-C792\\\\ayoub', 'terminalSessionId': '1', 'parentUser': 'WINDOWSEND-C792\\\\ayoub'}, 'system': {'eventID': '1', 'keywords': '0x8000000000000000', 'providerGuid': '{5770385f-c22a-43e0-bf4c-06f5698ffbd9}', 'level': '4', 'channel': 'Microsoft-Windows-Sysmon/Operational', 'opcode': '0', 'message': '""Process Create:\r\nRuleName: technique_id=T1059.001,technique_name=PowerShell\r\nUtcTime: 2025-12-29 10:33:37.553\r\nProcessGuid: {411eefe4-5901-6952-e018-000000001000}\r\nProcessId: 13716\r\nImage: C:\\Windows\\System32\\WindowsPowerShell\\v1.0\\powershell.exe\r\nFileVersion: 10.0.26100.5074 (WinBuild.160101.0800)\r\nDescription: Windows PowerShell\r\nProduct: Microsoft® Windows® Operating System\r\nCompany: Microsoft Corporation\r\nOriginalFileName: PowerShell.EXE\r\nCommandLine: ""powershell.exe"" & {$OriginalCommand = \'Write-Host \\""""Hey, Atomic!\\""""\'\n$Bytes = [System.Text.Encoding]::Unicode.GetBytes($OriginalCommand)\n$EncodedCommand =[Convert]::ToBase64String($Bytes)\n$EncodedCommand\n\nSet-ItemProperty -Force -Path HKCU:Software\\Microsoft\\Windows\\CurrentVersion -Name Debug -Value $EncodedCommand\npowershell.exe -Command \\""""IEX ([Text.Encoding]::UNICODE.GetString([Convert]::FromBase64String((gp HKCU:Software\\Microsoft\\Windows\\CurrentVersion Debug).Debug)))\\""""}\r\nCurrentDirectory: C:\\Users\\ayoub\\AppData\\Local\\Temp\\\r\nUser: WINDOWSEND-C792\\ayoub\r\nLogonGuid: {411eefe4-28dc-6951-f5d2-0e0000000000}\r\nLogonId: 0xED2F5\r\nTerminalSessionId: 1\r\nIntegrityLevel: High\r\nHashes: SHA1=EB42621654E02FAF2DE940442B6DEB1A77864E5B,MD5=A97E6573B97B44C96122BFA543A82EA1,SHA256=0FF6F2C94BC7E2833A5F7E16DE1622E5DBA70396F31C7D5F56381870317E8C46,IMPHASH=AFACF6DC9041114B198160AAB4D0AE77\r\nParentProcessGuid: {411eefe4-ab3e-6951-cb0d-000000001000}\r\nParentProcessId: 5948\r\nParentImage: C:\\Windows\\System32\\WindowsPowerShell\\v1.0\\powershell.exe\r\nParentCommandLine: C:\\WINDOWS\\System32\\WindowsPowerShell\\v1.0\\powershell.exe\r\nParentUser: WINDOWSEND-C792\\ayoub""', 'version': '5', 'systemTime': '2025-12-29T10:33:37.5590012Z', 'eventRecordID': '18926', 'threadID': '3676', 'computer': 'WindowsEnd-c7921449-8b62-4c4d-8a83-d9281ac0190b', 'task': '1', 'processID': '1836', 'severityValue': 'INFORMATION', 'providerName': 'Microsoft-Windows-Sysmon'}}}, 'rule': {'firedtimes': 3, 'mail': False, 'level': 4, 'description': 'Powershell process spawned powershell instance', 'groups': ['sysmon', 'sysmon_eid1_detections', 'windows'], 'mitre': {'technique': ['PowerShell'], 'id': ['T1059.001'], 'tactic': ['Execution']}, 'id': '92027'}, 'decoder': {'name': 'windows_eventchannel'}, 'input': {'type': 'log'}, '@timestamp': '2025-12-29T10:38:03.109Z', 'location': 'EventChannel', 'id': '1767004683.7577765', 'timestamp': '2025-12-29T11:38:03.109+0100'}",medium,"\""powershell.exe\"" &amp; {$OriginalCommand = 'Write-Host \\\""\""Hey, Atomic!\\\""\""' $Bytes = [System.Text.Encoding]::Unicode.GetBytes($OriginalCommand) $EncodedCommand =[Convert]::ToBase64String($Bytes) $EncodedCommand  Set-ItemProperty -Force -Path HKCU:Software\\Microsoft\\Windows\\CurrentVersion -Name Debug -Value $EncodedCommand powershell.exe -Command \\\""\""IEX ([Text.Encoding]::UNICODE.GetString([Convert]::FromBase64String((gp HKCU:Software\\Microsoft\\Windows\\CurrentVersion Debug).Debug)))\\\""\""}"
2025-12-29T10:38:03.155Z,Endpoint3-Win,1,92213,Executable file dropped in folder commonly used by malware,15,T1105,EventChannel,"{'agent': {'ip': '192.168.100.15', 'name': 'Endpoint3-Win', 'id': '001'}, 'manager': {'name': 'wazuh-vm'}, 'data': {'win': {'eventdata': {'image': 'C:\\\\WINDOWS\\\\System32\\\\WindowsPowerShell\\\\v1.0\\\\powershell.exe', 'processGuid': '{411eefe4-5901-6952-e018-000000001000}', 'processId': '13716', 'utcTime': '2025-12-29 10:33:37.921', 'targetFilename': 'C:\\\\Users\\\\ayoub\\\\AppData\\\\Local\\\\Temp\\\\__PSScriptPolicyTest_lwrcr51f.nrd.ps1', 'ruleName': 'technique_id=T1059.001,technique_name=PowerShell', 'creationUtcTime': '2025-12-29 10:33:37.916', 'user': 'WINDOWSEND-C792\\\\ayoub'}, 'system': {'eventID': '11', 'keywords': '0x8000000000000000', 'providerGuid': '{5770385f-c22a-43e0-bf4c-06f5698ffbd9}', 'level': '4', 'channel': 'Microsoft-Windows-Sysmon/Operational', 'opcode': '0', 'message': '""File created:\r\nRuleName: technique_id=T1059.001,technique_name=PowerShell\r\nUtcTime: 2025-12-29 10:33:37.921\r\nProcessGuid: {411eefe4-5901-6952-e018-000000001000}\r\nProcessId: 13716\r\nImage: C:\\WINDOWS\\System32\\WindowsPowerShell\\v1.0\\powershell.exe\r\nTargetFilename: C:\\Users\\ayoub\\AppData\\Local\\Temp\\__PSScriptPolicyTest_lwrcr51f.nrd.ps1\r\nCreationUtcTime: 2025-12-29 10:33:37.916\r\nUser: WINDOWSEND-C792\\ayoub""', 'version': '2', 'systemTime': '2025-12-29T10:33:37.9425606Z', 'eventRecordID': '18935', 'threadID': '3676', 'computer': 'WindowsEnd-c7921449-8b62-4c4d-8a83-d9281ac0190b', 'task': '11', 'processID': '1836', 'severityValue': 'INFORMATION', 'providerName': 'Microsoft-Windows-Sysmon'}}}, 'rule': {'firedtimes': 10, 'mail': True, 'level': 15, 'description': 'Executable file dropped in folder commonly used by malware', 'groups': ['sysmon', 'sysmon_eid11_detections', 'windows'], 'mitre': {'technique': ['Ingress Tool Transfer'], 'id': ['T1105'], 'tactic': ['Command and Control']}, 'id': '92213'}, 'decoder': {'name': 'windows_eventchannel'}, 'input': {'type': 'log'}, '@timestamp': '2025-12-29T10:38:03.155Z', 'location': 'EventChannel', 'id': '1767004683.7586084', 'timestamp': '2025-12-29T11:38:03.155+0100'}",critical,
2025-12-29T10:38:03.318Z,Endpoint3-Win,1,92027,Powershell process spawned powershell instance,4,T1059.001,EventChannel,"{'agent': {'ip': '192.168.100.15', 'name': 'Endpoint3-Win', 'id': '001'}, 'manager': {'name': 'wazuh-vm'}, 'data': {'win': {'eventdata': {'originalFileName': 'PowerShell.EXE', 'image': 'C:\\\\Windows\\\\System32\\\\WindowsPowerShell\\\\v1.0\\\\powershell.exe', 'product': 'Microsoft® Windows® Operating System', 'parentProcessGuid': '{411eefe4-5901-6952-e018-000000001000}', 'description': 'Windows PowerShell', 'logonGuid': '{411eefe4-28dc-6951-f5d2-0e0000000000}', 'parentCommandLine': '\\""powershell.exe\\"" &amp; {$OriginalCommand = \'Write-Host \\\\\\""\\""Hey, Atomic!\\\\\\""\\""\' $Bytes = [System.Text.Encoding]::Unicode.GetBytes($OriginalCommand) $EncodedCommand =[Convert]::ToBase64String($Bytes) $EncodedCommand  Set-ItemProperty -Force -Path HKCU:Software\\\\Microsoft\\\\Windows\\\\CurrentVersion -Name Debug -Value $EncodedCommand powershell.exe -Command \\\\\\""\\""IEX ([Text.Encoding]::UNICODE.GetString([Convert]::FromBase64String((gp HKCU:Software\\\\Microsoft\\\\Windows\\\\CurrentVersion Debug).Debug)))\\\\\\""\\""}', 'processGuid': '{411eefe4-5905-6952-e418-000000001000}', 'logonId': '0xed2f5', 'parentProcessId': '13716', 'processId': '9616', 'currentDirectory': 'C:\\\\Users\\\\ayoub\\\\AppData\\\\Local\\\\Temp\\\\', 'utcTime': '2025-12-29 10:33:41.136', 'hashes': 'SHA1=EB42621654E02FAF2DE940442B6DEB1A77864E5B,MD5=A97E6573B97B44C96122BFA543A82EA1,SHA256=0FF6F2C94BC7E2833A5F7E16DE1622E5DBA70396F31C7D5F56381870317E8C46,IMPHASH=AFACF6DC9041114B198160AAB4D0AE77', 'parentImage': 'C:\\\\Windows\\\\System32\\\\WindowsPowerShell\\\\v1.0\\\\powershell.exe', 'ruleName': 'technique_id=T1059.001,technique_name=PowerShell', 'company': 'Microsoft Corporation', 'commandLine': '\\""C:\\\\WINDOWS\\\\System32\\\\WindowsPowerShell\\\\v1.0\\\\powershell.exe\\"" -Command \\""IEX ([Text.Encoding]::UNICODE.GetString([Convert]::FromBase64String((gp HKCU:Software\\\\Microsoft\\\\Windows\\\\CurrentVersion Debug).Debug)))\\""', 'integrityLevel': 'High', 'fileVersion': '10.0.26100.5074 (WinBuild.160101.0800)', 'user': 'WINDOWSEND-C792\\\\ayoub', 'terminalSessionId': '1', 'parentUser': 'WINDOWSEND-C792\\\\ayoub'}, 'system': {'eventID': '1', 'keywords': '0x8000000000000000', 'providerGuid': '{5770385f-c22a-43e0-bf4c-06f5698ffbd9}', 'level': '4', 'channel': 'Microsoft-Windows-Sysmon/Operational', 'opcode': '0', 'message': '""Process Create:\r\nRuleName: technique_id=T1059.001,technique_name=PowerShell\r\nUtcTime: 2025-12-29 10:33:41.136\r\nProcessGuid: {411eefe4-5905-6952-e418-000000001000}\r\nProcessId: 9616\r\nImage: C:\\Windows\\System32\\WindowsPowerShell\\v1.0\\powershell.exe\r\nFileVersion: 10.0.26100.5074 (WinBuild.160101.0800)\r\nDescription: Windows PowerShell\r\nProduct: Microsoft® Windows® Operating System\r\nCompany: Microsoft Corporation\r\nOriginalFileName: PowerShell.EXE\r\nCommandLine: ""C:\\WINDOWS\\System32\\WindowsPowerShell\\v1.0\\powershell.exe"" -Command ""IEX ([Text.Encoding]::UNICODE.GetString([Convert]::FromBase64String((gp HKCU:Software\\Microsoft\\Windows\\CurrentVersion Debug).Debug)))""\r\nCurrentDirectory: C:\\Users\\ayoub\\AppData\\Local\\Temp\\\r\nUser: WINDOWSEND-C792\\ayoub\r\nLogonGuid: {411eefe4-28dc-6951-f5d2-0e0000000000}\r\nLogonId: 0xED2F5\r\nTerminalSessionId: 1\r\nIntegrityLevel: High\r\nHashes: SHA1=EB42621654E02FAF2DE940442B6DEB1A77864E5B,MD5=A97E6573B97B44C96122BFA543A82EA1,SHA256=0FF6F2C94BC7E2833A5F7E16DE1622E5DBA70396F31C7D5F56381870317E8C46,IMPHASH=AFACF6DC9041114B198160AAB4D0AE77\r\nParentProcessGuid: {411eefe4-5901-6952-e018-000000001000}\r\nParentProcessId: 13716\r\nParentImage: C:\\Windows\\System32\\WindowsPowerShell\\v1.0\\powershell.exe\r\nParentCommandLine: ""powershell.exe"" & {$OriginalCommand = \'Write-Host \\""""Hey, Atomic!\\""""\'\n$Bytes = [System.Text.Encoding]::Unicode.GetBytes($OriginalCommand)\n$EncodedCommand =[Convert]::ToBase64String($Bytes)\n$EncodedCommand\n\nSet-ItemProperty -Force -Path HKCU:Software\\Microsoft\\Windows\\CurrentVersion -Name Debug -Value $EncodedCommand\npowershell.exe -Command \\""""IEX ([Text.Encoding]::UNICODE.GetString([Convert]::FromBase64String((gp HKCU:Software\\Microsoft\\Windows\\CurrentVersion Debug).Debug)))\\""""}\r\nParentUser: WINDOWSEND-C792\\ayoub""', 'version': '5', 'systemTime': '2025-12-29T10:33:41.1397243Z', 'eventRecordID': '18946', 'threadID': '3676', 'computer': 'WindowsEnd-c7921449-8b62-4c4d-8a83-d9281ac0190b', 'task': '1', 'processID': '1836', 'severityValue': 'INFORMATION', 'providerName': 'Microsoft-Windows-Sysmon'}}}, 'rule': {'firedtimes': 4, 'mail': False, 'level': 4, 'description': 'Powershell process spawned powershell instance', 'groups': ['sysmon', 'sysmon_eid1_detections', 'windows'], 'mitre': {'technique': ['PowerShell'], 'id': ['T1059.001'], 'tactic': ['Execution']}, 'id': '92027'}, 'decoder': {'name': 'windows_eventchannel'}, 'input': {'type': 'log'}, '@timestamp': '2025-12-29T10:38:03.318Z', 'location': 'EventChannel', 'id': '1767004683.7589167', 'timestamp': '2025-12-29T11:38:03.318+0100'}",medium,"\""C:\\WINDOWS\\System32\\WindowsPowerShell\\v1.0\\powershell.exe\"" -Command \""IEX ([Text.Encoding]::UNICODE.GetString([Convert]::FromBase64String((gp HKCU:Software\\Microsoft\\Windows\\CurrentVersion Debug).Debug)))\"""
2025-12-29T10:38:03.475Z,Endpoint3-Win,1,92213,Executable file dropped in folder commonly used by malware,15,T1105,EventChannel,"{'agent': {'ip': '192.168.100.15', 'name': 'Endpoint3-Win', 'id': '001'}, 'manager': {'name': 'wazuh-vm'}, 'data': {'win': {'eventdata': {'image': 'C:\\\\WINDOWS\\\\System32\\\\WindowsPowerShell\\\\v1.0\\\\powershell.exe', 'processGuid': '{411eefe4-5905-6952-e418-000000001000}', 'processId': '9616', 'utcTime': '2025-12-29 10:33:41.306', 'targetFilename': 'C:\\\\Users\\\\ayoub\\\\AppData\\\\Local\\\\Temp\\\\__PSScriptPolicyTest_eku4v05s.bxv.ps1', 'ruleName': 'technique_id=T1059.001,technique_name=PowerShell', 'creationUtcTime': '2025-12-29 10:33:41.301', 'user': 'WINDOWSEND-C792\\\\ayoub'}, 'system': {'eventID': '11', 'keywords': '0x8000000000000000', 'providerGuid': '{5770385f-c22a-43e0-bf4c-06f5698ffbd9}', 'level': '4', 'channel': 'Microsoft-Windows-Sysmon/Operational', 'opcode': '0', 'message': '""File created:\r\nRuleName: technique_id=T1059.001,technique_name=PowerShell\r\nUtcTime: 2025-12-29 10:33:41.306\r\nProcessGuid: {411eefe4-5905-6952-e418-000000001000}\r\nProcessId: 9616\r\nImage: C:\\WINDOWS\\System32\\WindowsPowerShell\\v1.0\\powershell.exe\r\nTargetFilename: C:\\Users\\ayoub\\AppData\\Local\\Temp\\__PSScriptPolicyTest_eku4v05s.bxv.ps1\r\nCreationUtcTime: 2025-12-29 10:33:41.301\r\nUser: WINDOWSEND-C792\\ayoub""', 'version': '2', 'systemTime': '2025-12-29T10:33:41.3241362Z', 'eventRecordID': '18954', 'threadID': '3676', 'computer': 'WindowsEnd-c7921449-8b62-4c4d-8a83-d9281ac0190b', 'task': '11', 'processID': '1836', 'severityValue': 'INFORMATION', 'providerName': 'Microsoft-Windows-Sysmon'}}}, 'rule': {'firedtimes': 11, 'mail': True, 'level': 15, 'description': 'Executable file dropped in folder commonly used by malware', 'groups': ['sysmon', 'sysmon_eid11_detections', 'windows'], 'mitre': {'technique': ['Ingress Tool Transfer'], 'id': ['T1105'], 'tactic': ['Command and Control']}, 'id': '92213'}, 'decoder': {'name': 'windows_eventchannel'}, 'input': {'type': 'log'}, '@timestamp': '2025-12-29T10:38:03.475Z', 'location': 'EventChannel', 'id': '1767004683.7598113', 'timestamp': '2025-12-29T11:38:03.475+0100'}",critical,
2025-12-29T10:38:03.546Z,Endpoint3-Win,1,60106,Windows logon success.,3,T1078,EventChannel,"{'agent': {'ip': '192.168.100.15', 'name': 'Endpoint3-Win', 'id': '001'}, 'manager': {'name': 'wazuh-vm'}, 'data': {'win': {'eventdata': {'subjectLogonId': '0x3e7', 'subjectDomainName': 'WORKGROUP', 'targetLinkedLogonId': '0x0', 'impersonationLevel': '%%1833', 'authenticationPackageName': 'Negotiate', 'targetLogonId': '0x3e7', 'logonProcessName': 'Advapi', 'logonGuid': '{00000000-0000-0000-0000-000000000000}', 'targetUserName': 'SYSTEM', 'keyLength': '0', 'elevatedToken': '%%1842', 'subjectUserSid': 'S-1-5-18', 'processId': '0x32c', 'processName': 'C:\\\\Windows\\\\System32\\\\services.exe', 'targetDomainName': 'NT AUTHORITY', 'targetUserSid': 'S-1-5-18', 'virtualAccount': '%%1843', 'logonType': '5', 'subjectUserName': 'WINDOWSEND-C792$'}, 'system': {'eventID': '4624', 'keywords': '0x8020000000000000', 'providerGuid': '{54849625-5478-4994-a5ba-3e3b0328c30d}', 'level': '0', 'channel': 'Security', 'opcode': '0', 'message': '""An account was successfully logged on.\r\n\r\nSubject:\r\n\tSecurity ID:\t\tS-1-5-18\r\n\tAccount Name:\t\tWINDOWSEND-C792$\r\n\tAccount Domain:\t\tWORKGROUP\r\n\tLogon ID:\t\t0x3E7\r\n\r\nLogon Information:\r\n\tLogon Type:\t\t5\r\n\tRestricted Admin Mode:\t-\r\n\tRemote Credential Guard:\t-\r\n\tVirtual Account:\t\tNo\r\n\tElevated Token:\t\tYes\r\n\r\nImpersonation Level:\t\tImpersonation\r\n\r\nNew Logon:\r\n\tSecurity ID:\t\tS-1-5-18\r\n\tAccount Name:\t\tSYSTEM\r\n\tAccount Domain:\t\tNT AUTHORITY\r\n\tLogon ID:\t\t0x3E7\r\n\tLinked Logon ID:\t\t0x0\r\n\tNetwork Account Name:\t-\r\n\tNetwork Account Domain:\t-\r\n\tLogon GUID:\t\t{00000000-0000-0000-0000-000000000000}\r\n\r\nProcess Information:\r\n\tProcess ID:\t\t0x32c\r\n\tProcess Name:\t\tC:\\Windows\\System32\\services.exe\r\n\r\nNetwork Information:\r\n\tWorkstation Name:\t-\r\n\tSource Network Address:\t-\r\n\tSource Port:\t\t-\r\n\r\nDetailed Authentication Information:\r\n\tLogon Process:\t\tAdvapi  \r\n\tAuthentication Package:\tNegotiate\r\n\tTransited Services:\t-\r\n\tPackage Name (NTLM only):\t-\r\n\tKey Length:\t\t0\r\n\r\nThis event is generated when a logon session is created. It is generated on the computer that was accessed.\r\n\r\nThe subject fields indicate the account on the local system which requested the logon. This is most commonly a service such as the Server service, or a local process such as Winlogon.exe or Services.exe.\r\n\r\nThe logon type field indicates the kind of logon that occurred. The most common types are 2 (interactive) and 3 (network).\r\n\r\nThe New Logon fields indicate the account for whom the new logon was created, i.e. the account that was logged on.\r\n\r\nThe network fields indicate where a remote logon request originated. Workstation name is not always available and may be left blank in some cases.\r\n\r\nThe impersonation level field indicates the extent to which a process in the logon session can impersonate.\r\n\r\nThe authentication information fields provide detailed information about this specific logon request.\r\n\t- Logon GUID is a unique identifier that can be used to correlate this event with a KDC event.\r\n\t- Transited services indicate which intermediate services have participated in this logon request.\r\n\t- Package name indicates which sub-protocol was used among the NTLM protocols.\r\n\t- Key length indicates the length of the generated session key. This will be 0 if no session key was requested.""', 'version': '3', 'systemTime': '2025-12-29T10:34:45.8301152Z', 'eventRecordID': '38894', 'threadID': '13248', 'computer': 'WindowsEnd-c7921449-8b62-4c4d-8a83-d9281ac0190b', 'task': '12544', 'processID': '832', 'severityValue': 'AUDIT_SUCCESS', 'providerName': 'Microsoft-Windows-Security-Auditing'}}}, 'rule': {'mail': False, 'level': 3, 'hipaa': ['164.312.b'], 'pci_dss': ['10.2.5'], 'tsc': ['CC6.8', 'CC7.2', 'CC7.3'], 'description': 'Windows logon success.', 'groups': ['windows', 'windows_security', 'authentication_success'], 'nist_800_53': ['AC.7', 'AU.14'], 'gdpr': ['IV_32.2'], 'firedtimes': 7, 'mitre': {'technique': ['Valid Accounts'], 'id': ['T1078'], 'tactic': ['Defense Evasion', 'Persistence', 'Privilege Escalation', 'Initial Access']}, 'id': '60106', 'gpg13': ['7.1', '7.2']}, 'decoder': {'name': 'windows_eventchannel'}, 'input': {'type': 'log'}, '@timestamp': '2025-12-29T10:38:03.546Z', 'location': 'EventChannel', 'id': '1767004683.7601192', 'timestamp': '2025-12-29T11:38:03.546+0100'}",low,
2025-12-29T10:38:03.689Z,Endpoint3-Win,1,60106,Windows logon success.,3,T1078,EventChannel,"{'agent': {'ip': '192.168.100.15', 'name': 'Endpoint3-Win', 'id': '001'}, 'manager': {'name': 'wazuh-vm'}, 'data': {'win': {'eventdata': {'subjectLogonId': '0x3e7', 'subjectDomainName': 'WORKGROUP', 'targetLinkedLogonId': '0x0', 'impersonationLevel': '%%1833', 'authenticationPackageName': 'Negotiate', 'targetLogonId': '0x3e7', 'logonProcessName': 'Advapi', 'logonGuid': '{00000000-0000-0000-0000-000000000000}', 'targetUserName': 'SYSTEM', 'keyLength': '0', 'elevatedToken': '%%1842', 'subjectUserSid': 'S-1-5-18', 'processId': '0x32c', 'processName': 'C:\\\\Windows\\\\System32\\\\services.exe', 'targetDomainName': 'NT AUTHORITY', 'targetUserSid': 'S-1-5-18', 'virtualAccount': '%%1843', 'logonType': '5', 'subjectUserName': 'WINDOWSEND-C792$'}, 'system': {'eventID': '4624', 'keywords': '0x8020000000000000', 'providerGuid': '{54849625-5478-4994-a5ba-3e3b0328c30d}', 'level': '0', 'channel': 'Security', 'opcode': '0', 'message': '""An account was successfully logged on.\r\n\r\nSubject:\r\n\tSecurity ID:\t\tS-1-5-18\r\n\tAccount Name:\t\tWINDOWSEND-C792$\r\n\tAccount Domain:\t\tWORKGROUP\r\n\tLogon ID:\t\t0x3E7\r\n\r\nLogon Information:\r\n\tLogon Type:\t\t5\r\n\tRestricted Admin Mode:\t-\r\n\tRemote Credential Guard:\t-\r\n\tVirtual Account:\t\tNo\r\n\tElevated Token:\t\tYes\r\n\r\nImpersonation Level:\t\tImpersonation\r\n\r\nNew Logon:\r\n\tSecurity ID:\t\tS-1-5-18\r\n\tAccount Name:\t\tSYSTEM\r\n\tAccount Domain:\t\tNT AUTHORITY\r\n\tLogon ID:\t\t0x3E7\r\n\tLinked Logon ID:\t\t0x0\r\n\tNetwork Account Name:\t-\r\n\tNetwork Account Domain:\t-\r\n\tLogon GUID:\t\t{00000000-0000-0000-0000-000000000000}\r\n\r\nProcess Information:\r\n\tProcess ID:\t\t0x32c\r\n\tProcess Name:\t\tC:\\Windows\\System32\\services.exe\r\n\r\nNetwork Information:\r\n\tWorkstation Name:\t-\r\n\tSource Network Address:\t-\r\n\tSource Port:\t\t-\r\n\r\nDetailed Authentication Information:\r\n\tLogon Process:\t\tAdvapi  \r\n\tAuthentication Package:\tNegotiate\r\n\tTransited Services:\t-\r\n\tPackage Name (NTLM only):\t-\r\n\tKey Length:\t\t0\r\n\r\nThis event is generated when a logon session is created. It is generated on the computer that was accessed.\r\n\r\nThe subject fields indicate the account on the local system which requested the logon. This is most commonly a service such as the Server service, or a local process such as Winlogon.exe or Services.exe.\r\n\r\nThe logon type field indicates the kind of logon that occurred. The most common types are 2 (interactive) and 3 (network).\r\n\r\nThe New Logon fields indicate the account for whom the new logon was created, i.e. the account that was logged on.\r\n\r\nThe network fields indicate where a remote logon request originated. Workstation name is not always available and may be left blank in some cases.\r\n\r\nThe impersonation level field indicates the extent to which a process in the logon session can impersonate.\r\n\r\nThe authentication information fields provide detailed information about this specific logon request.\r\n\t- Logon GUID is a unique identifier that can be used to correlate this event with a KDC event.\r\n\t- Transited services indicate which intermediate services have participated in this logon request.\r\n\t- Package name indicates which sub-protocol was used among the NTLM protocols.\r\n\t- Key length indicates the length of the generated session key. This will be 0 if no session key was requested.""', 'version': '3', 'systemTime': '2025-12-29T10:36:48.3649014Z', 'eventRecordID': '38897', 'threadID': '12448', 'computer': 'WindowsEnd-c7921449-8b62-4c4d-8a83-d9281ac0190b', 'task': '12544', 'processID': '832', 'severityValue': 'AUDIT_SUCCESS', 'providerName': 'Microsoft-Windows-Security-Auditing'}}}, 'rule': {'mail': False, 'level': 3, 'hipaa': ['164.312.b'], 'pci_dss': ['10.2.5'], 'tsc': ['CC6.8', 'CC7.2', 'CC7.3'], 'description': 'Windows logon success.', 'groups': ['windows', 'windows_security', 'authentication_success'], 'nist_800_53': ['AC.7', 'AU.14'], 'gdpr': ['IV_32.2'], 'firedtimes': 8, 'mitre': {'technique': ['Valid Accounts'], 'id': ['T1078'], 'tactic': ['Defense Evasion', 'Persistence', 'Privilege Escalation', 'Initial Access']}, 'id': '60106', 'gpg13': ['7.1', '7.2']}, 'decoder': {'name': 'windows_eventchannel'}, 'input': {'type': 'log'}, '@timestamp': '2025-12-29T10:38:03.689Z', 'location': 'EventChannel', 'id': '1767004683.7608642', 'timestamp': '2025-12-29T11:38:03.689+0100'}",low,
