2025-12-29T10:38:05.671Z,Endpoint3-Win,1,92052,Windows command prompt started by an abnormal process,4,T1059.003,EventChannel,"{'agent': {'ip': '192.168.100.15', 'name': 'Endpoint3-Win', 'id': '001'}, 'manager': {'name': 'wazuh-vm'}, 'data': {'win': {'eventdata': {'originalFileName': 'Cmd.Exe', 'image': 'C:\\\\Windows\\\\System32\\\\cmd.exe', 'product': 'Microsoft® Windows® Operating System', 'parentProcessGuid': '{411eefe4-ab3e-6951-cb0d-000000001000}', 'description': 'Windows Command Processor', 'logonGuid': '{411eefe4-28dc-6951-f5d2-0e0000000000}', 'parentCommandLine': 'C:\\\\WINDOWS\\\\System32\\\\WindowsPowerShell\\\\v1.0\\\\powershell.exe', 'processGuid': '{411eefe4-5952-6952-1c19-000000001000}', 'logonId': '0xed2f5', 'parentProcessId': '5948', 'processId': '1648', 'currentDirectory': 'C:\\\\Users\\\\ayoub\\\\AppData\\\\Local\\\\Temp\\\\', 'utcTime': '2025-12-29 10:34:58.809', 'hashes': 'SHA1=583BAC245F14E4E07E7508692C5D8B97F9EB9E6D,MD5=6D109A3A00F210C1AB89C3B08399ED48,SHA256=64AFC6DB3AAD1289533662E2D79E27DD55C7DCDB8CD918B08E145AD82AD5ACB4,IMPHASH=B0F049C014592B156EB1FA857E99CEB9', 'parentImage': 'C:\\\\Windows\\\\System32\\\\WindowsPowerShell\\\\v1.0\\\\powershell.exe', 'ruleName': 'technique_id=T1083,technique_name=File and Directory Discovery', 'company': 'Microsoft Corporation', 'commandLine': '\\""cmd.exe\\"" /c systeminfo &amp; reg query HKLM\\\\SYSTEM\\\\CurrentControlSet\\\\Services\\\\Disk\\\\Enum', 'integrityLevel': 'High', 'fileVersion': '10.0.26100.7309 (WinBuild.160101.0800)', 'user': 'WINDOWSEND-C792\\\\ayoub', 'terminalSessionId': '1', 'parentUser': 'WINDOWSEND-C792\\\\ayoub'}, 'system': {'eventID': '1', 'keywords': '0x8000000000000000', 'providerGuid': '{5770385f-c22a-43e0-bf4c-06f5698ffbd9}', 'level': '4', 'channel': 'Microsoft-Windows-Sysmon/Operational', 'opcode': '0', 'message': '""Process Create:\r\nRuleName: technique_id=T1083,technique_name=File and Directory Discovery\r\nUtcTime: 2025-12-29 10:34:58.809\r\nProcessGuid: {411eefe4-5952-6952-1c19-000000001000}\r\nProcessId: 1648\r\nImage: C:\\Windows\\System32\\cmd.exe\r\nFileVersion: 10.0.26100.7309 (WinBuild.160101.0800)\r\nDescription: Windows Command Processor\r\nProduct: Microsoft® Windows® Operating System\r\nCompany: Microsoft Corporation\r\nOriginalFileName: Cmd.Exe\r\nCommandLine: ""cmd.exe"" /c systeminfo & reg query HKLM\\SYSTEM\\CurrentControlSet\\Services\\Disk\\Enum\r\nCurrentDirectory: C:\\Users\\ayoub\\AppData\\Local\\Temp\\\r\nUser: WINDOWSEND-C792\\ayoub\r\nLogonGuid: {411eefe4-28dc-6951-f5d2-0e0000000000}\r\nLogonId: 0xED2F5\r\nTerminalSessionId: 1\r\nIntegrityLevel: High\r\nHashes: SHA1=583BAC245F14E4E07E7508692C5D8B97F9EB9E6D,MD5=6D109A3A00F210C1AB89C3B08399ED48,SHA256=64AFC6DB3AAD1289533662E2D79E27DD55C7DCDB8CD918B08E145AD82AD5ACB4,IMPHASH=B0F049C014592B156EB1FA857E99CEB9\r\nParentProcessGuid: {411eefe4-ab3e-6951-cb0d-000000001000}\r\nParentProcessId: 5948\r\nParentImage: C:\\Windows\\System32\\WindowsPowerShell\\v1.0\\powershell.exe\r\nParentCommandLine: C:\\WINDOWS\\System32\\WindowsPowerShell\\v1.0\\powershell.exe\r\nParentUser: WINDOWSEND-C792\\ayoub""', 'version': '5', 'systemTime': '2025-12-29T10:34:58.8135025Z', 'eventRecordID': '19094', 'threadID': '3676', 'computer': 'WindowsEnd-c7921449-8b62-4c4d-8a83-d9281ac0190b', 'task': '1', 'processID': '1836', 'severityValue': 'INFORMATION', 'providerName': 'Microsoft-Windows-Sysmon'}}}, 'rule': {'firedtimes': 9, 'mail': False, 'level': 4, 'description': 'Windows command prompt started by an abnormal process', 'groups': ['sysmon', 'sysmon_eid1_detections', 'windows'], 'mitre': {'technique': ['Windows Command Shell'], 'id': ['T1059.003'], 'tactic': ['Execution']}, 'id': '92052'}, 'decoder': {'name': 'windows_eventchannel'}, 'input': {'type': 'log'}, '@timestamp': '2025-12-29T10:38:05.671Z', 'location': 'EventChannel', 'id': '1767004685.7772454', 'timestamp': '2025-12-29T11:38:05.671+0100'}",medium,"\""cmd.exe\"" /c systeminfo &amp; reg query HKLM\\SYSTEM\\CurrentControlSet\\Services\\Disk\\Enum"
2025-12-29T10:38:05.720Z,Endpoint3-Win,1,92032,Suspicious Windows cmd shell execution,3,T1087;T1059.003,EventChannel,"{'agent': {'ip': '192.168.100.15', 'name': 'Endpoint3-Win', 'id': '001'}, 'manager': {'name': 'wazuh-vm'}, 'data': {'win': {'eventdata': {'originalFileName': 'sysinfo.exe', 'image': 'C:\\\\Windows\\\\System32\\\\systeminfo.exe', 'product': 'Microsoft® Windows® Operating System', 'parentProcessGuid': '{411eefe4-5952-6952-1c19-000000001000}', 'description': 'Displays system information', 'logonGuid': '{411eefe4-28dc-6951-f5d2-0e0000000000}', 'parentCommandLine': '\\""cmd.exe\\"" /c systeminfo &amp; reg query HKLM\\\\SYSTEM\\\\CurrentControlSet\\\\Services\\\\Disk\\\\Enum', 'processGuid': '{411eefe4-5952-6952-1e19-000000001000}', 'logonId': '0xed2f5', 'parentProcessId': '1648', 'processId': '7504', 'currentDirectory': 'C:\\\\Users\\\\ayoub\\\\AppData\\\\Local\\\\Temp\\\\', 'utcTime': '2025-12-29 10:34:58.961', 'hashes': 'SHA1=7A3BBD64798D0F7165655839F6361D7582DF637B,MD5=B772FD7A4DFF0F146E7B62F73FA08EF3,SHA256=A220A85750588F5B231FF8CB106BA5409EAABB85E3DD7278A98FCA907E171ED2,IMPHASH=06B3673FD34A20BD87891A01E391B7B5', 'parentImage': 'C:\\\\Windows\\\\System32\\\\cmd.exe', 'ruleName': 'technique_id=T1033,technique_name=System Owner/User Discovery', 'company': 'Microsoft Corporation', 'commandLine': 'systeminfo', 'integrityLevel': 'High', 'fileVersion': '10.0.26100.4202 (WinBuild.160101.0800)', 'user': 'WINDOWSEND-C792\\\\ayoub', 'terminalSessionId': '1', 'parentUser': 'WINDOWSEND-C792\\\\ayoub'}, 'system': {'eventID': '1', 'keywords': '0x8000000000000000', 'providerGuid': '{5770385f-c22a-43e0-bf4c-06f5698ffbd9}', 'level': '4', 'channel': 'Microsoft-Windows-Sysmon/Operational', 'opcode': '0', 'message': '""Process Create:\r\nRuleName: technique_id=T1033,technique_name=System Owner/User Discovery\r\nUtcTime: 2025-12-29 10:34:58.961\r\nProcessGuid: {411eefe4-5952-6952-1e19-000000001000}\r\nProcessId: 7504\r\nImage: C:\\Windows\\System32\\systeminfo.exe\r\nFileVersion: 10.0.26100.4202 (WinBuild.160101.0800)\r\nDescription: Displays system information\r\nProduct: Microsoft® Windows® Operating System\r\nCompany: Microsoft Corporation\r\nOriginalFileName: sysinfo.exe\r\nCommandLine: systeminfo  \r\nCurrentDirectory: C:\\Users\\ayoub\\AppData\\Local\\Temp\\\r\nUser: WINDOWSEND-C792\\ayoub\r\nLogonGuid: {411eefe4-28dc-6951-f5d2-0e0000000000}\r\nLogonId: 0xED2F5\r\nTerminalSessionId: 1\r\nIntegrityLevel: High\r\nHashes: SHA1=7A3BBD64798D0F7165655839F6361D7582DF637B,MD5=B772FD7A4DFF0F146E7B62F73FA08EF3,SHA256=A220A85750588F5B231FF8CB106BA5409EAABB85E3DD7278A98FCA907E171ED2,IMPHASH=06B3673FD34A20BD87891A01E391B7B5\r\nParentProcessGuid: {411eefe4-5952-6952-1c19-000000001000}\r\nParentProcessId: 1648\r\nParentImage: C:\\Windows\\System32\\cmd.exe\r\nParentCommandLine: ""cmd.exe"" /c systeminfo & reg query HKLM\\SYSTEM\\CurrentControlSet\\Services\\Disk\\Enum\r\nParentUser: WINDOWSEND-C792\\ayoub""', 'version': '5', 'systemTime': '2025-12-29T10:34:58.9664430Z', 'eventRecordID': '19097', 'threadID': '3676', 'computer': 'WindowsEnd-c7921449-8b62-4c4d-8a83-d9281ac0190b', 'task': '1', 'processID': '1836', 'severityValue': 'INFORMATION', 'providerName': 'Microsoft-Windows-Sysmon'}}}, 'rule': {'firedtimes': 9, 'mail': False, 'level': 3, 'description': 'Suspicious Windows cmd shell execution', 'groups': ['sysmon', 'sysmon_eid1_detections', 'windows'], 'mitre': {'technique': ['Account Discovery', 'Windows Command Shell'], 'id': ['T1087', 'T1059.003'], 'tactic': ['Discovery', 'Execution']}, 'id': '92032'}, 'decoder': {'name': 'windows_eventchannel'}, 'input': {'type': 'log'}, '@timestamp': '2025-12-29T10:38:05.720Z', 'location': 'EventChannel', 'id': '1767004685.7779031', 'timestamp': '2025-12-29T11:38:05.720+0100'}",low,systeminfo
2025-12-29T10:38:05.768Z,Endpoint3-Win,1,92154,Process loaded taskschd.dll module. May be used to create delayed malware execution,4,T1053.005,EventChannel,"{'agent': {'ip': '192.168.100.15', 'name': 'Endpoint3-Win', 'id': '001'}, 'manager': {'name': 'wazuh-vm'}, 'data': {'win': {'eventdata': {'originalFileName': 'taskschd.dll', 'image': 'C:\\\\Windows\\\\System32\\\\wbem\\\\WmiPrvSE.exe', 'product': 'Microsoft® Windows® Operating System', 'signature': 'Microsoft Windows', 'imageLoaded': 'C:\\\\Windows\\\\System32\\\\taskschd.dll', 'description': 'Task Scheduler COM API', 'signed': 'true', 'signatureStatus': 'Valid', 'processGuid': '{411eefe4-27f6-6951-5800-000000001000}', 'processId': '4136', 'utcTime': '2025-12-29 10:35:02.661', 'hashes': 'SHA1=BF09E52372CF6663743A6FC58FCDB75D7551CD64,MD5=DF9E41FF2CF7430B4A29B24BB86AB7B0,SHA256=1E3292A4C58708CA4E3A73B82DB0E9CA4A2C1FC640526B9A14337A1A55A36AA7,IMPHASH=E61FD409CB21E6A6EBA2AFE59848CFC8', 'ruleName': 'technique_id=T1053,technique_name=Scheduled Task', 'company': 'Microsoft Corporation', 'fileVersion': '10.0.26100.5074 (WinBuild.160101.0800)', 'user': 'NT AUTHORITY\\\\NETWORK SERVICE'}, 'system': {'eventID': '7', 'keywords': '0x8000000000000000', 'providerGuid': '{5770385f-c22a-43e0-bf4c-06f5698ffbd9}', 'level': '4', 'channel': 'Microsoft-Windows-Sysmon/Operational', 'opcode': '0', 'message': '""Image loaded:\r\nRuleName: technique_id=T1053,technique_name=Scheduled Task\r\nUtcTime: 2025-12-29 10:35:02.661\r\nProcessGuid: {411eefe4-27f6-6951-5800-000000001000}\r\nProcessId: 4136\r\nImage: C:\\Windows\\System32\\wbem\\WmiPrvSE.exe\r\nImageLoaded: C:\\Windows\\System32\\taskschd.dll\r\nFileVersion: 10.0.26100.5074 (WinBuild.160101.0800)\r\nDescription: Task Scheduler COM API\r\nProduct: Microsoft® Windows® Operating System\r\nCompany: Microsoft Corporation\r\nOriginalFileName: taskschd.dll\r\nHashes: SHA1=BF09E52372CF6663743A6FC58FCDB75D7551CD64,MD5=DF9E41FF2CF7430B4A29B24BB86AB7B0,SHA256=1E3292A4C58708CA4E3A73B82DB0E9CA4A2C1FC640526B9A14337A1A55A36AA7,IMPHASH=E61FD409CB21E6A6EBA2AFE59848CFC8\r\nSigned: true\r\nSignature: Microsoft Windows\r\nSignatureStatus: Valid\r\nUser: NT AUTHORITY\\NETWORK SERVICE""', 'version': '3', 'systemTime': '2025-12-29T10:35:02.6802352Z', 'eventRecordID': '19101', 'threadID': '3676', 'computer': 'WindowsEnd-c7921449-8b62-4c4d-8a83-d9281ac0190b', 'task': '7', 'processID': '1836', 'severityValue': 'INFORMATION', 'providerName': 'Microsoft-Windows-Sysmon'}}}, 'rule': {'firedtimes': 7, 'mail': False, 'level': 4, 'description': 'Process loaded taskschd.dll module. May be used to create delayed malware execution', 'groups': ['sysmon', 'sysmon_eid7_detections', 'windows'], 'mitre': {'technique': ['Scheduled Task'], 'id': ['T1053.005'], 'tactic': ['Execution', 'Persistence', 'Privilege Escalation']}, 'id': '92154'}, 'decoder': {'name': 'windows_eventchannel'}, 'input': {'type': 'log'}, '@timestamp': '2025-12-29T10:38:05.768Z', 'location': 'EventChannel', 'id': '1767004685.7785302', 'timestamp': '2025-12-29T11:38:05.768+0100'}",medium,
2025-12-29T10:38:05.880Z,Endpoint3-Win,1,92052,Windows command prompt started by an abnormal process,4,T1059.003,EventChannel,"{'agent': {'ip': '192.168.100.15', 'name': 'Endpoint3-Win', 'id': '001'}, 'manager': {'name': 'wazuh-vm'}, 'data': {'win': {'eventdata': {'originalFileName': 'Cmd.Exe', 'image': 'C:\\\\Windows\\\\System32\\\\cmd.exe', 'product': 'Microsoft® Windows® Operating System', 'parentProcessGuid': '{411eefe4-27e2-6951-1d00-000000001000}', 'description': 'Windows Command Processor', 'logonGuid': '{411eefe4-28dc-6951-f5d2-0e0000000000}', 'parentCommandLine': 'C:\\\\WINDOWS\\\\system32\\\\svchost.exe -k netsvcs -p -s Schedule', 'processGuid': '{411eefe4-5957-6952-1f19-000000001000}', 'logonId': '0xed2f5', 'parentProcessId': '1456', 'processId': '6044', 'currentDirectory': 'C:\\\\WINDOWS\\\\system32\\\\', 'utcTime': '2025-12-29 10:35:03.776', 'hashes': 'SHA1=583BAC245F14E4E07E7508692C5D8B97F9EB9E6D,MD5=6D109A3A00F210C1AB89C3B08399ED48,SHA256=64AFC6DB3AAD1289533662E2D79E27DD55C7DCDB8CD918B08E145AD82AD5ACB4,IMPHASH=B0F049C014592B156EB1FA857E99CEB9', 'parentImage': 'C:\\\\Windows\\\\System32\\\\svchost.exe', 'ruleName': 'technique_id=T1059.003,technique_name=Windows Command Shell', 'company': 'Microsoft Corporation', 'commandLine': '\\""cmd.exe\\"" /c echo Normal traffic task executed at %%DATE%% %%TIME%% &gt;&gt; C:\\\\Users\\\\ayoub\\\\NormalTraffic\\\\tasklog.txt', 'integrityLevel': 'High', 'fileVersion': '10.0.26100.7309 (WinBuild.160101.0800)', 'user': 'WINDOWSEND-C792\\\\ayoub', 'terminalSessionId': '1', 'parentUser': 'NT AUTHORITY\\\\SYSTEM'}, 'system': {'eventID': '1', 'keywords': '0x8000000000000000', 'providerGuid': '{5770385f-c22a-43e0-bf4c-06f5698ffbd9}', 'level': '4', 'channel': 'Microsoft-Windows-Sysmon/Operational', 'opcode': '0', 'message': '""Process Create:\r\nRuleName: technique_id=T1059.003,technique_name=Windows Command Shell\r\nUtcTime: 2025-12-29 10:35:03.776\r\nProcessGuid: {411eefe4-5957-6952-1f19-000000001000}\r\nProcessId: 6044\r\nImage: C:\\Windows\\System32\\cmd.exe\r\nFileVersion: 10.0.26100.7309 (WinBuild.160101.0800)\r\nDescription: Windows Command Processor\r\nProduct: Microsoft® Windows® Operating System\r\nCompany: Microsoft Corporation\r\nOriginalFileName: Cmd.Exe\r\nCommandLine: ""cmd.exe"" /c echo Normal traffic task executed at %%DATE%% %%TIME%% >> C:\\Users\\ayoub\\NormalTraffic\\tasklog.txt\r\nCurrentDirectory: C:\\WINDOWS\\system32\\\r\nUser: WINDOWSEND-C792\\ayoub\r\nLogonGuid: {411eefe4-28dc-6951-f5d2-0e0000000000}\r\nLogonId: 0xED2F5\r\nTerminalSessionId: 1\r\nIntegrityLevel: High\r\nHashes: SHA1=583BAC245F14E4E07E7508692C5D8B97F9EB9E6D,MD5=6D109A3A00F210C1AB89C3B08399ED48,SHA256=64AFC6DB3AAD1289533662E2D79E27DD55C7DCDB8CD918B08E145AD82AD5ACB4,IMPHASH=B0F049C014592B156EB1FA857E99CEB9\r\nParentProcessGuid: {411eefe4-27e2-6951-1d00-000000001000}\r\nParentProcessId: 1456\r\nParentImage: C:\\Windows\\System32\\svchost.exe\r\nParentCommandLine: C:\\WINDOWS\\system32\\svchost.exe -k netsvcs -p -s Schedule\r\nParentUser: NT AUTHORITY\\SYSTEM""', 'version': '5', 'systemTime': '2025-12-29T10:35:03.8086465Z', 'eventRecordID': '19108', 'threadID': '3676', 'computer': 'WindowsEnd-c7921449-8b62-4c4d-8a83-d9281ac0190b', 'task': '1', 'processID': '1836', 'severityValue': 'INFORMATION', 'providerName': 'Microsoft-Windows-Sysmon'}}}, 'rule': {'firedtimes': 10, 'mail': False, 'level': 4, 'description': 'Windows command prompt started by an abnormal process', 'groups': ['sysmon', 'sysmon_eid1_detections', 'windows'], 'mitre': {'technique': ['Windows Command Shell'], 'id': ['T1059.003'], 'tactic': ['Execution']}, 'id': '92052'}, 'decoder': {'name': 'windows_eventchannel'}, 'input': {'type': 'log'}, '@timestamp': '2025-12-29T10:38:05.880Z', 'location': 'EventChannel', 'id': '1767004685.7790026', 'timestamp': '2025-12-29T11:38:05.880+0100'}",medium,"\""cmd.exe\"" /c echo Normal traffic task executed at %%DATE%% %%TIME%% &gt;&gt; C:\\Users\\ayoub\\NormalTraffic\\tasklog.txt"
2025-12-29T10:38:06.295Z,Endpoint3-Win,1,92027,Powershell process spawned powershell instance,4,T1059.001,EventChannel,"{'agent': {'ip': '192.168.100.15', 'name': 'Endpoint3-Win', 'id': '001'}, 'manager': {'name': 'wazuh-vm'}, 'data': {'win': {'eventdata': {'originalFileName': 'PowerShell.EXE', 'image': 'C:\\\\Windows\\\\System32\\\\WindowsPowerShell\\\\v1.0\\\\powershell.exe', 'product': 'Microsoft® Windows® Operating System', 'parentProcessGuid': '{411eefe4-ab3e-6951-cb0d-000000001000}', 'description': 'Windows PowerShell', 'logonGuid': '{411eefe4-28dc-6951-f5d2-0e0000000000}', 'parentCommandLine': 'C:\\\\WINDOWS\\\\System32\\\\WindowsPowerShell\\\\v1.0\\\\powershell.exe', 'processGuid': '{411eefe4-596a-6952-2d19-000000001000}', 'logonId': '0xed2f5', 'parentProcessId': '5948', 'processId': '9780', 'currentDirectory': 'C:\\\\Users\\\\ayoub\\\\AppData\\\\Local\\\\Temp\\\\', 'utcTime': '2025-12-29 10:35:22.878', 'hashes': 'SHA1=EB42621654E02FAF2DE940442B6DEB1A77864E5B,MD5=A97E6573B97B44C96122BFA543A82EA1,SHA256=0FF6F2C94BC7E2833A5F7E16DE1622E5DBA70396F31C7D5F56381870317E8C46,IMPHASH=AFACF6DC9041114B198160AAB4D0AE77', 'parentImage': 'C:\\\\Windows\\\\System32\\\\WindowsPowerShell\\\\v1.0\\\\powershell.exe', 'ruleName': 'technique_id=T1059.001,technique_name=PowerShell', 'company': 'Microsoft Corporation', 'commandLine': '\\""powershell.exe\\"" &amp; {$Server=$ENV:logonserver.TrimStart(\\\\\\""\\""\\\\\\\\\\""\\"") $User = Join-Path $Env:USERDOMAIN $ENV:USERNAME $Password=\\\\\\""\\""1password2!\\\\\\""\\"" cmdkey /generic:TERMSRV/$Server /user:$User /pass:$Password mstsc /v:$Server echo \\\\\\""\\""RDP connection established\\\\\\""\\""}', 'integrityLevel': 'High', 'fileVersion': '10.0.26100.5074 (WinBuild.160101.0800)', 'user': 'WINDOWSEND-C792\\\\ayoub', 'terminalSessionId': '1', 'parentUser': 'WINDOWSEND-C792\\\\ayoub'}, 'system': {'eventID': '1', 'keywords': '0x8000000000000000', 'providerGuid': '{5770385f-c22a-43e0-bf4c-06f5698ffbd9}', 'level': '4', 'channel': 'Microsoft-Windows-Sysmon/Operational', 'opcode': '0', 'message': '""Process Create:\r\nRuleName: technique_id=T1059.001,technique_name=PowerShell\r\nUtcTime: 2025-12-29 10:35:22.878\r\nProcessGuid: {411eefe4-596a-6952-2d19-000000001000}\r\nProcessId: 9780\r\nImage: C:\\Windows\\System32\\WindowsPowerShell\\v1.0\\powershell.exe\r\nFileVersion: 10.0.26100.5074 (WinBuild.160101.0800)\r\nDescription: Windows PowerShell\r\nProduct: Microsoft® Windows® Operating System\r\nCompany: Microsoft Corporation\r\nOriginalFileName: PowerShell.EXE\r\nCommandLine: ""powershell.exe"" & {$Server=$ENV:logonserver.TrimStart(\\""""\\\\"""")\n$User = Join-Path $Env:USERDOMAIN $ENV:USERNAME\n$Password=\\""""1password2!\\""""\ncmdkey /generic:TERMSRV/$Server /user:$User /pass:$Password\nmstsc /v:$Server\necho \\""""RDP connection established\\""""}\r\nCurrentDirectory: C:\\Users\\ayoub\\AppData\\Local\\Temp\\\r\nUser: WINDOWSEND-C792\\ayoub\r\nLogonGuid: {411eefe4-28dc-6951-f5d2-0e0000000000}\r\nLogonId: 0xED2F5\r\nTerminalSessionId: 1\r\nIntegrityLevel: High\r\nHashes: SHA1=EB42621654E02FAF2DE940442B6DEB1A77864E5B,MD5=A97E6573B97B44C96122BFA543A82EA1,SHA256=0FF6F2C94BC7E2833A5F7E16DE1622E5DBA70396F31C7D5F56381870317E8C46,IMPHASH=AFACF6DC9041114B198160AAB4D0AE77\r\nParentProcessGuid: {411eefe4-ab3e-6951-cb0d-000000001000}\r\nParentProcessId: 5948\r\nParentImage: C:\\Windows\\System32\\WindowsPowerShell\\v1.0\\powershell.exe\r\nParentCommandLine: C:\\WINDOWS\\System32\\WindowsPowerShell\\v1.0\\powershell.exe\r\nParentUser: WINDOWSEND-C792\\ayoub""', 'version': '5', 'systemTime': '2025-12-29T10:35:22.8818423Z', 'eventRecordID': '19135', 'threadID': '3676', 'computer': 'WindowsEnd-c7921449-8b62-4c4d-8a83-d9281ac0190b', 'task': '1', 'processID': '1836', 'severityValue': 'INFORMATION', 'providerName': 'Microsoft-Windows-Sysmon'}}}, 'rule': {'firedtimes': 6, 'mail': False, 'level': 4, 'description': 'Powershell process spawned powershell instance', 'groups': ['sysmon', 'sysmon_eid1_detections', 'windows'], 'mitre': {'technique': ['PowerShell'], 'id': ['T1059.001'], 'tactic': ['Execution']}, 'id': '92027'}, 'decoder': {'name': 'windows_eventchannel'}, 'input': {'type': 'log'}, '@timestamp': '2025-12-29T10:38:06.295Z', 'location': 'EventChannel', 'id': '1767004686.7796495', 'timestamp': '2025-12-29T11:38:06.295+0100'}",medium,"\""powershell.exe\"" &amp; {$Server=$ENV:logonserver.TrimStart(\\\""\""\\\\\""\"") $User = Join-Path $Env:USERDOMAIN $ENV:USERNAME $Password=\\\""\""1password2!\\\""\"" cmdkey /generic:TERMSRV/$Server /user:$User /pass:$Password mstsc /v:$Server echo \\\""\""RDP connection established\\\""\""}"
2025-12-29T10:38:06.437Z,Endpoint3-Win,1,92213,Executable file dropped in folder commonly used by malware,15,T1105,EventChannel,"{'agent': {'ip': '192.168.100.15', 'name': 'Endpoint3-Win', 'id': '001'}, 'manager': {'name': 'wazuh-vm'}, 'data': {'win': {'eventdata': {'image': 'C:\\\\WINDOWS\\\\System32\\\\WindowsPowerShell\\\\v1.0\\\\powershell.exe', 'processGuid': '{411eefe4-596a-6952-2d19-000000001000}', 'processId': '9780', 'utcTime': '2025-12-29 10:35:23.148', 'targetFilename': 'C:\\\\Users\\\\ayoub\\\\AppData\\\\Local\\\\Temp\\\\__PSScriptPolicyTest_xw2plz43.f2r.ps1', 'ruleName': 'technique_id=T1059.001,technique_name=PowerShell', 'creationUtcTime': '2025-12-29 10:35:23.148', 'user': 'WINDOWSEND-C792\\\\ayoub'}, 'system': {'eventID': '11', 'keywords': '0x8000000000000000', 'providerGuid': '{5770385f-c22a-43e0-bf4c-06f5698ffbd9}', 'level': '4', 'channel': 'Microsoft-Windows-Sysmon/Operational', 'opcode': '0', 'message': '""File created:\r\nRuleName: technique_id=T1059.001,technique_name=PowerShell\r\nUtcTime: 2025-12-29 10:35:23.148\r\nProcessGuid: {411eefe4-596a-6952-2d19-000000001000}\r\nProcessId: 9780\r\nImage: C:\\WINDOWS\\System32\\WindowsPowerShell\\v1.0\\powershell.exe\r\nTargetFilename: C:\\Users\\ayoub\\AppData\\Local\\Temp\\__PSScriptPolicyTest_xw2plz43.f2r.ps1\r\nCreationUtcTime: 2025-12-29 10:35:23.148\r\nUser: WINDOWSEND-C792\\ayoub""', 'version': '2', 'systemTime': '2025-12-29T10:35:23.1604952Z', 'eventRecordID': '19144', 'threadID': '3676', 'computer': 'WindowsEnd-c7921449-8b62-4c4d-8a83-d9281ac0190b', 'task': '11', 'processID': '1836', 'severityValue': 'INFORMATION', 'providerName': 'Microsoft-Windows-Sysmon'}}}, 'rule': {'firedtimes': 13, 'mail': True, 'level': 15, 'description': 'Executable file dropped in folder commonly used by malware', 'groups': ['sysmon', 'sysmon_eid11_detections', 'windows'], 'mitre': {'technique': ['Ingress Tool Transfer'], 'id': ['T1105'], 'tactic': ['Command and Control']}, 'id': '92213'}, 'decoder': {'name': 'windows_eventchannel'}, 'input': {'type': 'log'}, '@timestamp': '2025-12-29T10:38:06.437Z', 'location': 'EventChannel', 'id': '1767004686.7803898', 'timestamp': '2025-12-29T11:38:06.437+0100'}",critical,
2025-12-29T10:38:06.596Z,Endpoint3-Win,1,92920,"Windows Remote Dektop utility process was accessed by C:\\WINDOWS\\System32\\WindowsPowerShell\\v1.0\\powershell.exe, possible process injection",14,T1055,EventChannel,"{'agent': {'ip': '192.168.100.15', 'name': 'Endpoint3-Win', 'id': '001'}, 'manager': {'name': 'wazuh-vm'}, 'data': {'win': {'eventdata': {'grantedAccess': '0x1fffff', 'targetProcessId': '13652', 'sourceUser': 'WINDOWSEND-C792\\\\ayoub', 'targetImage': 'C:\\\\WINDOWS\\\\system32\\\\mstsc.exe', 'sourceProcessGUID': '{411eefe4-596a-6952-2d19-000000001000}', 'callTrace': 'C:\\\\WINDOWS\\\\SYSTEM32\\\\ntdll.dll+1635d4|C:\\\\WINDOWS\\\\System32\\\\KERNELBASE.dll+961da|C:\\\\WINDOWS\\\\System32\\\\KERNELBASE.dll+93836|C:\\\\WINDOWS\\\\System32\\\\KERNEL32.DLL+3c6d4|C:\\\\WINDOWS\\\\assembly\\\\NativeImages_v4.0.30319_64\\\\System\\\\d4bdee93a2422be7ed56b39c2554e1ae\\\\System.ni.dll+351886|C:\\\\WINDOWS\\\\assembly\\\\NativeImages_v4.0.30319_64\\\\System\\\\d4bdee93a2422be7ed56b39c2554e1ae\\\\System.ni.dll+2b3c99|C:\\\\WINDOWS\\\\assembly\\\\NativeImages_v4.0.30319_64\\\\System\\\\d4bdee93a2422be7ed56b39c2554e1ae\\\\System.ni.dll+2b3609|C:\\\\WINDOWS\\\\assembly\\\\NativeImages_v4.0.30319_64\\\\System.Manaa57fc8cc#\\\\0e462ae961b9b99dee5db57edc6ec1da\\\\System.Management.Automation.ni.dll+11c7359|C:\\\\WINDOWS\\\\assembly\\\\NativeImages_v4.0.30319_64\\\\System.Manaa57fc8cc#\\\\0e462ae961b9b99dee5db57edc6ec1da\\\\System.Management.Automation.ni.dll+10dba1a|C:\\\\WINDOWS\\\\assembly\\\\NativeImages_v4.0.30319_64\\\\System.Manaa57fc8cc#\\\\0e462ae961b9b99dee5db57edc6ec1da\\\\System.Management.Automation.ni.dll+1188d8d|C:\\\\WINDOWS\\\\assembly\\\\NativeImages_v4.0.30319_64\\\\System.Manaa57fc8cc#\\\\0e462ae961b9b99dee5db57edc6ec1da\\\\System.Management.Automation.ni.dll+1188a4b|C:\\\\WINDOWS\\\\assembly\\\\NativeImages_v4.0.30319_64\\\\System.Manaa57fc8cc#\\\\0e462ae961b9b99dee5db57edc6ec1da\\\\System.Management.Automation.ni.dll+126005f|UNKNOWN(00007FFD8DFC3821)', 'sourceThreadId': '11508', 'targetProcessGUID': '{411eefe4-596c-6952-3219-000000001000}', 'utcTime': '2025-12-29 10:35:25.004', 'ruleName': 'technique_id=T1055.001,technique_name=Dynamic-link Library Injection', 'sourceProcessId': '9780', 'sourceImage': 'C:\\\\WINDOWS\\\\System32\\\\WindowsPowerShell\\\\v1.0\\\\powershell.exe', 'targetUser': 'WINDOWSEND-C792\\\\ayoub'}, 'system': {'eventID': '10', 'keywords': '0x8000000000000000', 'providerGuid': '{5770385f-c22a-43e0-bf4c-06f5698ffbd9}', 'level': '4', 'channel': 'Microsoft-Windows-Sysmon/Operational', 'opcode': '0', 'message': '""Process accessed:\r\nRuleName: technique_id=T1055.001,technique_name=Dynamic-link Library Injection\r\nUtcTime: 2025-12-29 10:35:25.004\r\nSourceProcessGUID: {411eefe4-596a-6952-2d19-000000001000}\r\nSourceProcessId: 9780\r\nSourceThreadId: 11508\r\nSourceImage: C:\\WINDOWS\\System32\\WindowsPowerShell\\v1.0\\powershell.exe\r\nTargetProcessGUID: {411eefe4-596c-6952-3219-000000001000}\r\nTargetProcessId: 13652\r\nTargetImage: C:\\WINDOWS\\system32\\mstsc.exe\r\nGrantedAccess: 0x1FFFFF\r\nCallTrace: C:\\WINDOWS\\SYSTEM32\\ntdll.dll+1635d4|C:\\WINDOWS\\System32\\KERNELBASE.dll+961da|C:\\WINDOWS\\System32\\KERNELBASE.dll+93836|C:\\WINDOWS\\System32\\KERNEL32.DLL+3c6d4|C:\\WINDOWS\\assembly\\NativeImages_v4.0.30319_64\\System\\d4bdee93a2422be7ed56b39c2554e1ae\\System.ni.dll+351886|C:\\WINDOWS\\assembly\\NativeImages_v4.0.30319_64\\System\\d4bdee93a2422be7ed56b39c2554e1ae\\System.ni.dll+2b3c99|C:\\WINDOWS\\assembly\\NativeImages_v4.0.30319_64\\System\\d4bdee93a2422be7ed56b39c2554e1ae\\System.ni.dll+2b3609|C:\\WINDOWS\\assembly\\NativeImages_v4.0.30319_64\\System.Manaa57fc8cc#\\0e462ae961b9b99dee5db57edc6ec1da\\System.Management.Automation.ni.dll+11c7359|C:\\WINDOWS\\assembly\\NativeImages_v4.0.30319_64\\System.Manaa57fc8cc#\\0e462ae961b9b99dee5db57edc6ec1da\\System.Management.Automation.ni.dll+10dba1a|C:\\WINDOWS\\assembly\\NativeImages_v4.0.30319_64\\System.Manaa57fc8cc#\\0e462ae961b9b99dee5db57edc6ec1da\\System.Management.Automation.ni.dll+1188d8d|C:\\WINDOWS\\assembly\\NativeImages_v4.0.30319_64\\System.Manaa57fc8cc#\\0e462ae961b9b99dee5db57edc6ec1da\\System.Management.Automation.ni.dll+1188a4b|C:\\WINDOWS\\assembly\\NativeImages_v4.0.30319_64\\System.Manaa57fc8cc#\\0e462ae961b9b99dee5db57edc6ec1da\\System.Management.Automation.ni.dll+126005f|UNKNOWN(00007FFD8DFC3821)\r\nSourceUser: WINDOWSEND-C792\\ayoub\r\nTargetUser: WINDOWSEND-C792\\ayoub""', 'version': '3', 'systemTime': '2025-12-29T10:35:25.0088333Z', 'eventRecordID': '19155', 'threadID': '3676', 'computer': 'WindowsEnd-c7921449-8b62-4c4d-8a83-d9281ac0190b', 'task': '10', 'processID': '1836', 'severityValue': 'INFORMATION', 'providerName': 'Microsoft-Windows-Sysmon'}}}, 'rule': {'firedtimes': 1, 'mail': True, 'level': 14, 'description': 'Windows Remote Dektop utility process was accessed by C:\\\\WINDOWS\\\\System32\\\\WindowsPowerShell\\\\v1.0\\\\powershell.exe, possible process injection', 'groups': ['sysmon', 'sysmon_eid10_detections', 'windows'], 'mitre': {'technique': ['Process Injection'], 'id': ['T1055'], 'tactic': ['Defense Evasion', 'Privilege Escalation']}, 'id': '92920'}, 'decoder': {'name': 'windows_eventchannel'}, 'input': {'type': 'log'}, '@timestamp': '2025-12-29T10:38:06.596Z', 'location': 'EventChannel', 'id': '1767004686.7806977', 'timestamp': '2025-12-29T11:38:06.596+0100'}",critical,
2025-12-29T10:38:06.737Z,Endpoint3-Win,1,92027,Powershell process spawned powershell instance,4,T1059.001,EventChannel,"{'agent': {'ip': '192.168.100.15', 'name': 'Endpoint3-Win', 'id': '001'}, 'manager': {'name': 'wazuh-vm'}, 'data': {'win': {'eventdata': {'originalFileName': 'PowerShell.EXE', 'image': 'C:\\\\Windows\\\\System32\\\\WindowsPowerShell\\\\v1.0\\\\powershell.exe', 'product': 'Microsoft® Windows® Operating System', 'parentProcessGuid': '{411eefe4-ab3e-6951-cb0d-000000001000}', 'description': 'Windows PowerShell', 'logonGuid': '{411eefe4-28dc-6951-f5d2-0e0000000000}', 'parentCommandLine': 'C:\\\\WINDOWS\\\\System32\\\\WindowsPowerShell\\\\v1.0\\\\powershell.exe', 'processGuid': '{411eefe4-5970-6952-3519-000000001000}', 'logonId': '0xed2f5', 'parentProcessId': '5948', 'processId': '6592', 'currentDirectory': 'C:\\\\Users\\\\ayoub\\\\AppData\\\\Local\\\\Temp\\\\', 'utcTime': '2025-12-29 10:35:28.660', 'hashes': 'SHA1=EB42621654E02FAF2DE940442B6DEB1A77864E5B,MD5=A97E6573B97B44C96122BFA543A82EA1,SHA256=0FF6F2C94BC7E2833A5F7E16DE1622E5DBA70396F31C7D5F56381870317E8C46,IMPHASH=AFACF6DC9041114B198160AAB4D0AE77', 'parentImage': 'C:\\\\Windows\\\\System32\\\\WindowsPowerShell\\\\v1.0\\\\powershell.exe', 'ruleName': 'technique_id=T1083,technique_name=File and Directory Discovery', 'company': 'Microsoft Corporation', 'commandLine': '\\""powershell.exe\\"" &amp; {Set-ItemProperty -Path \'HKLM:\\\\SYSTEM\\\\CurrentControlSet\\\\Control\\\\Terminal Server\\\\WinStations\\\\RDP-Tcp\' -name \\\\\\""\\""PortNumber\\\\\\""\\"" -Value 4489 New-NetFirewallRule -DisplayName \'RDPPORTLatest-TCP-In\' -Profile \'Public\' -Direction Inbound -Action Allow -Protocol TCP -LocalPort 4489}', 'integrityLevel': 'High', 'fileVersion': '10.0.26100.5074 (WinBuild.160101.0800)', 'user': 'WINDOWSEND-C792\\\\ayoub', 'terminalSessionId': '1', 'parentUser': 'WINDOWSEND-C792\\\\ayoub'}, 'system': {'eventID': '1', 'keywords': '0x8000000000000000', 'providerGuid': '{5770385f-c22a-43e0-bf4c-06f5698ffbd9}', 'level': '4', 'channel': 'Microsoft-Windows-Sysmon/Operational', 'opcode': '0', 'message': '""Process Create:\r\nRuleName: technique_id=T1083,technique_name=File and Directory Discovery\r\nUtcTime: 2025-12-29 10:35:28.660\r\nProcessGuid: {411eefe4-5970-6952-3519-000000001000}\r\nProcessId: 6592\r\nImage: C:\\Windows\\System32\\WindowsPowerShell\\v1.0\\powershell.exe\r\nFileVersion: 10.0.26100.5074 (WinBuild.160101.0800)\r\nDescription: Windows PowerShell\r\nProduct: Microsoft® Windows® Operating System\r\nCompany: Microsoft Corporation\r\nOriginalFileName: PowerShell.EXE\r\nCommandLine: ""powershell.exe"" & {Set-ItemProperty -Path \'HKLM:\\SYSTEM\\CurrentControlSet\\Control\\Terminal Server\\WinStations\\RDP-Tcp\' -name \\""""PortNumber\\"""" -Value 4489\nNew-NetFirewallRule -DisplayName \'RDPPORTLatest-TCP-In\' -Profile \'Public\' -Direction Inbound -Action Allow -Protocol TCP -LocalPort 4489}\r\nCurrentDirectory: C:\\Users\\ayoub\\AppData\\Local\\Temp\\\r\nUser: WINDOWSEND-C792\\ayoub\r\nLogonGuid: {411eefe4-28dc-6951-f5d2-0e0000000000}\r\nLogonId: 0xED2F5\r\nTerminalSessionId: 1\r\nIntegrityLevel: High\r\nHashes: SHA1=EB42621654E02FAF2DE940442B6DEB1A77864E5B,MD5=A97E6573B97B44C96122BFA543A82EA1,SHA256=0FF6F2C94BC7E2833A5F7E16DE1622E5DBA70396F31C7D5F56381870317E8C46,IMPHASH=AFACF6DC9041114B198160AAB4D0AE77\r\nParentProcessGuid: {411eefe4-ab3e-6951-cb0d-000000001000}\r\nParentProcessId: 5948\r\nParentImage: C:\\Windows\\System32\\WindowsPowerShell\\v1.0\\powershell.exe\r\nParentCommandLine: C:\\WINDOWS\\System32\\WindowsPowerShell\\v1.0\\powershell.exe\r\nParentUser: WINDOWSEND-C792\\ayoub""', 'version': '5', 'systemTime': '2025-12-29T10:35:28.6659957Z', 'eventRecordID': '19163', 'threadID': '3676', 'computer': 'WindowsEnd-c7921449-8b62-4c4d-8a83-d9281ac0190b', 'task': '1', 'processID': '1836', 'severityValue': 'INFORMATION', 'providerName': 'Microsoft-Windows-Sysmon'}}}, 'rule': {'firedtimes': 7, 'mail': False, 'level': 4, 'description': 'Powershell process spawned powershell instance', 'groups': ['sysmon', 'sysmon_eid1_detections', 'windows'], 'mitre': {'technique': ['PowerShell'], 'id': ['T1059.001'], 'tactic': ['Execution']}, 'id': '92027'}, 'decoder': {'name': 'windows_eventchannel'}, 'input': {'type': 'log'}, '@timestamp': '2025-12-29T10:38:06.737Z', 'location': 'EventChannel', 'id': '1767004686.7815997', 'timestamp': '2025-12-29T11:38:06.737+0100'}",medium,"\""powershell.exe\"" &amp; {Set-ItemProperty -Path 'HKLM:\\SYSTEM\\CurrentControlSet\\Control\\Terminal Server\\WinStations\\RDP-Tcp' -name \\\""\""PortNumber\\\""\"" -Value 4489 New-NetFirewallRule -DisplayName 'RDPPORTLatest-TCP-In' -Profile 'Public' -Direction Inbound -Action Allow -Protocol TCP -LocalPort 4489}"
2025-12-29T10:38:06.863Z,Endpoint3-Win,1,92213,Executable file dropped in folder commonly used by malware,15,T1105,EventChannel,"{'agent': {'ip': '192.168.100.15', 'name': 'Endpoint3-Win', 'id': '001'}, 'manager': {'name': 'wazuh-vm'}, 'data': {'win': {'eventdata': {'image': 'C:\\\\WINDOWS\\\\System32\\\\WindowsPowerShell\\\\v1.0\\\\powershell.exe', 'processGuid': '{411eefe4-5970-6952-3519-000000001000}', 'processId': '6592', 'utcTime': '2025-12-29 10:35:28.996', 'targetFilename': 'C:\\\\Users\\\\ayoub\\\\AppData\\\\Local\\\\Temp\\\\__PSScriptPolicyTest_oeipgtsj.hwb.ps1', 'ruleName': 'technique_id=T1059.001,technique_name=PowerShell', 'creationUtcTime': '2025-12-29 10:35:28.996', 'user': 'WINDOWSEND-C792\\\\ayoub'}, 'system': {'eventID': '11', 'keywords': '0x8000000000000000', 'providerGuid': '{5770385f-c22a-43e0-bf4c-06f5698ffbd9}', 'level': '4', 'channel': 'Microsoft-Windows-Sysmon/Operational', 'opcode': '0', 'message': '""File created:\r\nRuleName: technique_id=T1059.001,technique_name=PowerShell\r\nUtcTime: 2025-12-29 10:35:28.996\r\nProcessGuid: {411eefe4-5970-6952-3519-000000001000}\r\nProcessId: 6592\r\nImage: C:\\WINDOWS\\System32\\WindowsPowerShell\\v1.0\\powershell.exe\r\nTargetFilename: C:\\Users\\ayoub\\AppData\\Local\\Temp\\__PSScriptPolicyTest_oeipgtsj.hwb.ps1\r\nCreationUtcTime: 2025-12-29 10:35:28.996\r\nUser: WINDOWSEND-C792\\ayoub""', 'version': '2', 'systemTime': '2025-12-29T10:35:29.0082376Z', 'eventRecordID': '19172', 'threadID': '3676', 'computer': 'WindowsEnd-c7921449-8b62-4c4d-8a83-d9281ac0190b', 'task': '11', 'processID': '1836', 'severityValue': 'INFORMATION', 'providerName': 'Microsoft-Windows-Sysmon'}}}, 'rule': {'firedtimes': 14, 'mail': True, 'level': 15, 'description': 'Executable file dropped in folder commonly used by malware', 'groups': ['sysmon', 'sysmon_eid11_detections', 'windows'], 'mitre': {'technique': ['Ingress Tool Transfer'], 'id': ['T1105'], 'tactic': ['Command and Control']}, 'id': '92213'}, 'decoder': {'name': 'windows_eventchannel'}, 'input': {'type': 'log'}, '@timestamp': '2025-12-29T10:38:06.863Z', 'location': 'EventChannel', 'id': '1767004686.7823565', 'timestamp': '2025-12-29T11:38:06.863+0100'}",critical,
2025-12-29T10:38:07.147Z,Endpoint3-Win,1,92052,Windows command prompt started by an abnormal process,4,T1059.003,EventChannel,"{'agent': {'ip': '192.168.100.15', 'name': 'Endpoint3-Win', 'id': '001'}, 'manager': {'name': 'wazuh-vm'}, 'data': {'win': {'eventdata': {'originalFileName': 'Cmd.Exe', 'image': 'C:\\\\Windows\\\\System32\\\\cmd.exe', 'product': 'Microsoft® Windows® Operating System', 'parentProcessGuid': '{411eefe4-ab3e-6951-cb0d-000000001000}', 'description': 'Windows Command Processor', 'logonGuid': '{411eefe4-28dc-6951-f5d2-0e0000000000}', 'parentCommandLine': 'C:\\\\WINDOWS\\\\System32\\\\WindowsPowerShell\\\\v1.0\\\\powershell.exe', 'processGuid': '{411eefe4-597a-6952-3b19-000000001000}', 'logonId': '0xed2f5', 'parentProcessId': '5948', 'processId': '12824', 'currentDirectory': 'C:\\\\Users\\\\ayoub\\\\AppData\\\\Local\\\\Temp\\\\', 'utcTime': '2025-12-29 10:35:38.266', 'hashes': 'SHA1=583BAC245F14E4E07E7508692C5D8B97F9EB9E6D,MD5=6D109A3A00F210C1AB89C3B08399ED48,SHA256=64AFC6DB3AAD1289533662E2D79E27DD55C7DCDB8CD918B08E145AD82AD5ACB4,IMPHASH=B0F049C014592B156EB1FA857E99CEB9', 'parentImage': 'C:\\\\Windows\\\\System32\\\\WindowsPowerShell\\\\v1.0\\\\powershell.exe', 'ruleName': 'technique_id=T1518.001,technique_name=Security Software Discovery', 'company': 'Microsoft Corporation', 'commandLine': '\\""cmd.exe\\"" /c reg add \\""HKLM\\\\System\\\\CurrentControlSet\\\\Control\\\\Terminal Server\\\\WinStations\\\\RDP-Tcp\\"" /v PortNumber /t REG_DWORD /d 4489 /f &amp; netsh advfirewall firewall add rule name=\\""RDPPORTLatest-TCP-In\\"" dir=in action=allow protocol=TCP localport=4489', 'integrityLevel': 'High', 'fileVersion': '10.0.26100.7309 (WinBuild.160101.0800)', 'user': 'WINDOWSEND-C792\\\\ayoub', 'terminalSessionId': '1', 'parentUser': 'WINDOWSEND-C792\\\\ayoub'}, 'system': {'eventID': '1', 'keywords': '0x8000000000000000', 'providerGuid': '{5770385f-c22a-43e0-bf4c-06f5698ffbd9}', 'level': '4', 'channel': 'Microsoft-Windows-Sysmon/Operational', 'opcode': '0', 'message': '""Process Create:\r\nRuleName: technique_id=T1518.001,technique_name=Security Software Discovery\r\nUtcTime: 2025-12-29 10:35:38.266\r\nProcessGuid: {411eefe4-597a-6952-3b19-000000001000}\r\nProcessId: 12824\r\nImage: C:\\Windows\\System32\\cmd.exe\r\nFileVersion: 10.0.26100.7309 (WinBuild.160101.0800)\r\nDescription: Windows Command Processor\r\nProduct: Microsoft® Windows® Operating System\r\nCompany: Microsoft Corporation\r\nOriginalFileName: Cmd.Exe\r\nCommandLine: ""cmd.exe"" /c reg add ""HKLM\\System\\CurrentControlSet\\Control\\Terminal Server\\WinStations\\RDP-Tcp"" /v PortNumber /t REG_DWORD /d 4489 /f & netsh advfirewall firewall add rule name=""RDPPORTLatest-TCP-In"" dir=in action=allow protocol=TCP localport=4489\r\nCurrentDirectory: C:\\Users\\ayoub\\AppData\\Local\\Temp\\\r\nUser: WINDOWSEND-C792\\ayoub\r\nLogonGuid: {411eefe4-28dc-6951-f5d2-0e0000000000}\r\nLogonId: 0xED2F5\r\nTerminalSessionId: 1\r\nIntegrityLevel: High\r\nHashes: SHA1=583BAC245F14E4E07E7508692C5D8B97F9EB9E6D,MD5=6D109A3A00F210C1AB89C3B08399ED48,SHA256=64AFC6DB3AAD1289533662E2D79E27DD55C7DCDB8CD918B08E145AD82AD5ACB4,IMPHASH=B0F049C014592B156EB1FA857E99CEB9\r\nParentProcessGuid: {411eefe4-ab3e-6951-cb0d-000000001000}\r\nParentProcessId: 5948\r\nParentImage: C:\\Windows\\System32\\WindowsPowerShell\\v1.0\\powershell.exe\r\nParentCommandLine: C:\\WINDOWS\\System32\\WindowsPowerShell\\v1.0\\powershell.exe\r\nParentUser: WINDOWSEND-C792\\ayoub""', 'version': '5', 'systemTime': '2025-12-29T10:35:38.2691953Z', 'eventRecordID': '19191', 'threadID': '3676', 'computer': 'WindowsEnd-c7921449-8b62-4c4d-8a83-d9281ac0190b', 'task': '1', 'processID': '1836', 'severityValue': 'INFORMATION', 'providerName': 'Microsoft-Windows-Sysmon'}}}, 'rule': {'firedtimes': 11, 'mail': False, 'level': 4, 'description': 'Windows command prompt started by an abnormal process', 'groups': ['sysmon', 'sysmon_eid1_detections', 'windows'], 'mitre': {'technique': ['Windows Command Shell'], 'id': ['T1059.003'], 'tactic': ['Execution']}, 'id': '92052'}, 'decoder': {'name': 'windows_eventchannel'}, 'input': {'type': 'log'}, '@timestamp': '2025-12-29T10:38:07.147Z', 'location': 'EventChannel', 'id': '1767004687.7826644', 'timestamp': '2025-12-29T11:38:07.147+0100'}",medium,"\""cmd.exe\"" /c reg add \""HKLM\\System\\CurrentControlSet\\Control\\Terminal Server\\WinStations\\RDP-Tcp\"" /v PortNumber /t REG_DWORD /d 4489 /f &amp; netsh advfirewall firewall add rule name=\""RDPPORTLatest-TCP-In\"" dir=in action=allow protocol=TCP localport=4489"
2025-12-29T10:38:07.169Z,Endpoint3-Win,1,92041,Value added to registry key has Base64-like pattern,10,T1027;T1112,EventChannel,"{'agent': {'ip': '192.168.100.15', 'name': 'Endpoint3-Win', 'id': '001'}, 'manager': {'name': 'wazuh-vm'}, 'data': {'win': {'eventdata': {'originalFileName': 'reg.exe', 'image': 'C:\\\\Windows\\\\System32\\\\reg.exe', 'product': 'Microsoft® Windows® Operating System', 'parentProcessGuid': '{411eefe4-597a-6952-3b19-000000001000}', 'description': 'Registry Console Tool', 'logonGuid': '{411eefe4-28dc-6951-f5d2-0e0000000000}', 'parentCommandLine': '\\""cmd.exe\\"" /c reg add \\""HKLM\\\\System\\\\CurrentControlSet\\\\Control\\\\Terminal Server\\\\WinStations\\\\RDP-Tcp\\"" /v PortNumber /t REG_DWORD /d 4489 /f &amp; netsh advfirewall firewall add rule name=\\""RDPPORTLatest-TCP-In\\"" dir=in action=allow protocol=TCP localport=4489', 'processGuid': '{411eefe4-597a-6952-3d19-000000001000}', 'logonId': '0xed2f5', 'parentProcessId': '12824', 'processId': '9932', 'currentDirectory': 'C:\\\\Users\\\\ayoub\\\\AppData\\\\Local\\\\Temp\\\\', 'utcTime': '2025-12-29 10:35:38.406', 'hashes': 'SHA1=3922B8843F27EEC9BED40F54C888D683340E61F8,MD5=F6E3559DDDDCCC843A12CFD50178C554,SHA256=EF37663B44AC66920C6F33694DEEA01ACB78AE3F3012884819373FA04C3EB5F0,IMPHASH=2DC6AE94704E0DBEAFC5A2BB00BD87F0', 'parentImage': 'C:\\\\Windows\\\\System32\\\\cmd.exe', 'ruleName': 'technique_id=T1083,technique_name=File and Directory Discovery', 'company': 'Microsoft Corporation', 'commandLine': 'reg  add \\""HKLM\\\\System\\\\CurrentControlSet\\\\Control\\\\Terminal Server\\\\WinStations\\\\RDP-Tcp\\"" /v PortNumber /t REG_DWORD /d 4489 /f', 'integrityLevel': 'High', 'fileVersion': '10.0.26100.5074 (WinBuild.160101.0800)', 'user': 'WINDOWSEND-C792\\\\ayoub', 'terminalSessionId': '1', 'parentUser': 'WINDOWSEND-C792\\\\ayoub'}, 'system': {'eventID': '1', 'keywords': '0x8000000000000000', 'providerGuid': '{5770385f-c22a-43e0-bf4c-06f5698ffbd9}', 'level': '4', 'channel': 'Microsoft-Windows-Sysmon/Operational', 'opcode': '0', 'message': '""Process Create:\r\nRuleName: technique_id=T1083,technique_name=File and Directory Discovery\r\nUtcTime: 2025-12-29 10:35:38.406\r\nProcessGuid: {411eefe4-597a-6952-3d19-000000001000}\r\nProcessId: 9932\r\nImage: C:\\Windows\\System32\\reg.exe\r\nFileVersion: 10.0.26100.5074 (WinBuild.160101.0800)\r\nDescription: Registry Console Tool\r\nProduct: Microsoft® Windows® Operating System\r\nCompany: Microsoft Corporation\r\nOriginalFileName: reg.exe\r\nCommandLine: reg  add ""HKLM\\System\\CurrentControlSet\\Control\\Terminal Server\\WinStations\\RDP-Tcp"" /v PortNumber /t REG_DWORD /d 4489 /f \r\nCurrentDirectory: C:\\Users\\ayoub\\AppData\\Local\\Temp\\\r\nUser: WINDOWSEND-C792\\ayoub\r\nLogonGuid: {411eefe4-28dc-6951-f5d2-0e0000000000}\r\nLogonId: 0xED2F5\r\nTerminalSessionId: 1\r\nIntegrityLevel: High\r\nHashes: SHA1=3922B8843F27EEC9BED40F54C888D683340E61F8,MD5=F6E3559DDDDCCC843A12CFD50178C554,SHA256=EF37663B44AC66920C6F33694DEEA01ACB78AE3F3012884819373FA04C3EB5F0,IMPHASH=2DC6AE94704E0DBEAFC5A2BB00BD87F0\r\nParentProcessGuid: {411eefe4-597a-6952-3b19-000000001000}\r\nParentProcessId: 12824\r\nParentImage: C:\\Windows\\System32\\cmd.exe\r\nParentCommandLine: ""cmd.exe"" /c reg add ""HKLM\\System\\CurrentControlSet\\Control\\Terminal Server\\WinStations\\RDP-Tcp"" /v PortNumber /t REG_DWORD /d 4489 /f & netsh advfirewall firewall add rule name=""RDPPORTLatest-TCP-In"" dir=in action=allow protocol=TCP localport=4489\r\nParentUser: WINDOWSEND-C792\\ayoub""', 'version': '5', 'systemTime': '2025-12-29T10:35:38.4091119Z', 'eventRecordID': '19194', 'threadID': '3676', 'computer': 'WindowsEnd-c7921449-8b62-4c4d-8a83-d9281ac0190b', 'task': '1', 'processID': '1836', 'severityValue': 'INFORMATION', 'providerName': 'Microsoft-Windows-Sysmon'}}}, 'rule': {'firedtimes': 5, 'mail': False, 'level': 10, 'description': 'Value added to registry key has Base64-like pattern', 'groups': ['sysmon', 'sysmon_eid1_detections', 'windows'], 'mitre': {'technique': ['Obfuscated Files or Information', 'Modify Registry'], 'id': ['T1027', 'T1112'], 'tactic': ['Defense Evasion']}, 'id': '92041'}, 'decoder': {'name': 'windows_eventchannel'}, 'input': {'type': 'log'}, '@timestamp': '2025-12-29T10:38:07.169Z', 'location': 'EventChannel', 'id': '1767004687.7833918', 'timestamp': '2025-12-29T11:38:07.169+0100'}",high,"reg  add \""HKLM\\System\\CurrentControlSet\\Control\\Terminal Server\\WinStations\\RDP-Tcp\"" /v PortNumber /t REG_DWORD /d 4489 /f"
2025-12-29T10:38:07.178Z,Endpoint3-Win,1,92043,Netsh used to add firewall rule,10,T1562.004,EventChannel,"{'agent': {'ip': '192.168.100.15', 'name': 'Endpoint3-Win', 'id': '001'}, 'manager': {'name': 'wazuh-vm'}, 'data': {'win': {'eventdata': {'originalFileName': 'netsh.exe', 'image': 'C:\\\\Windows\\\\System32\\\\netsh.exe', 'product': 'Microsoft® Windows® Operating System', 'parentProcessGuid': '{411eefe4-597a-6952-3b19-000000001000}', 'description': 'Network Command Shell', 'logonGuid': '{411eefe4-28dc-6951-f5d2-0e0000000000}', 'parentCommandLine': '\\""cmd.exe\\"" /c reg add \\""HKLM\\\\System\\\\CurrentControlSet\\\\Control\\\\Terminal Server\\\\WinStations\\\\RDP-Tcp\\"" /v PortNumber /t REG_DWORD /d 4489 /f &amp; netsh advfirewall firewall add rule name=\\""RDPPORTLatest-TCP-In\\"" dir=in action=allow protocol=TCP localport=4489', 'processGuid': '{411eefe4-597a-6952-3e19-000000001000}', 'logonId': '0xed2f5', 'parentProcessId': '12824', 'processId': '12820', 'currentDirectory': 'C:\\\\Users\\\\ayoub\\\\AppData\\\\Local\\\\Temp\\\\', 'utcTime': '2025-12-29 10:35:38.476', 'hashes': 'SHA1=BA746FF5D0DB6B1EF8EDBD491AB7A89CAA0B97BC,MD5=521C24D0ABBBA1C62414518A5C62CD30,SHA256=0FBB280CCB403E51BD9B798F5F1159981F6D575248AAEA656FA7982B6F454E3E,IMPHASH=73E5A0DA41255DDE6B0FE666ED3EA9E6', 'parentImage': 'C:\\\\Windows\\\\System32\\\\cmd.exe', 'ruleName': 'technique_id=T1518.001,technique_name=Security Software Discovery', 'company': 'Microsoft Corporation', 'commandLine': 'netsh  advfirewall firewall add rule name=\\""RDPPORTLatest-TCP-In\\"" dir=in action=allow protocol=TCP localport=4489', 'integrityLevel': 'High', 'fileVersion': '10.0.26100.7309 (WinBuild.160101.0800)', 'user': 'WINDOWSEND-C792\\\\ayoub', 'terminalSessionId': '1', 'parentUser': 'WINDOWSEND-C792\\\\ayoub'}, 'system': {'eventID': '1', 'keywords': '0x8000000000000000', 'providerGuid': '{5770385f-c22a-43e0-bf4c-06f5698ffbd9}', 'level': '4', 'channel': 'Microsoft-Windows-Sysmon/Operational', 'opcode': '0', 'message': '""Process Create:\r\nRuleName: technique_id=T1518.001,technique_name=Security Software Discovery\r\nUtcTime: 2025-12-29 10:35:38.476\r\nProcessGuid: {411eefe4-597a-6952-3e19-000000001000}\r\nProcessId: 12820\r\nImage: C:\\Windows\\System32\\netsh.exe\r\nFileVersion: 10.0.26100.7309 (WinBuild.160101.0800)\r\nDescription: Network Command Shell\r\nProduct: Microsoft® Windows® Operating System\r\nCompany: Microsoft Corporation\r\nOriginalFileName: netsh.exe\r\nCommandLine: netsh  advfirewall firewall add rule name=""RDPPORTLatest-TCP-In"" dir=in action=allow protocol=TCP localport=4489\r\nCurrentDirectory: C:\\Users\\ayoub\\AppData\\Local\\Temp\\\r\nUser: WINDOWSEND-C792\\ayoub\r\nLogonGuid: {411eefe4-28dc-6951-f5d2-0e0000000000}\r\nLogonId: 0xED2F5\r\nTerminalSessionId: 1\r\nIntegrityLevel: High\r\nHashes: SHA1=BA746FF5D0DB6B1EF8EDBD491AB7A89CAA0B97BC,MD5=521C24D0ABBBA1C62414518A5C62CD30,SHA256=0FBB280CCB403E51BD9B798F5F1159981F6D575248AAEA656FA7982B6F454E3E,IMPHASH=73E5A0DA41255DDE6B0FE666ED3EA9E6\r\nParentProcessGuid: {411eefe4-597a-6952-3b19-000000001000}\r\nParentProcessId: 12824\r\nParentImage: C:\\Windows\\System32\\cmd.exe\r\nParentCommandLine: ""cmd.exe"" /c reg add ""HKLM\\System\\CurrentControlSet\\Control\\Terminal Server\\WinStations\\RDP-Tcp"" /v PortNumber /t REG_DWORD /d 4489 /f & netsh advfirewall firewall add rule name=""RDPPORTLatest-TCP-In"" dir=in action=allow protocol=TCP localport=4489\r\nParentUser: WINDOWSEND-C792\\ayoub""', 'version': '5', 'systemTime': '2025-12-29T10:35:38.4837765Z', 'eventRecordID': '19195', 'threadID': '3676', 'computer': 'WindowsEnd-c7921449-8b62-4c4d-8a83-d9281ac0190b', 'task': '1', 'processID': '1836', 'severityValue': 'INFORMATION', 'providerName': 'Microsoft-Windows-Sysmon'}}}, 'rule': {'firedtimes': 1, 'mail': False, 'level': 10, 'description': 'Netsh used to add firewall rule', 'groups': ['sysmon', 'sysmon_eid1_detections', 'windows'], 'mitre': {'technique': ['Disable or Modify System Firewall'], 'id': ['T1562.004'], 'tactic': ['Defense Evasion']}, 'id': '92043'}, 'decoder': {'name': 'windows_eventchannel'}, 'input': {'type': 'log'}, '@timestamp': '2025-12-29T10:38:07.178Z', 'location': 'EventChannel', 'id': '1767004687.7841310', 'timestamp': '2025-12-29T11:38:07.178+0100'}",high,"netsh  advfirewall firewall add rule name=\""RDPPORTLatest-TCP-In\"" dir=in action=allow protocol=TCP localport=4489"
