2025-12-29T09:41:56.818Z,Endpoint3-Win,1,92217,Executable dropped in Windows root folder,6,T1570,EventChannel,"{'agent': {'ip': '192.168.100.15', 'name': 'Endpoint3-Win', 'id': '001'}, 'manager': {'name': 'wazuh-vm'}, 'data': {'win': {'eventdata': {'image': 'C:\\\\Windows\\\\Microsoft.NET\\\\Framework\\\\v4.0.30319\\\\mscorsvw.exe', 'processGuid': '{411eefe4-4ce4-6952-e617-000000001000}', 'processId': '8776', 'utcTime': '2025-12-29 09:41:56.463', 'targetFilename': 'C:\\\\Windows\\\\assembly\\\\NativeImages_v4.0.30319_32\\\\Temp\\\\2248-0\\\\Microsoft.Windows.Diagnosis.Commands.WriteDiagProgress.dll', 'ruleName': 'technique_id=T1574.010,technique_name=Services File Permissions Weakness', 'creationUtcTime': '2025-12-29 09:41:56.463', 'user': 'NT AUTHORITY\\\\SYSTEM'}, 'system': {'eventID': '11', 'keywords': '0x8000000000000000', 'providerGuid': '{5770385f-c22a-43e0-bf4c-06f5698ffbd9}', 'level': '4', 'channel': 'Microsoft-Windows-Sysmon/Operational', 'opcode': '0', 'message': '""File created:\r\nRuleName: technique_id=T1574.010,technique_name=Services File Permissions Weakness\r\nUtcTime: 2025-12-29 09:41:56.463\r\nProcessGuid: {411eefe4-4ce4-6952-e617-000000001000}\r\nProcessId: 8776\r\nImage: C:\\Windows\\Microsoft.NET\\Framework\\v4.0.30319\\mscorsvw.exe\r\nTargetFilename: C:\\Windows\\assembly\\NativeImages_v4.0.30319_32\\Temp\\2248-0\\Microsoft.Windows.Diagnosis.Commands.WriteDiagProgress.dll\r\nCreationUtcTime: 2025-12-29 09:41:56.463\r\nUser: NT AUTHORITY\\SYSTEM""', 'version': '2', 'systemTime': '2025-12-29T09:41:56.4649060Z', 'eventRecordID': '18169', 'threadID': '3676', 'computer': 'WindowsEnd-c7921449-8b62-4c4d-8a83-d9281ac0190b', 'task': '11', 'processID': '1836', 'severityValue': 'INFORMATION', 'providerName': 'Microsoft-Windows-Sysmon'}}}, 'rule': {'firedtimes': 26, 'mail': False, 'level': 6, 'description': 'Executable dropped in Windows root folder', 'groups': ['sysmon', 'sysmon_eid11_detections', 'windows'], 'mitre': {'technique': ['Lateral Tool Transfer'], 'id': ['T1570'], 'tactic': ['Lateral Movement']}, 'id': '92217'}, 'decoder': {'name': 'windows_eventchannel'}, 'input': {'type': 'log'}, '@timestamp': '2025-12-29T09:41:56.818Z', 'location': 'EventChannel', 'id': '1767001316.6991873', 'timestamp': '2025-12-29T10:41:56.818+0100'}",medium,
2025-12-29T09:41:57.816Z,Endpoint3-Win,1,92151,Binary loaded PowerShell automation library - Possible unmanaged Powershell execution by suspicious process,12,T1059.001,EventChannel,"{'agent': {'ip': '192.168.100.15', 'name': 'Endpoint3-Win', 'id': '001'}, 'manager': {'name': 'wazuh-vm'}, 'data': {'win': {'eventdata': {'originalFileName': 'System.Management.Automation.dll', 'image': 'C:\\\\Windows\\\\Microsoft.NET\\\\Framework\\\\v4.0.30319\\\\mscorsvw.exe', 'product': 'Microsoft (R) Windows (R) Operating System', 'signature': 'Microsoft Windows', 'imageLoaded': 'C:\\\\Windows\\\\Microsoft.NET\\\\assembly\\\\GAC_MSIL\\\\System.Management.Automation\\\\v4.0_3.0.0.0__31bf3856ad364e35\\\\System.Management.Automation.dll', 'description': 'System.Management.Automation', 'signed': 'true', 'signatureStatus': 'Valid', 'processGuid': '{411eefe4-4ce4-6952-e717-000000001000}', 'processId': '1176', 'utcTime': '2025-12-29 09:41:56.717', 'hashes': 'SHA1=00BD08F417A37522651DBDEB756CD52D99736266,MD5=CACEF6B7D029B9D1CA39D4D9A34F80E3,SHA256=B446AF8762D93C979656667C5AC8CFDE59D6282198D3902FBDAFDC0E78C1D87E,IMPHASH=DAE02F32A21E03CE65412F6E56942DAA', 'ruleName': 'technique_id=T1059.001,technique_name=PowerShell', 'company': 'Microsoft Corporation', 'fileVersion': '10.0.26100.7462', 'user': 'NT AUTHORITY\\\\SYSTEM'}, 'system': {'eventID': '7', 'keywords': '0x8000000000000000', 'providerGuid': '{5770385f-c22a-43e0-bf4c-06f5698ffbd9}', 'level': '4', 'channel': 'Microsoft-Windows-Sysmon/Operational', 'opcode': '0', 'message': '""Image loaded:\r\nRuleName: technique_id=T1059.001,technique_name=PowerShell\r\nUtcTime: 2025-12-29 09:41:56.717\r\nProcessGuid: {411eefe4-4ce4-6952-e717-000000001000}\r\nProcessId: 1176\r\nImage: C:\\Windows\\Microsoft.NET\\Framework\\v4.0.30319\\mscorsvw.exe\r\nImageLoaded: C:\\Windows\\Microsoft.NET\\assembly\\GAC_MSIL\\System.Management.Automation\\v4.0_3.0.0.0__31bf3856ad364e35\\System.Management.Automation.dll\r\nFileVersion: 10.0.26100.7462\r\nDescription: System.Management.Automation\r\nProduct: Microsoft (R) Windows (R) Operating System\r\nCompany: Microsoft Corporation\r\nOriginalFileName: System.Management.Automation.dll\r\nHashes: SHA1=00BD08F417A37522651DBDEB756CD52D99736266,MD5=CACEF6B7D029B9D1CA39D4D9A34F80E3,SHA256=B446AF8762D93C979656667C5AC8CFDE59D6282198D3902FBDAFDC0E78C1D87E,IMPHASH=DAE02F32A21E03CE65412F6E56942DAA\r\nSigned: true\r\nSignature: Microsoft Windows\r\nSignatureStatus: Valid\r\nUser: NT AUTHORITY\\SYSTEM""', 'version': '3', 'systemTime': '2025-12-29T09:41:56.7206729Z', 'eventRecordID': '18173', 'threadID': '3676', 'computer': 'WindowsEnd-c7921449-8b62-4c4d-8a83-d9281ac0190b', 'task': '7', 'processID': '1836', 'severityValue': 'INFORMATION', 'providerName': 'Microsoft-Windows-Sysmon'}}}, 'rule': {'firedtimes': 59, 'mail': True, 'level': 12, 'description': 'Binary loaded PowerShell automation library - Possible unmanaged Powershell execution by suspicious process', 'groups': ['sysmon', 'sysmon_eid7_detections', 'windows'], 'mitre': {'technique': ['PowerShell'], 'id': ['T1059.001'], 'tactic': ['Execution']}, 'id': '92151'}, 'decoder': {'name': 'windows_eventchannel'}, 'input': {'type': 'log'}, '@timestamp': '2025-12-29T09:41:57.816Z', 'location': 'EventChannel', 'id': '1767001317.6995204', 'timestamp': '2025-12-29T10:41:57.816+0100'}",critical,
2025-12-29T09:41:57.820Z,Endpoint3-Win,1,92151,Binary loaded PowerShell automation library - Possible unmanaged Powershell execution by suspicious process,12,T1059.001,EventChannel,"{'agent': {'ip': '192.168.100.15', 'name': 'Endpoint3-Win', 'id': '001'}, 'manager': {'name': 'wazuh-vm'}, 'data': {'win': {'eventdata': {'originalFileName': 'System.Management.Automation.dll', 'image': 'C:\\\\Windows\\\\Microsoft.NET\\\\Framework\\\\v4.0.30319\\\\mscorsvw.exe', 'product': 'Microsoft (R) Windows (R) Operating System', 'signature': 'Microsoft Windows', 'imageLoaded': 'C:\\\\Windows\\\\Microsoft.NET\\\\assembly\\\\GAC_MSIL\\\\System.Management.Automation\\\\v4.0_3.0.0.0__31bf3856ad364e35\\\\System.Management.Automation.dll', 'description': 'System.Management.Automation', 'signed': 'true', 'signatureStatus': 'Valid', 'processGuid': '{411eefe4-4ce4-6952-e717-000000001000}', 'processId': '1176', 'utcTime': '2025-12-29 09:41:56.720', 'hashes': 'SHA1=00BD08F417A37522651DBDEB756CD52D99736266,MD5=CACEF6B7D029B9D1CA39D4D9A34F80E3,SHA256=B446AF8762D93C979656667C5AC8CFDE59D6282198D3902FBDAFDC0E78C1D87E,IMPHASH=DAE02F32A21E03CE65412F6E56942DAA', 'ruleName': 'technique_id=T1059.001,technique_name=PowerShell', 'company': 'Microsoft Corporation', 'fileVersion': '10.0.26100.7462', 'user': 'NT AUTHORITY\\\\SYSTEM'}, 'system': {'eventID': '7', 'keywords': '0x8000000000000000', 'providerGuid': '{5770385f-c22a-43e0-bf4c-06f5698ffbd9}', 'level': '4', 'channel': 'Microsoft-Windows-Sysmon/Operational', 'opcode': '0', 'message': '""Image loaded:\r\nRuleName: technique_id=T1059.001,technique_name=PowerShell\r\nUtcTime: 2025-12-29 09:41:56.720\r\nProcessGuid: {411eefe4-4ce4-6952-e717-000000001000}\r\nProcessId: 1176\r\nImage: C:\\Windows\\Microsoft.NET\\Framework\\v4.0.30319\\mscorsvw.exe\r\nImageLoaded: C:\\Windows\\Microsoft.NET\\assembly\\GAC_MSIL\\System.Management.Automation\\v4.0_3.0.0.0__31bf3856ad364e35\\System.Management.Automation.dll\r\nFileVersion: 10.0.26100.7462\r\nDescription: System.Management.Automation\r\nProduct: Microsoft (R) Windows (R) Operating System\r\nCompany: Microsoft Corporation\r\nOriginalFileName: System.Management.Automation.dll\r\nHashes: SHA1=00BD08F417A37522651DBDEB756CD52D99736266,MD5=CACEF6B7D029B9D1CA39D4D9A34F80E3,SHA256=B446AF8762D93C979656667C5AC8CFDE59D6282198D3902FBDAFDC0E78C1D87E,IMPHASH=DAE02F32A21E03CE65412F6E56942DAA\r\nSigned: true\r\nSignature: Microsoft Windows\r\nSignatureStatus: Valid\r\nUser: NT AUTHORITY\\SYSTEM""', 'version': '3', 'systemTime': '2025-12-29T09:41:56.7221154Z', 'eventRecordID': '18174', 'threadID': '3676', 'computer': 'WindowsEnd-c7921449-8b62-4c4d-8a83-d9281ac0190b', 'task': '7', 'processID': '1836', 'severityValue': 'INFORMATION', 'providerName': 'Microsoft-Windows-Sysmon'}}}, 'rule': {'firedtimes': 60, 'mail': True, 'level': 12, 'description': 'Binary loaded PowerShell automation library - Possible unmanaged Powershell execution by suspicious process', 'groups': ['sysmon', 'sysmon_eid7_detections', 'windows'], 'mitre': {'technique': ['PowerShell'], 'id': ['T1059.001'], 'tactic': ['Execution']}, 'id': '92151'}, 'decoder': {'name': 'windows_eventchannel'}, 'input': {'type': 'log'}, '@timestamp': '2025-12-29T09:41:57.820Z', 'location': 'EventChannel', 'id': '1767001317.7000472', 'timestamp': '2025-12-29T10:41:57.820+0100'}",critical,
2025-12-29T09:41:57.830Z,Endpoint3-Win,1,92151,Binary loaded PowerShell automation library - Possible unmanaged Powershell execution by suspicious process,12,T1059.001,EventChannel,"{'agent': {'ip': '192.168.100.15', 'name': 'Endpoint3-Win', 'id': '001'}, 'manager': {'name': 'wazuh-vm'}, 'data': {'win': {'eventdata': {'originalFileName': 'System.Management.Automation.dll', 'image': 'C:\\\\Windows\\\\Microsoft.NET\\\\Framework\\\\v4.0.30319\\\\mscorsvw.exe', 'product': 'Microsoft (R) Windows (R) Operating System', 'signature': 'Microsoft Windows', 'imageLoaded': 'C:\\\\Windows\\\\Microsoft.NET\\\\assembly\\\\GAC_MSIL\\\\System.Management.Automation\\\\v4.0_3.0.0.0__31bf3856ad364e35\\\\System.Management.Automation.dll', 'description': 'System.Management.Automation', 'signed': 'true', 'signatureStatus': 'Valid', 'processGuid': '{411eefe4-4ce4-6952-e817-000000001000}', 'processId': '10820', 'utcTime': '2025-12-29 09:41:57.012', 'hashes': 'SHA1=00BD08F417A37522651DBDEB756CD52D99736266,MD5=CACEF6B7D029B9D1CA39D4D9A34F80E3,SHA256=B446AF8762D93C979656667C5AC8CFDE59D6282198D3902FBDAFDC0E78C1D87E,IMPHASH=DAE02F32A21E03CE65412F6E56942DAA', 'ruleName': 'technique_id=T1059.001,technique_name=PowerShell', 'company': 'Microsoft Corporation', 'fileVersion': '10.0.26100.7462', 'user': 'NT AUTHORITY\\\\SYSTEM'}, 'system': {'eventID': '7', 'keywords': '0x8000000000000000', 'providerGuid': '{5770385f-c22a-43e0-bf4c-06f5698ffbd9}', 'level': '4', 'channel': 'Microsoft-Windows-Sysmon/Operational', 'opcode': '0', 'message': '""Image loaded:\r\nRuleName: technique_id=T1059.001,technique_name=PowerShell\r\nUtcTime: 2025-12-29 09:41:57.012\r\nProcessGuid: {411eefe4-4ce4-6952-e817-000000001000}\r\nProcessId: 10820\r\nImage: C:\\Windows\\Microsoft.NET\\Framework\\v4.0.30319\\mscorsvw.exe\r\nImageLoaded: C:\\Windows\\Microsoft.NET\\assembly\\GAC_MSIL\\System.Management.Automation\\v4.0_3.0.0.0__31bf3856ad364e35\\System.Management.Automation.dll\r\nFileVersion: 10.0.26100.7462\r\nDescription: System.Management.Automation\r\nProduct: Microsoft (R) Windows (R) Operating System\r\nCompany: Microsoft Corporation\r\nOriginalFileName: System.Management.Automation.dll\r\nHashes: SHA1=00BD08F417A37522651DBDEB756CD52D99736266,MD5=CACEF6B7D029B9D1CA39D4D9A34F80E3,SHA256=B446AF8762D93C979656667C5AC8CFDE59D6282198D3902FBDAFDC0E78C1D87E,IMPHASH=DAE02F32A21E03CE65412F6E56942DAA\r\nSigned: true\r\nSignature: Microsoft Windows\r\nSignatureStatus: Valid\r\nUser: NT AUTHORITY\\SYSTEM""', 'version': '3', 'systemTime': '2025-12-29T09:41:57.0140659Z', 'eventRecordID': '18176', 'threadID': '3676', 'computer': 'WindowsEnd-c7921449-8b62-4c4d-8a83-d9281ac0190b', 'task': '7', 'processID': '1836', 'severityValue': 'INFORMATION', 'providerName': 'Microsoft-Windows-Sysmon'}}}, 'rule': {'firedtimes': 61, 'mail': True, 'level': 12, 'description': 'Binary loaded PowerShell automation library - Possible unmanaged Powershell execution by suspicious process', 'groups': ['sysmon', 'sysmon_eid7_detections', 'windows'], 'mitre': {'technique': ['PowerShell'], 'id': ['T1059.001'], 'tactic': ['Execution']}, 'id': '92151'}, 'decoder': {'name': 'windows_eventchannel'}, 'input': {'type': 'log'}, '@timestamp': '2025-12-29T09:41:57.830Z', 'location': 'EventChannel', 'id': '1767001317.7005740', 'timestamp': '2025-12-29T10:41:57.830+0100'}",critical,
2025-12-29T09:41:57.839Z,Endpoint3-Win,1,92151,Binary loaded PowerShell automation library - Possible unmanaged Powershell execution by suspicious process,12,T1059.001,EventChannel,"{'agent': {'ip': '192.168.100.15', 'name': 'Endpoint3-Win', 'id': '001'}, 'manager': {'name': 'wazuh-vm'}, 'data': {'win': {'eventdata': {'originalFileName': 'System.Management.Automation.dll', 'image': 'C:\\\\Windows\\\\Microsoft.NET\\\\Framework\\\\v4.0.30319\\\\mscorsvw.exe', 'product': 'Microsoft (R) Windows (R) Operating System', 'signature': 'Microsoft Windows', 'imageLoaded': 'C:\\\\Windows\\\\Microsoft.NET\\\\assembly\\\\GAC_MSIL\\\\System.Management.Automation\\\\v4.0_3.0.0.0__31bf3856ad364e35\\\\System.Management.Automation.dll', 'description': 'System.Management.Automation', 'signed': 'true', 'signatureStatus': 'Valid', 'processGuid': '{411eefe4-4ce4-6952-e817-000000001000}', 'processId': '10820', 'utcTime': '2025-12-29 09:41:57.012', 'hashes': 'SHA1=00BD08F417A37522651DBDEB756CD52D99736266,MD5=CACEF6B7D029B9D1CA39D4D9A34F80E3,SHA256=B446AF8762D93C979656667C5AC8CFDE59D6282198D3902FBDAFDC0E78C1D87E,IMPHASH=DAE02F32A21E03CE65412F6E56942DAA', 'ruleName': 'technique_id=T1059.001,technique_name=PowerShell', 'company': 'Microsoft Corporation', 'fileVersion': '10.0.26100.7462', 'user': 'NT AUTHORITY\\\\SYSTEM'}, 'system': {'eventID': '7', 'keywords': '0x8000000000000000', 'providerGuid': '{5770385f-c22a-43e0-bf4c-06f5698ffbd9}', 'level': '4', 'channel': 'Microsoft-Windows-Sysmon/Operational', 'opcode': '0', 'message': '""Image loaded:\r\nRuleName: technique_id=T1059.001,technique_name=PowerShell\r\nUtcTime: 2025-12-29 09:41:57.012\r\nProcessGuid: {411eefe4-4ce4-6952-e817-000000001000}\r\nProcessId: 10820\r\nImage: C:\\Windows\\Microsoft.NET\\Framework\\v4.0.30319\\mscorsvw.exe\r\nImageLoaded: C:\\Windows\\Microsoft.NET\\assembly\\GAC_MSIL\\System.Management.Automation\\v4.0_3.0.0.0__31bf3856ad364e35\\System.Management.Automation.dll\r\nFileVersion: 10.0.26100.7462\r\nDescription: System.Management.Automation\r\nProduct: Microsoft (R) Windows (R) Operating System\r\nCompany: Microsoft Corporation\r\nOriginalFileName: System.Management.Automation.dll\r\nHashes: SHA1=00BD08F417A37522651DBDEB756CD52D99736266,MD5=CACEF6B7D029B9D1CA39D4D9A34F80E3,SHA256=B446AF8762D93C979656667C5AC8CFDE59D6282198D3902FBDAFDC0E78C1D87E,IMPHASH=DAE02F32A21E03CE65412F6E56942DAA\r\nSigned: true\r\nSignature: Microsoft Windows\r\nSignatureStatus: Valid\r\nUser: NT AUTHORITY\\SYSTEM""', 'version': '3', 'systemTime': '2025-12-29T09:41:57.0145258Z', 'eventRecordID': '18177', 'threadID': '3676', 'computer': 'WindowsEnd-c7921449-8b62-4c4d-8a83-d9281ac0190b', 'task': '7', 'processID': '1836', 'severityValue': 'INFORMATION', 'providerName': 'Microsoft-Windows-Sysmon'}}}, 'rule': {'firedtimes': 62, 'mail': True, 'level': 12, 'description': 'Binary loaded PowerShell automation library - Possible unmanaged Powershell execution by suspicious process', 'groups': ['sysmon', 'sysmon_eid7_detections', 'windows'], 'mitre': {'technique': ['PowerShell'], 'id': ['T1059.001'], 'tactic': ['Execution']}, 'id': '92151'}, 'decoder': {'name': 'windows_eventchannel'}, 'input': {'type': 'log'}, '@timestamp': '2025-12-29T09:41:57.839Z', 'location': 'EventChannel', 'id': '1767001317.7011012', 'timestamp': '2025-12-29T10:41:57.839+0100'}",critical,
2025-12-29T09:41:57.841Z,Endpoint3-Win,1,92217,Executable dropped in Windows root folder,6,T1570,EventChannel,"{'agent': {'ip': '192.168.100.15', 'name': 'Endpoint3-Win', 'id': '001'}, 'manager': {'name': 'wazuh-vm'}, 'data': {'win': {'eventdata': {'image': 'C:\\\\Windows\\\\Microsoft.NET\\\\Framework\\\\v4.0.30319\\\\mscorsvw.exe', 'processGuid': '{411eefe4-4ce4-6952-e817-000000001000}', 'processId': '10820', 'utcTime': '2025-12-29 09:41:57.037', 'targetFilename': 'C:\\\\Windows\\\\assembly\\\\NativeImages_v4.0.30319_32\\\\Temp\\\\2a44-0\\\\Microsoft.Windows.Diagnosis.Commands.WriteDiagTelemetry.dll', 'ruleName': 'technique_id=T1574.010,technique_name=Services File Permissions Weakness', 'creationUtcTime': '2025-12-29 09:41:57.037', 'user': 'NT AUTHORITY\\\\SYSTEM'}, 'system': {'eventID': '11', 'keywords': '0x8000000000000000', 'providerGuid': '{5770385f-c22a-43e0-bf4c-06f5698ffbd9}', 'level': '4', 'channel': 'Microsoft-Windows-Sysmon/Operational', 'opcode': '0', 'message': '""File created:\r\nRuleName: technique_id=T1574.010,technique_name=Services File Permissions Weakness\r\nUtcTime: 2025-12-29 09:41:57.037\r\nProcessGuid: {411eefe4-4ce4-6952-e817-000000001000}\r\nProcessId: 10820\r\nImage: C:\\Windows\\Microsoft.NET\\Framework\\v4.0.30319\\mscorsvw.exe\r\nTargetFilename: C:\\Windows\\assembly\\NativeImages_v4.0.30319_32\\Temp\\2a44-0\\Microsoft.Windows.Diagnosis.Commands.WriteDiagTelemetry.dll\r\nCreationUtcTime: 2025-12-29 09:41:57.037\r\nUser: NT AUTHORITY\\SYSTEM""', 'version': '2', 'systemTime': '2025-12-29T09:41:57.0395822Z', 'eventRecordID': '18178', 'threadID': '3676', 'computer': 'WindowsEnd-c7921449-8b62-4c4d-8a83-d9281ac0190b', 'task': '11', 'processID': '1836', 'severityValue': 'INFORMATION', 'providerName': 'Microsoft-Windows-Sysmon'}}}, 'rule': {'firedtimes': 27, 'mail': False, 'level': 6, 'description': 'Executable dropped in Windows root folder', 'groups': ['sysmon', 'sysmon_eid11_detections', 'windows'], 'mitre': {'technique': ['Lateral Tool Transfer'], 'id': ['T1570'], 'tactic': ['Lateral Movement']}, 'id': '92217'}, 'decoder': {'name': 'windows_eventchannel'}, 'input': {'type': 'log'}, '@timestamp': '2025-12-29T09:41:57.841Z', 'location': 'EventChannel', 'id': '1767001317.7016284', 'timestamp': '2025-12-29T10:41:57.841+0100'}",medium,
2025-12-29T09:41:57.858Z,Endpoint3-Win,1,92217,Executable dropped in Windows root folder,6,T1570,EventChannel,"{'agent': {'ip': '192.168.100.15', 'name': 'Endpoint3-Win', 'id': '001'}, 'manager': {'name': 'wazuh-vm'}, 'data': {'win': {'eventdata': {'image': 'C:\\\\Windows\\\\Microsoft.NET\\\\Framework\\\\v4.0.30319\\\\mscorsvw.exe', 'processGuid': '{411eefe4-4ce5-6952-ea17-000000001000}', 'processId': '10988', 'utcTime': '2025-12-29 09:41:57.555', 'targetFilename': 'C:\\\\Windows\\\\assembly\\\\NativeImages_v4.0.30319_32\\\\Temp\\\\2aec-0\\\\Microsoft.Windows.Diagnosis.SDCommon.dll', 'ruleName': 'technique_id=T1574.010,technique_name=Services File Permissions Weakness', 'creationUtcTime': '2025-12-29 09:41:57.555', 'user': 'NT AUTHORITY\\\\SYSTEM'}, 'system': {'eventID': '11', 'keywords': '0x8000000000000000', 'providerGuid': '{5770385f-c22a-43e0-bf4c-06f5698ffbd9}', 'level': '4', 'channel': 'Microsoft-Windows-Sysmon/Operational', 'opcode': '0', 'message': '""File created:\r\nRuleName: technique_id=T1574.010,technique_name=Services File Permissions Weakness\r\nUtcTime: 2025-12-29 09:41:57.555\r\nProcessGuid: {411eefe4-4ce5-6952-ea17-000000001000}\r\nProcessId: 10988\r\nImage: C:\\Windows\\Microsoft.NET\\Framework\\v4.0.30319\\mscorsvw.exe\r\nTargetFilename: C:\\Windows\\assembly\\NativeImages_v4.0.30319_32\\Temp\\2aec-0\\Microsoft.Windows.Diagnosis.SDCommon.dll\r\nCreationUtcTime: 2025-12-29 09:41:57.555\r\nUser: NT AUTHORITY\\SYSTEM""', 'version': '2', 'systemTime': '2025-12-29T09:41:57.5569450Z', 'eventRecordID': '18183', 'threadID': '3676', 'computer': 'WindowsEnd-c7921449-8b62-4c4d-8a83-d9281ac0190b', 'task': '11', 'processID': '1836', 'severityValue': 'INFORMATION', 'providerName': 'Microsoft-Windows-Sysmon'}}}, 'rule': {'firedtimes': 28, 'mail': False, 'level': 6, 'description': 'Executable dropped in Windows root folder', 'groups': ['sysmon', 'sysmon_eid11_detections', 'windows'], 'mitre': {'technique': ['Lateral Tool Transfer'], 'id': ['T1570'], 'tactic': ['Lateral Movement']}, 'id': '92217'}, 'decoder': {'name': 'windows_eventchannel'}, 'input': {'type': 'log'}, '@timestamp': '2025-12-29T09:41:57.858Z', 'location': 'EventChannel', 'id': '1767001317.7019623', 'timestamp': '2025-12-29T10:41:57.858+0100'}",medium,
2025-12-29T09:41:58.938Z,Endpoint3-Win,1,92151,Binary loaded PowerShell automation library - Possible unmanaged Powershell execution by suspicious process,12,T1059.001,EventChannel,"{'agent': {'ip': '192.168.100.15', 'name': 'Endpoint3-Win', 'id': '001'}, 'manager': {'name': 'wazuh-vm'}, 'data': {'win': {'eventdata': {'originalFileName': 'System.Management.Automation.dll', 'image': 'C:\\\\Windows\\\\Microsoft.NET\\\\Framework\\\\v4.0.30319\\\\mscorsvw.exe', 'product': 'Microsoft (R) Windows (R) Operating System', 'signature': 'Microsoft Windows', 'imageLoaded': 'C:\\\\Windows\\\\Microsoft.NET\\\\assembly\\\\GAC_MSIL\\\\System.Management.Automation\\\\v4.0_3.0.0.0__31bf3856ad364e35\\\\System.Management.Automation.dll', 'description': 'System.Management.Automation', 'signed': 'true', 'signatureStatus': 'Valid', 'processGuid': '{411eefe4-4ce5-6952-eb17-000000001000}', 'processId': '12700', 'utcTime': '2025-12-29 09:41:57.842', 'hashes': 'SHA1=00BD08F417A37522651DBDEB756CD52D99736266,MD5=CACEF6B7D029B9D1CA39D4D9A34F80E3,SHA256=B446AF8762D93C979656667C5AC8CFDE59D6282198D3902FBDAFDC0E78C1D87E,IMPHASH=DAE02F32A21E03CE65412F6E56942DAA', 'ruleName': 'technique_id=T1059.001,technique_name=PowerShell', 'company': 'Microsoft Corporation', 'fileVersion': '10.0.26100.7462', 'user': 'NT AUTHORITY\\\\SYSTEM'}, 'system': {'eventID': '7', 'keywords': '0x8000000000000000', 'providerGuid': '{5770385f-c22a-43e0-bf4c-06f5698ffbd9}', 'level': '4', 'channel': 'Microsoft-Windows-Sysmon/Operational', 'opcode': '0', 'message': '""Image loaded:\r\nRuleName: technique_id=T1059.001,technique_name=PowerShell\r\nUtcTime: 2025-12-29 09:41:57.842\r\nProcessGuid: {411eefe4-4ce5-6952-eb17-000000001000}\r\nProcessId: 12700\r\nImage: C:\\Windows\\Microsoft.NET\\Framework\\v4.0.30319\\mscorsvw.exe\r\nImageLoaded: C:\\Windows\\Microsoft.NET\\assembly\\GAC_MSIL\\System.Management.Automation\\v4.0_3.0.0.0__31bf3856ad364e35\\System.Management.Automation.dll\r\nFileVersion: 10.0.26100.7462\r\nDescription: System.Management.Automation\r\nProduct: Microsoft (R) Windows (R) Operating System\r\nCompany: Microsoft Corporation\r\nOriginalFileName: System.Management.Automation.dll\r\nHashes: SHA1=00BD08F417A37522651DBDEB756CD52D99736266,MD5=CACEF6B7D029B9D1CA39D4D9A34F80E3,SHA256=B446AF8762D93C979656667C5AC8CFDE59D6282198D3902FBDAFDC0E78C1D87E,IMPHASH=DAE02F32A21E03CE65412F6E56942DAA\r\nSigned: true\r\nSignature: Microsoft Windows\r\nSignatureStatus: Valid\r\nUser: NT AUTHORITY\\SYSTEM""', 'version': '3', 'systemTime': '2025-12-29T09:41:57.8454701Z', 'eventRecordID': '18187', 'threadID': '3676', 'computer': 'WindowsEnd-c7921449-8b62-4c4d-8a83-d9281ac0190b', 'task': '7', 'processID': '1836', 'severityValue': 'INFORMATION', 'providerName': 'Microsoft-Windows-Sysmon'}}}, 'rule': {'firedtimes': 63, 'mail': True, 'level': 12, 'description': 'Binary loaded PowerShell automation library - Possible unmanaged Powershell execution by suspicious process', 'groups': ['sysmon', 'sysmon_eid7_detections', 'windows'], 'mitre': {'technique': ['PowerShell'], 'id': ['T1059.001'], 'tactic': ['Execution']}, 'id': '92151'}, 'decoder': {'name': 'windows_eventchannel'}, 'input': {'type': 'log'}, '@timestamp': '2025-12-29T09:41:58.938Z', 'location': 'EventChannel', 'id': '1767001318.7022886', 'timestamp': '2025-12-29T10:41:58.938+0100'}",critical,
2025-12-29T09:41:58.941Z,Endpoint3-Win,1,92151,Binary loaded PowerShell automation library - Possible unmanaged Powershell execution by suspicious process,12,T1059.001,EventChannel,"{'agent': {'ip': '192.168.100.15', 'name': 'Endpoint3-Win', 'id': '001'}, 'manager': {'name': 'wazuh-vm'}, 'data': {'win': {'eventdata': {'originalFileName': 'System.Management.Automation.dll', 'image': 'C:\\\\Windows\\\\Microsoft.NET\\\\Framework\\\\v4.0.30319\\\\mscorsvw.exe', 'product': 'Microsoft (R) Windows (R) Operating System', 'signature': 'Microsoft Windows', 'imageLoaded': 'C:\\\\Windows\\\\Microsoft.NET\\\\assembly\\\\GAC_MSIL\\\\System.Management.Automation\\\\v4.0_3.0.0.0__31bf3856ad364e35\\\\System.Management.Automation.dll', 'description': 'System.Management.Automation', 'signed': 'true', 'signatureStatus': 'Valid', 'processGuid': '{411eefe4-4ce5-6952-eb17-000000001000}', 'processId': '12700', 'utcTime': '2025-12-29 09:41:57.845', 'hashes': 'SHA1=00BD08F417A37522651DBDEB756CD52D99736266,MD5=CACEF6B7D029B9D1CA39D4D9A34F80E3,SHA256=B446AF8762D93C979656667C5AC8CFDE59D6282198D3902FBDAFDC0E78C1D87E,IMPHASH=DAE02F32A21E03CE65412F6E56942DAA', 'ruleName': 'technique_id=T1059.001,technique_name=PowerShell', 'company': 'Microsoft Corporation', 'fileVersion': '10.0.26100.7462', 'user': 'NT AUTHORITY\\\\SYSTEM'}, 'system': {'eventID': '7', 'keywords': '0x8000000000000000', 'providerGuid': '{5770385f-c22a-43e0-bf4c-06f5698ffbd9}', 'level': '4', 'channel': 'Microsoft-Windows-Sysmon/Operational', 'opcode': '0', 'message': '""Image loaded:\r\nRuleName: technique_id=T1059.001,technique_name=PowerShell\r\nUtcTime: 2025-12-29 09:41:57.845\r\nProcessGuid: {411eefe4-4ce5-6952-eb17-000000001000}\r\nProcessId: 12700\r\nImage: C:\\Windows\\Microsoft.NET\\Framework\\v4.0.30319\\mscorsvw.exe\r\nImageLoaded: C:\\Windows\\Microsoft.NET\\assembly\\GAC_MSIL\\System.Management.Automation\\v4.0_3.0.0.0__31bf3856ad364e35\\System.Management.Automation.dll\r\nFileVersion: 10.0.26100.7462\r\nDescription: System.Management.Automation\r\nProduct: Microsoft (R) Windows (R) Operating System\r\nCompany: Microsoft Corporation\r\nOriginalFileName: System.Management.Automation.dll\r\nHashes: SHA1=00BD08F417A37522651DBDEB756CD52D99736266,MD5=CACEF6B7D029B9D1CA39D4D9A34F80E3,SHA256=B446AF8762D93C979656667C5AC8CFDE59D6282198D3902FBDAFDC0E78C1D87E,IMPHASH=DAE02F32A21E03CE65412F6E56942DAA\r\nSigned: true\r\nSignature: Microsoft Windows\r\nSignatureStatus: Valid\r\nUser: NT AUTHORITY\\SYSTEM""', 'version': '3', 'systemTime': '2025-12-29T09:41:57.8471060Z', 'eventRecordID': '18188', 'threadID': '3676', 'computer': 'WindowsEnd-c7921449-8b62-4c4d-8a83-d9281ac0190b', 'task': '7', 'processID': '1836', 'severityValue': 'INFORMATION', 'providerName': 'Microsoft-Windows-Sysmon'}}}, 'rule': {'firedtimes': 64, 'mail': True, 'level': 12, 'description': 'Binary loaded PowerShell automation library - Possible unmanaged Powershell execution by suspicious process', 'groups': ['sysmon', 'sysmon_eid7_detections', 'windows'], 'mitre': {'technique': ['PowerShell'], 'id': ['T1059.001'], 'tactic': ['Execution']}, 'id': '92151'}, 'decoder': {'name': 'windows_eventchannel'}, 'input': {'type': 'log'}, '@timestamp': '2025-12-29T09:41:58.941Z', 'location': 'EventChannel', 'id': '1767001318.7028158', 'timestamp': '2025-12-29T10:41:58.941+0100'}",critical,
2025-12-29T09:41:58.947Z,Endpoint3-Win,1,92151,Binary loaded PowerShell automation library - Possible unmanaged Powershell execution by suspicious process,12,T1059.001,EventChannel,"{'agent': {'ip': '192.168.100.15', 'name': 'Endpoint3-Win', 'id': '001'}, 'manager': {'name': 'wazuh-vm'}, 'data': {'win': {'eventdata': {'originalFileName': 'System.Management.Automation.dll', 'image': 'C:\\\\Windows\\\\Microsoft.NET\\\\Framework\\\\v4.0.30319\\\\mscorsvw.exe', 'product': 'Microsoft (R) Windows (R) Operating System', 'signature': 'Microsoft Windows', 'imageLoaded': 'C:\\\\Windows\\\\Microsoft.NET\\\\assembly\\\\GAC_MSIL\\\\System.Management.Automation\\\\v4.0_3.0.0.0__31bf3856ad364e35\\\\System.Management.Automation.dll', 'description': 'System.Management.Automation', 'signed': 'true', 'signatureStatus': 'Valid', 'processGuid': '{411eefe4-4ce5-6952-ec17-000000001000}', 'processId': '10932', 'utcTime': '2025-12-29 09:41:58.087', 'hashes': 'SHA1=00BD08F417A37522651DBDEB756CD52D99736266,MD5=CACEF6B7D029B9D1CA39D4D9A34F80E3,SHA256=B446AF8762D93C979656667C5AC8CFDE59D6282198D3902FBDAFDC0E78C1D87E,IMPHASH=DAE02F32A21E03CE65412F6E56942DAA', 'ruleName': 'technique_id=T1059.001,technique_name=PowerShell', 'company': 'Microsoft Corporation', 'fileVersion': '10.0.26100.7462', 'user': 'NT AUTHORITY\\\\SYSTEM'}, 'system': {'eventID': '7', 'keywords': '0x8000000000000000', 'providerGuid': '{5770385f-c22a-43e0-bf4c-06f5698ffbd9}', 'level': '4', 'channel': 'Microsoft-Windows-Sysmon/Operational', 'opcode': '0', 'message': '""Image loaded:\r\nRuleName: technique_id=T1059.001,technique_name=PowerShell\r\nUtcTime: 2025-12-29 09:41:58.087\r\nProcessGuid: {411eefe4-4ce5-6952-ec17-000000001000}\r\nProcessId: 10932\r\nImage: C:\\Windows\\Microsoft.NET\\Framework\\v4.0.30319\\mscorsvw.exe\r\nImageLoaded: C:\\Windows\\Microsoft.NET\\assembly\\GAC_MSIL\\System.Management.Automation\\v4.0_3.0.0.0__31bf3856ad364e35\\System.Management.Automation.dll\r\nFileVersion: 10.0.26100.7462\r\nDescription: System.Management.Automation\r\nProduct: Microsoft (R) Windows (R) Operating System\r\nCompany: Microsoft Corporation\r\nOriginalFileName: System.Management.Automation.dll\r\nHashes: SHA1=00BD08F417A37522651DBDEB756CD52D99736266,MD5=CACEF6B7D029B9D1CA39D4D9A34F80E3,SHA256=B446AF8762D93C979656667C5AC8CFDE59D6282198D3902FBDAFDC0E78C1D87E,IMPHASH=DAE02F32A21E03CE65412F6E56942DAA\r\nSigned: true\r\nSignature: Microsoft Windows\r\nSignatureStatus: Valid\r\nUser: NT AUTHORITY\\SYSTEM""', 'version': '3', 'systemTime': '2025-12-29T09:41:58.0897878Z', 'eventRecordID': '18190', 'threadID': '3676', 'computer': 'WindowsEnd-c7921449-8b62-4c4d-8a83-d9281ac0190b', 'task': '7', 'processID': '1836', 'severityValue': 'INFORMATION', 'providerName': 'Microsoft-Windows-Sysmon'}}}, 'rule': {'firedtimes': 65, 'mail': True, 'level': 12, 'description': 'Binary loaded PowerShell automation library - Possible unmanaged Powershell execution by suspicious process', 'groups': ['sysmon', 'sysmon_eid7_detections', 'windows'], 'mitre': {'technique': ['PowerShell'], 'id': ['T1059.001'], 'tactic': ['Execution']}, 'id': '92151'}, 'decoder': {'name': 'windows_eventchannel'}, 'input': {'type': 'log'}, '@timestamp': '2025-12-29T09:41:58.947Z', 'location': 'EventChannel', 'id': '1767001318.7033430', 'timestamp': '2025-12-29T10:41:58.947+0100'}",critical,
2025-12-29T09:41:58.950Z,Endpoint3-Win,1,92151,Binary loaded PowerShell automation library - Possible unmanaged Powershell execution by suspicious process,12,T1059.001,EventChannel,"{'agent': {'ip': '192.168.100.15', 'name': 'Endpoint3-Win', 'id': '001'}, 'manager': {'name': 'wazuh-vm'}, 'data': {'win': {'eventdata': {'originalFileName': 'System.Management.Automation.dll', 'image': 'C:\\\\Windows\\\\Microsoft.NET\\\\Framework\\\\v4.0.30319\\\\mscorsvw.exe', 'product': 'Microsoft (R) Windows (R) Operating System', 'signature': 'Microsoft Windows', 'imageLoaded': 'C:\\\\Windows\\\\Microsoft.NET\\\\assembly\\\\GAC_MSIL\\\\System.Management.Automation\\\\v4.0_3.0.0.0__31bf3856ad364e35\\\\System.Management.Automation.dll', 'description': 'System.Management.Automation', 'signed': 'true', 'signatureStatus': 'Valid', 'processGuid': '{411eefe4-4ce5-6952-ec17-000000001000}', 'processId': '10932', 'utcTime': '2025-12-29 09:41:58.087', 'hashes': 'SHA1=00BD08F417A37522651DBDEB756CD52D99736266,MD5=CACEF6B7D029B9D1CA39D4D9A34F80E3,SHA256=B446AF8762D93C979656667C5AC8CFDE59D6282198D3902FBDAFDC0E78C1D87E,IMPHASH=DAE02F32A21E03CE65412F6E56942DAA', 'ruleName': 'technique_id=T1059.001,technique_name=PowerShell', 'company': 'Microsoft Corporation', 'fileVersion': '10.0.26100.7462', 'user': 'NT AUTHORITY\\\\SYSTEM'}, 'system': {'eventID': '7', 'keywords': '0x8000000000000000', 'providerGuid': '{5770385f-c22a-43e0-bf4c-06f5698ffbd9}', 'level': '4', 'channel': 'Microsoft-Windows-Sysmon/Operational', 'opcode': '0', 'message': '""Image loaded:\r\nRuleName: technique_id=T1059.001,technique_name=PowerShell\r\nUtcTime: 2025-12-29 09:41:58.087\r\nProcessGuid: {411eefe4-4ce5-6952-ec17-000000001000}\r\nProcessId: 10932\r\nImage: C:\\Windows\\Microsoft.NET\\Framework\\v4.0.30319\\mscorsvw.exe\r\nImageLoaded: C:\\Windows\\Microsoft.NET\\assembly\\GAC_MSIL\\System.Management.Automation\\v4.0_3.0.0.0__31bf3856ad364e35\\System.Management.Automation.dll\r\nFileVersion: 10.0.26100.7462\r\nDescription: System.Management.Automation\r\nProduct: Microsoft (R) Windows (R) Operating System\r\nCompany: Microsoft Corporation\r\nOriginalFileName: System.Management.Automation.dll\r\nHashes: SHA1=00BD08F417A37522651DBDEB756CD52D99736266,MD5=CACEF6B7D029B9D1CA39D4D9A34F80E3,SHA256=B446AF8762D93C979656667C5AC8CFDE59D6282198D3902FBDAFDC0E78C1D87E,IMPHASH=DAE02F32A21E03CE65412F6E56942DAA\r\nSigned: true\r\nSignature: Microsoft Windows\r\nSignatureStatus: Valid\r\nUser: NT AUTHORITY\\SYSTEM""', 'version': '3', 'systemTime': '2025-12-29T09:41:58.0904074Z', 'eventRecordID': '18191', 'threadID': '3676', 'computer': 'WindowsEnd-c7921449-8b62-4c4d-8a83-d9281ac0190b', 'task': '7', 'processID': '1836', 'severityValue': 'INFORMATION', 'providerName': 'Microsoft-Windows-Sysmon'}}}, 'rule': {'firedtimes': 66, 'mail': True, 'level': 12, 'description': 'Binary loaded PowerShell automation library - Possible unmanaged Powershell execution by suspicious process', 'groups': ['sysmon', 'sysmon_eid7_detections', 'windows'], 'mitre': {'technique': ['PowerShell'], 'id': ['T1059.001'], 'tactic': ['Execution']}, 'id': '92151'}, 'decoder': {'name': 'windows_eventchannel'}, 'input': {'type': 'log'}, '@timestamp': '2025-12-29T09:41:58.950Z', 'location': 'EventChannel', 'id': '1767001318.7038702', 'timestamp': '2025-12-29T10:41:58.950+0100'}",critical,
2025-12-29T09:41:58.953Z,Endpoint3-Win,1,92217,Executable dropped in Windows root folder,6,T1570,EventChannel,"{'agent': {'ip': '192.168.100.15', 'name': 'Endpoint3-Win', 'id': '001'}, 'manager': {'name': 'wazuh-vm'}, 'data': {'win': {'eventdata': {'image': 'C:\\\\Windows\\\\Microsoft.NET\\\\Framework\\\\v4.0.30319\\\\mscorsvw.exe', 'processGuid': '{411eefe4-4ce5-6952-ec17-000000001000}', 'processId': '10932', 'utcTime': '2025-12-29 09:41:58.175', 'targetFilename': 'C:\\\\Windows\\\\assembly\\\\NativeImages_v4.0.30319_32\\\\Temp\\\\2ab4-0\\\\Microsoft.Windows.Diagnosis.SDHost.dll', 'ruleName': 'technique_id=T1574.010,technique_name=Services File Permissions Weakness', 'creationUtcTime': '2025-12-29 09:41:58.175', 'user': 'NT AUTHORITY\\\\SYSTEM'}, 'system': {'eventID': '11', 'keywords': '0x8000000000000000', 'providerGuid': '{5770385f-c22a-43e0-bf4c-06f5698ffbd9}', 'level': '4', 'channel': 'Microsoft-Windows-Sysmon/Operational', 'opcode': '0', 'message': '""File created:\r\nRuleName: technique_id=T1574.010,technique_name=Services File Permissions Weakness\r\nUtcTime: 2025-12-29 09:41:58.175\r\nProcessGuid: {411eefe4-4ce5-6952-ec17-000000001000}\r\nProcessId: 10932\r\nImage: C:\\Windows\\Microsoft.NET\\Framework\\v4.0.30319\\mscorsvw.exe\r\nTargetFilename: C:\\Windows\\assembly\\NativeImages_v4.0.30319_32\\Temp\\2ab4-0\\Microsoft.Windows.Diagnosis.SDHost.dll\r\nCreationUtcTime: 2025-12-29 09:41:58.175\r\nUser: NT AUTHORITY\\SYSTEM""', 'version': '2', 'systemTime': '2025-12-29T09:41:58.1770658Z', 'eventRecordID': '18192', 'threadID': '3676', 'computer': 'WindowsEnd-c7921449-8b62-4c4d-8a83-d9281ac0190b', 'task': '11', 'processID': '1836', 'severityValue': 'INFORMATION', 'providerName': 'Microsoft-Windows-Sysmon'}}}, 'rule': {'firedtimes': 29, 'mail': False, 'level': 6, 'description': 'Executable dropped in Windows root folder', 'groups': ['sysmon', 'sysmon_eid11_detections', 'windows'], 'mitre': {'technique': ['Lateral Tool Transfer'], 'id': ['T1570'], 'tactic': ['Lateral Movement']}, 'id': '92217'}, 'decoder': {'name': 'windows_eventchannel'}, 'input': {'type': 'log'}, '@timestamp': '2025-12-29T09:41:58.953Z', 'location': 'EventChannel', 'id': '1767001318.7043974', 'timestamp': '2025-12-29T10:41:58.953+0100'}",medium,
2025-12-29T09:41:59.000Z,Endpoint3-Win,1,92151,Binary loaded PowerShell automation library - Possible unmanaged Powershell execution by suspicious process,12,T1059.001,EventChannel,"{'agent': {'ip': '192.168.100.15', 'name': 'Endpoint3-Win', 'id': '001'}, 'manager': {'name': 'wazuh-vm'}, 'data': {'win': {'eventdata': {'originalFileName': 'System.Management.Automation.dll', 'image': 'C:\\\\Windows\\\\Microsoft.NET\\\\Framework\\\\v4.0.30319\\\\mscorsvw.exe', 'product': 'Microsoft (R) Windows (R) Operating System', 'signature': 'Microsoft Windows', 'imageLoaded': 'C:\\\\Windows\\\\Microsoft.NET\\\\assembly\\\\GAC_MSIL\\\\System.Management.Automation\\\\v4.0_3.0.0.0__31bf3856ad364e35\\\\System.Management.Automation.dll', 'description': 'System.Management.Automation', 'signed': 'true', 'signatureStatus': 'Valid', 'processGuid': '{411eefe4-4ce6-6952-ed17-000000001000}', 'processId': '9992', 'utcTime': '2025-12-29 09:41:58.510', 'hashes': 'SHA1=00BD08F417A37522651DBDEB756CD52D99736266,MD5=CACEF6B7D029B9D1CA39D4D9A34F80E3,SHA256=B446AF8762D93C979656667C5AC8CFDE59D6282198D3902FBDAFDC0E78C1D87E,IMPHASH=DAE02F32A21E03CE65412F6E56942DAA', 'ruleName': 'technique_id=T1059.001,technique_name=PowerShell', 'company': 'Microsoft Corporation', 'fileVersion': '10.0.26100.7462', 'user': 'NT AUTHORITY\\\\SYSTEM'}, 'system': {'eventID': '7', 'keywords': '0x8000000000000000', 'providerGuid': '{5770385f-c22a-43e0-bf4c-06f5698ffbd9}', 'level': '4', 'channel': 'Microsoft-Windows-Sysmon/Operational', 'opcode': '0', 'message': '""Image loaded:\r\nRuleName: technique_id=T1059.001,technique_name=PowerShell\r\nUtcTime: 2025-12-29 09:41:58.510\r\nProcessGuid: {411eefe4-4ce6-6952-ed17-000000001000}\r\nProcessId: 9992\r\nImage: C:\\Windows\\Microsoft.NET\\Framework\\v4.0.30319\\mscorsvw.exe\r\nImageLoaded: C:\\Windows\\Microsoft.NET\\assembly\\GAC_MSIL\\System.Management.Automation\\v4.0_3.0.0.0__31bf3856ad364e35\\System.Management.Automation.dll\r\nFileVersion: 10.0.26100.7462\r\nDescription: System.Management.Automation\r\nProduct: Microsoft (R) Windows (R) Operating System\r\nCompany: Microsoft Corporation\r\nOriginalFileName: System.Management.Automation.dll\r\nHashes: SHA1=00BD08F417A37522651DBDEB756CD52D99736266,MD5=CACEF6B7D029B9D1CA39D4D9A34F80E3,SHA256=B446AF8762D93C979656667C5AC8CFDE59D6282198D3902FBDAFDC0E78C1D87E,IMPHASH=DAE02F32A21E03CE65412F6E56942DAA\r\nSigned: true\r\nSignature: Microsoft Windows\r\nSignatureStatus: Valid\r\nUser: NT AUTHORITY\\SYSTEM""', 'version': '3', 'systemTime': '2025-12-29T09:41:58.5122887Z', 'eventRecordID': '18196', 'threadID': '3676', 'computer': 'WindowsEnd-c7921449-8b62-4c4d-8a83-d9281ac0190b', 'task': '7', 'processID': '1836', 'severityValue': 'INFORMATION', 'providerName': 'Microsoft-Windows-Sysmon'}}}, 'rule': {'firedtimes': 67, 'mail': True, 'level': 12, 'description': 'Binary loaded PowerShell automation library - Possible unmanaged Powershell execution by suspicious process', 'groups': ['sysmon', 'sysmon_eid7_detections', 'windows'], 'mitre': {'technique': ['PowerShell'], 'id': ['T1059.001'], 'tactic': ['Execution']}, 'id': '92151'}, 'decoder': {'name': 'windows_eventchannel'}, 'input': {'type': 'log'}, '@timestamp': '2025-12-29T09:41:59.000Z', 'location': 'EventChannel', 'id': '1767001319.7047229', 'timestamp': '2025-12-29T10:41:59.000+0100'}",critical,
2025-12-29T09:41:59.015Z,Endpoint3-Win,1,92151,Binary loaded PowerShell automation library - Possible unmanaged Powershell execution by suspicious process,12,T1059.001,EventChannel,"{'agent': {'ip': '192.168.100.15', 'name': 'Endpoint3-Win', 'id': '001'}, 'manager': {'name': 'wazuh-vm'}, 'data': {'win': {'eventdata': {'originalFileName': 'System.Management.Automation.dll', 'image': 'C:\\\\Windows\\\\Microsoft.NET\\\\Framework\\\\v4.0.30319\\\\mscorsvw.exe', 'product': 'Microsoft (R) Windows (R) Operating System', 'signature': 'Microsoft Windows', 'imageLoaded': 'C:\\\\Windows\\\\Microsoft.NET\\\\assembly\\\\GAC_MSIL\\\\System.Management.Automation\\\\v4.0_3.0.0.0__31bf3856ad364e35\\\\System.Management.Automation.dll', 'description': 'System.Management.Automation', 'signed': 'true', 'signatureStatus': 'Valid', 'processGuid': '{411eefe4-4ce6-6952-ed17-000000001000}', 'processId': '9992', 'utcTime': '2025-12-29 09:41:58.510', 'hashes': 'SHA1=00BD08F417A37522651DBDEB756CD52D99736266,MD5=CACEF6B7D029B9D1CA39D4D9A34F80E3,SHA256=B446AF8762D93C979656667C5AC8CFDE59D6282198D3902FBDAFDC0E78C1D87E,IMPHASH=DAE02F32A21E03CE65412F6E56942DAA', 'ruleName': 'technique_id=T1059.001,technique_name=PowerShell', 'company': 'Microsoft Corporation', 'fileVersion': '10.0.26100.7462', 'user': 'NT AUTHORITY\\\\SYSTEM'}, 'system': {'eventID': '7', 'keywords': '0x8000000000000000', 'providerGuid': '{5770385f-c22a-43e0-bf4c-06f5698ffbd9}', 'level': '4', 'channel': 'Microsoft-Windows-Sysmon/Operational', 'opcode': '0', 'message': '""Image loaded:\r\nRuleName: technique_id=T1059.001,technique_name=PowerShell\r\nUtcTime: 2025-12-29 09:41:58.510\r\nProcessGuid: {411eefe4-4ce6-6952-ed17-000000001000}\r\nProcessId: 9992\r\nImage: C:\\Windows\\Microsoft.NET\\Framework\\v4.0.30319\\mscorsvw.exe\r\nImageLoaded: C:\\Windows\\Microsoft.NET\\assembly\\GAC_MSIL\\System.Management.Automation\\v4.0_3.0.0.0__31bf3856ad364e35\\System.Management.Automation.dll\r\nFileVersion: 10.0.26100.7462\r\nDescription: System.Management.Automation\r\nProduct: Microsoft (R) Windows (R) Operating System\r\nCompany: Microsoft Corporation\r\nOriginalFileName: System.Management.Automation.dll\r\nHashes: SHA1=00BD08F417A37522651DBDEB756CD52D99736266,MD5=CACEF6B7D029B9D1CA39D4D9A34F80E3,SHA256=B446AF8762D93C979656667C5AC8CFDE59D6282198D3902FBDAFDC0E78C1D87E,IMPHASH=DAE02F32A21E03CE65412F6E56942DAA\r\nSigned: true\r\nSignature: Microsoft Windows\r\nSignatureStatus: Valid\r\nUser: NT AUTHORITY\\SYSTEM""', 'version': '3', 'systemTime': '2025-12-29T09:41:58.5134514Z', 'eventRecordID': '18197', 'threadID': '3676', 'computer': 'WindowsEnd-c7921449-8b62-4c4d-8a83-d9281ac0190b', 'task': '7', 'processID': '1836', 'severityValue': 'INFORMATION', 'providerName': 'Microsoft-Windows-Sysmon'}}}, 'rule': {'firedtimes': 68, 'mail': True, 'level': 12, 'description': 'Binary loaded PowerShell automation library - Possible unmanaged Powershell execution by suspicious process', 'groups': ['sysmon', 'sysmon_eid7_detections', 'windows'], 'mitre': {'technique': ['PowerShell'], 'id': ['T1059.001'], 'tactic': ['Execution']}, 'id': '92151'}, 'decoder': {'name': 'windows_eventchannel'}, 'input': {'type': 'log'}, '@timestamp': '2025-12-29T09:41:59.015Z', 'location': 'EventChannel', 'id': '1767001319.7052497', 'timestamp': '2025-12-29T10:41:59.015+0100'}",critical,
2025-12-29T09:41:59.046Z,Endpoint3-Win,1,92151,Binary loaded PowerShell automation library - Possible unmanaged Powershell execution by suspicious process,12,T1059.001,EventChannel,"{'agent': {'ip': '192.168.100.15', 'name': 'Endpoint3-Win', 'id': '001'}, 'manager': {'name': 'wazuh-vm'}, 'data': {'win': {'eventdata': {'originalFileName': 'System.Management.Automation.dll', 'image': 'C:\\\\Windows\\\\Microsoft.NET\\\\Framework\\\\v4.0.30319\\\\mscorsvw.exe', 'product': 'Microsoft (R) Windows (R) Operating System', 'signature': 'Microsoft Windows', 'imageLoaded': 'C:\\\\Windows\\\\Microsoft.NET\\\\assembly\\\\GAC_MSIL\\\\System.Management.Automation\\\\v4.0_3.0.0.0__31bf3856ad364e35\\\\System.Management.Automation.dll', 'description': 'System.Management.Automation', 'signed': 'true', 'signatureStatus': 'Valid', 'processGuid': '{411eefe4-4ce6-6952-ee17-000000001000}', 'processId': '7328', 'utcTime': '2025-12-29 09:41:58.744', 'hashes': 'SHA1=00BD08F417A37522651DBDEB756CD52D99736266,MD5=CACEF6B7D029B9D1CA39D4D9A34F80E3,SHA256=B446AF8762D93C979656667C5AC8CFDE59D6282198D3902FBDAFDC0E78C1D87E,IMPHASH=DAE02F32A21E03CE65412F6E56942DAA', 'ruleName': 'technique_id=T1059.001,technique_name=PowerShell', 'company': 'Microsoft Corporation', 'fileVersion': '10.0.26100.7462', 'user': 'NT AUTHORITY\\\\SYSTEM'}, 'system': {'eventID': '7', 'keywords': '0x8000000000000000', 'providerGuid': '{5770385f-c22a-43e0-bf4c-06f5698ffbd9}', 'level': '4', 'channel': 'Microsoft-Windows-Sysmon/Operational', 'opcode': '0', 'message': '""Image loaded:\r\nRuleName: technique_id=T1059.001,technique_name=PowerShell\r\nUtcTime: 2025-12-29 09:41:58.744\r\nProcessGuid: {411eefe4-4ce6-6952-ee17-000000001000}\r\nProcessId: 7328\r\nImage: C:\\Windows\\Microsoft.NET\\Framework\\v4.0.30319\\mscorsvw.exe\r\nImageLoaded: C:\\Windows\\Microsoft.NET\\assembly\\GAC_MSIL\\System.Management.Automation\\v4.0_3.0.0.0__31bf3856ad364e35\\System.Management.Automation.dll\r\nFileVersion: 10.0.26100.7462\r\nDescription: System.Management.Automation\r\nProduct: Microsoft (R) Windows (R) Operating System\r\nCompany: Microsoft Corporation\r\nOriginalFileName: System.Management.Automation.dll\r\nHashes: SHA1=00BD08F417A37522651DBDEB756CD52D99736266,MD5=CACEF6B7D029B9D1CA39D4D9A34F80E3,SHA256=B446AF8762D93C979656667C5AC8CFDE59D6282198D3902FBDAFDC0E78C1D87E,IMPHASH=DAE02F32A21E03CE65412F6E56942DAA\r\nSigned: true\r\nSignature: Microsoft Windows\r\nSignatureStatus: Valid\r\nUser: NT AUTHORITY\\SYSTEM""', 'version': '3', 'systemTime': '2025-12-29T09:41:58.7460960Z', 'eventRecordID': '18199', 'threadID': '3676', 'computer': 'WindowsEnd-c7921449-8b62-4c4d-8a83-d9281ac0190b', 'task': '7', 'processID': '1836', 'severityValue': 'INFORMATION', 'providerName': 'Microsoft-Windows-Sysmon'}}}, 'rule': {'firedtimes': 69, 'mail': True, 'level': 12, 'description': 'Binary loaded PowerShell automation library - Possible unmanaged Powershell execution by suspicious process', 'groups': ['sysmon', 'sysmon_eid7_detections', 'windows'], 'mitre': {'technique': ['PowerShell'], 'id': ['T1059.001'], 'tactic': ['Execution']}, 'id': '92151'}, 'decoder': {'name': 'windows_eventchannel'}, 'input': {'type': 'log'}, '@timestamp': '2025-12-29T09:41:59.046Z', 'location': 'EventChannel', 'id': '1767001319.7057765', 'timestamp': '2025-12-29T10:41:59.046+0100'}",critical,
2025-12-29T09:41:59.061Z,Endpoint3-Win,1,92151,Binary loaded PowerShell automation library - Possible unmanaged Powershell execution by suspicious process,12,T1059.001,EventChannel,"{'agent': {'ip': '192.168.100.15', 'name': 'Endpoint3-Win', 'id': '001'}, 'manager': {'name': 'wazuh-vm'}, 'data': {'win': {'eventdata': {'originalFileName': 'System.Management.Automation.dll', 'image': 'C:\\\\Windows\\\\Microsoft.NET\\\\Framework\\\\v4.0.30319\\\\mscorsvw.exe', 'product': 'Microsoft (R) Windows (R) Operating System', 'signature': 'Microsoft Windows', 'imageLoaded': 'C:\\\\Windows\\\\Microsoft.NET\\\\assembly\\\\GAC_MSIL\\\\System.Management.Automation\\\\v4.0_3.0.0.0__31bf3856ad364e35\\\\System.Management.Automation.dll', 'description': 'System.Management.Automation', 'signed': 'true', 'signatureStatus': 'Valid', 'processGuid': '{411eefe4-4ce6-6952-ee17-000000001000}', 'processId': '7328', 'utcTime': '2025-12-29 09:41:58.744', 'hashes': 'SHA1=00BD08F417A37522651DBDEB756CD52D99736266,MD5=CACEF6B7D029B9D1CA39D4D9A34F80E3,SHA256=B446AF8762D93C979656667C5AC8CFDE59D6282198D3902FBDAFDC0E78C1D87E,IMPHASH=DAE02F32A21E03CE65412F6E56942DAA', 'ruleName': 'technique_id=T1059.001,technique_name=PowerShell', 'company': 'Microsoft Corporation', 'fileVersion': '10.0.26100.7462', 'user': 'NT AUTHORITY\\\\SYSTEM'}, 'system': {'eventID': '7', 'keywords': '0x8000000000000000', 'providerGuid': '{5770385f-c22a-43e0-bf4c-06f5698ffbd9}', 'level': '4', 'channel': 'Microsoft-Windows-Sysmon/Operational', 'opcode': '0', 'message': '""Image loaded:\r\nRuleName: technique_id=T1059.001,technique_name=PowerShell\r\nUtcTime: 2025-12-29 09:41:58.744\r\nProcessGuid: {411eefe4-4ce6-6952-ee17-000000001000}\r\nProcessId: 7328\r\nImage: C:\\Windows\\Microsoft.NET\\Framework\\v4.0.30319\\mscorsvw.exe\r\nImageLoaded: C:\\Windows\\Microsoft.NET\\assembly\\GAC_MSIL\\System.Management.Automation\\v4.0_3.0.0.0__31bf3856ad364e35\\System.Management.Automation.dll\r\nFileVersion: 10.0.26100.7462\r\nDescription: System.Management.Automation\r\nProduct: Microsoft (R) Windows (R) Operating System\r\nCompany: Microsoft Corporation\r\nOriginalFileName: System.Management.Automation.dll\r\nHashes: SHA1=00BD08F417A37522651DBDEB756CD52D99736266,MD5=CACEF6B7D029B9D1CA39D4D9A34F80E3,SHA256=B446AF8762D93C979656667C5AC8CFDE59D6282198D3902FBDAFDC0E78C1D87E,IMPHASH=DAE02F32A21E03CE65412F6E56942DAA\r\nSigned: true\r\nSignature: Microsoft Windows\r\nSignatureStatus: Valid\r\nUser: NT AUTHORITY\\SYSTEM""', 'version': '3', 'systemTime': '2025-12-29T09:41:58.7467014Z', 'eventRecordID': '18200', 'threadID': '3676', 'computer': 'WindowsEnd-c7921449-8b62-4c4d-8a83-d9281ac0190b', 'task': '7', 'processID': '1836', 'severityValue': 'INFORMATION', 'providerName': 'Microsoft-Windows-Sysmon'}}}, 'rule': {'firedtimes': 70, 'mail': True, 'level': 12, 'description': 'Binary loaded PowerShell automation library - Possible unmanaged Powershell execution by suspicious process', 'groups': ['sysmon', 'sysmon_eid7_detections', 'windows'], 'mitre': {'technique': ['PowerShell'], 'id': ['T1059.001'], 'tactic': ['Execution']}, 'id': '92151'}, 'decoder': {'name': 'windows_eventchannel'}, 'input': {'type': 'log'}, '@timestamp': '2025-12-29T09:41:59.061Z', 'location': 'EventChannel', 'id': '1767001319.7063033', 'timestamp': '2025-12-29T10:41:59.061+0100'}",critical,
