2025-12-29T10:38:03.711Z,Endpoint3-Win,1,60106,Windows logon success.,3,T1078,EventChannel,"{'agent': {'ip': '192.168.100.15', 'name': 'Endpoint3-Win', 'id': '001'}, 'manager': {'name': 'wazuh-vm'}, 'data': {'win': {'eventdata': {'subjectLogonId': '0x3e7', 'subjectDomainName': 'WORKGROUP', 'targetLinkedLogonId': '0x0', 'impersonationLevel': '%%1833', 'authenticationPackageName': 'Negotiate', 'targetLogonId': '0x3e7', 'logonProcessName': 'Advapi', 'logonGuid': '{00000000-0000-0000-0000-000000000000}', 'targetUserName': 'SYSTEM', 'keyLength': '0', 'elevatedToken': '%%1842', 'subjectUserSid': 'S-1-5-18', 'processId': '0x32c', 'processName': 'C:\\\\Windows\\\\System32\\\\services.exe', 'targetDomainName': 'NT AUTHORITY', 'targetUserSid': 'S-1-5-18', 'virtualAccount': '%%1843', 'logonType': '5', 'subjectUserName': 'WINDOWSEND-C792$'}, 'system': {'eventID': '4624', 'keywords': '0x8020000000000000', 'providerGuid': '{54849625-5478-4994-a5ba-3e3b0328c30d}', 'level': '0', 'channel': 'Security', 'opcode': '0', 'message': '""An account was successfully logged on.\r\n\r\nSubject:\r\n\tSecurity ID:\t\tS-1-5-18\r\n\tAccount Name:\t\tWINDOWSEND-C792$\r\n\tAccount Domain:\t\tWORKGROUP\r\n\tLogon ID:\t\t0x3E7\r\n\r\nLogon Information:\r\n\tLogon Type:\t\t5\r\n\tRestricted Admin Mode:\t-\r\n\tRemote Credential Guard:\t-\r\n\tVirtual Account:\t\tNo\r\n\tElevated Token:\t\tYes\r\n\r\nImpersonation Level:\t\tImpersonation\r\n\r\nNew Logon:\r\n\tSecurity ID:\t\tS-1-5-18\r\n\tAccount Name:\t\tSYSTEM\r\n\tAccount Domain:\t\tNT AUTHORITY\r\n\tLogon ID:\t\t0x3E7\r\n\tLinked Logon ID:\t\t0x0\r\n\tNetwork Account Name:\t-\r\n\tNetwork Account Domain:\t-\r\n\tLogon GUID:\t\t{00000000-0000-0000-0000-000000000000}\r\n\r\nProcess Information:\r\n\tProcess ID:\t\t0x32c\r\n\tProcess Name:\t\tC:\\Windows\\System32\\services.exe\r\n\r\nNetwork Information:\r\n\tWorkstation Name:\t-\r\n\tSource Network Address:\t-\r\n\tSource Port:\t\t-\r\n\r\nDetailed Authentication Information:\r\n\tLogon Process:\t\tAdvapi  \r\n\tAuthentication Package:\tNegotiate\r\n\tTransited Services:\t-\r\n\tPackage Name (NTLM only):\t-\r\n\tKey Length:\t\t0\r\n\r\nThis event is generated when a logon session is created. It is generated on the computer that was accessed.\r\n\r\nThe subject fields indicate the account on the local system which requested the logon. This is most commonly a service such as the Server service, or a local process such as Winlogon.exe or Services.exe.\r\n\r\nThe logon type field indicates the kind of logon that occurred. The most common types are 2 (interactive) and 3 (network).\r\n\r\nThe New Logon fields indicate the account for whom the new logon was created, i.e. the account that was logged on.\r\n\r\nThe network fields indicate where a remote logon request originated. Workstation name is not always available and may be left blank in some cases.\r\n\r\nThe impersonation level field indicates the extent to which a process in the logon session can impersonate.\r\n\r\nThe authentication information fields provide detailed information about this specific logon request.\r\n\t- Logon GUID is a unique identifier that can be used to correlate this event with a KDC event.\r\n\t- Transited services indicate which intermediate services have participated in this logon request.\r\n\t- Package name indicates which sub-protocol was used among the NTLM protocols.\r\n\t- Key length indicates the length of the generated session key. This will be 0 if no session key was requested.""', 'version': '3', 'systemTime': '2025-12-29T10:36:49.4466384Z', 'eventRecordID': '38899', 'threadID': '11900', 'computer': 'WindowsEnd-c7921449-8b62-4c4d-8a83-d9281ac0190b', 'task': '12544', 'processID': '832', 'severityValue': 'AUDIT_SUCCESS', 'providerName': 'Microsoft-Windows-Security-Auditing'}}}, 'rule': {'mail': False, 'level': 3, 'hipaa': ['164.312.b'], 'pci_dss': ['10.2.5'], 'tsc': ['CC6.8', 'CC7.2', 'CC7.3'], 'description': 'Windows logon success.', 'groups': ['windows', 'windows_security', 'authentication_success'], 'nist_800_53': ['AC.7', 'AU.14'], 'gdpr': ['IV_32.2'], 'firedtimes': 9, 'mitre': {'technique': ['Valid Accounts'], 'id': ['T1078'], 'tactic': ['Defense Evasion', 'Persistence', 'Privilege Escalation', 'Initial Access']}, 'id': '60106', 'gpg13': ['7.1', '7.2']}, 'decoder': {'name': 'windows_eventchannel'}, 'input': {'type': 'log'}, '@timestamp': '2025-12-29T10:38:03.711Z', 'location': 'EventChannel', 'id': '1767004683.7616092', 'timestamp': '2025-12-29T11:38:03.711+0100'}",low,
2025-12-29T10:38:03.864Z,Endpoint3-Win,1,60106,Windows logon success.,3,T1078,EventChannel,"{'agent': {'ip': '192.168.100.15', 'name': 'Endpoint3-Win', 'id': '001'}, 'manager': {'name': 'wazuh-vm'}, 'data': {'win': {'eventdata': {'subjectLogonId': '0x3e7', 'subjectDomainName': 'WORKGROUP', 'targetLinkedLogonId': '0x0', 'impersonationLevel': '%%1833', 'authenticationPackageName': 'Negotiate', 'targetLogonId': '0x3e7', 'logonProcessName': 'Advapi', 'logonGuid': '{00000000-0000-0000-0000-000000000000}', 'targetUserName': 'SYSTEM', 'keyLength': '0', 'elevatedToken': '%%1842', 'subjectUserSid': 'S-1-5-18', 'processId': '0x32c', 'processName': 'C:\\\\Windows\\\\System32\\\\services.exe', 'targetDomainName': 'NT AUTHORITY', 'targetUserSid': 'S-1-5-18', 'virtualAccount': '%%1843', 'logonType': '5', 'subjectUserName': 'WINDOWSEND-C792$'}, 'system': {'eventID': '4624', 'keywords': '0x8020000000000000', 'providerGuid': '{54849625-5478-4994-a5ba-3e3b0328c30d}', 'level': '0', 'channel': 'Security', 'opcode': '0', 'message': '""An account was successfully logged on.\r\n\r\nSubject:\r\n\tSecurity ID:\t\tS-1-5-18\r\n\tAccount Name:\t\tWINDOWSEND-C792$\r\n\tAccount Domain:\t\tWORKGROUP\r\n\tLogon ID:\t\t0x3E7\r\n\r\nLogon Information:\r\n\tLogon Type:\t\t5\r\n\tRestricted Admin Mode:\t-\r\n\tRemote Credential Guard:\t-\r\n\tVirtual Account:\t\tNo\r\n\tElevated Token:\t\tYes\r\n\r\nImpersonation Level:\t\tImpersonation\r\n\r\nNew Logon:\r\n\tSecurity ID:\t\tS-1-5-18\r\n\tAccount Name:\t\tSYSTEM\r\n\tAccount Domain:\t\tNT AUTHORITY\r\n\tLogon ID:\t\t0x3E7\r\n\tLinked Logon ID:\t\t0x0\r\n\tNetwork Account Name:\t-\r\n\tNetwork Account Domain:\t-\r\n\tLogon GUID:\t\t{00000000-0000-0000-0000-000000000000}\r\n\r\nProcess Information:\r\n\tProcess ID:\t\t0x32c\r\n\tProcess Name:\t\tC:\\Windows\\System32\\services.exe\r\n\r\nNetwork Information:\r\n\tWorkstation Name:\t-\r\n\tSource Network Address:\t-\r\n\tSource Port:\t\t-\r\n\r\nDetailed Authentication Information:\r\n\tLogon Process:\t\tAdvapi  \r\n\tAuthentication Package:\tNegotiate\r\n\tTransited Services:\t-\r\n\tPackage Name (NTLM only):\t-\r\n\tKey Length:\t\t0\r\n\r\nThis event is generated when a logon session is created. It is generated on the computer that was accessed.\r\n\r\nThe subject fields indicate the account on the local system which requested the logon. This is most commonly a service such as the Server service, or a local process such as Winlogon.exe or Services.exe.\r\n\r\nThe logon type field indicates the kind of logon that occurred. The most common types are 2 (interactive) and 3 (network).\r\n\r\nThe New Logon fields indicate the account for whom the new logon was created, i.e. the account that was logged on.\r\n\r\nThe network fields indicate where a remote logon request originated. Workstation name is not always available and may be left blank in some cases.\r\n\r\nThe impersonation level field indicates the extent to which a process in the logon session can impersonate.\r\n\r\nThe authentication information fields provide detailed information about this specific logon request.\r\n\t- Logon GUID is a unique identifier that can be used to correlate this event with a KDC event.\r\n\t- Transited services indicate which intermediate services have participated in this logon request.\r\n\t- Package name indicates which sub-protocol was used among the NTLM protocols.\r\n\t- Key length indicates the length of the generated session key. This will be 0 if no session key was requested.""', 'version': '3', 'systemTime': '2025-12-29T10:36:51.4961493Z', 'eventRecordID': '38903', 'threadID': '10884', 'computer': 'WindowsEnd-c7921449-8b62-4c4d-8a83-d9281ac0190b', 'task': '12544', 'processID': '832', 'severityValue': 'AUDIT_SUCCESS', 'providerName': 'Microsoft-Windows-Security-Auditing'}}}, 'rule': {'mail': False, 'level': 3, 'hipaa': ['164.312.b'], 'pci_dss': ['10.2.5'], 'tsc': ['CC6.8', 'CC7.2', 'CC7.3'], 'description': 'Windows logon success.', 'groups': ['windows', 'windows_security', 'authentication_success'], 'nist_800_53': ['AC.7', 'AU.14'], 'gdpr': ['IV_32.2'], 'firedtimes': 10, 'mitre': {'technique': ['Valid Accounts'], 'id': ['T1078'], 'tactic': ['Defense Evasion', 'Persistence', 'Privilege Escalation', 'Initial Access']}, 'id': '60106', 'gpg13': ['7.1', '7.2']}, 'decoder': {'name': 'windows_eventchannel'}, 'input': {'type': 'log'}, '@timestamp': '2025-12-29T10:38:03.864Z', 'location': 'EventChannel', 'id': '1767004683.7623542', 'timestamp': '2025-12-29T11:38:03.864+0100'}",low,
2025-12-29T10:38:03.913Z,Endpoint3-Win,1,92052,Windows command prompt started by an abnormal process,4,T1059.003,EventChannel,"{'agent': {'ip': '192.168.100.15', 'name': 'Endpoint3-Win', 'id': '001'}, 'manager': {'name': 'wazuh-vm'}, 'data': {'win': {'eventdata': {'originalFileName': 'Cmd.Exe', 'image': 'C:\\\\Windows\\\\System32\\\\cmd.exe', 'product': 'Microsoft® Windows® Operating System', 'parentProcessGuid': '{411eefe4-ab3e-6951-cb0d-000000001000}', 'description': 'Windows Command Processor', 'logonGuid': '{411eefe4-28dc-6951-f5d2-0e0000000000}', 'parentCommandLine': 'C:\\\\WINDOWS\\\\System32\\\\WindowsPowerShell\\\\v1.0\\\\powershell.exe', 'processGuid': '{411eefe4-590c-6952-e918-000000001000}', 'logonId': '0xed2f5', 'parentProcessId': '5948', 'processId': '11332', 'currentDirectory': 'C:\\\\Users\\\\ayoub\\\\AppData\\\\Local\\\\Temp\\\\', 'utcTime': '2025-12-29 10:33:48.114', 'hashes': 'SHA1=583BAC245F14E4E07E7508692C5D8B97F9EB9E6D,MD5=6D109A3A00F210C1AB89C3B08399ED48,SHA256=64AFC6DB3AAD1289533662E2D79E27DD55C7DCDB8CD918B08E145AD82AD5ACB4,IMPHASH=B0F049C014592B156EB1FA857E99CEB9', 'parentImage': 'C:\\\\Windows\\\\System32\\\\WindowsPowerShell\\\\v1.0\\\\powershell.exe', 'ruleName': 'technique_id=T1059.003,technique_name=Windows Command Shell', 'company': 'Microsoft Corporation', 'commandLine': '\\""cmd.exe\\"" /c \\""C:\\\\AtomicRedTeam\\\\atomics\\\\..\\\\ExternalPayloads\\\\temp_T1027.zip\\\\T1027.exe\\""', 'integrityLevel': 'High', 'fileVersion': '10.0.26100.7309 (WinBuild.160101.0800)', 'user': 'WINDOWSEND-C792\\\\ayoub', 'terminalSessionId': '1', 'parentUser': 'WINDOWSEND-C792\\\\ayoub'}, 'system': {'eventID': '1', 'keywords': '0x8000000000000000', 'providerGuid': '{5770385f-c22a-43e0-bf4c-06f5698ffbd9}', 'level': '4', 'channel': 'Microsoft-Windows-Sysmon/Operational', 'opcode': '0', 'message': '""Process Create:\r\nRuleName: technique_id=T1059.003,technique_name=Windows Command Shell\r\nUtcTime: 2025-12-29 10:33:48.114\r\nProcessGuid: {411eefe4-590c-6952-e918-000000001000}\r\nProcessId: 11332\r\nImage: C:\\Windows\\System32\\cmd.exe\r\nFileVersion: 10.0.26100.7309 (WinBuild.160101.0800)\r\nDescription: Windows Command Processor\r\nProduct: Microsoft® Windows® Operating System\r\nCompany: Microsoft Corporation\r\nOriginalFileName: Cmd.Exe\r\nCommandLine: ""cmd.exe"" /c ""C:\\AtomicRedTeam\\atomics\\..\\ExternalPayloads\\temp_T1027.zip\\T1027.exe""\r\nCurrentDirectory: C:\\Users\\ayoub\\AppData\\Local\\Temp\\\r\nUser: WINDOWSEND-C792\\ayoub\r\nLogonGuid: {411eefe4-28dc-6951-f5d2-0e0000000000}\r\nLogonId: 0xED2F5\r\nTerminalSessionId: 1\r\nIntegrityLevel: High\r\nHashes: SHA1=583BAC245F14E4E07E7508692C5D8B97F9EB9E6D,MD5=6D109A3A00F210C1AB89C3B08399ED48,SHA256=64AFC6DB3AAD1289533662E2D79E27DD55C7DCDB8CD918B08E145AD82AD5ACB4,IMPHASH=B0F049C014592B156EB1FA857E99CEB9\r\nParentProcessGuid: {411eefe4-ab3e-6951-cb0d-000000001000}\r\nParentProcessId: 5948\r\nParentImage: C:\\Windows\\System32\\WindowsPowerShell\\v1.0\\powershell.exe\r\nParentCommandLine: C:\\WINDOWS\\System32\\WindowsPowerShell\\v1.0\\powershell.exe\r\nParentUser: WINDOWSEND-C792\\ayoub""', 'version': '5', 'systemTime': '2025-12-29T10:33:48.1225259Z', 'eventRecordID': '18974', 'threadID': '3676', 'computer': 'WindowsEnd-c7921449-8b62-4c4d-8a83-d9281ac0190b', 'task': '1', 'processID': '1836', 'severityValue': 'INFORMATION', 'providerName': 'Microsoft-Windows-Sysmon'}}}, 'rule': {'firedtimes': 5, 'mail': False, 'level': 4, 'description': 'Windows command prompt started by an abnormal process', 'groups': ['sysmon', 'sysmon_eid1_detections', 'windows'], 'mitre': {'technique': ['Windows Command Shell'], 'id': ['T1059.003'], 'tactic': ['Execution']}, 'id': '92052'}, 'decoder': {'name': 'windows_eventchannel'}, 'input': {'type': 'log'}, '@timestamp': '2025-12-29T10:38:03.913Z', 'location': 'EventChannel', 'id': '1767004683.7630992', 'timestamp': '2025-12-29T11:38:03.913+0100'}",medium,"\""cmd.exe\"" /c \""C:\\AtomicRedTeam\\atomics\\..\\ExternalPayloads\\temp_T1027.zip\\T1027.exe\"""
2025-12-29T10:38:03.942Z,Endpoint3-Win,1,60106,Windows logon success.,3,T1078,EventChannel,"{'agent': {'ip': '192.168.100.15', 'name': 'Endpoint3-Win', 'id': '001'}, 'manager': {'name': 'wazuh-vm'}, 'data': {'win': {'eventdata': {'subjectLogonId': '0x3e7', 'subjectDomainName': 'WORKGROUP', 'targetLinkedLogonId': '0x0', 'impersonationLevel': '%%1833', 'authenticationPackageName': 'Negotiate', 'targetLogonId': '0x3e7', 'logonProcessName': 'Advapi', 'logonGuid': '{00000000-0000-0000-0000-000000000000}', 'targetUserName': 'SYSTEM', 'keyLength': '0', 'elevatedToken': '%%1842', 'subjectUserSid': 'S-1-5-18', 'processId': '0x32c', 'processName': 'C:\\\\Windows\\\\System32\\\\services.exe', 'targetDomainName': 'NT AUTHORITY', 'targetUserSid': 'S-1-5-18', 'virtualAccount': '%%1843', 'logonType': '5', 'subjectUserName': 'WINDOWSEND-C792$'}, 'system': {'eventID': '4624', 'keywords': '0x8020000000000000', 'providerGuid': '{54849625-5478-4994-a5ba-3e3b0328c30d}', 'level': '0', 'channel': 'Security', 'opcode': '0', 'message': '""An account was successfully logged on.\r\n\r\nSubject:\r\n\tSecurity ID:\t\tS-1-5-18\r\n\tAccount Name:\t\tWINDOWSEND-C792$\r\n\tAccount Domain:\t\tWORKGROUP\r\n\tLogon ID:\t\t0x3E7\r\n\r\nLogon Information:\r\n\tLogon Type:\t\t5\r\n\tRestricted Admin Mode:\t-\r\n\tRemote Credential Guard:\t-\r\n\tVirtual Account:\t\tNo\r\n\tElevated Token:\t\tYes\r\n\r\nImpersonation Level:\t\tImpersonation\r\n\r\nNew Logon:\r\n\tSecurity ID:\t\tS-1-5-18\r\n\tAccount Name:\t\tSYSTEM\r\n\tAccount Domain:\t\tNT AUTHORITY\r\n\tLogon ID:\t\t0x3E7\r\n\tLinked Logon ID:\t\t0x0\r\n\tNetwork Account Name:\t-\r\n\tNetwork Account Domain:\t-\r\n\tLogon GUID:\t\t{00000000-0000-0000-0000-000000000000}\r\n\r\nProcess Information:\r\n\tProcess ID:\t\t0x32c\r\n\tProcess Name:\t\tC:\\Windows\\System32\\services.exe\r\n\r\nNetwork Information:\r\n\tWorkstation Name:\t-\r\n\tSource Network Address:\t-\r\n\tSource Port:\t\t-\r\n\r\nDetailed Authentication Information:\r\n\tLogon Process:\t\tAdvapi  \r\n\tAuthentication Package:\tNegotiate\r\n\tTransited Services:\t-\r\n\tPackage Name (NTLM only):\t-\r\n\tKey Length:\t\t0\r\n\r\nThis event is generated when a logon session is created. It is generated on the computer that was accessed.\r\n\r\nThe subject fields indicate the account on the local system which requested the logon. This is most commonly a service such as the Server service, or a local process such as Winlogon.exe or Services.exe.\r\n\r\nThe logon type field indicates the kind of logon that occurred. The most common types are 2 (interactive) and 3 (network).\r\n\r\nThe New Logon fields indicate the account for whom the new logon was created, i.e. the account that was logged on.\r\n\r\nThe network fields indicate where a remote logon request originated. Workstation name is not always available and may be left blank in some cases.\r\n\r\nThe impersonation level field indicates the extent to which a process in the logon session can impersonate.\r\n\r\nThe authentication information fields provide detailed information about this specific logon request.\r\n\t- Logon GUID is a unique identifier that can be used to correlate this event with a KDC event.\r\n\t- Transited services indicate which intermediate services have participated in this logon request.\r\n\t- Package name indicates which sub-protocol was used among the NTLM protocols.\r\n\t- Key length indicates the length of the generated session key. This will be 0 if no session key was requested.""', 'version': '3', 'systemTime': '2025-12-29T10:37:51.5766682Z', 'eventRecordID': '38905', 'threadID': '10884', 'computer': 'WindowsEnd-c7921449-8b62-4c4d-8a83-d9281ac0190b', 'task': '12544', 'processID': '832', 'severityValue': 'AUDIT_SUCCESS', 'providerName': 'Microsoft-Windows-Security-Auditing'}}}, 'rule': {'mail': False, 'level': 3, 'hipaa': ['164.312.b'], 'pci_dss': ['10.2.5'], 'tsc': ['CC6.8', 'CC7.2', 'CC7.3'], 'description': 'Windows logon success.', 'groups': ['windows', 'windows_security', 'authentication_success'], 'nist_800_53': ['AC.7', 'AU.14'], 'gdpr': ['IV_32.2'], 'firedtimes': 11, 'mitre': {'technique': ['Valid Accounts'], 'id': ['T1078'], 'tactic': ['Defense Evasion', 'Persistence', 'Privilege Escalation', 'Initial Access']}, 'id': '60106', 'gpg13': ['7.1', '7.2']}, 'decoder': {'name': 'windows_eventchannel'}, 'input': {'type': 'log'}, '@timestamp': '2025-12-29T10:38:03.942Z', 'location': 'EventChannel', 'id': '1767004683.7637568', 'timestamp': '2025-12-29T11:38:03.942+0100'}",low,
2025-12-29T10:38:04.151Z,Endpoint3-Win,1,92027,Powershell process spawned powershell instance,4,T1059.001,EventChannel,"{'agent': {'ip': '192.168.100.15', 'name': 'Endpoint3-Win', 'id': '001'}, 'manager': {'name': 'wazuh-vm'}, 'data': {'win': {'eventdata': {'originalFileName': 'PowerShell.EXE', 'image': 'C:\\\\Windows\\\\System32\\\\WindowsPowerShell\\\\v1.0\\\\powershell.exe', 'product': 'Microsoft® Windows® Operating System', 'parentProcessGuid': '{411eefe4-ab3e-6951-cb0d-000000001000}', 'description': 'Windows PowerShell', 'logonGuid': '{411eefe4-28dc-6951-f5d2-0e0000000000}', 'parentCommandLine': 'C:\\\\WINDOWS\\\\System32\\\\WindowsPowerShell\\\\v1.0\\\\powershell.exe', 'processGuid': '{411eefe4-5910-6952-ed18-000000001000}', 'logonId': '0xed2f5', 'parentProcessId': '5948', 'processId': '10984', 'currentDirectory': 'C:\\\\Users\\\\ayoub\\\\AppData\\\\Local\\\\Temp\\\\', 'utcTime': '2025-12-29 10:33:52.562', 'hashes': 'SHA1=EB42621654E02FAF2DE940442B6DEB1A77864E5B,MD5=A97E6573B97B44C96122BFA543A82EA1,SHA256=0FF6F2C94BC7E2833A5F7E16DE1622E5DBA70396F31C7D5F56381870317E8C46,IMPHASH=AFACF6DC9041114B198160AAB4D0AE77', 'parentImage': 'C:\\\\Windows\\\\System32\\\\WindowsPowerShell\\\\v1.0\\\\powershell.exe', 'ruleName': 'technique_id=T1083,technique_name=File and Directory Discovery', 'company': 'Microsoft Corporation', 'commandLine': '\\""powershell.exe\\"" &amp; {Send-MailMessage -From test@corp.com -To test@corp.com -Subject \'T1027_Atomic_Test\' -Attachments \\\\\\""\\""C:\\\\AtomicRedTeam\\\\atomics\\\\T1027\\\\src\\\\T1027-cc-macro.xlsm\\\\\\""\\"" -SmtpServer 127.0.0.1}', 'integrityLevel': 'High', 'fileVersion': '10.0.26100.5074 (WinBuild.160101.0800)', 'user': 'WINDOWSEND-C792\\\\ayoub', 'terminalSessionId': '1', 'parentUser': 'WINDOWSEND-C792\\\\ayoub'}, 'system': {'eventID': '1', 'keywords': '0x8000000000000000', 'providerGuid': '{5770385f-c22a-43e0-bf4c-06f5698ffbd9}', 'level': '4', 'channel': 'Microsoft-Windows-Sysmon/Operational', 'opcode': '0', 'message': '""Process Create:\r\nRuleName: technique_id=T1083,technique_name=File and Directory Discovery\r\nUtcTime: 2025-12-29 10:33:52.562\r\nProcessGuid: {411eefe4-5910-6952-ed18-000000001000}\r\nProcessId: 10984\r\nImage: C:\\Windows\\System32\\WindowsPowerShell\\v1.0\\powershell.exe\r\nFileVersion: 10.0.26100.5074 (WinBuild.160101.0800)\r\nDescription: Windows PowerShell\r\nProduct: Microsoft® Windows® Operating System\r\nCompany: Microsoft Corporation\r\nOriginalFileName: PowerShell.EXE\r\nCommandLine: ""powershell.exe"" & {Send-MailMessage -From test@corp.com -To test@corp.com -Subject \'T1027_Atomic_Test\' -Attachments \\""""C:\\AtomicRedTeam\\atomics\\T1027\\src\\T1027-cc-macro.xlsm\\"""" -SmtpServer 127.0.0.1}\r\nCurrentDirectory: C:\\Users\\ayoub\\AppData\\Local\\Temp\\\r\nUser: WINDOWSEND-C792\\ayoub\r\nLogonGuid: {411eefe4-28dc-6951-f5d2-0e0000000000}\r\nLogonId: 0xED2F5\r\nTerminalSessionId: 1\r\nIntegrityLevel: High\r\nHashes: SHA1=EB42621654E02FAF2DE940442B6DEB1A77864E5B,MD5=A97E6573B97B44C96122BFA543A82EA1,SHA256=0FF6F2C94BC7E2833A5F7E16DE1622E5DBA70396F31C7D5F56381870317E8C46,IMPHASH=AFACF6DC9041114B198160AAB4D0AE77\r\nParentProcessGuid: {411eefe4-ab3e-6951-cb0d-000000001000}\r\nParentProcessId: 5948\r\nParentImage: C:\\Windows\\System32\\WindowsPowerShell\\v1.0\\powershell.exe\r\nParentCommandLine: C:\\WINDOWS\\System32\\WindowsPowerShell\\v1.0\\powershell.exe\r\nParentUser: WINDOWSEND-C792\\ayoub""', 'version': '5', 'systemTime': '2025-12-29T10:33:52.5719375Z', 'eventRecordID': '18986', 'threadID': '3676', 'computer': 'WindowsEnd-c7921449-8b62-4c4d-8a83-d9281ac0190b', 'task': '1', 'processID': '1836', 'severityValue': 'INFORMATION', 'providerName': 'Microsoft-Windows-Sysmon'}}}, 'rule': {'firedtimes': 5, 'mail': False, 'level': 4, 'description': 'Powershell process spawned powershell instance', 'groups': ['sysmon', 'sysmon_eid1_detections', 'windows'], 'mitre': {'technique': ['PowerShell'], 'id': ['T1059.001'], 'tactic': ['Execution']}, 'id': '92027'}, 'decoder': {'name': 'windows_eventchannel'}, 'input': {'type': 'log'}, '@timestamp': '2025-12-29T10:38:04.151Z', 'location': 'EventChannel', 'id': '1767004684.7645018', 'timestamp': '2025-12-29T11:38:04.151+0100'}",medium,"\""powershell.exe\"" &amp; {Send-MailMessage -From test@corp.com -To test@corp.com -Subject 'T1027_Atomic_Test' -Attachments \\\""\""C:\\AtomicRedTeam\\atomics\\T1027\\src\\T1027-cc-macro.xlsm\\\""\"" -SmtpServer 127.0.0.1}"
2025-12-29T10:38:04.326Z,Endpoint3-Win,1,92213,Executable file dropped in folder commonly used by malware,15,T1105,EventChannel,"{'agent': {'ip': '192.168.100.15', 'name': 'Endpoint3-Win', 'id': '001'}, 'manager': {'name': 'wazuh-vm'}, 'data': {'win': {'eventdata': {'image': 'C:\\\\WINDOWS\\\\System32\\\\WindowsPowerShell\\\\v1.0\\\\powershell.exe', 'processGuid': '{411eefe4-5910-6952-ed18-000000001000}', 'processId': '10984', 'utcTime': '2025-12-29 10:33:52.819', 'targetFilename': 'C:\\\\Users\\\\ayoub\\\\AppData\\\\Local\\\\Temp\\\\__PSScriptPolicyTest_lcnmahdy.kkv.ps1', 'ruleName': 'technique_id=T1059.001,technique_name=PowerShell', 'creationUtcTime': '2025-12-29 10:33:52.819', 'user': 'WINDOWSEND-C792\\\\ayoub'}, 'system': {'eventID': '11', 'keywords': '0x8000000000000000', 'providerGuid': '{5770385f-c22a-43e0-bf4c-06f5698ffbd9}', 'level': '4', 'channel': 'Microsoft-Windows-Sysmon/Operational', 'opcode': '0', 'message': '""File created:\r\nRuleName: technique_id=T1059.001,technique_name=PowerShell\r\nUtcTime: 2025-12-29 10:33:52.819\r\nProcessGuid: {411eefe4-5910-6952-ed18-000000001000}\r\nProcessId: 10984\r\nImage: C:\\WINDOWS\\System32\\WindowsPowerShell\\v1.0\\powershell.exe\r\nTargetFilename: C:\\Users\\ayoub\\AppData\\Local\\Temp\\__PSScriptPolicyTest_lcnmahdy.kkv.ps1\r\nCreationUtcTime: 2025-12-29 10:33:52.819\r\nUser: WINDOWSEND-C792\\ayoub""', 'version': '2', 'systemTime': '2025-12-29T10:33:52.8387510Z', 'eventRecordID': '18996', 'threadID': '3676', 'computer': 'WindowsEnd-c7921449-8b62-4c4d-8a83-d9281ac0190b', 'task': '11', 'processID': '1836', 'severityValue': 'INFORMATION', 'providerName': 'Microsoft-Windows-Sysmon'}}}, 'rule': {'firedtimes': 12, 'mail': True, 'level': 15, 'description': 'Executable file dropped in folder commonly used by malware', 'groups': ['sysmon', 'sysmon_eid11_detections', 'windows'], 'mitre': {'technique': ['Ingress Tool Transfer'], 'id': ['T1105'], 'tactic': ['Command and Control']}, 'id': '92213'}, 'decoder': {'name': 'windows_eventchannel'}, 'input': {'type': 'log'}, '@timestamp': '2025-12-29T10:38:04.326Z', 'location': 'EventChannel', 'id': '1767004684.7652216', 'timestamp': '2025-12-29T11:38:04.326+0100'}",critical,
2025-12-29T10:38:04.825Z,Endpoint3-Win,1,92052,Windows command prompt started by an abnormal process,4,T1059.003,EventChannel,"{'agent': {'ip': '192.168.100.15', 'name': 'Endpoint3-Win', 'id': '001'}, 'manager': {'name': 'wazuh-vm'}, 'data': {'win': {'eventdata': {'originalFileName': 'Cmd.Exe', 'image': 'C:\\\\Windows\\\\System32\\\\cmd.exe', 'product': 'Microsoft® Windows® Operating System', 'parentProcessGuid': '{411eefe4-ab3e-6951-cb0d-000000001000}', 'description': 'Windows Command Processor', 'logonGuid': '{411eefe4-28dc-6951-f5d2-0e0000000000}', 'parentCommandLine': 'C:\\\\WINDOWS\\\\System32\\\\WindowsPowerShell\\\\v1.0\\\\powershell.exe', 'processGuid': '{411eefe4-5924-6952-fd18-000000001000}', 'logonId': '0xed2f5', 'parentProcessId': '5948', 'processId': '10176', 'currentDirectory': 'C:\\\\Users\\\\ayoub\\\\AppData\\\\Local\\\\Temp\\\\', 'utcTime': '2025-12-29 10:34:12.339', 'hashes': 'SHA1=583BAC245F14E4E07E7508692C5D8B97F9EB9E6D,MD5=6D109A3A00F210C1AB89C3B08399ED48,SHA256=64AFC6DB3AAD1289533662E2D79E27DD55C7DCDB8CD918B08E145AD82AD5ACB4,IMPHASH=B0F049C014592B156EB1FA857E99CEB9', 'parentImage': 'C:\\\\Windows\\\\System32\\\\WindowsPowerShell\\\\v1.0\\\\powershell.exe', 'ruleName': 'technique_id=T1018,technique_name=Remote System Discovery', 'company': 'Microsoft Corporation', 'commandLine': '\\""cmd.exe\\"" /c net view /domain &amp; net view', 'integrityLevel': 'High', 'fileVersion': '10.0.26100.7309 (WinBuild.160101.0800)', 'user': 'WINDOWSEND-C792\\\\ayoub', 'terminalSessionId': '1', 'parentUser': 'WINDOWSEND-C792\\\\ayoub'}, 'system': {'eventID': '1', 'keywords': '0x8000000000000000', 'providerGuid': '{5770385f-c22a-43e0-bf4c-06f5698ffbd9}', 'level': '4', 'channel': 'Microsoft-Windows-Sysmon/Operational', 'opcode': '0', 'message': '""Process Create:\r\nRuleName: technique_id=T1018,technique_name=Remote System Discovery\r\nUtcTime: 2025-12-29 10:34:12.339\r\nProcessGuid: {411eefe4-5924-6952-fd18-000000001000}\r\nProcessId: 10176\r\nImage: C:\\Windows\\System32\\cmd.exe\r\nFileVersion: 10.0.26100.7309 (WinBuild.160101.0800)\r\nDescription: Windows Command Processor\r\nProduct: Microsoft® Windows® Operating System\r\nCompany: Microsoft Corporation\r\nOriginalFileName: Cmd.Exe\r\nCommandLine: ""cmd.exe"" /c net view /domain & net view\r\nCurrentDirectory: C:\\Users\\ayoub\\AppData\\Local\\Temp\\\r\nUser: WINDOWSEND-C792\\ayoub\r\nLogonGuid: {411eefe4-28dc-6951-f5d2-0e0000000000}\r\nLogonId: 0xED2F5\r\nTerminalSessionId: 1\r\nIntegrityLevel: High\r\nHashes: SHA1=583BAC245F14E4E07E7508692C5D8B97F9EB9E6D,MD5=6D109A3A00F210C1AB89C3B08399ED48,SHA256=64AFC6DB3AAD1289533662E2D79E27DD55C7DCDB8CD918B08E145AD82AD5ACB4,IMPHASH=B0F049C014592B156EB1FA857E99CEB9\r\nParentProcessGuid: {411eefe4-ab3e-6951-cb0d-000000001000}\r\nParentProcessId: 5948\r\nParentImage: C:\\Windows\\System32\\WindowsPowerShell\\v1.0\\powershell.exe\r\nParentCommandLine: C:\\WINDOWS\\System32\\WindowsPowerShell\\v1.0\\powershell.exe\r\nParentUser: WINDOWSEND-C792\\ayoub""', 'version': '5', 'systemTime': '2025-12-29T10:34:12.3430544Z', 'eventRecordID': '19028', 'threadID': '3676', 'computer': 'WindowsEnd-c7921449-8b62-4c4d-8a83-d9281ac0190b', 'task': '1', 'processID': '1836', 'severityValue': 'INFORMATION', 'providerName': 'Microsoft-Windows-Sysmon'}}}, 'rule': {'firedtimes': 6, 'mail': False, 'level': 4, 'description': 'Windows command prompt started by an abnormal process', 'groups': ['sysmon', 'sysmon_eid1_detections', 'windows'], 'mitre': {'technique': ['Windows Command Shell'], 'id': ['T1059.003'], 'tactic': ['Execution']}, 'id': '92052'}, 'decoder': {'name': 'windows_eventchannel'}, 'input': {'type': 'log'}, '@timestamp': '2025-12-29T10:38:04.825Z', 'location': 'EventChannel', 'id': '1767004684.7655299', 'timestamp': '2025-12-29T11:38:04.825+0100'}",medium,"\""cmd.exe\"" /c net view /domain &amp; net view"
2025-12-29T10:38:04.871Z,Endpoint3-Win,1,92035,A net.exe domain discovery command was executed,3,T1135;T1059.003,EventChannel,"{'agent': {'ip': '192.168.100.15', 'name': 'Endpoint3-Win', 'id': '001'}, 'manager': {'name': 'wazuh-vm'}, 'data': {'win': {'eventdata': {'originalFileName': 'net.exe', 'image': 'C:\\\\Windows\\\\System32\\\\net.exe', 'product': 'Microsoft® Windows® Operating System', 'parentProcessGuid': '{411eefe4-5924-6952-fd18-000000001000}', 'description': 'Net Command', 'logonGuid': '{411eefe4-28dc-6951-f5d2-0e0000000000}', 'parentCommandLine': '\\""cmd.exe\\"" /c net view /domain &amp; net view', 'processGuid': '{411eefe4-5924-6952-ff18-000000001000}', 'logonId': '0xed2f5', 'parentProcessId': '10176', 'processId': '11364', 'currentDirectory': 'C:\\\\Users\\\\ayoub\\\\AppData\\\\Local\\\\Temp\\\\', 'utcTime': '2025-12-29 10:34:12.405', 'hashes': 'SHA1=3B0F836C81F49026DDDE7D86E4C2F4D17ED6D71F,MD5=8A1E71312BD2AAE202652113049CDBD1,SHA256=BB3E638C8B5B6EF80847E364AEEF2796CAD25D3539CF9B41D3820FA48943E777,IMPHASH=EF46B86C2346DA0A991DE4B78AAF4E75', 'parentImage': 'C:\\\\Windows\\\\System32\\\\cmd.exe', 'ruleName': 'technique_id=T1018,technique_name=Remote System Discovery', 'company': 'Microsoft Corporation', 'commandLine': 'net  view /domain', 'integrityLevel': 'High', 'fileVersion': '10.0.26100.7019 (WinBuild.160101.0800)', 'user': 'WINDOWSEND-C792\\\\ayoub', 'terminalSessionId': '1', 'parentUser': 'WINDOWSEND-C792\\\\ayoub'}, 'system': {'eventID': '1', 'keywords': '0x8000000000000000', 'providerGuid': '{5770385f-c22a-43e0-bf4c-06f5698ffbd9}', 'level': '4', 'channel': 'Microsoft-Windows-Sysmon/Operational', 'opcode': '0', 'message': '""Process Create:\r\nRuleName: technique_id=T1018,technique_name=Remote System Discovery\r\nUtcTime: 2025-12-29 10:34:12.405\r\nProcessGuid: {411eefe4-5924-6952-ff18-000000001000}\r\nProcessId: 11364\r\nImage: C:\\Windows\\System32\\net.exe\r\nFileVersion: 10.0.26100.7019 (WinBuild.160101.0800)\r\nDescription: Net Command\r\nProduct: Microsoft® Windows® Operating System\r\nCompany: Microsoft Corporation\r\nOriginalFileName: net.exe\r\nCommandLine: net  view /domain \r\nCurrentDirectory: C:\\Users\\ayoub\\AppData\\Local\\Temp\\\r\nUser: WINDOWSEND-C792\\ayoub\r\nLogonGuid: {411eefe4-28dc-6951-f5d2-0e0000000000}\r\nLogonId: 0xED2F5\r\nTerminalSessionId: 1\r\nIntegrityLevel: High\r\nHashes: SHA1=3B0F836C81F49026DDDE7D86E4C2F4D17ED6D71F,MD5=8A1E71312BD2AAE202652113049CDBD1,SHA256=BB3E638C8B5B6EF80847E364AEEF2796CAD25D3539CF9B41D3820FA48943E777,IMPHASH=EF46B86C2346DA0A991DE4B78AAF4E75\r\nParentProcessGuid: {411eefe4-5924-6952-fd18-000000001000}\r\nParentProcessId: 10176\r\nParentImage: C:\\Windows\\System32\\cmd.exe\r\nParentCommandLine: ""cmd.exe"" /c net view /domain & net view\r\nParentUser: WINDOWSEND-C792\\ayoub""', 'version': '5', 'systemTime': '2025-12-29T10:34:12.4118411Z', 'eventRecordID': '19031', 'threadID': '3676', 'computer': 'WindowsEnd-c7921449-8b62-4c4d-8a83-d9281ac0190b', 'task': '1', 'processID': '1836', 'severityValue': 'INFORMATION', 'providerName': 'Microsoft-Windows-Sysmon'}}}, 'rule': {'firedtimes': 1, 'mail': False, 'level': 3, 'description': 'A net.exe domain discovery command was executed', 'groups': ['sysmon', 'sysmon_eid1_detections', 'windows'], 'mitre': {'technique': ['Network Share Discovery', 'Windows Command Shell'], 'id': ['T1135', 'T1059.003'], 'tactic': ['Discovery', 'Execution']}, 'id': '92035'}, 'decoder': {'name': 'windows_eventchannel'}, 'input': {'type': 'log'}, '@timestamp': '2025-12-29T10:38:04.871Z', 'location': 'EventChannel', 'id': '1767004684.7661659', 'timestamp': '2025-12-29T11:38:04.871+0100'}",low,net  view /domain
2025-12-29T10:38:04.886Z,Endpoint3-Win,1,92034,Discovery activity spawned via cmd shell execution,3,T1135,EventChannel,"{'agent': {'ip': '192.168.100.15', 'name': 'Endpoint3-Win', 'id': '001'}, 'manager': {'name': 'wazuh-vm'}, 'data': {'win': {'eventdata': {'originalFileName': 'net.exe', 'image': 'C:\\\\Windows\\\\System32\\\\net.exe', 'product': 'Microsoft® Windows® Operating System', 'parentProcessGuid': '{411eefe4-5924-6952-fd18-000000001000}', 'description': 'Net Command', 'logonGuid': '{411eefe4-28dc-6951-f5d2-0e0000000000}', 'parentCommandLine': '\\""cmd.exe\\"" /c net view /domain &amp; net view', 'processGuid': '{411eefe4-5935-6952-0019-000000001000}', 'logonId': '0xed2f5', 'parentProcessId': '10176', 'processId': '10360', 'currentDirectory': 'C:\\\\Users\\\\ayoub\\\\AppData\\\\Local\\\\Temp\\\\', 'utcTime': '2025-12-29 10:34:29.259', 'hashes': 'SHA1=3B0F836C81F49026DDDE7D86E4C2F4D17ED6D71F,MD5=8A1E71312BD2AAE202652113049CDBD1,SHA256=BB3E638C8B5B6EF80847E364AEEF2796CAD25D3539CF9B41D3820FA48943E777,IMPHASH=EF46B86C2346DA0A991DE4B78AAF4E75', 'parentImage': 'C:\\\\Windows\\\\System32\\\\cmd.exe', 'ruleName': 'technique_id=T1018,technique_name=Remote System Discovery', 'company': 'Microsoft Corporation', 'commandLine': 'net  view', 'integrityLevel': 'High', 'fileVersion': '10.0.26100.7019 (WinBuild.160101.0800)', 'user': 'WINDOWSEND-C792\\\\ayoub', 'terminalSessionId': '1', 'parentUser': 'WINDOWSEND-C792\\\\ayoub'}, 'system': {'eventID': '1', 'keywords': '0x8000000000000000', 'providerGuid': '{5770385f-c22a-43e0-bf4c-06f5698ffbd9}', 'level': '4', 'channel': 'Microsoft-Windows-Sysmon/Operational', 'opcode': '0', 'message': '""Process Create:\r\nRuleName: technique_id=T1018,technique_name=Remote System Discovery\r\nUtcTime: 2025-12-29 10:34:29.259\r\nProcessGuid: {411eefe4-5935-6952-0019-000000001000}\r\nProcessId: 10360\r\nImage: C:\\Windows\\System32\\net.exe\r\nFileVersion: 10.0.26100.7019 (WinBuild.160101.0800)\r\nDescription: Net Command\r\nProduct: Microsoft® Windows® Operating System\r\nCompany: Microsoft Corporation\r\nOriginalFileName: net.exe\r\nCommandLine: net  view\r\nCurrentDirectory: C:\\Users\\ayoub\\AppData\\Local\\Temp\\\r\nUser: WINDOWSEND-C792\\ayoub\r\nLogonGuid: {411eefe4-28dc-6951-f5d2-0e0000000000}\r\nLogonId: 0xED2F5\r\nTerminalSessionId: 1\r\nIntegrityLevel: High\r\nHashes: SHA1=3B0F836C81F49026DDDE7D86E4C2F4D17ED6D71F,MD5=8A1E71312BD2AAE202652113049CDBD1,SHA256=BB3E638C8B5B6EF80847E364AEEF2796CAD25D3539CF9B41D3820FA48943E777,IMPHASH=EF46B86C2346DA0A991DE4B78AAF4E75\r\nParentProcessGuid: {411eefe4-5924-6952-fd18-000000001000}\r\nParentProcessId: 10176\r\nParentImage: C:\\Windows\\System32\\cmd.exe\r\nParentCommandLine: ""cmd.exe"" /c net view /domain & net view\r\nParentUser: WINDOWSEND-C792\\ayoub""', 'version': '5', 'systemTime': '2025-12-29T10:34:29.2696346Z', 'eventRecordID': '19032', 'threadID': '3676', 'computer': 'WindowsEnd-c7921449-8b62-4c4d-8a83-d9281ac0190b', 'task': '1', 'processID': '1836', 'severityValue': 'INFORMATION', 'providerName': 'Microsoft-Windows-Sysmon'}}}, 'rule': {'firedtimes': 1, 'mail': False, 'level': 3, 'description': 'Discovery activity spawned via cmd shell execution', 'groups': ['sysmon', 'sysmon_eid1_detections', 'windows'], 'mitre': {'technique': ['Network Share Discovery'], 'id': ['T1135'], 'tactic': ['Discovery']}, 'id': '92034'}, 'decoder': {'name': 'windows_eventchannel'}, 'input': {'type': 'log'}, '@timestamp': '2025-12-29T10:38:04.886Z', 'location': 'EventChannel', 'id': '1767004684.7667648', 'timestamp': '2025-12-29T11:38:04.886+0100'}",low,net  view
2025-12-29T10:38:04.934Z,Endpoint3-Win,1,92004,Powershell process spawned Windows command shell instance,4,T1059.003,EventChannel,"{'agent': {'ip': '192.168.100.15', 'name': 'Endpoint3-Win', 'id': '001'}, 'manager': {'name': 'wazuh-vm'}, 'data': {'win': {'eventdata': {'originalFileName': 'Cmd.Exe', 'image': 'C:\\\\Windows\\\\System32\\\\cmd.exe', 'product': 'Microsoft® Windows® Operating System', 'parentProcessGuid': '{411eefe4-a5b2-6951-630a-000000001000}', 'description': 'Windows Command Processor', 'logonGuid': '{411eefe4-28dc-6951-f5d2-0e0000000000}', 'parentCommandLine': 'C:\\\\WINDOWS\\\\System32\\\\WindowsPowerShell\\\\v1.0\\\\powershell.exe', 'processGuid': '{411eefe4-593e-6952-0119-000000001000}', 'logonId': '0xed2f5', 'parentProcessId': '8760', 'processId': '12240', 'currentDirectory': 'C:\\\\Users\\\\ayoub\\\\', 'utcTime': '2025-12-29 10:34:38.312', 'hashes': 'SHA1=583BAC245F14E4E07E7508692C5D8B97F9EB9E6D,MD5=6D109A3A00F210C1AB89C3B08399ED48,SHA256=64AFC6DB3AAD1289533662E2D79E27DD55C7DCDB8CD918B08E145AD82AD5ACB4,IMPHASH=B0F049C014592B156EB1FA857E99CEB9', 'parentImage': 'C:\\\\Windows\\\\System32\\\\WindowsPowerShell\\\\v1.0\\\\powershell.exe', 'ruleName': 'technique_id=T1059.003,technique_name=Windows Command Shell', 'company': 'Microsoft Corporation', 'commandLine': '\\""C:\\\\WINDOWS\\\\system32\\\\cmd.exe\\"" /c \\""ipconfig /all\\""', 'integrityLevel': 'High', 'fileVersion': '10.0.26100.7309 (WinBuild.160101.0800)', 'user': 'WINDOWSEND-C792\\\\ayoub', 'terminalSessionId': '1', 'parentUser': 'WINDOWSEND-C792\\\\ayoub'}, 'system': {'eventID': '1', 'keywords': '0x8000000000000000', 'providerGuid': '{5770385f-c22a-43e0-bf4c-06f5698ffbd9}', 'level': '4', 'channel': 'Microsoft-Windows-Sysmon/Operational', 'opcode': '0', 'message': '""Process Create:\r\nRuleName: technique_id=T1059.003,technique_name=Windows Command Shell\r\nUtcTime: 2025-12-29 10:34:38.312\r\nProcessGuid: {411eefe4-593e-6952-0119-000000001000}\r\nProcessId: 12240\r\nImage: C:\\Windows\\System32\\cmd.exe\r\nFileVersion: 10.0.26100.7309 (WinBuild.160101.0800)\r\nDescription: Windows Command Processor\r\nProduct: Microsoft® Windows® Operating System\r\nCompany: Microsoft Corporation\r\nOriginalFileName: Cmd.Exe\r\nCommandLine: ""C:\\WINDOWS\\system32\\cmd.exe"" /c ""ipconfig /all""\r\nCurrentDirectory: C:\\Users\\ayoub\\\r\nUser: WINDOWSEND-C792\\ayoub\r\nLogonGuid: {411eefe4-28dc-6951-f5d2-0e0000000000}\r\nLogonId: 0xED2F5\r\nTerminalSessionId: 1\r\nIntegrityLevel: High\r\nHashes: SHA1=583BAC245F14E4E07E7508692C5D8B97F9EB9E6D,MD5=6D109A3A00F210C1AB89C3B08399ED48,SHA256=64AFC6DB3AAD1289533662E2D79E27DD55C7DCDB8CD918B08E145AD82AD5ACB4,IMPHASH=B0F049C014592B156EB1FA857E99CEB9\r\nParentProcessGuid: {411eefe4-a5b2-6951-630a-000000001000}\r\nParentProcessId: 8760\r\nParentImage: C:\\Windows\\System32\\WindowsPowerShell\\v1.0\\powershell.exe\r\nParentCommandLine: C:\\WINDOWS\\System32\\WindowsPowerShell\\v1.0\\powershell.exe\r\nParentUser: WINDOWSEND-C792\\ayoub""', 'version': '5', 'systemTime': '2025-12-29T10:34:38.3216698Z', 'eventRecordID': '19035', 'threadID': '3676', 'computer': 'WindowsEnd-c7921449-8b62-4c4d-8a83-d9281ac0190b', 'task': '1', 'processID': '1836', 'severityValue': 'INFORMATION', 'providerName': 'Microsoft-Windows-Sysmon'}}}, 'rule': {'firedtimes': 6, 'mail': False, 'level': 4, 'description': 'Powershell process spawned Windows command shell instance', 'groups': ['sysmon', 'sysmon_eid1_detections', 'windows'], 'mitre': {'technique': ['Windows Command Shell'], 'id': ['T1059.003'], 'tactic': ['Execution']}, 'id': '92004'}, 'decoder': {'name': 'windows_eventchannel'}, 'input': {'type': 'log'}, '@timestamp': '2025-12-29T10:38:04.934Z', 'location': 'EventChannel', 'id': '1767004684.7673606', 'timestamp': '2025-12-29T11:38:04.934+0100'}",medium,"\""C:\\WINDOWS\\system32\\cmd.exe\"" /c \""ipconfig /all\"""
2025-12-29T10:38:04.965Z,Endpoint3-Win,1,92032,Suspicious Windows cmd shell execution,3,T1087;T1059.003,EventChannel,"{'agent': {'ip': '192.168.100.15', 'name': 'Endpoint3-Win', 'id': '001'}, 'manager': {'name': 'wazuh-vm'}, 'data': {'win': {'eventdata': {'originalFileName': 'ipconfig.exe', 'image': 'C:\\\\Windows\\\\System32\\\\ipconfig.exe', 'product': 'Microsoft® Windows® Operating System', 'parentProcessGuid': '{411eefe4-593e-6952-0119-000000001000}', 'description': 'IP Configuration Utility', 'logonGuid': '{411eefe4-28dc-6951-f5d2-0e0000000000}', 'parentCommandLine': '\\""C:\\\\WINDOWS\\\\system32\\\\cmd.exe\\"" /c \\""ipconfig /all\\""', 'processGuid': '{411eefe4-593e-6952-0219-000000001000}', 'logonId': '0xed2f5', 'parentProcessId': '12240', 'processId': '13964', 'currentDirectory': 'C:\\\\Users\\\\ayoub\\\\', 'utcTime': '2025-12-29 10:34:38.374', 'hashes': 'SHA1=11583BBAD86AB2F89B4D76ADD46FE3172CBE2F28,MD5=E05BAABECE1F1A0B26B5E8BF991A3BCE,SHA256=AC7966280133DF541509EB0676E4B2F994BAC65E960C79415CCF9F12E17DAC5C,IMPHASH=CBC2F12E2905610996C50B4E23E96AB7', 'parentImage': 'C:\\\\Windows\\\\System32\\\\cmd.exe', 'ruleName': 'technique_id=T1016,technique_name=System Network Configuration Discovery', 'company': 'Microsoft Corporation', 'commandLine': 'ipconfig  /all', 'integrityLevel': 'High', 'fileVersion': '10.0.26100.7309 (WinBuild.160101.0800)', 'user': 'WINDOWSEND-C792\\\\ayoub', 'terminalSessionId': '1', 'parentUser': 'WINDOWSEND-C792\\\\ayoub'}, 'system': {'eventID': '1', 'keywords': '0x8000000000000000', 'providerGuid': '{5770385f-c22a-43e0-bf4c-06f5698ffbd9}', 'level': '4', 'channel': 'Microsoft-Windows-Sysmon/Operational', 'opcode': '0', 'message': '""Process Create:\r\nRuleName: technique_id=T1016,technique_name=System Network Configuration Discovery\r\nUtcTime: 2025-12-29 10:34:38.374\r\nProcessGuid: {411eefe4-593e-6952-0219-000000001000}\r\nProcessId: 13964\r\nImage: C:\\Windows\\System32\\ipconfig.exe\r\nFileVersion: 10.0.26100.7309 (WinBuild.160101.0800)\r\nDescription: IP Configuration Utility\r\nProduct: Microsoft® Windows® Operating System\r\nCompany: Microsoft Corporation\r\nOriginalFileName: ipconfig.exe\r\nCommandLine: ipconfig  /all\r\nCurrentDirectory: C:\\Users\\ayoub\\\r\nUser: WINDOWSEND-C792\\ayoub\r\nLogonGuid: {411eefe4-28dc-6951-f5d2-0e0000000000}\r\nLogonId: 0xED2F5\r\nTerminalSessionId: 1\r\nIntegrityLevel: High\r\nHashes: SHA1=11583BBAD86AB2F89B4D76ADD46FE3172CBE2F28,MD5=E05BAABECE1F1A0B26B5E8BF991A3BCE,SHA256=AC7966280133DF541509EB0676E4B2F994BAC65E960C79415CCF9F12E17DAC5C,IMPHASH=CBC2F12E2905610996C50B4E23E96AB7\r\nParentProcessGuid: {411eefe4-593e-6952-0119-000000001000}\r\nParentProcessId: 12240\r\nParentImage: C:\\Windows\\System32\\cmd.exe\r\nParentCommandLine: ""C:\\WINDOWS\\system32\\cmd.exe"" /c ""ipconfig /all""\r\nParentUser: WINDOWSEND-C792\\ayoub""', 'version': '5', 'systemTime': '2025-12-29T10:34:38.3846121Z', 'eventRecordID': '19037', 'threadID': '3676', 'computer': 'WindowsEnd-c7921449-8b62-4c4d-8a83-d9281ac0190b', 'task': '1', 'processID': '1836', 'severityValue': 'INFORMATION', 'providerName': 'Microsoft-Windows-Sysmon'}}}, 'rule': {'firedtimes': 3, 'mail': False, 'level': 3, 'description': 'Suspicious Windows cmd shell execution', 'groups': ['sysmon', 'sysmon_eid1_detections', 'windows'], 'mitre': {'technique': ['Account Discovery', 'Windows Command Shell'], 'id': ['T1087', 'T1059.003'], 'tactic': ['Discovery', 'Execution']}, 'id': '92032'}, 'decoder': {'name': 'windows_eventchannel'}, 'input': {'type': 'log'}, '@timestamp': '2025-12-29T10:38:04.965Z', 'location': 'EventChannel', 'id': '1767004684.7679936', 'timestamp': '2025-12-29T11:38:04.965+0100'}",low,ipconfig  /all
2025-12-29T10:38:05.013Z,Endpoint3-Win,1,92004,Powershell process spawned Windows command shell instance,4,T1059.003,EventChannel,"{'agent': {'ip': '192.168.100.15', 'name': 'Endpoint3-Win', 'id': '001'}, 'manager': {'name': 'wazuh-vm'}, 'data': {'win': {'eventdata': {'originalFileName': 'Cmd.Exe', 'image': 'C:\\\\Windows\\\\System32\\\\cmd.exe', 'product': 'Microsoft® Windows® Operating System', 'parentProcessGuid': '{411eefe4-a5b2-6951-630a-000000001000}', 'description': 'Windows Command Processor', 'logonGuid': '{411eefe4-28dc-6951-f5d2-0e0000000000}', 'parentCommandLine': 'C:\\\\WINDOWS\\\\System32\\\\WindowsPowerShell\\\\v1.0\\\\powershell.exe', 'processGuid': '{411eefe4-5940-6952-0319-000000001000}', 'logonId': '0xed2f5', 'parentProcessId': '8760', 'processId': '11812', 'currentDirectory': 'C:\\\\Users\\\\ayoub\\\\', 'utcTime': '2025-12-29 10:34:40.534', 'hashes': 'SHA1=583BAC245F14E4E07E7508692C5D8B97F9EB9E6D,MD5=6D109A3A00F210C1AB89C3B08399ED48,SHA256=64AFC6DB3AAD1289533662E2D79E27DD55C7DCDB8CD918B08E145AD82AD5ACB4,IMPHASH=B0F049C014592B156EB1FA857E99CEB9', 'parentImage': 'C:\\\\Windows\\\\System32\\\\WindowsPowerShell\\\\v1.0\\\\powershell.exe', 'ruleName': 'technique_id=T1059.003,technique_name=Windows Command Shell', 'company': 'Microsoft Corporation', 'commandLine': '\\""C:\\\\WINDOWS\\\\system32\\\\cmd.exe\\"" /c whoami', 'integrityLevel': 'High', 'fileVersion': '10.0.26100.7309 (WinBuild.160101.0800)', 'user': 'WINDOWSEND-C792\\\\ayoub', 'terminalSessionId': '1', 'parentUser': 'WINDOWSEND-C792\\\\ayoub'}, 'system': {'eventID': '1', 'keywords': '0x8000000000000000', 'providerGuid': '{5770385f-c22a-43e0-bf4c-06f5698ffbd9}', 'level': '4', 'channel': 'Microsoft-Windows-Sysmon/Operational', 'opcode': '0', 'message': '""Process Create:\r\nRuleName: technique_id=T1059.003,technique_name=Windows Command Shell\r\nUtcTime: 2025-12-29 10:34:40.534\r\nProcessGuid: {411eefe4-5940-6952-0319-000000001000}\r\nProcessId: 11812\r\nImage: C:\\Windows\\System32\\cmd.exe\r\nFileVersion: 10.0.26100.7309 (WinBuild.160101.0800)\r\nDescription: Windows Command Processor\r\nProduct: Microsoft® Windows® Operating System\r\nCompany: Microsoft Corporation\r\nOriginalFileName: Cmd.Exe\r\nCommandLine: ""C:\\WINDOWS\\system32\\cmd.exe"" /c whoami\r\nCurrentDirectory: C:\\Users\\ayoub\\\r\nUser: WINDOWSEND-C792\\ayoub\r\nLogonGuid: {411eefe4-28dc-6951-f5d2-0e0000000000}\r\nLogonId: 0xED2F5\r\nTerminalSessionId: 1\r\nIntegrityLevel: High\r\nHashes: SHA1=583BAC245F14E4E07E7508692C5D8B97F9EB9E6D,MD5=6D109A3A00F210C1AB89C3B08399ED48,SHA256=64AFC6DB3AAD1289533662E2D79E27DD55C7DCDB8CD918B08E145AD82AD5ACB4,IMPHASH=B0F049C014592B156EB1FA857E99CEB9\r\nParentProcessGuid: {411eefe4-a5b2-6951-630a-000000001000}\r\nParentProcessId: 8760\r\nParentImage: C:\\Windows\\System32\\WindowsPowerShell\\v1.0\\powershell.exe\r\nParentCommandLine: C:\\WINDOWS\\System32\\WindowsPowerShell\\v1.0\\powershell.exe\r\nParentUser: WINDOWSEND-C792\\ayoub""', 'version': '5', 'systemTime': '2025-12-29T10:34:40.5374832Z', 'eventRecordID': '19040', 'threadID': '3676', 'computer': 'WindowsEnd-c7921449-8b62-4c4d-8a83-d9281ac0190b', 'task': '1', 'processID': '1836', 'severityValue': 'INFORMATION', 'providerName': 'Microsoft-Windows-Sysmon'}}}, 'rule': {'firedtimes': 7, 'mail': False, 'level': 4, 'description': 'Powershell process spawned Windows command shell instance', 'groups': ['sysmon', 'sysmon_eid1_detections', 'windows'], 'mitre': {'technique': ['Windows Command Shell'], 'id': ['T1059.003'], 'tactic': ['Execution']}, 'id': '92004'}, 'decoder': {'name': 'windows_eventchannel'}, 'input': {'type': 'log'}, '@timestamp': '2025-12-29T10:38:05.013Z', 'location': 'EventChannel', 'id': '1767004685.7686012', 'timestamp': '2025-12-29T11:38:05.013+0100'}",medium,"\""C:\\WINDOWS\\system32\\cmd.exe\"" /c whoami"
