2025-12-29T09:41:55.678Z,Endpoint3-Win,1,92217,Executable dropped in Windows root folder,6,T1570,EventChannel,"{'agent': {'ip': '192.168.100.15', 'name': 'Endpoint3-Win', 'id': '001'}, 'manager': {'name': 'wazuh-vm'}, 'data': {'win': {'eventdata': {'image': 'C:\\\\Windows\\\\Microsoft.NET\\\\Framework\\\\v4.0.30319\\\\mscorsvw.exe', 'processGuid': '{411eefe4-4ce2-6952-e017-000000001000}', 'processId': '4892', 'utcTime': '2025-12-29 09:41:54.832', 'targetFilename': 'C:\\\\Windows\\\\assembly\\\\NativeImages_v4.0.30319_32\\\\Temp\\\\131c-0\\\\Microsoft.Windows.Diagnosis.Commands.GetDiagInput.dll', 'ruleName': 'technique_id=T1574.010,technique_name=Services File Permissions Weakness', 'creationUtcTime': '2025-12-29 09:41:54.832', 'user': 'NT AUTHORITY\\\\SYSTEM'}, 'system': {'eventID': '11', 'keywords': '0x8000000000000000', 'providerGuid': '{5770385f-c22a-43e0-bf4c-06f5698ffbd9}', 'level': '4', 'channel': 'Microsoft-Windows-Sysmon/Operational', 'opcode': '0', 'message': '""File created:\r\nRuleName: technique_id=T1574.010,technique_name=Services File Permissions Weakness\r\nUtcTime: 2025-12-29 09:41:54.832\r\nProcessGuid: {411eefe4-4ce2-6952-e017-000000001000}\r\nProcessId: 4892\r\nImage: C:\\Windows\\Microsoft.NET\\Framework\\v4.0.30319\\mscorsvw.exe\r\nTargetFilename: C:\\Windows\\assembly\\NativeImages_v4.0.30319_32\\Temp\\131c-0\\Microsoft.Windows.Diagnosis.Commands.GetDiagInput.dll\r\nCreationUtcTime: 2025-12-29 09:41:54.832\r\nUser: NT AUTHORITY\\SYSTEM""', 'version': '2', 'systemTime': '2025-12-29T09:41:54.8342461Z', 'eventRecordID': '18142', 'threadID': '3676', 'computer': 'WindowsEnd-c7921449-8b62-4c4d-8a83-d9281ac0190b', 'task': '11', 'processID': '1836', 'severityValue': 'INFORMATION', 'providerName': 'Microsoft-Windows-Sysmon'}}}, 'rule': {'firedtimes': 23, 'mail': False, 'level': 6, 'description': 'Executable dropped in Windows root folder', 'groups': ['sysmon', 'sysmon_eid11_detections', 'windows'], 'mitre': {'technique': ['Lateral Tool Transfer'], 'id': ['T1570'], 'tactic': ['Lateral Movement']}, 'id': '92217'}, 'decoder': {'name': 'windows_eventchannel'}, 'input': {'type': 'log'}, '@timestamp': '2025-12-29T09:41:55.678Z', 'location': 'EventChannel', 'id': '1767001315.6917812', 'timestamp': '2025-12-29T10:41:55.678+0100'}",medium,
2025-12-29T09:41:55.691Z,Endpoint3-Win,1,92151,Binary loaded PowerShell automation library - Possible unmanaged Powershell execution by suspicious process,12,T1059.001,EventChannel,"{'agent': {'ip': '192.168.100.15', 'name': 'Endpoint3-Win', 'id': '001'}, 'manager': {'name': 'wazuh-vm'}, 'data': {'win': {'eventdata': {'originalFileName': 'System.Management.Automation.dll', 'image': 'C:\\\\Windows\\\\Microsoft.NET\\\\Framework\\\\v4.0.30319\\\\mscorsvw.exe', 'product': 'Microsoft (R) Windows (R) Operating System', 'signature': 'Microsoft Windows', 'imageLoaded': 'C:\\\\Windows\\\\Microsoft.NET\\\\assembly\\\\GAC_MSIL\\\\System.Management.Automation\\\\v4.0_3.0.0.0__31bf3856ad364e35\\\\System.Management.Automation.dll', 'description': 'System.Management.Automation', 'signed': 'true', 'signatureStatus': 'Valid', 'processGuid': '{411eefe4-4ce2-6952-e117-000000001000}', 'processId': '10888', 'utcTime': '2025-12-29 09:41:55.064', 'hashes': 'SHA1=00BD08F417A37522651DBDEB756CD52D99736266,MD5=CACEF6B7D029B9D1CA39D4D9A34F80E3,SHA256=B446AF8762D93C979656667C5AC8CFDE59D6282198D3902FBDAFDC0E78C1D87E,IMPHASH=DAE02F32A21E03CE65412F6E56942DAA', 'ruleName': 'technique_id=T1059.001,technique_name=PowerShell', 'company': 'Microsoft Corporation', 'fileVersion': '10.0.26100.7462', 'user': 'NT AUTHORITY\\\\SYSTEM'}, 'system': {'eventID': '7', 'keywords': '0x8000000000000000', 'providerGuid': '{5770385f-c22a-43e0-bf4c-06f5698ffbd9}', 'level': '4', 'channel': 'Microsoft-Windows-Sysmon/Operational', 'opcode': '0', 'message': '""Image loaded:\r\nRuleName: technique_id=T1059.001,technique_name=PowerShell\r\nUtcTime: 2025-12-29 09:41:55.064\r\nProcessGuid: {411eefe4-4ce2-6952-e117-000000001000}\r\nProcessId: 10888\r\nImage: C:\\Windows\\Microsoft.NET\\Framework\\v4.0.30319\\mscorsvw.exe\r\nImageLoaded: C:\\Windows\\Microsoft.NET\\assembly\\GAC_MSIL\\System.Management.Automation\\v4.0_3.0.0.0__31bf3856ad364e35\\System.Management.Automation.dll\r\nFileVersion: 10.0.26100.7462\r\nDescription: System.Management.Automation\r\nProduct: Microsoft (R) Windows (R) Operating System\r\nCompany: Microsoft Corporation\r\nOriginalFileName: System.Management.Automation.dll\r\nHashes: SHA1=00BD08F417A37522651DBDEB756CD52D99736266,MD5=CACEF6B7D029B9D1CA39D4D9A34F80E3,SHA256=B446AF8762D93C979656667C5AC8CFDE59D6282198D3902FBDAFDC0E78C1D87E,IMPHASH=DAE02F32A21E03CE65412F6E56942DAA\r\nSigned: true\r\nSignature: Microsoft Windows\r\nSignatureStatus: Valid\r\nUser: NT AUTHORITY\\SYSTEM""', 'version': '3', 'systemTime': '2025-12-29T09:41:55.0667332Z', 'eventRecordID': '18146', 'threadID': '3676', 'computer': 'WindowsEnd-c7921449-8b62-4c4d-8a83-d9281ac0190b', 'task': '7', 'processID': '1836', 'severityValue': 'INFORMATION', 'providerName': 'Microsoft-Windows-Sysmon'}}}, 'rule': {'firedtimes': 47, 'mail': True, 'level': 12, 'description': 'Binary loaded PowerShell automation library - Possible unmanaged Powershell execution by suspicious process', 'groups': ['sysmon', 'sysmon_eid7_detections', 'windows'], 'mitre': {'technique': ['PowerShell'], 'id': ['T1059.001'], 'tactic': ['Execution']}, 'id': '92151'}, 'decoder': {'name': 'windows_eventchannel'}, 'input': {'type': 'log'}, '@timestamp': '2025-12-29T09:41:55.691Z', 'location': 'EventChannel', 'id': '1767001315.6921123', 'timestamp': '2025-12-29T10:41:55.691+0100'}",critical,
2025-12-29T09:41:55.694Z,Endpoint3-Win,1,92151,Binary loaded PowerShell automation library - Possible unmanaged Powershell execution by suspicious process,12,T1059.001,EventChannel,"{'agent': {'ip': '192.168.100.15', 'name': 'Endpoint3-Win', 'id': '001'}, 'manager': {'name': 'wazuh-vm'}, 'data': {'win': {'eventdata': {'originalFileName': 'System.Management.Automation.dll', 'image': 'C:\\\\Windows\\\\Microsoft.NET\\\\Framework\\\\v4.0.30319\\\\mscorsvw.exe', 'product': 'Microsoft (R) Windows (R) Operating System', 'signature': 'Microsoft Windows', 'imageLoaded': 'C:\\\\Windows\\\\Microsoft.NET\\\\assembly\\\\GAC_MSIL\\\\System.Management.Automation\\\\v4.0_3.0.0.0__31bf3856ad364e35\\\\System.Management.Automation.dll', 'description': 'System.Management.Automation', 'signed': 'true', 'signatureStatus': 'Valid', 'processGuid': '{411eefe4-4ce2-6952-e117-000000001000}', 'processId': '10888', 'utcTime': '2025-12-29 09:41:55.064', 'hashes': 'SHA1=00BD08F417A37522651DBDEB756CD52D99736266,MD5=CACEF6B7D029B9D1CA39D4D9A34F80E3,SHA256=B446AF8762D93C979656667C5AC8CFDE59D6282198D3902FBDAFDC0E78C1D87E,IMPHASH=DAE02F32A21E03CE65412F6E56942DAA', 'ruleName': 'technique_id=T1059.001,technique_name=PowerShell', 'company': 'Microsoft Corporation', 'fileVersion': '10.0.26100.7462', 'user': 'NT AUTHORITY\\\\SYSTEM'}, 'system': {'eventID': '7', 'keywords': '0x8000000000000000', 'providerGuid': '{5770385f-c22a-43e0-bf4c-06f5698ffbd9}', 'level': '4', 'channel': 'Microsoft-Windows-Sysmon/Operational', 'opcode': '0', 'message': '""Image loaded:\r\nRuleName: technique_id=T1059.001,technique_name=PowerShell\r\nUtcTime: 2025-12-29 09:41:55.064\r\nProcessGuid: {411eefe4-4ce2-6952-e117-000000001000}\r\nProcessId: 10888\r\nImage: C:\\Windows\\Microsoft.NET\\Framework\\v4.0.30319\\mscorsvw.exe\r\nImageLoaded: C:\\Windows\\Microsoft.NET\\assembly\\GAC_MSIL\\System.Management.Automation\\v4.0_3.0.0.0__31bf3856ad364e35\\System.Management.Automation.dll\r\nFileVersion: 10.0.26100.7462\r\nDescription: System.Management.Automation\r\nProduct: Microsoft (R) Windows (R) Operating System\r\nCompany: Microsoft Corporation\r\nOriginalFileName: System.Management.Automation.dll\r\nHashes: SHA1=00BD08F417A37522651DBDEB756CD52D99736266,MD5=CACEF6B7D029B9D1CA39D4D9A34F80E3,SHA256=B446AF8762D93C979656667C5AC8CFDE59D6282198D3902FBDAFDC0E78C1D87E,IMPHASH=DAE02F32A21E03CE65412F6E56942DAA\r\nSigned: true\r\nSignature: Microsoft Windows\r\nSignatureStatus: Valid\r\nUser: NT AUTHORITY\\SYSTEM""', 'version': '3', 'systemTime': '2025-12-29T09:41:55.0698494Z', 'eventRecordID': '18147', 'threadID': '3676', 'computer': 'WindowsEnd-c7921449-8b62-4c4d-8a83-d9281ac0190b', 'task': '7', 'processID': '1836', 'severityValue': 'INFORMATION', 'providerName': 'Microsoft-Windows-Sysmon'}}}, 'rule': {'firedtimes': 48, 'mail': True, 'level': 12, 'description': 'Binary loaded PowerShell automation library - Possible unmanaged Powershell execution by suspicious process', 'groups': ['sysmon', 'sysmon_eid7_detections', 'windows'], 'mitre': {'technique': ['PowerShell'], 'id': ['T1059.001'], 'tactic': ['Execution']}, 'id': '92151'}, 'decoder': {'name': 'windows_eventchannel'}, 'input': {'type': 'log'}, '@timestamp': '2025-12-29T09:41:55.694Z', 'location': 'EventChannel', 'id': '1767001315.6926395', 'timestamp': '2025-12-29T10:41:55.694+0100'}",critical,
2025-12-29T09:41:55.701Z,Endpoint3-Win,1,92151,Binary loaded PowerShell automation library - Possible unmanaged Powershell execution by suspicious process,12,T1059.001,EventChannel,"{'agent': {'ip': '192.168.100.15', 'name': 'Endpoint3-Win', 'id': '001'}, 'manager': {'name': 'wazuh-vm'}, 'data': {'win': {'eventdata': {'originalFileName': 'System.Management.Automation.dll', 'image': 'C:\\\\Windows\\\\Microsoft.NET\\\\Framework\\\\v4.0.30319\\\\mscorsvw.exe', 'product': 'Microsoft (R) Windows (R) Operating System', 'signature': 'Microsoft Windows', 'imageLoaded': 'C:\\\\Windows\\\\Microsoft.NET\\\\assembly\\\\GAC_MSIL\\\\System.Management.Automation\\\\v4.0_3.0.0.0__31bf3856ad364e35\\\\System.Management.Automation.dll', 'description': 'System.Management.Automation', 'signed': 'true', 'signatureStatus': 'Valid', 'processGuid': '{411eefe4-4ce3-6952-e217-000000001000}', 'processId': '4788', 'utcTime': '2025-12-29 09:41:55.303', 'hashes': 'SHA1=00BD08F417A37522651DBDEB756CD52D99736266,MD5=CACEF6B7D029B9D1CA39D4D9A34F80E3,SHA256=B446AF8762D93C979656667C5AC8CFDE59D6282198D3902FBDAFDC0E78C1D87E,IMPHASH=DAE02F32A21E03CE65412F6E56942DAA', 'ruleName': 'technique_id=T1059.001,technique_name=PowerShell', 'company': 'Microsoft Corporation', 'fileVersion': '10.0.26100.7462', 'user': 'NT AUTHORITY\\\\SYSTEM'}, 'system': {'eventID': '7', 'keywords': '0x8000000000000000', 'providerGuid': '{5770385f-c22a-43e0-bf4c-06f5698ffbd9}', 'level': '4', 'channel': 'Microsoft-Windows-Sysmon/Operational', 'opcode': '0', 'message': '""Image loaded:\r\nRuleName: technique_id=T1059.001,technique_name=PowerShell\r\nUtcTime: 2025-12-29 09:41:55.303\r\nProcessGuid: {411eefe4-4ce3-6952-e217-000000001000}\r\nProcessId: 4788\r\nImage: C:\\Windows\\Microsoft.NET\\Framework\\v4.0.30319\\mscorsvw.exe\r\nImageLoaded: C:\\Windows\\Microsoft.NET\\assembly\\GAC_MSIL\\System.Management.Automation\\v4.0_3.0.0.0__31bf3856ad364e35\\System.Management.Automation.dll\r\nFileVersion: 10.0.26100.7462\r\nDescription: System.Management.Automation\r\nProduct: Microsoft (R) Windows (R) Operating System\r\nCompany: Microsoft Corporation\r\nOriginalFileName: System.Management.Automation.dll\r\nHashes: SHA1=00BD08F417A37522651DBDEB756CD52D99736266,MD5=CACEF6B7D029B9D1CA39D4D9A34F80E3,SHA256=B446AF8762D93C979656667C5AC8CFDE59D6282198D3902FBDAFDC0E78C1D87E,IMPHASH=DAE02F32A21E03CE65412F6E56942DAA\r\nSigned: true\r\nSignature: Microsoft Windows\r\nSignatureStatus: Valid\r\nUser: NT AUTHORITY\\SYSTEM""', 'version': '3', 'systemTime': '2025-12-29T09:41:55.3048730Z', 'eventRecordID': '18149', 'threadID': '3676', 'computer': 'WindowsEnd-c7921449-8b62-4c4d-8a83-d9281ac0190b', 'task': '7', 'processID': '1836', 'severityValue': 'INFORMATION', 'providerName': 'Microsoft-Windows-Sysmon'}}}, 'rule': {'firedtimes': 49, 'mail': True, 'level': 12, 'description': 'Binary loaded PowerShell automation library - Possible unmanaged Powershell execution by suspicious process', 'groups': ['sysmon', 'sysmon_eid7_detections', 'windows'], 'mitre': {'technique': ['PowerShell'], 'id': ['T1059.001'], 'tactic': ['Execution']}, 'id': '92151'}, 'decoder': {'name': 'windows_eventchannel'}, 'input': {'type': 'log'}, '@timestamp': '2025-12-29T09:41:55.701Z', 'location': 'EventChannel', 'id': '1767001315.6931667', 'timestamp': '2025-12-29T10:41:55.701+0100'}",critical,
2025-12-29T09:41:55.705Z,Endpoint3-Win,1,92151,Binary loaded PowerShell automation library - Possible unmanaged Powershell execution by suspicious process,12,T1059.001,EventChannel,"{'agent': {'ip': '192.168.100.15', 'name': 'Endpoint3-Win', 'id': '001'}, 'manager': {'name': 'wazuh-vm'}, 'data': {'win': {'eventdata': {'originalFileName': 'System.Management.Automation.dll', 'image': 'C:\\\\Windows\\\\Microsoft.NET\\\\Framework\\\\v4.0.30319\\\\mscorsvw.exe', 'product': 'Microsoft (R) Windows (R) Operating System', 'signature': 'Microsoft Windows', 'imageLoaded': 'C:\\\\Windows\\\\Microsoft.NET\\\\assembly\\\\GAC_MSIL\\\\System.Management.Automation\\\\v4.0_3.0.0.0__31bf3856ad364e35\\\\System.Management.Automation.dll', 'description': 'System.Management.Automation', 'signed': 'true', 'signatureStatus': 'Valid', 'processGuid': '{411eefe4-4ce3-6952-e217-000000001000}', 'processId': '4788', 'utcTime': '2025-12-29 09:41:55.303', 'hashes': 'SHA1=00BD08F417A37522651DBDEB756CD52D99736266,MD5=CACEF6B7D029B9D1CA39D4D9A34F80E3,SHA256=B446AF8762D93C979656667C5AC8CFDE59D6282198D3902FBDAFDC0E78C1D87E,IMPHASH=DAE02F32A21E03CE65412F6E56942DAA', 'ruleName': 'technique_id=T1059.001,technique_name=PowerShell', 'company': 'Microsoft Corporation', 'fileVersion': '10.0.26100.7462', 'user': 'NT AUTHORITY\\\\SYSTEM'}, 'system': {'eventID': '7', 'keywords': '0x8000000000000000', 'providerGuid': '{5770385f-c22a-43e0-bf4c-06f5698ffbd9}', 'level': '4', 'channel': 'Microsoft-Windows-Sysmon/Operational', 'opcode': '0', 'message': '""Image loaded:\r\nRuleName: technique_id=T1059.001,technique_name=PowerShell\r\nUtcTime: 2025-12-29 09:41:55.303\r\nProcessGuid: {411eefe4-4ce3-6952-e217-000000001000}\r\nProcessId: 4788\r\nImage: C:\\Windows\\Microsoft.NET\\Framework\\v4.0.30319\\mscorsvw.exe\r\nImageLoaded: C:\\Windows\\Microsoft.NET\\assembly\\GAC_MSIL\\System.Management.Automation\\v4.0_3.0.0.0__31bf3856ad364e35\\System.Management.Automation.dll\r\nFileVersion: 10.0.26100.7462\r\nDescription: System.Management.Automation\r\nProduct: Microsoft (R) Windows (R) Operating System\r\nCompany: Microsoft Corporation\r\nOriginalFileName: System.Management.Automation.dll\r\nHashes: SHA1=00BD08F417A37522651DBDEB756CD52D99736266,MD5=CACEF6B7D029B9D1CA39D4D9A34F80E3,SHA256=B446AF8762D93C979656667C5AC8CFDE59D6282198D3902FBDAFDC0E78C1D87E,IMPHASH=DAE02F32A21E03CE65412F6E56942DAA\r\nSigned: true\r\nSignature: Microsoft Windows\r\nSignatureStatus: Valid\r\nUser: NT AUTHORITY\\SYSTEM""', 'version': '3', 'systemTime': '2025-12-29T09:41:55.3060126Z', 'eventRecordID': '18150', 'threadID': '3676', 'computer': 'WindowsEnd-c7921449-8b62-4c4d-8a83-d9281ac0190b', 'task': '7', 'processID': '1836', 'severityValue': 'INFORMATION', 'providerName': 'Microsoft-Windows-Sysmon'}}}, 'rule': {'firedtimes': 50, 'mail': True, 'level': 12, 'description': 'Binary loaded PowerShell automation library - Possible unmanaged Powershell execution by suspicious process', 'groups': ['sysmon', 'sysmon_eid7_detections', 'windows'], 'mitre': {'technique': ['PowerShell'], 'id': ['T1059.001'], 'tactic': ['Execution']}, 'id': '92151'}, 'decoder': {'name': 'windows_eventchannel'}, 'input': {'type': 'log'}, '@timestamp': '2025-12-29T09:41:55.705Z', 'location': 'EventChannel', 'id': '1767001315.6936935', 'timestamp': '2025-12-29T10:41:55.705+0100'}",critical,
2025-12-29T09:41:55.707Z,Endpoint3-Win,1,92217,Executable dropped in Windows root folder,6,T1570,EventChannel,"{'agent': {'ip': '192.168.100.15', 'name': 'Endpoint3-Win', 'id': '001'}, 'manager': {'name': 'wazuh-vm'}, 'data': {'win': {'eventdata': {'image': 'C:\\\\Windows\\\\Microsoft.NET\\\\Framework\\\\v4.0.30319\\\\mscorsvw.exe', 'processGuid': '{411eefe4-4ce3-6952-e217-000000001000}', 'processId': '4788', 'utcTime': '2025-12-29 09:41:55.351', 'targetFilename': 'C:\\\\Windows\\\\assembly\\\\NativeImages_v4.0.30319_32\\\\Temp\\\\12b4-0\\\\Microsoft.Windows.Diagnosis.Commands.UpdateDiagReport.dll', 'ruleName': 'technique_id=T1574.010,technique_name=Services File Permissions Weakness', 'creationUtcTime': '2025-12-29 09:41:55.351', 'user': 'NT AUTHORITY\\\\SYSTEM'}, 'system': {'eventID': '11', 'keywords': '0x8000000000000000', 'providerGuid': '{5770385f-c22a-43e0-bf4c-06f5698ffbd9}', 'level': '4', 'channel': 'Microsoft-Windows-Sysmon/Operational', 'opcode': '0', 'message': '""File created:\r\nRuleName: technique_id=T1574.010,technique_name=Services File Permissions Weakness\r\nUtcTime: 2025-12-29 09:41:55.351\r\nProcessGuid: {411eefe4-4ce3-6952-e217-000000001000}\r\nProcessId: 4788\r\nImage: C:\\Windows\\Microsoft.NET\\Framework\\v4.0.30319\\mscorsvw.exe\r\nTargetFilename: C:\\Windows\\assembly\\NativeImages_v4.0.30319_32\\Temp\\12b4-0\\Microsoft.Windows.Diagnosis.Commands.UpdateDiagReport.dll\r\nCreationUtcTime: 2025-12-29 09:41:55.351\r\nUser: NT AUTHORITY\\SYSTEM""', 'version': '2', 'systemTime': '2025-12-29T09:41:55.3525051Z', 'eventRecordID': '18151', 'threadID': '3676', 'computer': 'WindowsEnd-c7921449-8b62-4c4d-8a83-d9281ac0190b', 'task': '11', 'processID': '1836', 'severityValue': 'INFORMATION', 'providerName': 'Microsoft-Windows-Sysmon'}}}, 'rule': {'firedtimes': 24, 'mail': False, 'level': 6, 'description': 'Executable dropped in Windows root folder', 'groups': ['sysmon', 'sysmon_eid11_detections', 'windows'], 'mitre': {'technique': ['Lateral Tool Transfer'], 'id': ['T1570'], 'tactic': ['Lateral Movement']}, 'id': '92217'}, 'decoder': {'name': 'windows_eventchannel'}, 'input': {'type': 'log'}, '@timestamp': '2025-12-29T09:41:55.707Z', 'location': 'EventChannel', 'id': '1767001315.6942203', 'timestamp': '2025-12-29T10:41:55.707+0100'}",medium,
2025-12-29T09:41:56.736Z,wazuh-vm,0,52002,Apparmor DENIED,3,,/var/log/syslog,"{'predecoder': {'program_name': 'kernel', 'timestamp': '2025-12-29T10:41:55.494366+01:00'}, 'agent': {'name': 'wazuh-vm', 'id': '000'}, 'manager': {'name': 'wazuh-vm'}, 'data': {'extra_data': 'open', 'status': 'DENIED'}, 'rule': {'firedtimes': 76, 'mail': False, 'level': 3, 'description': 'Apparmor DENIED', 'groups': ['local', 'syslog', 'apparmor'], 'id': '52002'}, 'decoder': {'parent': 'kernel', 'name': 'kernel'}, 'full_log': '2025-12-29T10:41:55.494366+01:00 wazuh-vm kernel: audit: type=1400 audit(1767001315.493:194): apparmor=""DENIED"" operation=""open"" class=""file"" profile=""snap.firefox.firefox"" name=""/proc/pressure/memory"" pid=5825 comm=""MemoryPoller"" requested_mask=""r"" denied_mask=""r"" fsuid=1001 ouid=0', 'input': {'type': 'log'}, '@timestamp': '2025-12-29T09:41:56.736Z', 'location': '/var/log/syslog', 'id': '1767001316.6945961', 'timestamp': '2025-12-29T10:41:56.736+0100'}",low,
2025-12-29T09:41:56.736Z,wazuh-vm,0,52002,Apparmor DENIED,3,,/var/log/kern.log,"{'predecoder': {'program_name': 'kernel', 'timestamp': '2025-12-29T10:41:55.494366+01:00'}, 'agent': {'name': 'wazuh-vm', 'id': '000'}, 'manager': {'name': 'wazuh-vm'}, 'data': {'extra_data': 'open', 'status': 'DENIED'}, 'rule': {'firedtimes': 75, 'mail': False, 'level': 3, 'description': 'Apparmor DENIED', 'groups': ['local', 'syslog', 'apparmor'], 'id': '52002'}, 'decoder': {'parent': 'kernel', 'name': 'kernel'}, 'full_log': '2025-12-29T10:41:55.494366+01:00 wazuh-vm kernel: audit: type=1400 audit(1767001315.493:194): apparmor=""DENIED"" operation=""open"" class=""file"" profile=""snap.firefox.firefox"" name=""/proc/pressure/memory"" pid=5825 comm=""MemoryPoller"" requested_mask=""r"" denied_mask=""r"" fsuid=1001 ouid=0', 'input': {'type': 'log'}, '@timestamp': '2025-12-29T09:41:56.736Z', 'location': '/var/log/kern.log', 'id': '1767001316.6945530', 'timestamp': '2025-12-29T10:41:56.736+0100'}",low,
2025-12-29T09:41:56.752Z,Endpoint3-Win,1,92151,Binary loaded PowerShell automation library - Possible unmanaged Powershell execution by suspicious process,12,T1059.001,EventChannel,"{'agent': {'ip': '192.168.100.15', 'name': 'Endpoint3-Win', 'id': '001'}, 'manager': {'name': 'wazuh-vm'}, 'data': {'win': {'eventdata': {'originalFileName': 'System.Management.Automation.dll', 'image': 'C:\\\\Windows\\\\Microsoft.NET\\\\Framework\\\\v4.0.30319\\\\mscorsvw.exe', 'product': 'Microsoft (R) Windows (R) Operating System', 'signature': 'Microsoft Windows', 'imageLoaded': 'C:\\\\Windows\\\\Microsoft.NET\\\\assembly\\\\GAC_MSIL\\\\System.Management.Automation\\\\v4.0_3.0.0.0__31bf3856ad364e35\\\\System.Management.Automation.dll', 'description': 'System.Management.Automation', 'signed': 'true', 'signatureStatus': 'Valid', 'processGuid': '{411eefe4-4ce3-6952-e317-000000001000}', 'processId': '8748', 'utcTime': '2025-12-29 09:41:55.662', 'hashes': 'SHA1=00BD08F417A37522651DBDEB756CD52D99736266,MD5=CACEF6B7D029B9D1CA39D4D9A34F80E3,SHA256=B446AF8762D93C979656667C5AC8CFDE59D6282198D3902FBDAFDC0E78C1D87E,IMPHASH=DAE02F32A21E03CE65412F6E56942DAA', 'ruleName': 'technique_id=T1059.001,technique_name=PowerShell', 'company': 'Microsoft Corporation', 'fileVersion': '10.0.26100.7462', 'user': 'NT AUTHORITY\\\\SYSTEM'}, 'system': {'eventID': '7', 'keywords': '0x8000000000000000', 'providerGuid': '{5770385f-c22a-43e0-bf4c-06f5698ffbd9}', 'level': '4', 'channel': 'Microsoft-Windows-Sysmon/Operational', 'opcode': '0', 'message': '""Image loaded:\r\nRuleName: technique_id=T1059.001,technique_name=PowerShell\r\nUtcTime: 2025-12-29 09:41:55.662\r\nProcessGuid: {411eefe4-4ce3-6952-e317-000000001000}\r\nProcessId: 8748\r\nImage: C:\\Windows\\Microsoft.NET\\Framework\\v4.0.30319\\mscorsvw.exe\r\nImageLoaded: C:\\Windows\\Microsoft.NET\\assembly\\GAC_MSIL\\System.Management.Automation\\v4.0_3.0.0.0__31bf3856ad364e35\\System.Management.Automation.dll\r\nFileVersion: 10.0.26100.7462\r\nDescription: System.Management.Automation\r\nProduct: Microsoft (R) Windows (R) Operating System\r\nCompany: Microsoft Corporation\r\nOriginalFileName: System.Management.Automation.dll\r\nHashes: SHA1=00BD08F417A37522651DBDEB756CD52D99736266,MD5=CACEF6B7D029B9D1CA39D4D9A34F80E3,SHA256=B446AF8762D93C979656667C5AC8CFDE59D6282198D3902FBDAFDC0E78C1D87E,IMPHASH=DAE02F32A21E03CE65412F6E56942DAA\r\nSigned: true\r\nSignature: Microsoft Windows\r\nSignatureStatus: Valid\r\nUser: NT AUTHORITY\\SYSTEM""', 'version': '3', 'systemTime': '2025-12-29T09:41:55.6658836Z', 'eventRecordID': '18155', 'threadID': '3676', 'computer': 'WindowsEnd-c7921449-8b62-4c4d-8a83-d9281ac0190b', 'task': '7', 'processID': '1836', 'severityValue': 'INFORMATION', 'providerName': 'Microsoft-Windows-Sysmon'}}}, 'rule': {'firedtimes': 51, 'mail': True, 'level': 12, 'description': 'Binary loaded PowerShell automation library - Possible unmanaged Powershell execution by suspicious process', 'groups': ['sysmon', 'sysmon_eid7_detections', 'windows'], 'mitre': {'technique': ['PowerShell'], 'id': ['T1059.001'], 'tactic': ['Execution']}, 'id': '92151'}, 'decoder': {'name': 'windows_eventchannel'}, 'input': {'type': 'log'}, '@timestamp': '2025-12-29T09:41:56.752Z', 'location': 'EventChannel', 'id': '1767001316.6946390', 'timestamp': '2025-12-29T10:41:56.752+0100'}",critical,
2025-12-29T09:41:56.761Z,Endpoint3-Win,1,92151,Binary loaded PowerShell automation library - Possible unmanaged Powershell execution by suspicious process,12,T1059.001,EventChannel,"{'agent': {'ip': '192.168.100.15', 'name': 'Endpoint3-Win', 'id': '001'}, 'manager': {'name': 'wazuh-vm'}, 'data': {'win': {'eventdata': {'originalFileName': 'System.Management.Automation.dll', 'image': 'C:\\\\Windows\\\\Microsoft.NET\\\\Framework\\\\v4.0.30319\\\\mscorsvw.exe', 'product': 'Microsoft (R) Windows (R) Operating System', 'signature': 'Microsoft Windows', 'imageLoaded': 'C:\\\\Windows\\\\Microsoft.NET\\\\assembly\\\\GAC_MSIL\\\\System.Management.Automation\\\\v4.0_3.0.0.0__31bf3856ad364e35\\\\System.Management.Automation.dll', 'description': 'System.Management.Automation', 'signed': 'true', 'signatureStatus': 'Valid', 'processGuid': '{411eefe4-4ce3-6952-e317-000000001000}', 'processId': '8748', 'utcTime': '2025-12-29 09:41:55.665', 'hashes': 'SHA1=00BD08F417A37522651DBDEB756CD52D99736266,MD5=CACEF6B7D029B9D1CA39D4D9A34F80E3,SHA256=B446AF8762D93C979656667C5AC8CFDE59D6282198D3902FBDAFDC0E78C1D87E,IMPHASH=DAE02F32A21E03CE65412F6E56942DAA', 'ruleName': 'technique_id=T1059.001,technique_name=PowerShell', 'company': 'Microsoft Corporation', 'fileVersion': '10.0.26100.7462', 'user': 'NT AUTHORITY\\\\SYSTEM'}, 'system': {'eventID': '7', 'keywords': '0x8000000000000000', 'providerGuid': '{5770385f-c22a-43e0-bf4c-06f5698ffbd9}', 'level': '4', 'channel': 'Microsoft-Windows-Sysmon/Operational', 'opcode': '0', 'message': '""Image loaded:\r\nRuleName: technique_id=T1059.001,technique_name=PowerShell\r\nUtcTime: 2025-12-29 09:41:55.665\r\nProcessGuid: {411eefe4-4ce3-6952-e317-000000001000}\r\nProcessId: 8748\r\nImage: C:\\Windows\\Microsoft.NET\\Framework\\v4.0.30319\\mscorsvw.exe\r\nImageLoaded: C:\\Windows\\Microsoft.NET\\assembly\\GAC_MSIL\\System.Management.Automation\\v4.0_3.0.0.0__31bf3856ad364e35\\System.Management.Automation.dll\r\nFileVersion: 10.0.26100.7462\r\nDescription: System.Management.Automation\r\nProduct: Microsoft (R) Windows (R) Operating System\r\nCompany: Microsoft Corporation\r\nOriginalFileName: System.Management.Automation.dll\r\nHashes: SHA1=00BD08F417A37522651DBDEB756CD52D99736266,MD5=CACEF6B7D029B9D1CA39D4D9A34F80E3,SHA256=B446AF8762D93C979656667C5AC8CFDE59D6282198D3902FBDAFDC0E78C1D87E,IMPHASH=DAE02F32A21E03CE65412F6E56942DAA\r\nSigned: true\r\nSignature: Microsoft Windows\r\nSignatureStatus: Valid\r\nUser: NT AUTHORITY\\SYSTEM""', 'version': '3', 'systemTime': '2025-12-29T09:41:55.6665090Z', 'eventRecordID': '18156', 'threadID': '3676', 'computer': 'WindowsEnd-c7921449-8b62-4c4d-8a83-d9281ac0190b', 'task': '7', 'processID': '1836', 'severityValue': 'INFORMATION', 'providerName': 'Microsoft-Windows-Sysmon'}}}, 'rule': {'firedtimes': 52, 'mail': True, 'level': 12, 'description': 'Binary loaded PowerShell automation library - Possible unmanaged Powershell execution by suspicious process', 'groups': ['sysmon', 'sysmon_eid7_detections', 'windows'], 'mitre': {'technique': ['PowerShell'], 'id': ['T1059.001'], 'tactic': ['Execution']}, 'id': '92151'}, 'decoder': {'name': 'windows_eventchannel'}, 'input': {'type': 'log'}, '@timestamp': '2025-12-29T09:41:56.761Z', 'location': 'EventChannel', 'id': '1767001316.6951658', 'timestamp': '2025-12-29T10:41:56.761+0100'}",critical,
2025-12-29T09:41:56.774Z,Endpoint3-Win,1,92151,Binary loaded PowerShell automation library - Possible unmanaged Powershell execution by suspicious process,12,T1059.001,EventChannel,"{'agent': {'ip': '192.168.100.15', 'name': 'Endpoint3-Win', 'id': '001'}, 'manager': {'name': 'wazuh-vm'}, 'data': {'win': {'eventdata': {'originalFileName': 'System.Management.Automation.dll', 'image': 'C:\\\\Windows\\\\Microsoft.NET\\\\Framework\\\\v4.0.30319\\\\mscorsvw.exe', 'product': 'Microsoft (R) Windows (R) Operating System', 'signature': 'Microsoft Windows', 'imageLoaded': 'C:\\\\Windows\\\\Microsoft.NET\\\\assembly\\\\GAC_MSIL\\\\System.Management.Automation\\\\v4.0_3.0.0.0__31bf3856ad364e35\\\\System.Management.Automation.dll', 'description': 'System.Management.Automation', 'signed': 'true', 'signatureStatus': 'Valid', 'processGuid': '{411eefe4-4ce3-6952-e417-000000001000}', 'processId': '6916', 'utcTime': '2025-12-29 09:41:55.908', 'hashes': 'SHA1=00BD08F417A37522651DBDEB756CD52D99736266,MD5=CACEF6B7D029B9D1CA39D4D9A34F80E3,SHA256=B446AF8762D93C979656667C5AC8CFDE59D6282198D3902FBDAFDC0E78C1D87E,IMPHASH=DAE02F32A21E03CE65412F6E56942DAA', 'ruleName': 'technique_id=T1059.001,technique_name=PowerShell', 'company': 'Microsoft Corporation', 'fileVersion': '10.0.26100.7462', 'user': 'NT AUTHORITY\\\\SYSTEM'}, 'system': {'eventID': '7', 'keywords': '0x8000000000000000', 'providerGuid': '{5770385f-c22a-43e0-bf4c-06f5698ffbd9}', 'level': '4', 'channel': 'Microsoft-Windows-Sysmon/Operational', 'opcode': '0', 'message': '""Image loaded:\r\nRuleName: technique_id=T1059.001,technique_name=PowerShell\r\nUtcTime: 2025-12-29 09:41:55.908\r\nProcessGuid: {411eefe4-4ce3-6952-e417-000000001000}\r\nProcessId: 6916\r\nImage: C:\\Windows\\Microsoft.NET\\Framework\\v4.0.30319\\mscorsvw.exe\r\nImageLoaded: C:\\Windows\\Microsoft.NET\\assembly\\GAC_MSIL\\System.Management.Automation\\v4.0_3.0.0.0__31bf3856ad364e35\\System.Management.Automation.dll\r\nFileVersion: 10.0.26100.7462\r\nDescription: System.Management.Automation\r\nProduct: Microsoft (R) Windows (R) Operating System\r\nCompany: Microsoft Corporation\r\nOriginalFileName: System.Management.Automation.dll\r\nHashes: SHA1=00BD08F417A37522651DBDEB756CD52D99736266,MD5=CACEF6B7D029B9D1CA39D4D9A34F80E3,SHA256=B446AF8762D93C979656667C5AC8CFDE59D6282198D3902FBDAFDC0E78C1D87E,IMPHASH=DAE02F32A21E03CE65412F6E56942DAA\r\nSigned: true\r\nSignature: Microsoft Windows\r\nSignatureStatus: Valid\r\nUser: NT AUTHORITY\\SYSTEM""', 'version': '3', 'systemTime': '2025-12-29T09:41:55.9120802Z', 'eventRecordID': '18158', 'threadID': '3676', 'computer': 'WindowsEnd-c7921449-8b62-4c4d-8a83-d9281ac0190b', 'task': '7', 'processID': '1836', 'severityValue': 'INFORMATION', 'providerName': 'Microsoft-Windows-Sysmon'}}}, 'rule': {'firedtimes': 53, 'mail': True, 'level': 12, 'description': 'Binary loaded PowerShell automation library - Possible unmanaged Powershell execution by suspicious process', 'groups': ['sysmon', 'sysmon_eid7_detections', 'windows'], 'mitre': {'technique': ['PowerShell'], 'id': ['T1059.001'], 'tactic': ['Execution']}, 'id': '92151'}, 'decoder': {'name': 'windows_eventchannel'}, 'input': {'type': 'log'}, '@timestamp': '2025-12-29T09:41:56.774Z', 'location': 'EventChannel', 'id': '1767001316.6956926', 'timestamp': '2025-12-29T10:41:56.774+0100'}",critical,
2025-12-29T09:41:56.779Z,Endpoint3-Win,1,92151,Binary loaded PowerShell automation library - Possible unmanaged Powershell execution by suspicious process,12,T1059.001,EventChannel,"{'agent': {'ip': '192.168.100.15', 'name': 'Endpoint3-Win', 'id': '001'}, 'manager': {'name': 'wazuh-vm'}, 'data': {'win': {'eventdata': {'originalFileName': 'System.Management.Automation.dll', 'image': 'C:\\\\Windows\\\\Microsoft.NET\\\\Framework\\\\v4.0.30319\\\\mscorsvw.exe', 'product': 'Microsoft (R) Windows (R) Operating System', 'signature': 'Microsoft Windows', 'imageLoaded': 'C:\\\\Windows\\\\Microsoft.NET\\\\assembly\\\\GAC_MSIL\\\\System.Management.Automation\\\\v4.0_3.0.0.0__31bf3856ad364e35\\\\System.Management.Automation.dll', 'description': 'System.Management.Automation', 'signed': 'true', 'signatureStatus': 'Valid', 'processGuid': '{411eefe4-4ce3-6952-e417-000000001000}', 'processId': '6916', 'utcTime': '2025-12-29 09:41:55.908', 'hashes': 'SHA1=00BD08F417A37522651DBDEB756CD52D99736266,MD5=CACEF6B7D029B9D1CA39D4D9A34F80E3,SHA256=B446AF8762D93C979656667C5AC8CFDE59D6282198D3902FBDAFDC0E78C1D87E,IMPHASH=DAE02F32A21E03CE65412F6E56942DAA', 'ruleName': 'technique_id=T1059.001,technique_name=PowerShell', 'company': 'Microsoft Corporation', 'fileVersion': '10.0.26100.7462', 'user': 'NT AUTHORITY\\\\SYSTEM'}, 'system': {'eventID': '7', 'keywords': '0x8000000000000000', 'providerGuid': '{5770385f-c22a-43e0-bf4c-06f5698ffbd9}', 'level': '4', 'channel': 'Microsoft-Windows-Sysmon/Operational', 'opcode': '0', 'message': '""Image loaded:\r\nRuleName: technique_id=T1059.001,technique_name=PowerShell\r\nUtcTime: 2025-12-29 09:41:55.908\r\nProcessGuid: {411eefe4-4ce3-6952-e417-000000001000}\r\nProcessId: 6916\r\nImage: C:\\Windows\\Microsoft.NET\\Framework\\v4.0.30319\\mscorsvw.exe\r\nImageLoaded: C:\\Windows\\Microsoft.NET\\assembly\\GAC_MSIL\\System.Management.Automation\\v4.0_3.0.0.0__31bf3856ad364e35\\System.Management.Automation.dll\r\nFileVersion: 10.0.26100.7462\r\nDescription: System.Management.Automation\r\nProduct: Microsoft (R) Windows (R) Operating System\r\nCompany: Microsoft Corporation\r\nOriginalFileName: System.Management.Automation.dll\r\nHashes: SHA1=00BD08F417A37522651DBDEB756CD52D99736266,MD5=CACEF6B7D029B9D1CA39D4D9A34F80E3,SHA256=B446AF8762D93C979656667C5AC8CFDE59D6282198D3902FBDAFDC0E78C1D87E,IMPHASH=DAE02F32A21E03CE65412F6E56942DAA\r\nSigned: true\r\nSignature: Microsoft Windows\r\nSignatureStatus: Valid\r\nUser: NT AUTHORITY\\SYSTEM""', 'version': '3', 'systemTime': '2025-12-29T09:41:55.9128463Z', 'eventRecordID': '18159', 'threadID': '3676', 'computer': 'WindowsEnd-c7921449-8b62-4c4d-8a83-d9281ac0190b', 'task': '7', 'processID': '1836', 'severityValue': 'INFORMATION', 'providerName': 'Microsoft-Windows-Sysmon'}}}, 'rule': {'firedtimes': 54, 'mail': True, 'level': 12, 'description': 'Binary loaded PowerShell automation library - Possible unmanaged Powershell execution by suspicious process', 'groups': ['sysmon', 'sysmon_eid7_detections', 'windows'], 'mitre': {'technique': ['PowerShell'], 'id': ['T1059.001'], 'tactic': ['Execution']}, 'id': '92151'}, 'decoder': {'name': 'windows_eventchannel'}, 'input': {'type': 'log'}, '@timestamp': '2025-12-29T09:41:56.779Z', 'location': 'EventChannel', 'id': '1767001316.6962194', 'timestamp': '2025-12-29T10:41:56.779+0100'}",critical,
2025-12-29T09:41:56.792Z,Endpoint3-Win,1,92217,Executable dropped in Windows root folder,6,T1570,EventChannel,"{'agent': {'ip': '192.168.100.15', 'name': 'Endpoint3-Win', 'id': '001'}, 'manager': {'name': 'wazuh-vm'}, 'data': {'win': {'eventdata': {'image': 'C:\\\\Windows\\\\Microsoft.NET\\\\Framework\\\\v4.0.30319\\\\mscorsvw.exe', 'processGuid': '{411eefe4-4ce3-6952-e417-000000001000}', 'processId': '6916', 'utcTime': '2025-12-29 09:41:55.934', 'targetFilename': 'C:\\\\Windows\\\\assembly\\\\NativeImages_v4.0.30319_32\\\\Temp\\\\1b04-0\\\\Microsoft.Windows.Diagnosis.Commands.UpdateDiagRootcause.dll', 'ruleName': 'technique_id=T1574.010,technique_name=Services File Permissions Weakness', 'creationUtcTime': '2025-12-29 09:41:55.934', 'user': 'NT AUTHORITY\\\\SYSTEM'}, 'system': {'eventID': '11', 'keywords': '0x8000000000000000', 'providerGuid': '{5770385f-c22a-43e0-bf4c-06f5698ffbd9}', 'level': '4', 'channel': 'Microsoft-Windows-Sysmon/Operational', 'opcode': '0', 'message': '""File created:\r\nRuleName: technique_id=T1574.010,technique_name=Services File Permissions Weakness\r\nUtcTime: 2025-12-29 09:41:55.934\r\nProcessGuid: {411eefe4-4ce3-6952-e417-000000001000}\r\nProcessId: 6916\r\nImage: C:\\Windows\\Microsoft.NET\\Framework\\v4.0.30319\\mscorsvw.exe\r\nTargetFilename: C:\\Windows\\assembly\\NativeImages_v4.0.30319_32\\Temp\\1b04-0\\Microsoft.Windows.Diagnosis.Commands.UpdateDiagRootcause.dll\r\nCreationUtcTime: 2025-12-29 09:41:55.934\r\nUser: NT AUTHORITY\\SYSTEM""', 'version': '2', 'systemTime': '2025-12-29T09:41:55.9385113Z', 'eventRecordID': '18160', 'threadID': '3676', 'computer': 'WindowsEnd-c7921449-8b62-4c4d-8a83-d9281ac0190b', 'task': '11', 'processID': '1836', 'severityValue': 'INFORMATION', 'providerName': 'Microsoft-Windows-Sysmon'}}}, 'rule': {'firedtimes': 25, 'mail': False, 'level': 6, 'description': 'Executable dropped in Windows root folder', 'groups': ['sysmon', 'sysmon_eid11_detections', 'windows'], 'mitre': {'technique': ['Lateral Tool Transfer'], 'id': ['T1570'], 'tactic': ['Lateral Movement']}, 'id': '92217'}, 'decoder': {'name': 'windows_eventchannel'}, 'input': {'type': 'log'}, '@timestamp': '2025-12-29T09:41:56.792Z', 'location': 'EventChannel', 'id': '1767001316.6967462', 'timestamp': '2025-12-29T10:41:56.792+0100'}",medium,
2025-12-29T09:41:56.804Z,Endpoint3-Win,1,92151,Binary loaded PowerShell automation library - Possible unmanaged Powershell execution by suspicious process,12,T1059.001,EventChannel,"{'agent': {'ip': '192.168.100.15', 'name': 'Endpoint3-Win', 'id': '001'}, 'manager': {'name': 'wazuh-vm'}, 'data': {'win': {'eventdata': {'originalFileName': 'System.Management.Automation.dll', 'image': 'C:\\\\Windows\\\\Microsoft.NET\\\\Framework\\\\v4.0.30319\\\\mscorsvw.exe', 'product': 'Microsoft (R) Windows (R) Operating System', 'signature': 'Microsoft Windows', 'imageLoaded': 'C:\\\\Windows\\\\Microsoft.NET\\\\assembly\\\\GAC_MSIL\\\\System.Management.Automation\\\\v4.0_3.0.0.0__31bf3856ad364e35\\\\System.Management.Automation.dll', 'description': 'System.Management.Automation', 'signed': 'true', 'signatureStatus': 'Valid', 'processGuid': '{411eefe4-4ce3-6952-e517-000000001000}', 'processId': '1508', 'utcTime': '2025-12-29 09:41:56.191', 'hashes': 'SHA1=00BD08F417A37522651DBDEB756CD52D99736266,MD5=CACEF6B7D029B9D1CA39D4D9A34F80E3,SHA256=B446AF8762D93C979656667C5AC8CFDE59D6282198D3902FBDAFDC0E78C1D87E,IMPHASH=DAE02F32A21E03CE65412F6E56942DAA', 'ruleName': 'technique_id=T1059.001,technique_name=PowerShell', 'company': 'Microsoft Corporation', 'fileVersion': '10.0.26100.7462', 'user': 'NT AUTHORITY\\\\SYSTEM'}, 'system': {'eventID': '7', 'keywords': '0x8000000000000000', 'providerGuid': '{5770385f-c22a-43e0-bf4c-06f5698ffbd9}', 'level': '4', 'channel': 'Microsoft-Windows-Sysmon/Operational', 'opcode': '0', 'message': '""Image loaded:\r\nRuleName: technique_id=T1059.001,technique_name=PowerShell\r\nUtcTime: 2025-12-29 09:41:56.191\r\nProcessGuid: {411eefe4-4ce3-6952-e517-000000001000}\r\nProcessId: 1508\r\nImage: C:\\Windows\\Microsoft.NET\\Framework\\v4.0.30319\\mscorsvw.exe\r\nImageLoaded: C:\\Windows\\Microsoft.NET\\assembly\\GAC_MSIL\\System.Management.Automation\\v4.0_3.0.0.0__31bf3856ad364e35\\System.Management.Automation.dll\r\nFileVersion: 10.0.26100.7462\r\nDescription: System.Management.Automation\r\nProduct: Microsoft (R) Windows (R) Operating System\r\nCompany: Microsoft Corporation\r\nOriginalFileName: System.Management.Automation.dll\r\nHashes: SHA1=00BD08F417A37522651DBDEB756CD52D99736266,MD5=CACEF6B7D029B9D1CA39D4D9A34F80E3,SHA256=B446AF8762D93C979656667C5AC8CFDE59D6282198D3902FBDAFDC0E78C1D87E,IMPHASH=DAE02F32A21E03CE65412F6E56942DAA\r\nSigned: true\r\nSignature: Microsoft Windows\r\nSignatureStatus: Valid\r\nUser: NT AUTHORITY\\SYSTEM""', 'version': '3', 'systemTime': '2025-12-29T09:41:56.1945902Z', 'eventRecordID': '18164', 'threadID': '3676', 'computer': 'WindowsEnd-c7921449-8b62-4c4d-8a83-d9281ac0190b', 'task': '7', 'processID': '1836', 'severityValue': 'INFORMATION', 'providerName': 'Microsoft-Windows-Sysmon'}}}, 'rule': {'firedtimes': 55, 'mail': True, 'level': 12, 'description': 'Binary loaded PowerShell automation library - Possible unmanaged Powershell execution by suspicious process', 'groups': ['sysmon', 'sysmon_eid7_detections', 'windows'], 'mitre': {'technique': ['PowerShell'], 'id': ['T1059.001'], 'tactic': ['Execution']}, 'id': '92151'}, 'decoder': {'name': 'windows_eventchannel'}, 'input': {'type': 'log'}, '@timestamp': '2025-12-29T09:41:56.804Z', 'location': 'EventChannel', 'id': '1767001316.6970801', 'timestamp': '2025-12-29T10:41:56.804+0100'}",critical,
2025-12-29T09:41:56.807Z,Endpoint3-Win,1,92151,Binary loaded PowerShell automation library - Possible unmanaged Powershell execution by suspicious process,12,T1059.001,EventChannel,"{'agent': {'ip': '192.168.100.15', 'name': 'Endpoint3-Win', 'id': '001'}, 'manager': {'name': 'wazuh-vm'}, 'data': {'win': {'eventdata': {'originalFileName': 'System.Management.Automation.dll', 'image': 'C:\\\\Windows\\\\Microsoft.NET\\\\Framework\\\\v4.0.30319\\\\mscorsvw.exe', 'product': 'Microsoft (R) Windows (R) Operating System', 'signature': 'Microsoft Windows', 'imageLoaded': 'C:\\\\Windows\\\\Microsoft.NET\\\\assembly\\\\GAC_MSIL\\\\System.Management.Automation\\\\v4.0_3.0.0.0__31bf3856ad364e35\\\\System.Management.Automation.dll', 'description': 'System.Management.Automation', 'signed': 'true', 'signatureStatus': 'Valid', 'processGuid': '{411eefe4-4ce3-6952-e517-000000001000}', 'processId': '1508', 'utcTime': '2025-12-29 09:41:56.191', 'hashes': 'SHA1=00BD08F417A37522651DBDEB756CD52D99736266,MD5=CACEF6B7D029B9D1CA39D4D9A34F80E3,SHA256=B446AF8762D93C979656667C5AC8CFDE59D6282198D3902FBDAFDC0E78C1D87E,IMPHASH=DAE02F32A21E03CE65412F6E56942DAA', 'ruleName': 'technique_id=T1059.001,technique_name=PowerShell', 'company': 'Microsoft Corporation', 'fileVersion': '10.0.26100.7462', 'user': 'NT AUTHORITY\\\\SYSTEM'}, 'system': {'eventID': '7', 'keywords': '0x8000000000000000', 'providerGuid': '{5770385f-c22a-43e0-bf4c-06f5698ffbd9}', 'level': '4', 'channel': 'Microsoft-Windows-Sysmon/Operational', 'opcode': '0', 'message': '""Image loaded:\r\nRuleName: technique_id=T1059.001,technique_name=PowerShell\r\nUtcTime: 2025-12-29 09:41:56.191\r\nProcessGuid: {411eefe4-4ce3-6952-e517-000000001000}\r\nProcessId: 1508\r\nImage: C:\\Windows\\Microsoft.NET\\Framework\\v4.0.30319\\mscorsvw.exe\r\nImageLoaded: C:\\Windows\\Microsoft.NET\\assembly\\GAC_MSIL\\System.Management.Automation\\v4.0_3.0.0.0__31bf3856ad364e35\\System.Management.Automation.dll\r\nFileVersion: 10.0.26100.7462\r\nDescription: System.Management.Automation\r\nProduct: Microsoft (R) Windows (R) Operating System\r\nCompany: Microsoft Corporation\r\nOriginalFileName: System.Management.Automation.dll\r\nHashes: SHA1=00BD08F417A37522651DBDEB756CD52D99736266,MD5=CACEF6B7D029B9D1CA39D4D9A34F80E3,SHA256=B446AF8762D93C979656667C5AC8CFDE59D6282198D3902FBDAFDC0E78C1D87E,IMPHASH=DAE02F32A21E03CE65412F6E56942DAA\r\nSigned: true\r\nSignature: Microsoft Windows\r\nSignatureStatus: Valid\r\nUser: NT AUTHORITY\\SYSTEM""', 'version': '3', 'systemTime': '2025-12-29T09:41:56.1950190Z', 'eventRecordID': '18165', 'threadID': '3676', 'computer': 'WindowsEnd-c7921449-8b62-4c4d-8a83-d9281ac0190b', 'task': '7', 'processID': '1836', 'severityValue': 'INFORMATION', 'providerName': 'Microsoft-Windows-Sysmon'}}}, 'rule': {'firedtimes': 56, 'mail': True, 'level': 12, 'description': 'Binary loaded PowerShell automation library - Possible unmanaged Powershell execution by suspicious process', 'groups': ['sysmon', 'sysmon_eid7_detections', 'windows'], 'mitre': {'technique': ['PowerShell'], 'id': ['T1059.001'], 'tactic': ['Execution']}, 'id': '92151'}, 'decoder': {'name': 'windows_eventchannel'}, 'input': {'type': 'log'}, '@timestamp': '2025-12-29T09:41:56.807Z', 'location': 'EventChannel', 'id': '1767001316.6976069', 'timestamp': '2025-12-29T10:41:56.807+0100'}",critical,
2025-12-29T09:41:56.813Z,Endpoint3-Win,1,92151,Binary loaded PowerShell automation library - Possible unmanaged Powershell execution by suspicious process,12,T1059.001,EventChannel,"{'agent': {'ip': '192.168.100.15', 'name': 'Endpoint3-Win', 'id': '001'}, 'manager': {'name': 'wazuh-vm'}, 'data': {'win': {'eventdata': {'originalFileName': 'System.Management.Automation.dll', 'image': 'C:\\\\Windows\\\\Microsoft.NET\\\\Framework\\\\v4.0.30319\\\\mscorsvw.exe', 'product': 'Microsoft (R) Windows (R) Operating System', 'signature': 'Microsoft Windows', 'imageLoaded': 'C:\\\\Windows\\\\Microsoft.NET\\\\assembly\\\\GAC_MSIL\\\\System.Management.Automation\\\\v4.0_3.0.0.0__31bf3856ad364e35\\\\System.Management.Automation.dll', 'description': 'System.Management.Automation', 'signed': 'true', 'signatureStatus': 'Valid', 'processGuid': '{411eefe4-4ce4-6952-e617-000000001000}', 'processId': '8776', 'utcTime': '2025-12-29 09:41:56.420', 'hashes': 'SHA1=00BD08F417A37522651DBDEB756CD52D99736266,MD5=CACEF6B7D029B9D1CA39D4D9A34F80E3,SHA256=B446AF8762D93C979656667C5AC8CFDE59D6282198D3902FBDAFDC0E78C1D87E,IMPHASH=DAE02F32A21E03CE65412F6E56942DAA', 'ruleName': 'technique_id=T1059.001,technique_name=PowerShell', 'company': 'Microsoft Corporation', 'fileVersion': '10.0.26100.7462', 'user': 'NT AUTHORITY\\\\SYSTEM'}, 'system': {'eventID': '7', 'keywords': '0x8000000000000000', 'providerGuid': '{5770385f-c22a-43e0-bf4c-06f5698ffbd9}', 'level': '4', 'channel': 'Microsoft-Windows-Sysmon/Operational', 'opcode': '0', 'message': '""Image loaded:\r\nRuleName: technique_id=T1059.001,technique_name=PowerShell\r\nUtcTime: 2025-12-29 09:41:56.420\r\nProcessGuid: {411eefe4-4ce4-6952-e617-000000001000}\r\nProcessId: 8776\r\nImage: C:\\Windows\\Microsoft.NET\\Framework\\v4.0.30319\\mscorsvw.exe\r\nImageLoaded: C:\\Windows\\Microsoft.NET\\assembly\\GAC_MSIL\\System.Management.Automation\\v4.0_3.0.0.0__31bf3856ad364e35\\System.Management.Automation.dll\r\nFileVersion: 10.0.26100.7462\r\nDescription: System.Management.Automation\r\nProduct: Microsoft (R) Windows (R) Operating System\r\nCompany: Microsoft Corporation\r\nOriginalFileName: System.Management.Automation.dll\r\nHashes: SHA1=00BD08F417A37522651DBDEB756CD52D99736266,MD5=CACEF6B7D029B9D1CA39D4D9A34F80E3,SHA256=B446AF8762D93C979656667C5AC8CFDE59D6282198D3902FBDAFDC0E78C1D87E,IMPHASH=DAE02F32A21E03CE65412F6E56942DAA\r\nSigned: true\r\nSignature: Microsoft Windows\r\nSignatureStatus: Valid\r\nUser: NT AUTHORITY\\SYSTEM""', 'version': '3', 'systemTime': '2025-12-29T09:41:56.4228956Z', 'eventRecordID': '18167', 'threadID': '3676', 'computer': 'WindowsEnd-c7921449-8b62-4c4d-8a83-d9281ac0190b', 'task': '7', 'processID': '1836', 'severityValue': 'INFORMATION', 'providerName': 'Microsoft-Windows-Sysmon'}}}, 'rule': {'firedtimes': 57, 'mail': True, 'level': 12, 'description': 'Binary loaded PowerShell automation library - Possible unmanaged Powershell execution by suspicious process', 'groups': ['sysmon', 'sysmon_eid7_detections', 'windows'], 'mitre': {'technique': ['PowerShell'], 'id': ['T1059.001'], 'tactic': ['Execution']}, 'id': '92151'}, 'decoder': {'name': 'windows_eventchannel'}, 'input': {'type': 'log'}, '@timestamp': '2025-12-29T09:41:56.813Z', 'location': 'EventChannel', 'id': '1767001316.6981337', 'timestamp': '2025-12-29T10:41:56.813+0100'}",critical,
2025-12-29T09:41:56.815Z,Endpoint3-Win,1,92151,Binary loaded PowerShell automation library - Possible unmanaged Powershell execution by suspicious process,12,T1059.001,EventChannel,"{'agent': {'ip': '192.168.100.15', 'name': 'Endpoint3-Win', 'id': '001'}, 'manager': {'name': 'wazuh-vm'}, 'data': {'win': {'eventdata': {'originalFileName': 'System.Management.Automation.dll', 'image': 'C:\\\\Windows\\\\Microsoft.NET\\\\Framework\\\\v4.0.30319\\\\mscorsvw.exe', 'product': 'Microsoft (R) Windows (R) Operating System', 'signature': 'Microsoft Windows', 'imageLoaded': 'C:\\\\Windows\\\\Microsoft.NET\\\\assembly\\\\GAC_MSIL\\\\System.Management.Automation\\\\v4.0_3.0.0.0__31bf3856ad364e35\\\\System.Management.Automation.dll', 'description': 'System.Management.Automation', 'signed': 'true', 'signatureStatus': 'Valid', 'processGuid': '{411eefe4-4ce4-6952-e617-000000001000}', 'processId': '8776', 'utcTime': '2025-12-29 09:41:56.423', 'hashes': 'SHA1=00BD08F417A37522651DBDEB756CD52D99736266,MD5=CACEF6B7D029B9D1CA39D4D9A34F80E3,SHA256=B446AF8762D93C979656667C5AC8CFDE59D6282198D3902FBDAFDC0E78C1D87E,IMPHASH=DAE02F32A21E03CE65412F6E56942DAA', 'ruleName': 'technique_id=T1059.001,technique_name=PowerShell', 'company': 'Microsoft Corporation', 'fileVersion': '10.0.26100.7462', 'user': 'NT AUTHORITY\\\\SYSTEM'}, 'system': {'eventID': '7', 'keywords': '0x8000000000000000', 'providerGuid': '{5770385f-c22a-43e0-bf4c-06f5698ffbd9}', 'level': '4', 'channel': 'Microsoft-Windows-Sysmon/Operational', 'opcode': '0', 'message': '""Image loaded:\r\nRuleName: technique_id=T1059.001,technique_name=PowerShell\r\nUtcTime: 2025-12-29 09:41:56.423\r\nProcessGuid: {411eefe4-4ce4-6952-e617-000000001000}\r\nProcessId: 8776\r\nImage: C:\\Windows\\Microsoft.NET\\Framework\\v4.0.30319\\mscorsvw.exe\r\nImageLoaded: C:\\Windows\\Microsoft.NET\\assembly\\GAC_MSIL\\System.Management.Automation\\v4.0_3.0.0.0__31bf3856ad364e35\\System.Management.Automation.dll\r\nFileVersion: 10.0.26100.7462\r\nDescription: System.Management.Automation\r\nProduct: Microsoft (R) Windows (R) Operating System\r\nCompany: Microsoft Corporation\r\nOriginalFileName: System.Management.Automation.dll\r\nHashes: SHA1=00BD08F417A37522651DBDEB756CD52D99736266,MD5=CACEF6B7D029B9D1CA39D4D9A34F80E3,SHA256=B446AF8762D93C979656667C5AC8CFDE59D6282198D3902FBDAFDC0E78C1D87E,IMPHASH=DAE02F32A21E03CE65412F6E56942DAA\r\nSigned: true\r\nSignature: Microsoft Windows\r\nSignatureStatus: Valid\r\nUser: NT AUTHORITY\\SYSTEM""', 'version': '3', 'systemTime': '2025-12-29T09:41:56.4240027Z', 'eventRecordID': '18168', 'threadID': '3676', 'computer': 'WindowsEnd-c7921449-8b62-4c4d-8a83-d9281ac0190b', 'task': '7', 'processID': '1836', 'severityValue': 'INFORMATION', 'providerName': 'Microsoft-Windows-Sysmon'}}}, 'rule': {'firedtimes': 58, 'mail': True, 'level': 12, 'description': 'Binary loaded PowerShell automation library - Possible unmanaged Powershell execution by suspicious process', 'groups': ['sysmon', 'sysmon_eid7_detections', 'windows'], 'mitre': {'technique': ['PowerShell'], 'id': ['T1059.001'], 'tactic': ['Execution']}, 'id': '92151'}, 'decoder': {'name': 'windows_eventchannel'}, 'input': {'type': 'log'}, '@timestamp': '2025-12-29T09:41:56.815Z', 'location': 'EventChannel', 'id': '1767001316.6986605', 'timestamp': '2025-12-29T10:41:56.815+0100'}",critical,
