2025-12-29T09:34:55.908Z,Endpoint3-Win,1,92151,Binary loaded PowerShell automation library - Possible unmanaged Powershell execution by suspicious process,12,T1059.001,EventChannel,"{'agent': {'ip': '192.168.100.15', 'name': 'Endpoint3-Win', 'id': '001'}, 'manager': {'name': 'wazuh-vm'}, 'data': {'win': {'eventdata': {'originalFileName': 'System.Management.Automation.dll', 'image': 'C:\\\\Windows\\\\Microsoft.NET\\\\Framework\\\\v4.0.30319\\\\mscorsvw.exe', 'product': 'Microsoft (R) Windows (R) Operating System', 'signature': 'Microsoft Windows', 'imageLoaded': 'C:\\\\Windows\\\\Microsoft.NET\\\\assembly\\\\GAC_MSIL\\\\System.Management.Automation\\\\v4.0_3.0.0.0__31bf3856ad364e35\\\\System.Management.Automation.dll', 'description': 'System.Management.Automation', 'signed': 'true', 'signatureStatus': 'Valid', 'processGuid': '{411eefe4-4b3e-6952-b017-000000001000}', 'processId': '2312', 'utcTime': '2025-12-29 09:34:54.835', 'hashes': 'SHA1=00BD08F417A37522651DBDEB756CD52D99736266,MD5=CACEF6B7D029B9D1CA39D4D9A34F80E3,SHA256=B446AF8762D93C979656667C5AC8CFDE59D6282198D3902FBDAFDC0E78C1D87E,IMPHASH=DAE02F32A21E03CE65412F6E56942DAA', 'ruleName': 'technique_id=T1059.001,technique_name=PowerShell', 'company': 'Microsoft Corporation', 'fileVersion': '10.0.26100.7462', 'user': 'NT AUTHORITY\\\\SYSTEM'}, 'system': {'eventID': '7', 'keywords': '0x8000000000000000', 'providerGuid': '{5770385f-c22a-43e0-bf4c-06f5698ffbd9}', 'level': '4', 'channel': 'Microsoft-Windows-Sysmon/Operational', 'opcode': '0', 'message': '""Image loaded:\r\nRuleName: technique_id=T1059.001,technique_name=PowerShell\r\nUtcTime: 2025-12-29 09:34:54.835\r\nProcessGuid: {411eefe4-4b3e-6952-b017-000000001000}\r\nProcessId: 2312\r\nImage: C:\\Windows\\Microsoft.NET\\Framework\\v4.0.30319\\mscorsvw.exe\r\nImageLoaded: C:\\Windows\\Microsoft.NET\\assembly\\GAC_MSIL\\System.Management.Automation\\v4.0_3.0.0.0__31bf3856ad364e35\\System.Management.Automation.dll\r\nFileVersion: 10.0.26100.7462\r\nDescription: System.Management.Automation\r\nProduct: Microsoft (R) Windows (R) Operating System\r\nCompany: Microsoft Corporation\r\nOriginalFileName: System.Management.Automation.dll\r\nHashes: SHA1=00BD08F417A37522651DBDEB756CD52D99736266,MD5=CACEF6B7D029B9D1CA39D4D9A34F80E3,SHA256=B446AF8762D93C979656667C5AC8CFDE59D6282198D3902FBDAFDC0E78C1D87E,IMPHASH=DAE02F32A21E03CE65412F6E56942DAA\r\nSigned: true\r\nSignature: Microsoft Windows\r\nSignatureStatus: Valid\r\nUser: NT AUTHORITY\\SYSTEM""', 'version': '3', 'systemTime': '2025-12-29T09:34:54.8376865Z', 'eventRecordID': '17963', 'threadID': '3676', 'computer': 'WindowsEnd-c7921449-8b62-4c4d-8a83-d9281ac0190b', 'task': '7', 'processID': '1836', 'severityValue': 'INFORMATION', 'providerName': 'Microsoft-Windows-Sysmon'}}}, 'rule': {'firedtimes': 8, 'mail': True, 'level': 12, 'description': 'Binary loaded PowerShell automation library - Possible unmanaged Powershell execution by suspicious process', 'groups': ['sysmon', 'sysmon_eid7_detections', 'windows'], 'mitre': {'technique': ['PowerShell'], 'id': ['T1059.001'], 'tactic': ['Execution']}, 'id': '92151'}, 'decoder': {'name': 'windows_eventchannel'}, 'input': {'type': 'log'}, '@timestamp': '2025-12-29T09:34:55.908Z', 'location': 'EventChannel', 'id': '1767000895.6595199', 'timestamp': '2025-12-29T10:34:55.908+0100'}",critical,
2025-12-29T09:34:57.793Z,Endpoint3-Win,1,92217,Executable dropped in Windows root folder,6,T1570,EventChannel,"{'agent': {'ip': '192.168.100.15', 'name': 'Endpoint3-Win', 'id': '001'}, 'manager': {'name': 'wazuh-vm'}, 'data': {'win': {'eventdata': {'image': 'C:\\\\Windows\\\\Microsoft.NET\\\\Framework\\\\v4.0.30319\\\\mscorsvw.exe', 'processGuid': '{411eefe4-4b3e-6952-b017-000000001000}', 'processId': '2312', 'utcTime': '2025-12-29 09:34:56.708', 'targetFilename': 'C:\\\\Windows\\\\assembly\\\\NativeImages_v4.0.30319_32\\\\Temp\\\\908-0\\\\Microsoft.PowerShell.Activities.dll', 'ruleName': 'technique_id=T1574.010,technique_name=Services File Permissions Weakness', 'creationUtcTime': '2025-12-29 09:34:56.708', 'user': 'NT AUTHORITY\\\\SYSTEM'}, 'system': {'eventID': '11', 'keywords': '0x8000000000000000', 'providerGuid': '{5770385f-c22a-43e0-bf4c-06f5698ffbd9}', 'level': '4', 'channel': 'Microsoft-Windows-Sysmon/Operational', 'opcode': '0', 'message': '""File created:\r\nRuleName: technique_id=T1574.010,technique_name=Services File Permissions Weakness\r\nUtcTime: 2025-12-29 09:34:56.708\r\nProcessGuid: {411eefe4-4b3e-6952-b017-000000001000}\r\nProcessId: 2312\r\nImage: C:\\Windows\\Microsoft.NET\\Framework\\v4.0.30319\\mscorsvw.exe\r\nTargetFilename: C:\\Windows\\assembly\\NativeImages_v4.0.30319_32\\Temp\\908-0\\Microsoft.PowerShell.Activities.dll\r\nCreationUtcTime: 2025-12-29 09:34:56.708\r\nUser: NT AUTHORITY\\SYSTEM""', 'version': '2', 'systemTime': '2025-12-29T09:34:56.7102482Z', 'eventRecordID': '17964', 'threadID': '3676', 'computer': 'WindowsEnd-c7921449-8b62-4c4d-8a83-d9281ac0190b', 'task': '11', 'processID': '1836', 'severityValue': 'INFORMATION', 'providerName': 'Microsoft-Windows-Sysmon'}}}, 'rule': {'firedtimes': 9, 'mail': False, 'level': 6, 'description': 'Executable dropped in Windows root folder', 'groups': ['sysmon', 'sysmon_eid11_detections', 'windows'], 'mitre': {'technique': ['Lateral Tool Transfer'], 'id': ['T1570'], 'tactic': ['Lateral Movement']}, 'id': '92217'}, 'decoder': {'name': 'windows_eventchannel'}, 'input': {'type': 'log'}, '@timestamp': '2025-12-29T09:34:57.793Z', 'location': 'EventChannel', 'id': '1767000897.6600467', 'timestamp': '2025-12-29T10:34:57.793+0100'}",medium,
2025-12-29T09:34:57.817Z,Endpoint3-Win,1,92151,Binary loaded PowerShell automation library - Possible unmanaged Powershell execution by suspicious process,12,T1059.001,EventChannel,"{'agent': {'ip': '192.168.100.15', 'name': 'Endpoint3-Win', 'id': '001'}, 'manager': {'name': 'wazuh-vm'}, 'data': {'win': {'eventdata': {'originalFileName': 'System.Management.Automation.dll', 'image': 'C:\\\\Windows\\\\Microsoft.NET\\\\Framework\\\\v4.0.30319\\\\mscorsvw.exe', 'product': 'Microsoft (R) Windows (R) Operating System', 'signature': 'Microsoft Windows', 'imageLoaded': 'C:\\\\Windows\\\\Microsoft.NET\\\\assembly\\\\GAC_MSIL\\\\System.Management.Automation\\\\v4.0_3.0.0.0__31bf3856ad364e35\\\\System.Management.Automation.dll', 'description': 'System.Management.Automation', 'signed': 'true', 'signatureStatus': 'Valid', 'processGuid': '{411eefe4-4b40-6952-b117-000000001000}', 'processId': '10212', 'utcTime': '2025-12-29 09:34:57.280', 'hashes': 'SHA1=00BD08F417A37522651DBDEB756CD52D99736266,MD5=CACEF6B7D029B9D1CA39D4D9A34F80E3,SHA256=B446AF8762D93C979656667C5AC8CFDE59D6282198D3902FBDAFDC0E78C1D87E,IMPHASH=DAE02F32A21E03CE65412F6E56942DAA', 'ruleName': 'technique_id=T1059.001,technique_name=PowerShell', 'company': 'Microsoft Corporation', 'fileVersion': '10.0.26100.7462', 'user': 'NT AUTHORITY\\\\SYSTEM'}, 'system': {'eventID': '7', 'keywords': '0x8000000000000000', 'providerGuid': '{5770385f-c22a-43e0-bf4c-06f5698ffbd9}', 'level': '4', 'channel': 'Microsoft-Windows-Sysmon/Operational', 'opcode': '0', 'message': '""Image loaded:\r\nRuleName: technique_id=T1059.001,technique_name=PowerShell\r\nUtcTime: 2025-12-29 09:34:57.280\r\nProcessGuid: {411eefe4-4b40-6952-b117-000000001000}\r\nProcessId: 10212\r\nImage: C:\\Windows\\Microsoft.NET\\Framework\\v4.0.30319\\mscorsvw.exe\r\nImageLoaded: C:\\Windows\\Microsoft.NET\\assembly\\GAC_MSIL\\System.Management.Automation\\v4.0_3.0.0.0__31bf3856ad364e35\\System.Management.Automation.dll\r\nFileVersion: 10.0.26100.7462\r\nDescription: System.Management.Automation\r\nProduct: Microsoft (R) Windows (R) Operating System\r\nCompany: Microsoft Corporation\r\nOriginalFileName: System.Management.Automation.dll\r\nHashes: SHA1=00BD08F417A37522651DBDEB756CD52D99736266,MD5=CACEF6B7D029B9D1CA39D4D9A34F80E3,SHA256=B446AF8762D93C979656667C5AC8CFDE59D6282198D3902FBDAFDC0E78C1D87E,IMPHASH=DAE02F32A21E03CE65412F6E56942DAA\r\nSigned: true\r\nSignature: Microsoft Windows\r\nSignatureStatus: Valid\r\nUser: NT AUTHORITY\\SYSTEM""', 'version': '3', 'systemTime': '2025-12-29T09:34:57.2839840Z', 'eventRecordID': '17970', 'threadID': '3676', 'computer': 'WindowsEnd-c7921449-8b62-4c4d-8a83-d9281ac0190b', 'task': '7', 'processID': '1836', 'severityValue': 'INFORMATION', 'providerName': 'Microsoft-Windows-Sysmon'}}}, 'rule': {'firedtimes': 9, 'mail': True, 'level': 12, 'description': 'Binary loaded PowerShell automation library - Possible unmanaged Powershell execution by suspicious process', 'groups': ['sysmon', 'sysmon_eid7_detections', 'windows'], 'mitre': {'technique': ['PowerShell'], 'id': ['T1059.001'], 'tactic': ['Execution']}, 'id': '92151'}, 'decoder': {'name': 'windows_eventchannel'}, 'input': {'type': 'log'}, '@timestamp': '2025-12-29T09:34:57.817Z', 'location': 'EventChannel', 'id': '1767000897.6603702', 'timestamp': '2025-12-29T10:34:57.817+0100'}",critical,
2025-12-29T09:34:57.820Z,Endpoint3-Win,1,92151,Binary loaded PowerShell automation library - Possible unmanaged Powershell execution by suspicious process,12,T1059.001,EventChannel,"{'agent': {'ip': '192.168.100.15', 'name': 'Endpoint3-Win', 'id': '001'}, 'manager': {'name': 'wazuh-vm'}, 'data': {'win': {'eventdata': {'originalFileName': 'System.Management.Automation.dll', 'image': 'C:\\\\Windows\\\\Microsoft.NET\\\\Framework\\\\v4.0.30319\\\\mscorsvw.exe', 'product': 'Microsoft (R) Windows (R) Operating System', 'signature': 'Microsoft Windows', 'imageLoaded': 'C:\\\\Windows\\\\Microsoft.NET\\\\assembly\\\\GAC_MSIL\\\\System.Management.Automation\\\\v4.0_3.0.0.0__31bf3856ad364e35\\\\System.Management.Automation.dll', 'description': 'System.Management.Automation', 'signed': 'true', 'signatureStatus': 'Valid', 'processGuid': '{411eefe4-4b40-6952-b117-000000001000}', 'processId': '10212', 'utcTime': '2025-12-29 09:34:57.283', 'hashes': 'SHA1=00BD08F417A37522651DBDEB756CD52D99736266,MD5=CACEF6B7D029B9D1CA39D4D9A34F80E3,SHA256=B446AF8762D93C979656667C5AC8CFDE59D6282198D3902FBDAFDC0E78C1D87E,IMPHASH=DAE02F32A21E03CE65412F6E56942DAA', 'ruleName': 'technique_id=T1059.001,technique_name=PowerShell', 'company': 'Microsoft Corporation', 'fileVersion': '10.0.26100.7462', 'user': 'NT AUTHORITY\\\\SYSTEM'}, 'system': {'eventID': '7', 'keywords': '0x8000000000000000', 'providerGuid': '{5770385f-c22a-43e0-bf4c-06f5698ffbd9}', 'level': '4', 'channel': 'Microsoft-Windows-Sysmon/Operational', 'opcode': '0', 'message': '""Image loaded:\r\nRuleName: technique_id=T1059.001,technique_name=PowerShell\r\nUtcTime: 2025-12-29 09:34:57.283\r\nProcessGuid: {411eefe4-4b40-6952-b117-000000001000}\r\nProcessId: 10212\r\nImage: C:\\Windows\\Microsoft.NET\\Framework\\v4.0.30319\\mscorsvw.exe\r\nImageLoaded: C:\\Windows\\Microsoft.NET\\assembly\\GAC_MSIL\\System.Management.Automation\\v4.0_3.0.0.0__31bf3856ad364e35\\System.Management.Automation.dll\r\nFileVersion: 10.0.26100.7462\r\nDescription: System.Management.Automation\r\nProduct: Microsoft (R) Windows (R) Operating System\r\nCompany: Microsoft Corporation\r\nOriginalFileName: System.Management.Automation.dll\r\nHashes: SHA1=00BD08F417A37522651DBDEB756CD52D99736266,MD5=CACEF6B7D029B9D1CA39D4D9A34F80E3,SHA256=B446AF8762D93C979656667C5AC8CFDE59D6282198D3902FBDAFDC0E78C1D87E,IMPHASH=DAE02F32A21E03CE65412F6E56942DAA\r\nSigned: true\r\nSignature: Microsoft Windows\r\nSignatureStatus: Valid\r\nUser: NT AUTHORITY\\SYSTEM""', 'version': '3', 'systemTime': '2025-12-29T09:34:57.2846992Z', 'eventRecordID': '17971', 'threadID': '3676', 'computer': 'WindowsEnd-c7921449-8b62-4c4d-8a83-d9281ac0190b', 'task': '7', 'processID': '1836', 'severityValue': 'INFORMATION', 'providerName': 'Microsoft-Windows-Sysmon'}}}, 'rule': {'firedtimes': 10, 'mail': True, 'level': 12, 'description': 'Binary loaded PowerShell automation library - Possible unmanaged Powershell execution by suspicious process', 'groups': ['sysmon', 'sysmon_eid7_detections', 'windows'], 'mitre': {'technique': ['PowerShell'], 'id': ['T1059.001'], 'tactic': ['Execution']}, 'id': '92151'}, 'decoder': {'name': 'windows_eventchannel'}, 'input': {'type': 'log'}, '@timestamp': '2025-12-29T09:34:57.820Z', 'location': 'EventChannel', 'id': '1767000897.6608974', 'timestamp': '2025-12-29T10:34:57.820+0100'}",critical,
2025-12-29T09:34:57.833Z,Endpoint3-Win,1,92151,Binary loaded PowerShell automation library - Possible unmanaged Powershell execution by suspicious process,12,T1059.001,EventChannel,"{'agent': {'ip': '192.168.100.15', 'name': 'Endpoint3-Win', 'id': '001'}, 'manager': {'name': 'wazuh-vm'}, 'data': {'win': {'eventdata': {'originalFileName': 'System.Management.Automation.dll', 'image': 'C:\\\\Windows\\\\Microsoft.NET\\\\Framework\\\\v4.0.30319\\\\mscorsvw.exe', 'product': 'Microsoft (R) Windows (R) Operating System', 'signature': 'Microsoft Windows', 'imageLoaded': 'C:\\\\Windows\\\\Microsoft.NET\\\\assembly\\\\GAC_MSIL\\\\System.Management.Automation\\\\v4.0_3.0.0.0__31bf3856ad364e35\\\\System.Management.Automation.dll', 'description': 'System.Management.Automation', 'signed': 'true', 'signatureStatus': 'Valid', 'processGuid': '{411eefe4-4b41-6952-b217-000000001000}', 'processId': '13836', 'utcTime': '2025-12-29 09:34:57.604', 'hashes': 'SHA1=00BD08F417A37522651DBDEB756CD52D99736266,MD5=CACEF6B7D029B9D1CA39D4D9A34F80E3,SHA256=B446AF8762D93C979656667C5AC8CFDE59D6282198D3902FBDAFDC0E78C1D87E,IMPHASH=DAE02F32A21E03CE65412F6E56942DAA', 'ruleName': 'technique_id=T1059.001,technique_name=PowerShell', 'company': 'Microsoft Corporation', 'fileVersion': '10.0.26100.7462', 'user': 'NT AUTHORITY\\\\SYSTEM'}, 'system': {'eventID': '7', 'keywords': '0x8000000000000000', 'providerGuid': '{5770385f-c22a-43e0-bf4c-06f5698ffbd9}', 'level': '4', 'channel': 'Microsoft-Windows-Sysmon/Operational', 'opcode': '0', 'message': '""Image loaded:\r\nRuleName: technique_id=T1059.001,technique_name=PowerShell\r\nUtcTime: 2025-12-29 09:34:57.604\r\nProcessGuid: {411eefe4-4b41-6952-b217-000000001000}\r\nProcessId: 13836\r\nImage: C:\\Windows\\Microsoft.NET\\Framework\\v4.0.30319\\mscorsvw.exe\r\nImageLoaded: C:\\Windows\\Microsoft.NET\\assembly\\GAC_MSIL\\System.Management.Automation\\v4.0_3.0.0.0__31bf3856ad364e35\\System.Management.Automation.dll\r\nFileVersion: 10.0.26100.7462\r\nDescription: System.Management.Automation\r\nProduct: Microsoft (R) Windows (R) Operating System\r\nCompany: Microsoft Corporation\r\nOriginalFileName: System.Management.Automation.dll\r\nHashes: SHA1=00BD08F417A37522651DBDEB756CD52D99736266,MD5=CACEF6B7D029B9D1CA39D4D9A34F80E3,SHA256=B446AF8762D93C979656667C5AC8CFDE59D6282198D3902FBDAFDC0E78C1D87E,IMPHASH=DAE02F32A21E03CE65412F6E56942DAA\r\nSigned: true\r\nSignature: Microsoft Windows\r\nSignatureStatus: Valid\r\nUser: NT AUTHORITY\\SYSTEM""', 'version': '3', 'systemTime': '2025-12-29T09:34:57.6093315Z', 'eventRecordID': '17975', 'threadID': '3676', 'computer': 'WindowsEnd-c7921449-8b62-4c4d-8a83-d9281ac0190b', 'task': '7', 'processID': '1836', 'severityValue': 'INFORMATION', 'providerName': 'Microsoft-Windows-Sysmon'}}}, 'rule': {'firedtimes': 11, 'mail': True, 'level': 12, 'description': 'Binary loaded PowerShell automation library - Possible unmanaged Powershell execution by suspicious process', 'groups': ['sysmon', 'sysmon_eid7_detections', 'windows'], 'mitre': {'technique': ['PowerShell'], 'id': ['T1059.001'], 'tactic': ['Execution']}, 'id': '92151'}, 'decoder': {'name': 'windows_eventchannel'}, 'input': {'type': 'log'}, '@timestamp': '2025-12-29T09:34:57.833Z', 'location': 'EventChannel', 'id': '1767000897.6614246', 'timestamp': '2025-12-29T10:34:57.833+0100'}",critical,
2025-12-29T09:34:57.836Z,Endpoint3-Win,1,92151,Binary loaded PowerShell automation library - Possible unmanaged Powershell execution by suspicious process,12,T1059.001,EventChannel,"{'agent': {'ip': '192.168.100.15', 'name': 'Endpoint3-Win', 'id': '001'}, 'manager': {'name': 'wazuh-vm'}, 'data': {'win': {'eventdata': {'originalFileName': 'System.Management.Automation.dll', 'image': 'C:\\\\Windows\\\\Microsoft.NET\\\\Framework\\\\v4.0.30319\\\\mscorsvw.exe', 'product': 'Microsoft (R) Windows (R) Operating System', 'signature': 'Microsoft Windows', 'imageLoaded': 'C:\\\\Windows\\\\Microsoft.NET\\\\assembly\\\\GAC_MSIL\\\\System.Management.Automation\\\\v4.0_3.0.0.0__31bf3856ad364e35\\\\System.Management.Automation.dll', 'description': 'System.Management.Automation', 'signed': 'true', 'signatureStatus': 'Valid', 'processGuid': '{411eefe4-4b41-6952-b217-000000001000}', 'processId': '13836', 'utcTime': '2025-12-29 09:34:57.604', 'hashes': 'SHA1=00BD08F417A37522651DBDEB756CD52D99736266,MD5=CACEF6B7D029B9D1CA39D4D9A34F80E3,SHA256=B446AF8762D93C979656667C5AC8CFDE59D6282198D3902FBDAFDC0E78C1D87E,IMPHASH=DAE02F32A21E03CE65412F6E56942DAA', 'ruleName': 'technique_id=T1059.001,technique_name=PowerShell', 'company': 'Microsoft Corporation', 'fileVersion': '10.0.26100.7462', 'user': 'NT AUTHORITY\\\\SYSTEM'}, 'system': {'eventID': '7', 'keywords': '0x8000000000000000', 'providerGuid': '{5770385f-c22a-43e0-bf4c-06f5698ffbd9}', 'level': '4', 'channel': 'Microsoft-Windows-Sysmon/Operational', 'opcode': '0', 'message': '""Image loaded:\r\nRuleName: technique_id=T1059.001,technique_name=PowerShell\r\nUtcTime: 2025-12-29 09:34:57.604\r\nProcessGuid: {411eefe4-4b41-6952-b217-000000001000}\r\nProcessId: 13836\r\nImage: C:\\Windows\\Microsoft.NET\\Framework\\v4.0.30319\\mscorsvw.exe\r\nImageLoaded: C:\\Windows\\Microsoft.NET\\assembly\\GAC_MSIL\\System.Management.Automation\\v4.0_3.0.0.0__31bf3856ad364e35\\System.Management.Automation.dll\r\nFileVersion: 10.0.26100.7462\r\nDescription: System.Management.Automation\r\nProduct: Microsoft (R) Windows (R) Operating System\r\nCompany: Microsoft Corporation\r\nOriginalFileName: System.Management.Automation.dll\r\nHashes: SHA1=00BD08F417A37522651DBDEB756CD52D99736266,MD5=CACEF6B7D029B9D1CA39D4D9A34F80E3,SHA256=B446AF8762D93C979656667C5AC8CFDE59D6282198D3902FBDAFDC0E78C1D87E,IMPHASH=DAE02F32A21E03CE65412F6E56942DAA\r\nSigned: true\r\nSignature: Microsoft Windows\r\nSignatureStatus: Valid\r\nUser: NT AUTHORITY\\SYSTEM""', 'version': '3', 'systemTime': '2025-12-29T09:34:57.6101004Z', 'eventRecordID': '17976', 'threadID': '3676', 'computer': 'WindowsEnd-c7921449-8b62-4c4d-8a83-d9281ac0190b', 'task': '7', 'processID': '1836', 'severityValue': 'INFORMATION', 'providerName': 'Microsoft-Windows-Sysmon'}}}, 'rule': {'firedtimes': 12, 'mail': True, 'level': 12, 'description': 'Binary loaded PowerShell automation library - Possible unmanaged Powershell execution by suspicious process', 'groups': ['sysmon', 'sysmon_eid7_detections', 'windows'], 'mitre': {'technique': ['PowerShell'], 'id': ['T1059.001'], 'tactic': ['Execution']}, 'id': '92151'}, 'decoder': {'name': 'windows_eventchannel'}, 'input': {'type': 'log'}, '@timestamp': '2025-12-29T09:34:57.836Z', 'location': 'EventChannel', 'id': '1767000897.6619518', 'timestamp': '2025-12-29T10:34:57.836+0100'}",critical,
2025-12-29T09:34:58.941Z,Endpoint3-Win,1,92217,Executable dropped in Windows root folder,6,T1570,EventChannel,"{'agent': {'ip': '192.168.100.15', 'name': 'Endpoint3-Win', 'id': '001'}, 'manager': {'name': 'wazuh-vm'}, 'data': {'win': {'eventdata': {'image': 'C:\\\\Windows\\\\Microsoft.NET\\\\Framework\\\\v4.0.30319\\\\mscorsvw.exe', 'processGuid': '{411eefe4-4b41-6952-b217-000000001000}', 'processId': '13836', 'utcTime': '2025-12-29 09:34:57.851', 'targetFilename': 'C:\\\\Windows\\\\assembly\\\\NativeImages_v4.0.30319_32\\\\Temp\\\\360c-0\\\\Microsoft.PowerShell.Commands.Diagnostics.dll', 'ruleName': 'technique_id=T1574.010,technique_name=Services File Permissions Weakness', 'creationUtcTime': '2025-12-29 09:34:57.851', 'user': 'NT AUTHORITY\\\\SYSTEM'}, 'system': {'eventID': '11', 'keywords': '0x8000000000000000', 'providerGuid': '{5770385f-c22a-43e0-bf4c-06f5698ffbd9}', 'level': '4', 'channel': 'Microsoft-Windows-Sysmon/Operational', 'opcode': '0', 'message': '""File created:\r\nRuleName: technique_id=T1574.010,technique_name=Services File Permissions Weakness\r\nUtcTime: 2025-12-29 09:34:57.851\r\nProcessGuid: {411eefe4-4b41-6952-b217-000000001000}\r\nProcessId: 13836\r\nImage: C:\\Windows\\Microsoft.NET\\Framework\\v4.0.30319\\mscorsvw.exe\r\nTargetFilename: C:\\Windows\\assembly\\NativeImages_v4.0.30319_32\\Temp\\360c-0\\Microsoft.PowerShell.Commands.Diagnostics.dll\r\nCreationUtcTime: 2025-12-29 09:34:57.851\r\nUser: NT AUTHORITY\\SYSTEM""', 'version': '2', 'systemTime': '2025-12-29T09:34:57.8540731Z', 'eventRecordID': '17977', 'threadID': '3676', 'computer': 'WindowsEnd-c7921449-8b62-4c4d-8a83-d9281ac0190b', 'task': '11', 'processID': '1836', 'severityValue': 'INFORMATION', 'providerName': 'Microsoft-Windows-Sysmon'}}}, 'rule': {'firedtimes': 10, 'mail': False, 'level': 6, 'description': 'Executable dropped in Windows root folder', 'groups': ['sysmon', 'sysmon_eid11_detections', 'windows'], 'mitre': {'technique': ['Lateral Tool Transfer'], 'id': ['T1570'], 'tactic': ['Lateral Movement']}, 'id': '92217'}, 'decoder': {'name': 'windows_eventchannel'}, 'input': {'type': 'log'}, '@timestamp': '2025-12-29T09:34:58.941Z', 'location': 'EventChannel', 'id': '1767000898.6624790', 'timestamp': '2025-12-29T10:34:58.941+0100'}",medium,
2025-12-29T09:34:58.951Z,Endpoint3-Win,1,92151,Binary loaded PowerShell automation library - Possible unmanaged Powershell execution by suspicious process,12,T1059.001,EventChannel,"{'agent': {'ip': '192.168.100.15', 'name': 'Endpoint3-Win', 'id': '001'}, 'manager': {'name': 'wazuh-vm'}, 'data': {'win': {'eventdata': {'originalFileName': 'System.Management.Automation.dll', 'image': 'C:\\\\Windows\\\\Microsoft.NET\\\\Framework\\\\v4.0.30319\\\\mscorsvw.exe', 'product': 'Microsoft (R) Windows (R) Operating System', 'signature': 'Microsoft Windows', 'imageLoaded': 'C:\\\\Windows\\\\Microsoft.NET\\\\assembly\\\\GAC_MSIL\\\\System.Management.Automation\\\\v4.0_3.0.0.0__31bf3856ad364e35\\\\System.Management.Automation.dll', 'description': 'System.Management.Automation', 'signed': 'true', 'signatureStatus': 'Valid', 'processGuid': '{411eefe4-4b41-6952-b317-000000001000}', 'processId': '13912', 'utcTime': '2025-12-29 09:34:58.124', 'hashes': 'SHA1=00BD08F417A37522651DBDEB756CD52D99736266,MD5=CACEF6B7D029B9D1CA39D4D9A34F80E3,SHA256=B446AF8762D93C979656667C5AC8CFDE59D6282198D3902FBDAFDC0E78C1D87E,IMPHASH=DAE02F32A21E03CE65412F6E56942DAA', 'ruleName': 'technique_id=T1059.001,technique_name=PowerShell', 'company': 'Microsoft Corporation', 'fileVersion': '10.0.26100.7462', 'user': 'NT AUTHORITY\\\\SYSTEM'}, 'system': {'eventID': '7', 'keywords': '0x8000000000000000', 'providerGuid': '{5770385f-c22a-43e0-bf4c-06f5698ffbd9}', 'level': '4', 'channel': 'Microsoft-Windows-Sysmon/Operational', 'opcode': '0', 'message': '""Image loaded:\r\nRuleName: technique_id=T1059.001,technique_name=PowerShell\r\nUtcTime: 2025-12-29 09:34:58.124\r\nProcessGuid: {411eefe4-4b41-6952-b317-000000001000}\r\nProcessId: 13912\r\nImage: C:\\Windows\\Microsoft.NET\\Framework\\v4.0.30319\\mscorsvw.exe\r\nImageLoaded: C:\\Windows\\Microsoft.NET\\assembly\\GAC_MSIL\\System.Management.Automation\\v4.0_3.0.0.0__31bf3856ad364e35\\System.Management.Automation.dll\r\nFileVersion: 10.0.26100.7462\r\nDescription: System.Management.Automation\r\nProduct: Microsoft (R) Windows (R) Operating System\r\nCompany: Microsoft Corporation\r\nOriginalFileName: System.Management.Automation.dll\r\nHashes: SHA1=00BD08F417A37522651DBDEB756CD52D99736266,MD5=CACEF6B7D029B9D1CA39D4D9A34F80E3,SHA256=B446AF8762D93C979656667C5AC8CFDE59D6282198D3902FBDAFDC0E78C1D87E,IMPHASH=DAE02F32A21E03CE65412F6E56942DAA\r\nSigned: true\r\nSignature: Microsoft Windows\r\nSignatureStatus: Valid\r\nUser: NT AUTHORITY\\SYSTEM""', 'version': '3', 'systemTime': '2025-12-29T09:34:58.1273447Z', 'eventRecordID': '17981', 'threadID': '3676', 'computer': 'WindowsEnd-c7921449-8b62-4c4d-8a83-d9281ac0190b', 'task': '7', 'processID': '1836', 'severityValue': 'INFORMATION', 'providerName': 'Microsoft-Windows-Sysmon'}}}, 'rule': {'firedtimes': 13, 'mail': True, 'level': 12, 'description': 'Binary loaded PowerShell automation library - Possible unmanaged Powershell execution by suspicious process', 'groups': ['sysmon', 'sysmon_eid7_detections', 'windows'], 'mitre': {'technique': ['PowerShell'], 'id': ['T1059.001'], 'tactic': ['Execution']}, 'id': '92151'}, 'decoder': {'name': 'windows_eventchannel'}, 'input': {'type': 'log'}, '@timestamp': '2025-12-29T09:34:58.951Z', 'location': 'EventChannel', 'id': '1767000898.6628073', 'timestamp': '2025-12-29T10:34:58.951+0100'}",critical,
2025-12-29T09:34:58.954Z,Endpoint3-Win,1,92151,Binary loaded PowerShell automation library - Possible unmanaged Powershell execution by suspicious process,12,T1059.001,EventChannel,"{'agent': {'ip': '192.168.100.15', 'name': 'Endpoint3-Win', 'id': '001'}, 'manager': {'name': 'wazuh-vm'}, 'data': {'win': {'eventdata': {'originalFileName': 'System.Management.Automation.dll', 'image': 'C:\\\\Windows\\\\Microsoft.NET\\\\Framework\\\\v4.0.30319\\\\mscorsvw.exe', 'product': 'Microsoft (R) Windows (R) Operating System', 'signature': 'Microsoft Windows', 'imageLoaded': 'C:\\\\Windows\\\\Microsoft.NET\\\\assembly\\\\GAC_MSIL\\\\System.Management.Automation\\\\v4.0_3.0.0.0__31bf3856ad364e35\\\\System.Management.Automation.dll', 'description': 'System.Management.Automation', 'signed': 'true', 'signatureStatus': 'Valid', 'processGuid': '{411eefe4-4b41-6952-b317-000000001000}', 'processId': '13912', 'utcTime': '2025-12-29 09:34:58.126', 'hashes': 'SHA1=00BD08F417A37522651DBDEB756CD52D99736266,MD5=CACEF6B7D029B9D1CA39D4D9A34F80E3,SHA256=B446AF8762D93C979656667C5AC8CFDE59D6282198D3902FBDAFDC0E78C1D87E,IMPHASH=DAE02F32A21E03CE65412F6E56942DAA', 'ruleName': 'technique_id=T1059.001,technique_name=PowerShell', 'company': 'Microsoft Corporation', 'fileVersion': '10.0.26100.7462', 'user': 'NT AUTHORITY\\\\SYSTEM'}, 'system': {'eventID': '7', 'keywords': '0x8000000000000000', 'providerGuid': '{5770385f-c22a-43e0-bf4c-06f5698ffbd9}', 'level': '4', 'channel': 'Microsoft-Windows-Sysmon/Operational', 'opcode': '0', 'message': '""Image loaded:\r\nRuleName: technique_id=T1059.001,technique_name=PowerShell\r\nUtcTime: 2025-12-29 09:34:58.126\r\nProcessGuid: {411eefe4-4b41-6952-b317-000000001000}\r\nProcessId: 13912\r\nImage: C:\\Windows\\Microsoft.NET\\Framework\\v4.0.30319\\mscorsvw.exe\r\nImageLoaded: C:\\Windows\\Microsoft.NET\\assembly\\GAC_MSIL\\System.Management.Automation\\v4.0_3.0.0.0__31bf3856ad364e35\\System.Management.Automation.dll\r\nFileVersion: 10.0.26100.7462\r\nDescription: System.Management.Automation\r\nProduct: Microsoft (R) Windows (R) Operating System\r\nCompany: Microsoft Corporation\r\nOriginalFileName: System.Management.Automation.dll\r\nHashes: SHA1=00BD08F417A37522651DBDEB756CD52D99736266,MD5=CACEF6B7D029B9D1CA39D4D9A34F80E3,SHA256=B446AF8762D93C979656667C5AC8CFDE59D6282198D3902FBDAFDC0E78C1D87E,IMPHASH=DAE02F32A21E03CE65412F6E56942DAA\r\nSigned: true\r\nSignature: Microsoft Windows\r\nSignatureStatus: Valid\r\nUser: NT AUTHORITY\\SYSTEM""', 'version': '3', 'systemTime': '2025-12-29T09:34:58.1278981Z', 'eventRecordID': '17982', 'threadID': '3676', 'computer': 'WindowsEnd-c7921449-8b62-4c4d-8a83-d9281ac0190b', 'task': '7', 'processID': '1836', 'severityValue': 'INFORMATION', 'providerName': 'Microsoft-Windows-Sysmon'}}}, 'rule': {'firedtimes': 14, 'mail': True, 'level': 12, 'description': 'Binary loaded PowerShell automation library - Possible unmanaged Powershell execution by suspicious process', 'groups': ['sysmon', 'sysmon_eid7_detections', 'windows'], 'mitre': {'technique': ['PowerShell'], 'id': ['T1059.001'], 'tactic': ['Execution']}, 'id': '92151'}, 'decoder': {'name': 'windows_eventchannel'}, 'input': {'type': 'log'}, '@timestamp': '2025-12-29T09:34:58.954Z', 'location': 'EventChannel', 'id': '1767000898.6633345', 'timestamp': '2025-12-29T10:34:58.954+0100'}",critical,
2025-12-29T09:34:58.958Z,Endpoint3-Win,1,92151,Binary loaded PowerShell automation library - Possible unmanaged Powershell execution by suspicious process,12,T1059.001,EventChannel,"{'agent': {'ip': '192.168.100.15', 'name': 'Endpoint3-Win', 'id': '001'}, 'manager': {'name': 'wazuh-vm'}, 'data': {'win': {'eventdata': {'originalFileName': 'System.Management.Automation.dll', 'image': 'C:\\\\Windows\\\\Microsoft.NET\\\\Framework\\\\v4.0.30319\\\\mscorsvw.exe', 'product': 'Microsoft (R) Windows (R) Operating System', 'signature': 'Microsoft Windows', 'imageLoaded': 'C:\\\\Windows\\\\Microsoft.NET\\\\assembly\\\\GAC_MSIL\\\\System.Management.Automation\\\\v4.0_3.0.0.0__31bf3856ad364e35\\\\System.Management.Automation.dll', 'description': 'System.Management.Automation', 'signed': 'true', 'signatureStatus': 'Valid', 'processGuid': '{411eefe4-4b42-6952-b417-000000001000}', 'processId': '12324', 'utcTime': '2025-12-29 09:34:58.789', 'hashes': 'SHA1=00BD08F417A37522651DBDEB756CD52D99736266,MD5=CACEF6B7D029B9D1CA39D4D9A34F80E3,SHA256=B446AF8762D93C979656667C5AC8CFDE59D6282198D3902FBDAFDC0E78C1D87E,IMPHASH=DAE02F32A21E03CE65412F6E56942DAA', 'ruleName': 'technique_id=T1059.001,technique_name=PowerShell', 'company': 'Microsoft Corporation', 'fileVersion': '10.0.26100.7462', 'user': 'NT AUTHORITY\\\\SYSTEM'}, 'system': {'eventID': '7', 'keywords': '0x8000000000000000', 'providerGuid': '{5770385f-c22a-43e0-bf4c-06f5698ffbd9}', 'level': '4', 'channel': 'Microsoft-Windows-Sysmon/Operational', 'opcode': '0', 'message': '""Image loaded:\r\nRuleName: technique_id=T1059.001,technique_name=PowerShell\r\nUtcTime: 2025-12-29 09:34:58.789\r\nProcessGuid: {411eefe4-4b42-6952-b417-000000001000}\r\nProcessId: 12324\r\nImage: C:\\Windows\\Microsoft.NET\\Framework\\v4.0.30319\\mscorsvw.exe\r\nImageLoaded: C:\\Windows\\Microsoft.NET\\assembly\\GAC_MSIL\\System.Management.Automation\\v4.0_3.0.0.0__31bf3856ad364e35\\System.Management.Automation.dll\r\nFileVersion: 10.0.26100.7462\r\nDescription: System.Management.Automation\r\nProduct: Microsoft (R) Windows (R) Operating System\r\nCompany: Microsoft Corporation\r\nOriginalFileName: System.Management.Automation.dll\r\nHashes: SHA1=00BD08F417A37522651DBDEB756CD52D99736266,MD5=CACEF6B7D029B9D1CA39D4D9A34F80E3,SHA256=B446AF8762D93C979656667C5AC8CFDE59D6282198D3902FBDAFDC0E78C1D87E,IMPHASH=DAE02F32A21E03CE65412F6E56942DAA\r\nSigned: true\r\nSignature: Microsoft Windows\r\nSignatureStatus: Valid\r\nUser: NT AUTHORITY\\SYSTEM""', 'version': '3', 'systemTime': '2025-12-29T09:34:58.7922849Z', 'eventRecordID': '17984', 'threadID': '3676', 'computer': 'WindowsEnd-c7921449-8b62-4c4d-8a83-d9281ac0190b', 'task': '7', 'processID': '1836', 'severityValue': 'INFORMATION', 'providerName': 'Microsoft-Windows-Sysmon'}}}, 'rule': {'firedtimes': 15, 'mail': True, 'level': 12, 'description': 'Binary loaded PowerShell automation library - Possible unmanaged Powershell execution by suspicious process', 'groups': ['sysmon', 'sysmon_eid7_detections', 'windows'], 'mitre': {'technique': ['PowerShell'], 'id': ['T1059.001'], 'tactic': ['Execution']}, 'id': '92151'}, 'decoder': {'name': 'windows_eventchannel'}, 'input': {'type': 'log'}, '@timestamp': '2025-12-29T09:34:58.958Z', 'location': 'EventChannel', 'id': '1767000898.6638617', 'timestamp': '2025-12-29T10:34:58.958+0100'}",critical,
2025-12-29T09:34:58.969Z,Endpoint3-Win,1,92151,Binary loaded PowerShell automation library - Possible unmanaged Powershell execution by suspicious process,12,T1059.001,EventChannel,"{'agent': {'ip': '192.168.100.15', 'name': 'Endpoint3-Win', 'id': '001'}, 'manager': {'name': 'wazuh-vm'}, 'data': {'win': {'eventdata': {'originalFileName': 'System.Management.Automation.dll', 'image': 'C:\\\\Windows\\\\Microsoft.NET\\\\Framework\\\\v4.0.30319\\\\mscorsvw.exe', 'product': 'Microsoft (R) Windows (R) Operating System', 'signature': 'Microsoft Windows', 'imageLoaded': 'C:\\\\Windows\\\\Microsoft.NET\\\\assembly\\\\GAC_MSIL\\\\System.Management.Automation\\\\v4.0_3.0.0.0__31bf3856ad364e35\\\\System.Management.Automation.dll', 'description': 'System.Management.Automation', 'signed': 'true', 'signatureStatus': 'Valid', 'processGuid': '{411eefe4-4b42-6952-b417-000000001000}', 'processId': '12324', 'utcTime': '2025-12-29 09:34:58.791', 'hashes': 'SHA1=00BD08F417A37522651DBDEB756CD52D99736266,MD5=CACEF6B7D029B9D1CA39D4D9A34F80E3,SHA256=B446AF8762D93C979656667C5AC8CFDE59D6282198D3902FBDAFDC0E78C1D87E,IMPHASH=DAE02F32A21E03CE65412F6E56942DAA', 'ruleName': 'technique_id=T1059.001,technique_name=PowerShell', 'company': 'Microsoft Corporation', 'fileVersion': '10.0.26100.7462', 'user': 'NT AUTHORITY\\\\SYSTEM'}, 'system': {'eventID': '7', 'keywords': '0x8000000000000000', 'providerGuid': '{5770385f-c22a-43e0-bf4c-06f5698ffbd9}', 'level': '4', 'channel': 'Microsoft-Windows-Sysmon/Operational', 'opcode': '0', 'message': '""Image loaded:\r\nRuleName: technique_id=T1059.001,technique_name=PowerShell\r\nUtcTime: 2025-12-29 09:34:58.791\r\nProcessGuid: {411eefe4-4b42-6952-b417-000000001000}\r\nProcessId: 12324\r\nImage: C:\\Windows\\Microsoft.NET\\Framework\\v4.0.30319\\mscorsvw.exe\r\nImageLoaded: C:\\Windows\\Microsoft.NET\\assembly\\GAC_MSIL\\System.Management.Automation\\v4.0_3.0.0.0__31bf3856ad364e35\\System.Management.Automation.dll\r\nFileVersion: 10.0.26100.7462\r\nDescription: System.Management.Automation\r\nProduct: Microsoft (R) Windows (R) Operating System\r\nCompany: Microsoft Corporation\r\nOriginalFileName: System.Management.Automation.dll\r\nHashes: SHA1=00BD08F417A37522651DBDEB756CD52D99736266,MD5=CACEF6B7D029B9D1CA39D4D9A34F80E3,SHA256=B446AF8762D93C979656667C5AC8CFDE59D6282198D3902FBDAFDC0E78C1D87E,IMPHASH=DAE02F32A21E03CE65412F6E56942DAA\r\nSigned: true\r\nSignature: Microsoft Windows\r\nSignatureStatus: Valid\r\nUser: NT AUTHORITY\\SYSTEM""', 'version': '3', 'systemTime': '2025-12-29T09:34:58.7929899Z', 'eventRecordID': '17985', 'threadID': '3676', 'computer': 'WindowsEnd-c7921449-8b62-4c4d-8a83-d9281ac0190b', 'task': '7', 'processID': '1836', 'severityValue': 'INFORMATION', 'providerName': 'Microsoft-Windows-Sysmon'}}}, 'rule': {'firedtimes': 16, 'mail': True, 'level': 12, 'description': 'Binary loaded PowerShell automation library - Possible unmanaged Powershell execution by suspicious process', 'groups': ['sysmon', 'sysmon_eid7_detections', 'windows'], 'mitre': {'technique': ['PowerShell'], 'id': ['T1059.001'], 'tactic': ['Execution']}, 'id': '92151'}, 'decoder': {'name': 'windows_eventchannel'}, 'input': {'type': 'log'}, '@timestamp': '2025-12-29T09:34:58.969Z', 'location': 'EventChannel', 'id': '1767000898.6643889', 'timestamp': '2025-12-29T10:34:58.969+0100'}",critical,
2025-12-29T09:35:45.848Z,Endpoint3-Win,1,60106,Windows logon success.,3,T1078,EventChannel,"{'agent': {'ip': '192.168.100.15', 'name': 'Endpoint3-Win', 'id': '001'}, 'manager': {'name': 'wazuh-vm'}, 'data': {'win': {'eventdata': {'subjectLogonId': '0x3e7', 'subjectDomainName': 'WORKGROUP', 'targetLinkedLogonId': '0x0', 'impersonationLevel': '%%1833', 'authenticationPackageName': 'Negotiate', 'targetLogonId': '0x3e7', 'logonProcessName': 'Advapi', 'logonGuid': '{00000000-0000-0000-0000-000000000000}', 'targetUserName': 'SYSTEM', 'keyLength': '0', 'elevatedToken': '%%1842', 'subjectUserSid': 'S-1-5-18', 'processId': '0x32c', 'processName': 'C:\\\\Windows\\\\System32\\\\services.exe', 'targetDomainName': 'NT AUTHORITY', 'targetUserSid': 'S-1-5-18', 'virtualAccount': '%%1843', 'logonType': '5', 'subjectUserName': 'WINDOWSEND-C792$'}, 'system': {'eventID': '4624', 'keywords': '0x8020000000000000', 'providerGuid': '{54849625-5478-4994-a5ba-3e3b0328c30d}', 'level': '0', 'channel': 'Security', 'opcode': '0', 'message': '""An account was successfully logged on.\r\n\r\nSubject:\r\n\tSecurity ID:\t\tS-1-5-18\r\n\tAccount Name:\t\tWINDOWSEND-C792$\r\n\tAccount Domain:\t\tWORKGROUP\r\n\tLogon ID:\t\t0x3E7\r\n\r\nLogon Information:\r\n\tLogon Type:\t\t5\r\n\tRestricted Admin Mode:\t-\r\n\tRemote Credential Guard:\t-\r\n\tVirtual Account:\t\tNo\r\n\tElevated Token:\t\tYes\r\n\r\nImpersonation Level:\t\tImpersonation\r\n\r\nNew Logon:\r\n\tSecurity ID:\t\tS-1-5-18\r\n\tAccount Name:\t\tSYSTEM\r\n\tAccount Domain:\t\tNT AUTHORITY\r\n\tLogon ID:\t\t0x3E7\r\n\tLinked Logon ID:\t\t0x0\r\n\tNetwork Account Name:\t-\r\n\tNetwork Account Domain:\t-\r\n\tLogon GUID:\t\t{00000000-0000-0000-0000-000000000000}\r\n\r\nProcess Information:\r\n\tProcess ID:\t\t0x32c\r\n\tProcess Name:\t\tC:\\Windows\\System32\\services.exe\r\n\r\nNetwork Information:\r\n\tWorkstation Name:\t-\r\n\tSource Network Address:\t-\r\n\tSource Port:\t\t-\r\n\r\nDetailed Authentication Information:\r\n\tLogon Process:\t\tAdvapi  \r\n\tAuthentication Package:\tNegotiate\r\n\tTransited Services:\t-\r\n\tPackage Name (NTLM only):\t-\r\n\tKey Length:\t\t0\r\n\r\nThis event is generated when a logon session is created. It is generated on the computer that was accessed.\r\n\r\nThe subject fields indicate the account on the local system which requested the logon. This is most commonly a service such as the Server service, or a local process such as Winlogon.exe or Services.exe.\r\n\r\nThe logon type field indicates the kind of logon that occurred. The most common types are 2 (interactive) and 3 (network).\r\n\r\nThe New Logon fields indicate the account for whom the new logon was created, i.e. the account that was logged on.\r\n\r\nThe network fields indicate where a remote logon request originated. Workstation name is not always available and may be left blank in some cases.\r\n\r\nThe impersonation level field indicates the extent to which a process in the logon session can impersonate.\r\n\r\nThe authentication information fields provide detailed information about this specific logon request.\r\n\t- Logon GUID is a unique identifier that can be used to correlate this event with a KDC event.\r\n\t- Transited services indicate which intermediate services have participated in this logon request.\r\n\t- Package name indicates which sub-protocol was used among the NTLM protocols.\r\n\t- Key length indicates the length of the generated session key. This will be 0 if no session key was requested.""', 'version': '3', 'systemTime': '2025-12-29T09:35:44.7510953Z', 'eventRecordID': '38841', 'threadID': '11900', 'computer': 'WindowsEnd-c7921449-8b62-4c4d-8a83-d9281ac0190b', 'task': '12544', 'processID': '832', 'severityValue': 'AUDIT_SUCCESS', 'providerName': 'Microsoft-Windows-Security-Auditing'}}}, 'rule': {'mail': False, 'level': 3, 'hipaa': ['164.312.b'], 'pci_dss': ['10.2.5'], 'tsc': ['CC6.8', 'CC7.2', 'CC7.3'], 'description': 'Windows logon success.', 'groups': ['windows', 'windows_security', 'authentication_success'], 'nist_800_53': ['AC.7', 'AU.14'], 'gdpr': ['IV_32.2'], 'firedtimes': 16, 'mitre': {'technique': ['Valid Accounts'], 'id': ['T1078'], 'tactic': ['Defense Evasion', 'Persistence', 'Privilege Escalation', 'Initial Access']}, 'id': '60106', 'gpg13': ['7.1', '7.2']}, 'decoder': {'name': 'windows_eventchannel'}, 'input': {'type': 'log'}, '@timestamp': '2025-12-29T09:35:45.848Z', 'location': 'EventChannel', 'id': '1767000945.6649161', 'timestamp': '2025-12-29T10:35:45.848+0100'}",low,
2025-12-29T09:35:46.195Z,Endpoint3-Win,1,61104,Service startup type was changed,3,,EventChannel,"{'agent': {'ip': '192.168.100.15', 'name': 'Endpoint3-Win', 'id': '001'}, 'manager': {'name': 'wazuh-vm'}, 'data': {'win': {'eventdata': {'param3': 'auto start', 'param4': 'BITS', 'param1': 'Background Intelligent Transfer Service', 'param2': 'demand start'}, 'system': {'eventID': '7040', 'eventSourceName': 'Service Control Manager', 'keywords': '0x8080000000000000', 'providerGuid': '{555908d1-a6d7-4695-8e1e-26931d2012f4}', 'level': '4', 'channel': 'System', 'opcode': '0', 'message': '""The start type of the Background Intelligent Transfer Service service was changed from demand start to auto start.""', 'version': '0', 'systemTime': '2025-12-29T09:35:45.0807608Z', 'eventRecordID': '2386', 'threadID': '10724', 'computer': 'WindowsEnd-c7921449-8b62-4c4d-8a83-d9281ac0190b', 'task': '0', 'processID': '812', 'severityValue': 'INFORMATION', 'providerName': 'Service Control Manager'}}}, 'rule': {'firedtimes': 3, 'mail': False, 'level': 3, 'pci_dss': ['10.6'], 'hipaa': ['164.312.b'], 'tsc': ['CC6.1', 'CC6.8', 'CC7.2', 'CC7.3'], 'description': 'Service startup type was changed', 'groups': ['windows', 'windows_system', 'policy_changed'], 'id': '61104', 'nist_800_53': ['AU.6'], 'info': 'This does not appear to be logged on Windows 2000', 'gdpr': ['IV_35.7.d']}, 'decoder': {'name': 'windows_eventchannel'}, 'input': {'type': 'log'}, '@timestamp': '2025-12-29T09:35:46.195Z', 'location': 'EventChannel', 'id': '1767000946.6656611', 'timestamp': '2025-12-29T10:35:46.195+0100'}",low,
2025-12-29T09:35:47.076Z,Endpoint3-Win,1,60106,Windows logon success.,3,T1078,EventChannel,"{'agent': {'ip': '192.168.100.15', 'name': 'Endpoint3-Win', 'id': '001'}, 'manager': {'name': 'wazuh-vm'}, 'data': {'win': {'eventdata': {'subjectLogonId': '0x3e7', 'subjectDomainName': 'WORKGROUP', 'targetLinkedLogonId': '0x0', 'impersonationLevel': '%%1833', 'authenticationPackageName': 'Negotiate', 'targetLogonId': '0x3e7', 'logonProcessName': 'Advapi', 'logonGuid': '{00000000-0000-0000-0000-000000000000}', 'targetUserName': 'SYSTEM', 'keyLength': '0', 'elevatedToken': '%%1842', 'subjectUserSid': 'S-1-5-18', 'processId': '0x32c', 'processName': 'C:\\\\Windows\\\\System32\\\\services.exe', 'targetDomainName': 'NT AUTHORITY', 'targetUserSid': 'S-1-5-18', 'virtualAccount': '%%1843', 'logonType': '5', 'subjectUserName': 'WINDOWSEND-C792$'}, 'system': {'eventID': '4624', 'keywords': '0x8020000000000000', 'providerGuid': '{54849625-5478-4994-a5ba-3e3b0328c30d}', 'level': '0', 'channel': 'Security', 'opcode': '0', 'message': '""An account was successfully logged on.\r\n\r\nSubject:\r\n\tSecurity ID:\t\tS-1-5-18\r\n\tAccount Name:\t\tWINDOWSEND-C792$\r\n\tAccount Domain:\t\tWORKGROUP\r\n\tLogon ID:\t\t0x3E7\r\n\r\nLogon Information:\r\n\tLogon Type:\t\t5\r\n\tRestricted Admin Mode:\t-\r\n\tRemote Credential Guard:\t-\r\n\tVirtual Account:\t\tNo\r\n\tElevated Token:\t\tYes\r\n\r\nImpersonation Level:\t\tImpersonation\r\n\r\nNew Logon:\r\n\tSecurity ID:\t\tS-1-5-18\r\n\tAccount Name:\t\tSYSTEM\r\n\tAccount Domain:\t\tNT AUTHORITY\r\n\tLogon ID:\t\t0x3E7\r\n\tLinked Logon ID:\t\t0x0\r\n\tNetwork Account Name:\t-\r\n\tNetwork Account Domain:\t-\r\n\tLogon GUID:\t\t{00000000-0000-0000-0000-000000000000}\r\n\r\nProcess Information:\r\n\tProcess ID:\t\t0x32c\r\n\tProcess Name:\t\tC:\\Windows\\System32\\services.exe\r\n\r\nNetwork Information:\r\n\tWorkstation Name:\t-\r\n\tSource Network Address:\t-\r\n\tSource Port:\t\t-\r\n\r\nDetailed Authentication Information:\r\n\tLogon Process:\t\tAdvapi  \r\n\tAuthentication Package:\tNegotiate\r\n\tTransited Services:\t-\r\n\tPackage Name (NTLM only):\t-\r\n\tKey Length:\t\t0\r\n\r\nThis event is generated when a logon session is created. It is generated on the computer that was accessed.\r\n\r\nThe subject fields indicate the account on the local system which requested the logon. This is most commonly a service such as the Server service, or a local process such as Winlogon.exe or Services.exe.\r\n\r\nThe logon type field indicates the kind of logon that occurred. The most common types are 2 (interactive) and 3 (network).\r\n\r\nThe New Logon fields indicate the account for whom the new logon was created, i.e. the account that was logged on.\r\n\r\nThe network fields indicate where a remote logon request originated. Workstation name is not always available and may be left blank in some cases.\r\n\r\nThe impersonation level field indicates the extent to which a process in the logon session can impersonate.\r\n\r\nThe authentication information fields provide detailed information about this specific logon request.\r\n\t- Logon GUID is a unique identifier that can be used to correlate this event with a KDC event.\r\n\t- Transited services indicate which intermediate services have participated in this logon request.\r\n\t- Package name indicates which sub-protocol was used among the NTLM protocols.\r\n\t- Key length indicates the length of the generated session key. This will be 0 if no session key was requested.""', 'version': '3', 'systemTime': '2025-12-29T09:35:45.9874487Z', 'eventRecordID': '38845', 'threadID': '12368', 'computer': 'WindowsEnd-c7921449-8b62-4c4d-8a83-d9281ac0190b', 'task': '12544', 'processID': '832', 'severityValue': 'AUDIT_SUCCESS', 'providerName': 'Microsoft-Windows-Security-Auditing'}}}, 'rule': {'mail': False, 'level': 3, 'hipaa': ['164.312.b'], 'pci_dss': ['10.2.5'], 'tsc': ['CC6.8', 'CC7.2', 'CC7.3'], 'description': 'Windows logon success.', 'groups': ['windows', 'windows_security', 'authentication_success'], 'nist_800_53': ['AC.7', 'AU.14'], 'gdpr': ['IV_32.2'], 'firedtimes': 17, 'mitre': {'technique': ['Valid Accounts'], 'id': ['T1078'], 'tactic': ['Defense Evasion', 'Persistence', 'Privilege Escalation', 'Initial Access']}, 'id': '60106', 'gpg13': ['7.1', '7.2']}, 'decoder': {'name': 'windows_eventchannel'}, 'input': {'type': 'log'}, '@timestamp': '2025-12-29T09:35:47.076Z', 'location': 'EventChannel', 'id': '1767000947.6658507', 'timestamp': '2025-12-29T10:35:47.076+0100'}",low,
2025-12-29T09:35:47.299Z,Endpoint3-Win,1,92110,Detected WinRM activity from 0:0:0:0:0:0:0:1 to 0:0:0:0:0:0:0:1,4,T1021.006,EventChannel,"{'agent': {'ip': '192.168.100.15', 'name': 'Endpoint3-Win', 'id': '001'}, 'manager': {'name': 'wazuh-vm'}, 'data': {'win': {'eventdata': {'destinationPort': '5985', 'image': 'C:\\\\WINDOWS\\\\System32\\\\svchost.exe', 'sourcePort': '55272', 'initiated': 'true', 'destinationIp': '0:0:0:0:0:0:0:1', 'protocol': 'tcp', 'processGuid': '{411eefe4-4b70-6952-b517-000000001000}', 'sourceIp': '0:0:0:0:0:0:0:1', 'processId': '8348', 'utcTime': '2025-12-29 09:27:53.839', 'ruleName': 'technique_id=T1021,technique_name=Remote Services', 'destinationIsIpv6': 'true', 'user': 'NT AUTHORITY\\\\SYSTEM', 'sourceIsIpv6': 'true'}, 'system': {'eventID': '3', 'keywords': '0x8000000000000000', 'providerGuid': '{5770385f-c22a-43e0-bf4c-06f5698ffbd9}', 'level': '4', 'channel': 'Microsoft-Windows-Sysmon/Operational', 'opcode': '0', 'message': '""Network connection detected:\r\nRuleName: technique_id=T1021,technique_name=Remote Services\r\nUtcTime: 2025-12-29 09:27:53.839\r\nProcessGuid: {411eefe4-4b70-6952-b517-000000001000}\r\nProcessId: 8348\r\nImage: C:\\WINDOWS\\System32\\svchost.exe\r\nUser: NT AUTHORITY\\SYSTEM\r\nProtocol: tcp\r\nInitiated: true\r\nSourceIsIpv6: true\r\nSourceIp: 0:0:0:0:0:0:0:1\r\nSourceHostname: -\r\nSourcePort: 55272\r\nSourcePortName: -\r\nDestinationIsIpv6: true\r\nDestinationIp: 0:0:0:0:0:0:0:1\r\nDestinationHostname: -\r\nDestinationPort: 5985\r\nDestinationPortName: -""', 'version': '5', 'systemTime': '2025-12-29T09:35:46.4024998Z', 'eventRecordID': '17998', 'threadID': '2620', 'computer': 'WindowsEnd-c7921449-8b62-4c4d-8a83-d9281ac0190b', 'task': '3', 'processID': '1836', 'severityValue': 'INFORMATION', 'providerName': 'Microsoft-Windows-Sysmon'}}}, 'rule': {'firedtimes': 5, 'mail': False, 'level': 4, 'description': 'Detected WinRM activity from 0:0:0:0:0:0:0:1 to 0:0:0:0:0:0:0:1', 'groups': ['sysmon', 'sysmon_eid3_detections', 'windows'], 'mitre': {'technique': ['Windows Remote Management'], 'id': ['T1021.006'], 'tactic': ['Lateral Movement']}, 'id': '92110'}, 'decoder': {'name': 'windows_eventchannel'}, 'input': {'type': 'log'}, '@timestamp': '2025-12-29T09:35:47.299Z', 'location': 'EventChannel', 'id': '1767000947.6665957', 'timestamp': '2025-12-29T10:35:47.299+0100'}",medium,
2025-12-29T09:35:47.301Z,Endpoint3-Win,1,92110,Detected WinRM activity from 0:0:0:0:0:0:0:1 to 0:0:0:0:0:0:0:1,4,T1021.006,EventChannel,"{'agent': {'ip': '192.168.100.15', 'name': 'Endpoint3-Win', 'id': '001'}, 'manager': {'name': 'wazuh-vm'}, 'data': {'win': {'eventdata': {'destinationPort': '5985', 'image': 'System', 'sourcePort': '55272', 'initiated': 'false', 'destinationIp': '0:0:0:0:0:0:0:1', 'protocol': 'tcp', 'processGuid': '{411eefe4-27d6-6951-eb03-000000000000}', 'sourceIp': '0:0:0:0:0:0:0:1', 'processId': '4', 'utcTime': '2025-12-29 09:27:53.839', 'ruleName': 'technique_id=T1021,technique_name=Remote Services', 'destinationIsIpv6': 'true', 'user': 'NT AUTHORITY\\\\SYSTEM', 'sourceIsIpv6': 'true'}, 'system': {'eventID': '3', 'keywords': '0x8000000000000000', 'providerGuid': '{5770385f-c22a-43e0-bf4c-06f5698ffbd9}', 'level': '4', 'channel': 'Microsoft-Windows-Sysmon/Operational', 'opcode': '0', 'message': '""Network connection detected:\r\nRuleName: technique_id=T1021,technique_name=Remote Services\r\nUtcTime: 2025-12-29 09:27:53.839\r\nProcessGuid: {411eefe4-27d6-6951-eb03-000000000000}\r\nProcessId: 4\r\nImage: System\r\nUser: NT AUTHORITY\\SYSTEM\r\nProtocol: tcp\r\nInitiated: false\r\nSourceIsIpv6: true\r\nSourceIp: 0:0:0:0:0:0:0:1\r\nSourceHostname: -\r\nSourcePort: 55272\r\nSourcePortName: -\r\nDestinationIsIpv6: true\r\nDestinationIp: 0:0:0:0:0:0:0:1\r\nDestinationHostname: -\r\nDestinationPort: 5985\r\nDestinationPortName: -""', 'version': '5', 'systemTime': '2025-12-29T09:35:46.4025289Z', 'eventRecordID': '17999', 'threadID': '2620', 'computer': 'WindowsEnd-c7921449-8b62-4c4d-8a83-d9281ac0190b', 'task': '3', 'processID': '1836', 'severityValue': 'INFORMATION', 'providerName': 'Microsoft-Windows-Sysmon'}}}, 'rule': {'firedtimes': 6, 'mail': False, 'level': 4, 'description': 'Detected WinRM activity from 0:0:0:0:0:0:0:1 to 0:0:0:0:0:0:0:1', 'groups': ['sysmon', 'sysmon_eid3_detections', 'windows'], 'mitre': {'technique': ['Windows Remote Management'], 'id': ['T1021.006'], 'tactic': ['Lateral Movement']}, 'id': '92110'}, 'decoder': {'name': 'windows_eventchannel'}, 'input': {'type': 'log'}, '@timestamp': '2025-12-29T09:35:47.301Z', 'location': 'EventChannel', 'id': '1767000947.6669381', 'timestamp': '2025-12-29T10:35:47.301+0100'}",medium,
