2025-12-29T09:41:49.276Z,Endpoint3-Win,1,92151,Binary loaded PowerShell automation library - Possible unmanaged Powershell execution by suspicious process,12,T1059.001,EventChannel,"{'agent': {'ip': '192.168.100.15', 'name': 'Endpoint3-Win', 'id': '001'}, 'manager': {'name': 'wazuh-vm'}, 'data': {'win': {'eventdata': {'originalFileName': 'System.Management.Automation.dll', 'image': 'C:\\\\Windows\\\\Microsoft.NET\\\\Framework\\\\v4.0.30319\\\\mscorsvw.exe', 'product': 'Microsoft (R) Windows (R) Operating System', 'signature': 'Microsoft Windows', 'imageLoaded': 'C:\\\\Windows\\\\Microsoft.NET\\\\assembly\\\\GAC_MSIL\\\\System.Management.Automation\\\\v4.0_3.0.0.0__31bf3856ad364e35\\\\System.Management.Automation.dll', 'description': 'System.Management.Automation', 'signed': 'true', 'signatureStatus': 'Valid', 'processGuid': '{411eefe4-4cdb-6952-d217-000000001000}', 'processId': '10904', 'utcTime': '2025-12-29 09:41:48.201', 'hashes': 'SHA1=00BD08F417A37522651DBDEB756CD52D99736266,MD5=CACEF6B7D029B9D1CA39D4D9A34F80E3,SHA256=B446AF8762D93C979656667C5AC8CFDE59D6282198D3902FBDAFDC0E78C1D87E,IMPHASH=DAE02F32A21E03CE65412F6E56942DAA', 'ruleName': 'technique_id=T1059.001,technique_name=PowerShell', 'company': 'Microsoft Corporation', 'fileVersion': '10.0.26100.7462', 'user': 'NT AUTHORITY\\\\SYSTEM'}, 'system': {'eventID': '7', 'keywords': '0x8000000000000000', 'providerGuid': '{5770385f-c22a-43e0-bf4c-06f5698ffbd9}', 'level': '4', 'channel': 'Microsoft-Windows-Sysmon/Operational', 'opcode': '0', 'message': '""Image loaded:\r\nRuleName: technique_id=T1059.001,technique_name=PowerShell\r\nUtcTime: 2025-12-29 09:41:48.201\r\nProcessGuid: {411eefe4-4cdb-6952-d217-000000001000}\r\nProcessId: 10904\r\nImage: C:\\Windows\\Microsoft.NET\\Framework\\v4.0.30319\\mscorsvw.exe\r\nImageLoaded: C:\\Windows\\Microsoft.NET\\assembly\\GAC_MSIL\\System.Management.Automation\\v4.0_3.0.0.0__31bf3856ad364e35\\System.Management.Automation.dll\r\nFileVersion: 10.0.26100.7462\r\nDescription: System.Management.Automation\r\nProduct: Microsoft (R) Windows (R) Operating System\r\nCompany: Microsoft Corporation\r\nOriginalFileName: System.Management.Automation.dll\r\nHashes: SHA1=00BD08F417A37522651DBDEB756CD52D99736266,MD5=CACEF6B7D029B9D1CA39D4D9A34F80E3,SHA256=B446AF8762D93C979656667C5AC8CFDE59D6282198D3902FBDAFDC0E78C1D87E,IMPHASH=DAE02F32A21E03CE65412F6E56942DAA\r\nSigned: true\r\nSignature: Microsoft Windows\r\nSignatureStatus: Valid\r\nUser: NT AUTHORITY\\SYSTEM""', 'version': '3', 'systemTime': '2025-12-29T09:41:48.2024494Z', 'eventRecordID': '18096', 'threadID': '3676', 'computer': 'WindowsEnd-c7921449-8b62-4c4d-8a83-d9281ac0190b', 'task': '7', 'processID': '1836', 'severityValue': 'INFORMATION', 'providerName': 'Microsoft-Windows-Sysmon'}}}, 'rule': {'firedtimes': 38, 'mail': True, 'level': 12, 'description': 'Binary loaded PowerShell automation library - Possible unmanaged Powershell execution by suspicious process', 'groups': ['sysmon', 'sysmon_eid7_detections', 'windows'], 'mitre': {'technique': ['PowerShell'], 'id': ['T1059.001'], 'tactic': ['Execution']}, 'id': '92151'}, 'decoder': {'name': 'windows_eventchannel'}, 'input': {'type': 'log'}, '@timestamp': '2025-12-29T09:41:49.276Z', 'location': 'EventChannel', 'id': '1767001309.6846003', 'timestamp': '2025-12-29T10:41:49.276+0100'}",critical,
2025-12-29T09:41:50.730Z,wazuh-vm,0,52002,Apparmor DENIED,3,,/var/log/syslog,"{'predecoder': {'program_name': 'kernel', 'timestamp': '2025-12-29T10:41:50.481449+01:00'}, 'agent': {'name': 'wazuh-vm', 'id': '000'}, 'manager': {'name': 'wazuh-vm'}, 'data': {'extra_data': 'open', 'status': 'DENIED'}, 'rule': {'firedtimes': 73, 'mail': False, 'level': 3, 'description': 'Apparmor DENIED', 'groups': ['local', 'syslog', 'apparmor'], 'id': '52002'}, 'decoder': {'parent': 'kernel', 'name': 'kernel'}, 'full_log': '2025-12-29T10:41:50.481449+01:00 wazuh-vm kernel: audit: type=1400 audit(1767001310.480:193): apparmor=""DENIED"" operation=""open"" class=""file"" profile=""snap.firefox.firefox"" name=""/proc/pressure/memory"" pid=5825 comm=""MemoryPoller"" requested_mask=""r"" denied_mask=""r"" fsuid=1001 ouid=0', 'input': {'type': 'log'}, '@timestamp': '2025-12-29T09:41:50.730Z', 'location': '/var/log/syslog', 'id': '1767001310.6851275', 'timestamp': '2025-12-29T10:41:50.730+0100'}",low,
2025-12-29T09:41:50.730Z,wazuh-vm,0,52002,Apparmor DENIED,3,,/var/log/kern.log,"{'predecoder': {'program_name': 'kernel', 'timestamp': '2025-12-29T10:41:50.481449+01:00'}, 'agent': {'name': 'wazuh-vm', 'id': '000'}, 'manager': {'name': 'wazuh-vm'}, 'data': {'extra_data': 'open', 'status': 'DENIED'}, 'rule': {'firedtimes': 74, 'mail': False, 'level': 3, 'description': 'Apparmor DENIED', 'groups': ['local', 'syslog', 'apparmor'], 'id': '52002'}, 'decoder': {'parent': 'kernel', 'name': 'kernel'}, 'full_log': '2025-12-29T10:41:50.481449+01:00 wazuh-vm kernel: audit: type=1400 audit(1767001310.480:193): apparmor=""DENIED"" operation=""open"" class=""file"" profile=""snap.firefox.firefox"" name=""/proc/pressure/memory"" pid=5825 comm=""MemoryPoller"" requested_mask=""r"" denied_mask=""r"" fsuid=1001 ouid=0', 'input': {'type': 'log'}, '@timestamp': '2025-12-29T09:41:50.730Z', 'location': '/var/log/kern.log', 'id': '1767001310.6851704', 'timestamp': '2025-12-29T10:41:50.730+0100'}",low,
2025-12-29T09:41:51.133Z,Endpoint3-Win,1,92217,Executable dropped in Windows root folder,6,T1570,EventChannel,"{'agent': {'ip': '192.168.100.15', 'name': 'Endpoint3-Win', 'id': '001'}, 'manager': {'name': 'wazuh-vm'}, 'data': {'win': {'eventdata': {'image': 'C:\\\\Windows\\\\Microsoft.NET\\\\Framework\\\\v4.0.30319\\\\mscorsvw.exe', 'processGuid': '{411eefe4-4cdb-6952-d217-000000001000}', 'processId': '10904', 'utcTime': '2025-12-29 09:41:50.041', 'targetFilename': 'C:\\\\Windows\\\\assembly\\\\NativeImages_v4.0.30319_32\\\\Temp\\\\2a98-0\\\\Microsoft.PowerShell.Workflow.ServiceCore.dll', 'ruleName': 'technique_id=T1574.010,technique_name=Services File Permissions Weakness', 'creationUtcTime': '2025-12-29 09:41:50.041', 'user': 'NT AUTHORITY\\\\SYSTEM'}, 'system': {'eventID': '11', 'keywords': '0x8000000000000000', 'providerGuid': '{5770385f-c22a-43e0-bf4c-06f5698ffbd9}', 'level': '4', 'channel': 'Microsoft-Windows-Sysmon/Operational', 'opcode': '0', 'message': '""File created:\r\nRuleName: technique_id=T1574.010,technique_name=Services File Permissions Weakness\r\nUtcTime: 2025-12-29 09:41:50.041\r\nProcessGuid: {411eefe4-4cdb-6952-d217-000000001000}\r\nProcessId: 10904\r\nImage: C:\\Windows\\Microsoft.NET\\Framework\\v4.0.30319\\mscorsvw.exe\r\nTargetFilename: C:\\Windows\\assembly\\NativeImages_v4.0.30319_32\\Temp\\2a98-0\\Microsoft.PowerShell.Workflow.ServiceCore.dll\r\nCreationUtcTime: 2025-12-29 09:41:50.041\r\nUser: NT AUTHORITY\\SYSTEM""', 'version': '2', 'systemTime': '2025-12-29T09:41:50.0432933Z', 'eventRecordID': '18099', 'threadID': '3676', 'computer': 'WindowsEnd-c7921449-8b62-4c4d-8a83-d9281ac0190b', 'task': '11', 'processID': '1836', 'severityValue': 'INFORMATION', 'providerName': 'Microsoft-Windows-Sysmon'}}}, 'rule': {'firedtimes': 16, 'mail': False, 'level': 6, 'description': 'Executable dropped in Windows root folder', 'groups': ['sysmon', 'sysmon_eid11_detections', 'windows'], 'mitre': {'technique': ['Lateral Tool Transfer'], 'id': ['T1570'], 'tactic': ['Lateral Movement']}, 'id': '92217'}, 'decoder': {'name': 'windows_eventchannel'}, 'input': {'type': 'log'}, '@timestamp': '2025-12-29T09:41:51.133Z', 'location': 'EventChannel', 'id': '1767001311.6852135', 'timestamp': '2025-12-29T10:41:51.133+0100'}",medium,
2025-12-29T09:41:51.148Z,Endpoint3-Win,1,92151,Binary loaded PowerShell automation library - Possible unmanaged Powershell execution by suspicious process,12,T1059.001,EventChannel,"{'agent': {'ip': '192.168.100.15', 'name': 'Endpoint3-Win', 'id': '001'}, 'manager': {'name': 'wazuh-vm'}, 'data': {'win': {'eventdata': {'originalFileName': 'System.Management.Automation.dll', 'image': 'C:\\\\Windows\\\\Microsoft.NET\\\\Framework\\\\v4.0.30319\\\\mscorsvw.exe', 'product': 'Microsoft (R) Windows (R) Operating System', 'signature': 'Microsoft Windows', 'imageLoaded': 'C:\\\\Windows\\\\Microsoft.NET\\\\assembly\\\\GAC_MSIL\\\\System.Management.Automation\\\\v4.0_3.0.0.0__31bf3856ad364e35\\\\System.Management.Automation.dll', 'description': 'System.Management.Automation', 'signed': 'true', 'signatureStatus': 'Valid', 'processGuid': '{411eefe4-4cde-6952-d317-000000001000}', 'processId': '13780', 'utcTime': '2025-12-29 09:41:50.565', 'hashes': 'SHA1=00BD08F417A37522651DBDEB756CD52D99736266,MD5=CACEF6B7D029B9D1CA39D4D9A34F80E3,SHA256=B446AF8762D93C979656667C5AC8CFDE59D6282198D3902FBDAFDC0E78C1D87E,IMPHASH=DAE02F32A21E03CE65412F6E56942DAA', 'ruleName': 'technique_id=T1059.001,technique_name=PowerShell', 'company': 'Microsoft Corporation', 'fileVersion': '10.0.26100.7462', 'user': 'NT AUTHORITY\\\\SYSTEM'}, 'system': {'eventID': '7', 'keywords': '0x8000000000000000', 'providerGuid': '{5770385f-c22a-43e0-bf4c-06f5698ffbd9}', 'level': '4', 'channel': 'Microsoft-Windows-Sysmon/Operational', 'opcode': '0', 'message': '""Image loaded:\r\nRuleName: technique_id=T1059.001,technique_name=PowerShell\r\nUtcTime: 2025-12-29 09:41:50.565\r\nProcessGuid: {411eefe4-4cde-6952-d317-000000001000}\r\nProcessId: 13780\r\nImage: C:\\Windows\\Microsoft.NET\\Framework\\v4.0.30319\\mscorsvw.exe\r\nImageLoaded: C:\\Windows\\Microsoft.NET\\assembly\\GAC_MSIL\\System.Management.Automation\\v4.0_3.0.0.0__31bf3856ad364e35\\System.Management.Automation.dll\r\nFileVersion: 10.0.26100.7462\r\nDescription: System.Management.Automation\r\nProduct: Microsoft (R) Windows (R) Operating System\r\nCompany: Microsoft Corporation\r\nOriginalFileName: System.Management.Automation.dll\r\nHashes: SHA1=00BD08F417A37522651DBDEB756CD52D99736266,MD5=CACEF6B7D029B9D1CA39D4D9A34F80E3,SHA256=B446AF8762D93C979656667C5AC8CFDE59D6282198D3902FBDAFDC0E78C1D87E,IMPHASH=DAE02F32A21E03CE65412F6E56942DAA\r\nSigned: true\r\nSignature: Microsoft Windows\r\nSignatureStatus: Valid\r\nUser: NT AUTHORITY\\SYSTEM""', 'version': '3', 'systemTime': '2025-12-29T09:41:50.5676889Z', 'eventRecordID': '18103', 'threadID': '3676', 'computer': 'WindowsEnd-c7921449-8b62-4c4d-8a83-d9281ac0190b', 'task': '7', 'processID': '1836', 'severityValue': 'INFORMATION', 'providerName': 'Microsoft-Windows-Sysmon'}}}, 'rule': {'firedtimes': 39, 'mail': True, 'level': 12, 'description': 'Binary loaded PowerShell automation library - Possible unmanaged Powershell execution by suspicious process', 'groups': ['sysmon', 'sysmon_eid7_detections', 'windows'], 'mitre': {'technique': ['PowerShell'], 'id': ['T1059.001'], 'tactic': ['Execution']}, 'id': '92151'}, 'decoder': {'name': 'windows_eventchannel'}, 'input': {'type': 'log'}, '@timestamp': '2025-12-29T09:41:51.148Z', 'location': 'EventChannel', 'id': '1767001311.6855418', 'timestamp': '2025-12-29T10:41:51.148+0100'}",critical,
2025-12-29T09:41:51.151Z,Endpoint3-Win,1,92151,Binary loaded PowerShell automation library - Possible unmanaged Powershell execution by suspicious process,12,T1059.001,EventChannel,"{'agent': {'ip': '192.168.100.15', 'name': 'Endpoint3-Win', 'id': '001'}, 'manager': {'name': 'wazuh-vm'}, 'data': {'win': {'eventdata': {'originalFileName': 'System.Management.Automation.dll', 'image': 'C:\\\\Windows\\\\Microsoft.NET\\\\Framework\\\\v4.0.30319\\\\mscorsvw.exe', 'product': 'Microsoft (R) Windows (R) Operating System', 'signature': 'Microsoft Windows', 'imageLoaded': 'C:\\\\Windows\\\\Microsoft.NET\\\\assembly\\\\GAC_MSIL\\\\System.Management.Automation\\\\v4.0_3.0.0.0__31bf3856ad364e35\\\\System.Management.Automation.dll', 'description': 'System.Management.Automation', 'signed': 'true', 'signatureStatus': 'Valid', 'processGuid': '{411eefe4-4cde-6952-d317-000000001000}', 'processId': '13780', 'utcTime': '2025-12-29 09:41:50.567', 'hashes': 'SHA1=00BD08F417A37522651DBDEB756CD52D99736266,MD5=CACEF6B7D029B9D1CA39D4D9A34F80E3,SHA256=B446AF8762D93C979656667C5AC8CFDE59D6282198D3902FBDAFDC0E78C1D87E,IMPHASH=DAE02F32A21E03CE65412F6E56942DAA', 'ruleName': 'technique_id=T1059.001,technique_name=PowerShell', 'company': 'Microsoft Corporation', 'fileVersion': '10.0.26100.7462', 'user': 'NT AUTHORITY\\\\SYSTEM'}, 'system': {'eventID': '7', 'keywords': '0x8000000000000000', 'providerGuid': '{5770385f-c22a-43e0-bf4c-06f5698ffbd9}', 'level': '4', 'channel': 'Microsoft-Windows-Sysmon/Operational', 'opcode': '0', 'message': '""Image loaded:\r\nRuleName: technique_id=T1059.001,technique_name=PowerShell\r\nUtcTime: 2025-12-29 09:41:50.567\r\nProcessGuid: {411eefe4-4cde-6952-d317-000000001000}\r\nProcessId: 13780\r\nImage: C:\\Windows\\Microsoft.NET\\Framework\\v4.0.30319\\mscorsvw.exe\r\nImageLoaded: C:\\Windows\\Microsoft.NET\\assembly\\GAC_MSIL\\System.Management.Automation\\v4.0_3.0.0.0__31bf3856ad364e35\\System.Management.Automation.dll\r\nFileVersion: 10.0.26100.7462\r\nDescription: System.Management.Automation\r\nProduct: Microsoft (R) Windows (R) Operating System\r\nCompany: Microsoft Corporation\r\nOriginalFileName: System.Management.Automation.dll\r\nHashes: SHA1=00BD08F417A37522651DBDEB756CD52D99736266,MD5=CACEF6B7D029B9D1CA39D4D9A34F80E3,SHA256=B446AF8762D93C979656667C5AC8CFDE59D6282198D3902FBDAFDC0E78C1D87E,IMPHASH=DAE02F32A21E03CE65412F6E56942DAA\r\nSigned: true\r\nSignature: Microsoft Windows\r\nSignatureStatus: Valid\r\nUser: NT AUTHORITY\\SYSTEM""', 'version': '3', 'systemTime': '2025-12-29T09:41:50.5691283Z', 'eventRecordID': '18104', 'threadID': '3676', 'computer': 'WindowsEnd-c7921449-8b62-4c4d-8a83-d9281ac0190b', 'task': '7', 'processID': '1836', 'severityValue': 'INFORMATION', 'providerName': 'Microsoft-Windows-Sysmon'}}}, 'rule': {'firedtimes': 40, 'mail': True, 'level': 12, 'description': 'Binary loaded PowerShell automation library - Possible unmanaged Powershell execution by suspicious process', 'groups': ['sysmon', 'sysmon_eid7_detections', 'windows'], 'mitre': {'technique': ['PowerShell'], 'id': ['T1059.001'], 'tactic': ['Execution']}, 'id': '92151'}, 'decoder': {'name': 'windows_eventchannel'}, 'input': {'type': 'log'}, '@timestamp': '2025-12-29T09:41:51.151Z', 'location': 'EventChannel', 'id': '1767001311.6860690', 'timestamp': '2025-12-29T10:41:51.151+0100'}",critical,
2025-12-29T09:41:51.163Z,Endpoint3-Win,1,92151,Binary loaded PowerShell automation library - Possible unmanaged Powershell execution by suspicious process,12,T1059.001,EventChannel,"{'agent': {'ip': '192.168.100.15', 'name': 'Endpoint3-Win', 'id': '001'}, 'manager': {'name': 'wazuh-vm'}, 'data': {'win': {'eventdata': {'originalFileName': 'System.Management.Automation.dll', 'image': 'C:\\\\Windows\\\\Microsoft.NET\\\\Framework\\\\v4.0.30319\\\\mscorsvw.exe', 'product': 'Microsoft (R) Windows (R) Operating System', 'signature': 'Microsoft Windows', 'imageLoaded': 'C:\\\\Windows\\\\Microsoft.NET\\\\assembly\\\\GAC_MSIL\\\\System.Management.Automation\\\\v4.0_3.0.0.0__31bf3856ad364e35\\\\System.Management.Automation.dll', 'description': 'System.Management.Automation', 'signed': 'true', 'signatureStatus': 'Valid', 'processGuid': '{411eefe4-4cde-6952-d417-000000001000}', 'processId': '12820', 'utcTime': '2025-12-29 09:41:50.831', 'hashes': 'SHA1=00BD08F417A37522651DBDEB756CD52D99736266,MD5=CACEF6B7D029B9D1CA39D4D9A34F80E3,SHA256=B446AF8762D93C979656667C5AC8CFDE59D6282198D3902FBDAFDC0E78C1D87E,IMPHASH=DAE02F32A21E03CE65412F6E56942DAA', 'ruleName': 'technique_id=T1059.001,technique_name=PowerShell', 'company': 'Microsoft Corporation', 'fileVersion': '10.0.26100.7462', 'user': 'NT AUTHORITY\\\\SYSTEM'}, 'system': {'eventID': '7', 'keywords': '0x8000000000000000', 'providerGuid': '{5770385f-c22a-43e0-bf4c-06f5698ffbd9}', 'level': '4', 'channel': 'Microsoft-Windows-Sysmon/Operational', 'opcode': '0', 'message': '""Image loaded:\r\nRuleName: technique_id=T1059.001,technique_name=PowerShell\r\nUtcTime: 2025-12-29 09:41:50.831\r\nProcessGuid: {411eefe4-4cde-6952-d417-000000001000}\r\nProcessId: 12820\r\nImage: C:\\Windows\\Microsoft.NET\\Framework\\v4.0.30319\\mscorsvw.exe\r\nImageLoaded: C:\\Windows\\Microsoft.NET\\assembly\\GAC_MSIL\\System.Management.Automation\\v4.0_3.0.0.0__31bf3856ad364e35\\System.Management.Automation.dll\r\nFileVersion: 10.0.26100.7462\r\nDescription: System.Management.Automation\r\nProduct: Microsoft (R) Windows (R) Operating System\r\nCompany: Microsoft Corporation\r\nOriginalFileName: System.Management.Automation.dll\r\nHashes: SHA1=00BD08F417A37522651DBDEB756CD52D99736266,MD5=CACEF6B7D029B9D1CA39D4D9A34F80E3,SHA256=B446AF8762D93C979656667C5AC8CFDE59D6282198D3902FBDAFDC0E78C1D87E,IMPHASH=DAE02F32A21E03CE65412F6E56942DAA\r\nSigned: true\r\nSignature: Microsoft Windows\r\nSignatureStatus: Valid\r\nUser: NT AUTHORITY\\SYSTEM""', 'version': '3', 'systemTime': '2025-12-29T09:41:50.8330720Z', 'eventRecordID': '18106', 'threadID': '3676', 'computer': 'WindowsEnd-c7921449-8b62-4c4d-8a83-d9281ac0190b', 'task': '7', 'processID': '1836', 'severityValue': 'INFORMATION', 'providerName': 'Microsoft-Windows-Sysmon'}}}, 'rule': {'firedtimes': 41, 'mail': True, 'level': 12, 'description': 'Binary loaded PowerShell automation library - Possible unmanaged Powershell execution by suspicious process', 'groups': ['sysmon', 'sysmon_eid7_detections', 'windows'], 'mitre': {'technique': ['PowerShell'], 'id': ['T1059.001'], 'tactic': ['Execution']}, 'id': '92151'}, 'decoder': {'name': 'windows_eventchannel'}, 'input': {'type': 'log'}, '@timestamp': '2025-12-29T09:41:51.163Z', 'location': 'EventChannel', 'id': '1767001311.6865962', 'timestamp': '2025-12-29T10:41:51.163+0100'}",critical,
2025-12-29T09:41:51.179Z,Endpoint3-Win,1,92151,Binary loaded PowerShell automation library - Possible unmanaged Powershell execution by suspicious process,12,T1059.001,EventChannel,"{'agent': {'ip': '192.168.100.15', 'name': 'Endpoint3-Win', 'id': '001'}, 'manager': {'name': 'wazuh-vm'}, 'data': {'win': {'eventdata': {'originalFileName': 'System.Management.Automation.dll', 'image': 'C:\\\\Windows\\\\Microsoft.NET\\\\Framework\\\\v4.0.30319\\\\mscorsvw.exe', 'product': 'Microsoft (R) Windows (R) Operating System', 'signature': 'Microsoft Windows', 'imageLoaded': 'C:\\\\Windows\\\\Microsoft.NET\\\\assembly\\\\GAC_MSIL\\\\System.Management.Automation\\\\v4.0_3.0.0.0__31bf3856ad364e35\\\\System.Management.Automation.dll', 'description': 'System.Management.Automation', 'signed': 'true', 'signatureStatus': 'Valid', 'processGuid': '{411eefe4-4cde-6952-d417-000000001000}', 'processId': '12820', 'utcTime': '2025-12-29 09:41:50.831', 'hashes': 'SHA1=00BD08F417A37522651DBDEB756CD52D99736266,MD5=CACEF6B7D029B9D1CA39D4D9A34F80E3,SHA256=B446AF8762D93C979656667C5AC8CFDE59D6282198D3902FBDAFDC0E78C1D87E,IMPHASH=DAE02F32A21E03CE65412F6E56942DAA', 'ruleName': 'technique_id=T1059.001,technique_name=PowerShell', 'company': 'Microsoft Corporation', 'fileVersion': '10.0.26100.7462', 'user': 'NT AUTHORITY\\\\SYSTEM'}, 'system': {'eventID': '7', 'keywords': '0x8000000000000000', 'providerGuid': '{5770385f-c22a-43e0-bf4c-06f5698ffbd9}', 'level': '4', 'channel': 'Microsoft-Windows-Sysmon/Operational', 'opcode': '0', 'message': '""Image loaded:\r\nRuleName: technique_id=T1059.001,technique_name=PowerShell\r\nUtcTime: 2025-12-29 09:41:50.831\r\nProcessGuid: {411eefe4-4cde-6952-d417-000000001000}\r\nProcessId: 12820\r\nImage: C:\\Windows\\Microsoft.NET\\Framework\\v4.0.30319\\mscorsvw.exe\r\nImageLoaded: C:\\Windows\\Microsoft.NET\\assembly\\GAC_MSIL\\System.Management.Automation\\v4.0_3.0.0.0__31bf3856ad364e35\\System.Management.Automation.dll\r\nFileVersion: 10.0.26100.7462\r\nDescription: System.Management.Automation\r\nProduct: Microsoft (R) Windows (R) Operating System\r\nCompany: Microsoft Corporation\r\nOriginalFileName: System.Management.Automation.dll\r\nHashes: SHA1=00BD08F417A37522651DBDEB756CD52D99736266,MD5=CACEF6B7D029B9D1CA39D4D9A34F80E3,SHA256=B446AF8762D93C979656667C5AC8CFDE59D6282198D3902FBDAFDC0E78C1D87E,IMPHASH=DAE02F32A21E03CE65412F6E56942DAA\r\nSigned: true\r\nSignature: Microsoft Windows\r\nSignatureStatus: Valid\r\nUser: NT AUTHORITY\\SYSTEM""', 'version': '3', 'systemTime': '2025-12-29T09:41:50.8335475Z', 'eventRecordID': '18107', 'threadID': '3676', 'computer': 'WindowsEnd-c7921449-8b62-4c4d-8a83-d9281ac0190b', 'task': '7', 'processID': '1836', 'severityValue': 'INFORMATION', 'providerName': 'Microsoft-Windows-Sysmon'}}}, 'rule': {'firedtimes': 42, 'mail': True, 'level': 12, 'description': 'Binary loaded PowerShell automation library - Possible unmanaged Powershell execution by suspicious process', 'groups': ['sysmon', 'sysmon_eid7_detections', 'windows'], 'mitre': {'technique': ['PowerShell'], 'id': ['T1059.001'], 'tactic': ['Execution']}, 'id': '92151'}, 'decoder': {'name': 'windows_eventchannel'}, 'input': {'type': 'log'}, '@timestamp': '2025-12-29T09:41:51.179Z', 'location': 'EventChannel', 'id': '1767001311.6871234', 'timestamp': '2025-12-29T10:41:51.179+0100'}",critical,
2025-12-29T09:41:52.256Z,Endpoint3-Win,1,92217,Executable dropped in Windows root folder,6,T1570,EventChannel,"{'agent': {'ip': '192.168.100.15', 'name': 'Endpoint3-Win', 'id': '001'}, 'manager': {'name': 'wazuh-vm'}, 'data': {'win': {'eventdata': {'image': 'C:\\\\Windows\\\\Microsoft.NET\\\\Framework\\\\v4.0.30319\\\\mscorsvw.exe', 'processGuid': '{411eefe4-4cde-6952-d417-000000001000}', 'processId': '12820', 'utcTime': '2025-12-29 09:41:51.168', 'targetFilename': 'C:\\\\Windows\\\\assembly\\\\NativeImages_v4.0.30319_32\\\\Temp\\\\3214-0\\\\Microsoft.Security.ApplicationId.PolicyManagement.Cmdlets.dll', 'ruleName': 'technique_id=T1574.010,technique_name=Services File Permissions Weakness', 'creationUtcTime': '2025-12-29 09:41:51.168', 'user': 'NT AUTHORITY\\\\SYSTEM'}, 'system': {'eventID': '11', 'keywords': '0x8000000000000000', 'providerGuid': '{5770385f-c22a-43e0-bf4c-06f5698ffbd9}', 'level': '4', 'channel': 'Microsoft-Windows-Sysmon/Operational', 'opcode': '0', 'message': '""File created:\r\nRuleName: technique_id=T1574.010,technique_name=Services File Permissions Weakness\r\nUtcTime: 2025-12-29 09:41:51.168\r\nProcessGuid: {411eefe4-4cde-6952-d417-000000001000}\r\nProcessId: 12820\r\nImage: C:\\Windows\\Microsoft.NET\\Framework\\v4.0.30319\\mscorsvw.exe\r\nTargetFilename: C:\\Windows\\assembly\\NativeImages_v4.0.30319_32\\Temp\\3214-0\\Microsoft.Security.ApplicationId.PolicyManagement.Cmdlets.dll\r\nCreationUtcTime: 2025-12-29 09:41:51.168\r\nUser: NT AUTHORITY\\SYSTEM""', 'version': '2', 'systemTime': '2025-12-29T09:41:51.1699921Z', 'eventRecordID': '18108', 'threadID': '3676', 'computer': 'WindowsEnd-c7921449-8b62-4c4d-8a83-d9281ac0190b', 'task': '11', 'processID': '1836', 'severityValue': 'INFORMATION', 'providerName': 'Microsoft-Windows-Sysmon'}}}, 'rule': {'firedtimes': 17, 'mail': False, 'level': 6, 'description': 'Executable dropped in Windows root folder', 'groups': ['sysmon', 'sysmon_eid11_detections', 'windows'], 'mitre': {'technique': ['Lateral Tool Transfer'], 'id': ['T1570'], 'tactic': ['Lateral Movement']}, 'id': '92217'}, 'decoder': {'name': 'windows_eventchannel'}, 'input': {'type': 'log'}, '@timestamp': '2025-12-29T09:41:52.256Z', 'location': 'EventChannel', 'id': '1767001312.6876506', 'timestamp': '2025-12-29T10:41:52.256+0100'}",medium,
2025-12-29T09:41:52.267Z,Endpoint3-Win,1,92217,Executable dropped in Windows root folder,6,T1570,EventChannel,"{'agent': {'ip': '192.168.100.15', 'name': 'Endpoint3-Win', 'id': '001'}, 'manager': {'name': 'wazuh-vm'}, 'data': {'win': {'eventdata': {'image': 'C:\\\\Windows\\\\Microsoft.NET\\\\Framework\\\\v4.0.30319\\\\mscorsvw.exe', 'processGuid': '{411eefe4-4cdf-6952-d617-000000001000}', 'processId': '3924', 'utcTime': '2025-12-29 09:41:51.651', 'targetFilename': 'C:\\\\Windows\\\\assembly\\\\NativeImages_v4.0.30319_32\\\\Temp\\\\f54-0\\\\Microsoft.Security.ApplicationId.PolicyManagement.PolicyEngineApi.Interop.dll', 'ruleName': 'technique_id=T1574.010,technique_name=Services File Permissions Weakness', 'creationUtcTime': '2025-12-29 09:41:51.651', 'user': 'NT AUTHORITY\\\\SYSTEM'}, 'system': {'eventID': '11', 'keywords': '0x8000000000000000', 'providerGuid': '{5770385f-c22a-43e0-bf4c-06f5698ffbd9}', 'level': '4', 'channel': 'Microsoft-Windows-Sysmon/Operational', 'opcode': '0', 'message': '""File created:\r\nRuleName: technique_id=T1574.010,technique_name=Services File Permissions Weakness\r\nUtcTime: 2025-12-29 09:41:51.651\r\nProcessGuid: {411eefe4-4cdf-6952-d617-000000001000}\r\nProcessId: 3924\r\nImage: C:\\Windows\\Microsoft.NET\\Framework\\v4.0.30319\\mscorsvw.exe\r\nTargetFilename: C:\\Windows\\assembly\\NativeImages_v4.0.30319_32\\Temp\\f54-0\\Microsoft.Security.ApplicationId.PolicyManagement.PolicyEngineApi.Interop.dll\r\nCreationUtcTime: 2025-12-29 09:41:51.651\r\nUser: NT AUTHORITY\\SYSTEM""', 'version': '2', 'systemTime': '2025-12-29T09:41:51.6528821Z', 'eventRecordID': '18113', 'threadID': '3676', 'computer': 'WindowsEnd-c7921449-8b62-4c4d-8a83-d9281ac0190b', 'task': '11', 'processID': '1836', 'severityValue': 'INFORMATION', 'providerName': 'Microsoft-Windows-Sysmon'}}}, 'rule': {'firedtimes': 18, 'mail': False, 'level': 6, 'description': 'Executable dropped in Windows root folder', 'groups': ['sysmon', 'sysmon_eid11_detections', 'windows'], 'mitre': {'technique': ['Lateral Tool Transfer'], 'id': ['T1570'], 'tactic': ['Lateral Movement']}, 'id': '92217'}, 'decoder': {'name': 'windows_eventchannel'}, 'input': {'type': 'log'}, '@timestamp': '2025-12-29T09:41:52.267Z', 'location': 'EventChannel', 'id': '1767001312.6879853', 'timestamp': '2025-12-29T10:41:52.267+0100'}",medium,
2025-12-29T09:41:53.361Z,Endpoint3-Win,1,92217,Executable dropped in Windows root folder,6,T1570,EventChannel,"{'agent': {'ip': '192.168.100.15', 'name': 'Endpoint3-Win', 'id': '001'}, 'manager': {'name': 'wazuh-vm'}, 'data': {'win': {'eventdata': {'image': 'C:\\\\Windows\\\\Microsoft.NET\\\\Framework\\\\v4.0.30319\\\\mscorsvw.exe', 'processGuid': '{411eefe4-4cdf-6952-d817-000000001000}', 'processId': '14176', 'utcTime': '2025-12-29 09:41:52.269', 'targetFilename': 'C:\\\\Windows\\\\assembly\\\\NativeImages_v4.0.30319_32\\\\Temp\\\\3760-0\\\\Microsoft.Security.ApplicationId.PolicyManagement.PolicyManager.dll', 'ruleName': 'technique_id=T1574.010,technique_name=Services File Permissions Weakness', 'creationUtcTime': '2025-12-29 09:41:52.269', 'user': 'NT AUTHORITY\\\\SYSTEM'}, 'system': {'eventID': '11', 'keywords': '0x8000000000000000', 'providerGuid': '{5770385f-c22a-43e0-bf4c-06f5698ffbd9}', 'level': '4', 'channel': 'Microsoft-Windows-Sysmon/Operational', 'opcode': '0', 'message': '""File created:\r\nRuleName: technique_id=T1574.010,technique_name=Services File Permissions Weakness\r\nUtcTime: 2025-12-29 09:41:52.269\r\nProcessGuid: {411eefe4-4cdf-6952-d817-000000001000}\r\nProcessId: 14176\r\nImage: C:\\Windows\\Microsoft.NET\\Framework\\v4.0.30319\\mscorsvw.exe\r\nTargetFilename: C:\\Windows\\assembly\\NativeImages_v4.0.30319_32\\Temp\\3760-0\\Microsoft.Security.ApplicationId.PolicyManagement.PolicyManager.dll\r\nCreationUtcTime: 2025-12-29 09:41:52.269\r\nUser: NT AUTHORITY\\SYSTEM""', 'version': '2', 'systemTime': '2025-12-29T09:41:52.2704626Z', 'eventRecordID': '18118', 'threadID': '3676', 'computer': 'WindowsEnd-c7921449-8b62-4c4d-8a83-d9281ac0190b', 'task': '11', 'processID': '1836', 'severityValue': 'INFORMATION', 'providerName': 'Microsoft-Windows-Sysmon'}}}, 'rule': {'firedtimes': 19, 'mail': False, 'level': 6, 'description': 'Executable dropped in Windows root folder', 'groups': ['sysmon', 'sysmon_eid11_detections', 'windows'], 'mitre': {'technique': ['Lateral Tool Transfer'], 'id': ['T1570'], 'tactic': ['Lateral Movement']}, 'id': '92217'}, 'decoder': {'name': 'windows_eventchannel'}, 'input': {'type': 'log'}, '@timestamp': '2025-12-29T09:41:53.361Z', 'location': 'EventChannel', 'id': '1767001313.6883256', 'timestamp': '2025-12-29T10:41:53.361+0100'}",medium,
2025-12-29T09:41:53.375Z,Endpoint3-Win,1,92217,Executable dropped in Windows root folder,6,T1570,EventChannel,"{'agent': {'ip': '192.168.100.15', 'name': 'Endpoint3-Win', 'id': '001'}, 'manager': {'name': 'wazuh-vm'}, 'data': {'win': {'eventdata': {'image': 'C:\\\\Windows\\\\Microsoft.NET\\\\Framework\\\\v4.0.30319\\\\mscorsvw.exe', 'processGuid': '{411eefe4-4ce0-6952-da17-000000001000}', 'processId': '4380', 'utcTime': '2025-12-29 09:41:52.824', 'targetFilename': 'C:\\\\Windows\\\\assembly\\\\NativeImages_v4.0.30319_32\\\\Temp\\\\111c-0\\\\Microsoft.Security.ApplicationId.PolicyManagement.PolicyModel.dll', 'ruleName': 'technique_id=T1574.010,technique_name=Services File Permissions Weakness', 'creationUtcTime': '2025-12-29 09:41:52.824', 'user': 'NT AUTHORITY\\\\SYSTEM'}, 'system': {'eventID': '11', 'keywords': '0x8000000000000000', 'providerGuid': '{5770385f-c22a-43e0-bf4c-06f5698ffbd9}', 'level': '4', 'channel': 'Microsoft-Windows-Sysmon/Operational', 'opcode': '0', 'message': '""File created:\r\nRuleName: technique_id=T1574.010,technique_name=Services File Permissions Weakness\r\nUtcTime: 2025-12-29 09:41:52.824\r\nProcessGuid: {411eefe4-4ce0-6952-da17-000000001000}\r\nProcessId: 4380\r\nImage: C:\\Windows\\Microsoft.NET\\Framework\\v4.0.30319\\mscorsvw.exe\r\nTargetFilename: C:\\Windows\\assembly\\NativeImages_v4.0.30319_32\\Temp\\111c-0\\Microsoft.Security.ApplicationId.PolicyManagement.PolicyModel.dll\r\nCreationUtcTime: 2025-12-29 09:41:52.824\r\nUser: NT AUTHORITY\\SYSTEM""', 'version': '2', 'systemTime': '2025-12-29T09:41:52.8271538Z', 'eventRecordID': '18123', 'threadID': '3676', 'computer': 'WindowsEnd-c7921449-8b62-4c4d-8a83-d9281ac0190b', 'task': '11', 'processID': '1836', 'severityValue': 'INFORMATION', 'providerName': 'Microsoft-Windows-Sysmon'}}}, 'rule': {'firedtimes': 20, 'mail': False, 'level': 6, 'description': 'Executable dropped in Windows root folder', 'groups': ['sysmon', 'sysmon_eid11_detections', 'windows'], 'mitre': {'technique': ['Lateral Tool Transfer'], 'id': ['T1570'], 'tactic': ['Lateral Movement']}, 'id': '92217'}, 'decoder': {'name': 'windows_eventchannel'}, 'input': {'type': 'log'}, '@timestamp': '2025-12-29T09:41:53.375Z', 'location': 'EventChannel', 'id': '1767001313.6886627', 'timestamp': '2025-12-29T10:41:53.375+0100'}",medium,
2025-12-29T09:41:54.457Z,Endpoint3-Win,1,92217,Executable dropped in Windows root folder,6,T1570,EventChannel,"{'agent': {'ip': '192.168.100.15', 'name': 'Endpoint3-Win', 'id': '001'}, 'manager': {'name': 'wazuh-vm'}, 'data': {'win': {'eventdata': {'image': 'C:\\\\Windows\\\\Microsoft.NET\\\\Framework\\\\v4.0.30319\\\\mscorsvw.exe', 'processGuid': '{411eefe4-4ce1-6952-dc17-000000001000}', 'processId': '10528', 'utcTime': '2025-12-29 09:41:53.395', 'targetFilename': 'C:\\\\Windows\\\\assembly\\\\NativeImages_v4.0.30319_32\\\\Temp\\\\2920-0\\\\Microsoft.Security.ApplicationId.PolicyManagement.XmlHelper.dll', 'ruleName': 'technique_id=T1574.010,technique_name=Services File Permissions Weakness', 'creationUtcTime': '2025-12-29 09:41:53.395', 'user': 'NT AUTHORITY\\\\SYSTEM'}, 'system': {'eventID': '11', 'keywords': '0x8000000000000000', 'providerGuid': '{5770385f-c22a-43e0-bf4c-06f5698ffbd9}', 'level': '4', 'channel': 'Microsoft-Windows-Sysmon/Operational', 'opcode': '0', 'message': '""File created:\r\nRuleName: technique_id=T1574.010,technique_name=Services File Permissions Weakness\r\nUtcTime: 2025-12-29 09:41:53.395\r\nProcessGuid: {411eefe4-4ce1-6952-dc17-000000001000}\r\nProcessId: 10528\r\nImage: C:\\Windows\\Microsoft.NET\\Framework\\v4.0.30319\\mscorsvw.exe\r\nTargetFilename: C:\\Windows\\assembly\\NativeImages_v4.0.30319_32\\Temp\\2920-0\\Microsoft.Security.ApplicationId.PolicyManagement.XmlHelper.dll\r\nCreationUtcTime: 2025-12-29 09:41:53.395\r\nUser: NT AUTHORITY\\SYSTEM""', 'version': '2', 'systemTime': '2025-12-29T09:41:53.3971853Z', 'eventRecordID': '18128', 'threadID': '3676', 'computer': 'WindowsEnd-c7921449-8b62-4c4d-8a83-d9281ac0190b', 'task': '11', 'processID': '1836', 'severityValue': 'INFORMATION', 'providerName': 'Microsoft-Windows-Sysmon'}}}, 'rule': {'firedtimes': 21, 'mail': False, 'level': 6, 'description': 'Executable dropped in Windows root folder', 'groups': ['sysmon', 'sysmon_eid11_detections', 'windows'], 'mitre': {'technique': ['Lateral Tool Transfer'], 'id': ['T1570'], 'tactic': ['Lateral Movement']}, 'id': '92217'}, 'decoder': {'name': 'windows_eventchannel'}, 'input': {'type': 'log'}, '@timestamp': '2025-12-29T09:41:54.457Z', 'location': 'EventChannel', 'id': '1767001314.6889986', 'timestamp': '2025-12-29T10:41:54.457+0100'}",medium,
2025-12-29T09:41:54.469Z,Endpoint3-Win,1,92217,Executable dropped in Windows root folder,6,T1570,EventChannel,"{'agent': {'ip': '192.168.100.15', 'name': 'Endpoint3-Win', 'id': '001'}, 'manager': {'name': 'wazuh-vm'}, 'data': {'win': {'eventdata': {'image': 'C:\\\\Windows\\\\Microsoft.NET\\\\Framework\\\\v4.0.30319\\\\mscorsvw.exe', 'processGuid': '{411eefe4-4ce1-6952-de17-000000001000}', 'processId': '12480', 'utcTime': '2025-12-29 09:41:54.234', 'targetFilename': 'C:\\\\Windows\\\\assembly\\\\NativeImages_v4.0.30319_32\\\\Temp\\\\30c0-0\\\\Microsoft.Security.ApplicationId.Wizards.AutomaticRuleGenerationWizard.dll', 'ruleName': 'technique_id=T1574.010,technique_name=Services File Permissions Weakness', 'creationUtcTime': '2025-12-29 09:41:54.234', 'user': 'NT AUTHORITY\\\\SYSTEM'}, 'system': {'eventID': '11', 'keywords': '0x8000000000000000', 'providerGuid': '{5770385f-c22a-43e0-bf4c-06f5698ffbd9}', 'level': '4', 'channel': 'Microsoft-Windows-Sysmon/Operational', 'opcode': '0', 'message': '""File created:\r\nRuleName: technique_id=T1574.010,technique_name=Services File Permissions Weakness\r\nUtcTime: 2025-12-29 09:41:54.234\r\nProcessGuid: {411eefe4-4ce1-6952-de17-000000001000}\r\nProcessId: 12480\r\nImage: C:\\Windows\\Microsoft.NET\\Framework\\v4.0.30319\\mscorsvw.exe\r\nTargetFilename: C:\\Windows\\assembly\\NativeImages_v4.0.30319_32\\Temp\\30c0-0\\Microsoft.Security.ApplicationId.Wizards.AutomaticRuleGenerationWizard.dll\r\nCreationUtcTime: 2025-12-29 09:41:54.234\r\nUser: NT AUTHORITY\\SYSTEM""', 'version': '2', 'systemTime': '2025-12-29T09:41:54.2370871Z', 'eventRecordID': '18133', 'threadID': '3676', 'computer': 'WindowsEnd-c7921449-8b62-4c4d-8a83-d9281ac0190b', 'task': '11', 'processID': '1836', 'severityValue': 'INFORMATION', 'providerName': 'Microsoft-Windows-Sysmon'}}}, 'rule': {'firedtimes': 22, 'mail': False, 'level': 6, 'description': 'Executable dropped in Windows root folder', 'groups': ['sysmon', 'sysmon_eid11_detections', 'windows'], 'mitre': {'technique': ['Lateral Tool Transfer'], 'id': ['T1570'], 'tactic': ['Lateral Movement']}, 'id': '92217'}, 'decoder': {'name': 'windows_eventchannel'}, 'input': {'type': 'log'}, '@timestamp': '2025-12-29T09:41:54.469Z', 'location': 'EventChannel', 'id': '1767001314.6893341', 'timestamp': '2025-12-29T10:41:54.469+0100'}",medium,
2025-12-29T09:41:55.658Z,Endpoint3-Win,1,92151,Binary loaded PowerShell automation library - Possible unmanaged Powershell execution by suspicious process,12,T1059.001,EventChannel,"{'agent': {'ip': '192.168.100.15', 'name': 'Endpoint3-Win', 'id': '001'}, 'manager': {'name': 'wazuh-vm'}, 'data': {'win': {'eventdata': {'originalFileName': 'System.Management.Automation.dll', 'image': 'C:\\\\Windows\\\\Microsoft.NET\\\\Framework\\\\v4.0.30319\\\\mscorsvw.exe', 'product': 'Microsoft (R) Windows (R) Operating System', 'signature': 'Microsoft Windows', 'imageLoaded': 'C:\\\\Windows\\\\Microsoft.NET\\\\assembly\\\\GAC_MSIL\\\\System.Management.Automation\\\\v4.0_3.0.0.0__31bf3856ad364e35\\\\System.Management.Automation.dll', 'description': 'System.Management.Automation', 'signed': 'true', 'signatureStatus': 'Valid', 'processGuid': '{411eefe4-4ce2-6952-df17-000000001000}', 'processId': '8816', 'utcTime': '2025-12-29 09:41:54.572', 'hashes': 'SHA1=00BD08F417A37522651DBDEB756CD52D99736266,MD5=CACEF6B7D029B9D1CA39D4D9A34F80E3,SHA256=B446AF8762D93C979656667C5AC8CFDE59D6282198D3902FBDAFDC0E78C1D87E,IMPHASH=DAE02F32A21E03CE65412F6E56942DAA', 'ruleName': 'technique_id=T1059.001,technique_name=PowerShell', 'company': 'Microsoft Corporation', 'fileVersion': '10.0.26100.7462', 'user': 'NT AUTHORITY\\\\SYSTEM'}, 'system': {'eventID': '7', 'keywords': '0x8000000000000000', 'providerGuid': '{5770385f-c22a-43e0-bf4c-06f5698ffbd9}', 'level': '4', 'channel': 'Microsoft-Windows-Sysmon/Operational', 'opcode': '0', 'message': '""Image loaded:\r\nRuleName: technique_id=T1059.001,technique_name=PowerShell\r\nUtcTime: 2025-12-29 09:41:54.572\r\nProcessGuid: {411eefe4-4ce2-6952-df17-000000001000}\r\nProcessId: 8816\r\nImage: C:\\Windows\\Microsoft.NET\\Framework\\v4.0.30319\\mscorsvw.exe\r\nImageLoaded: C:\\Windows\\Microsoft.NET\\assembly\\GAC_MSIL\\System.Management.Automation\\v4.0_3.0.0.0__31bf3856ad364e35\\System.Management.Automation.dll\r\nFileVersion: 10.0.26100.7462\r\nDescription: System.Management.Automation\r\nProduct: Microsoft (R) Windows (R) Operating System\r\nCompany: Microsoft Corporation\r\nOriginalFileName: System.Management.Automation.dll\r\nHashes: SHA1=00BD08F417A37522651DBDEB756CD52D99736266,MD5=CACEF6B7D029B9D1CA39D4D9A34F80E3,SHA256=B446AF8762D93C979656667C5AC8CFDE59D6282198D3902FBDAFDC0E78C1D87E,IMPHASH=DAE02F32A21E03CE65412F6E56942DAA\r\nSigned: true\r\nSignature: Microsoft Windows\r\nSignatureStatus: Valid\r\nUser: NT AUTHORITY\\SYSTEM""', 'version': '3', 'systemTime': '2025-12-29T09:41:54.5741459Z', 'eventRecordID': '18137', 'threadID': '3676', 'computer': 'WindowsEnd-c7921449-8b62-4c4d-8a83-d9281ac0190b', 'task': '7', 'processID': '1836', 'severityValue': 'INFORMATION', 'providerName': 'Microsoft-Windows-Sysmon'}}}, 'rule': {'firedtimes': 43, 'mail': True, 'level': 12, 'description': 'Binary loaded PowerShell automation library - Possible unmanaged Powershell execution by suspicious process', 'groups': ['sysmon', 'sysmon_eid7_detections', 'windows'], 'mitre': {'technique': ['PowerShell'], 'id': ['T1059.001'], 'tactic': ['Execution']}, 'id': '92151'}, 'decoder': {'name': 'windows_eventchannel'}, 'input': {'type': 'log'}, '@timestamp': '2025-12-29T09:41:55.658Z', 'location': 'EventChannel', 'id': '1767001315.6896740', 'timestamp': '2025-12-29T10:41:55.658+0100'}",critical,
2025-12-29T09:41:55.664Z,Endpoint3-Win,1,92151,Binary loaded PowerShell automation library - Possible unmanaged Powershell execution by suspicious process,12,T1059.001,EventChannel,"{'agent': {'ip': '192.168.100.15', 'name': 'Endpoint3-Win', 'id': '001'}, 'manager': {'name': 'wazuh-vm'}, 'data': {'win': {'eventdata': {'originalFileName': 'System.Management.Automation.dll', 'image': 'C:\\\\Windows\\\\Microsoft.NET\\\\Framework\\\\v4.0.30319\\\\mscorsvw.exe', 'product': 'Microsoft (R) Windows (R) Operating System', 'signature': 'Microsoft Windows', 'imageLoaded': 'C:\\\\Windows\\\\Microsoft.NET\\\\assembly\\\\GAC_MSIL\\\\System.Management.Automation\\\\v4.0_3.0.0.0__31bf3856ad364e35\\\\System.Management.Automation.dll', 'description': 'System.Management.Automation', 'signed': 'true', 'signatureStatus': 'Valid', 'processGuid': '{411eefe4-4ce2-6952-df17-000000001000}', 'processId': '8816', 'utcTime': '2025-12-29 09:41:54.572', 'hashes': 'SHA1=00BD08F417A37522651DBDEB756CD52D99736266,MD5=CACEF6B7D029B9D1CA39D4D9A34F80E3,SHA256=B446AF8762D93C979656667C5AC8CFDE59D6282198D3902FBDAFDC0E78C1D87E,IMPHASH=DAE02F32A21E03CE65412F6E56942DAA', 'ruleName': 'technique_id=T1059.001,technique_name=PowerShell', 'company': 'Microsoft Corporation', 'fileVersion': '10.0.26100.7462', 'user': 'NT AUTHORITY\\\\SYSTEM'}, 'system': {'eventID': '7', 'keywords': '0x8000000000000000', 'providerGuid': '{5770385f-c22a-43e0-bf4c-06f5698ffbd9}', 'level': '4', 'channel': 'Microsoft-Windows-Sysmon/Operational', 'opcode': '0', 'message': '""Image loaded:\r\nRuleName: technique_id=T1059.001,technique_name=PowerShell\r\nUtcTime: 2025-12-29 09:41:54.572\r\nProcessGuid: {411eefe4-4ce2-6952-df17-000000001000}\r\nProcessId: 8816\r\nImage: C:\\Windows\\Microsoft.NET\\Framework\\v4.0.30319\\mscorsvw.exe\r\nImageLoaded: C:\\Windows\\Microsoft.NET\\assembly\\GAC_MSIL\\System.Management.Automation\\v4.0_3.0.0.0__31bf3856ad364e35\\System.Management.Automation.dll\r\nFileVersion: 10.0.26100.7462\r\nDescription: System.Management.Automation\r\nProduct: Microsoft (R) Windows (R) Operating System\r\nCompany: Microsoft Corporation\r\nOriginalFileName: System.Management.Automation.dll\r\nHashes: SHA1=00BD08F417A37522651DBDEB756CD52D99736266,MD5=CACEF6B7D029B9D1CA39D4D9A34F80E3,SHA256=B446AF8762D93C979656667C5AC8CFDE59D6282198D3902FBDAFDC0E78C1D87E,IMPHASH=DAE02F32A21E03CE65412F6E56942DAA\r\nSigned: true\r\nSignature: Microsoft Windows\r\nSignatureStatus: Valid\r\nUser: NT AUTHORITY\\SYSTEM""', 'version': '3', 'systemTime': '2025-12-29T09:41:54.5747644Z', 'eventRecordID': '18138', 'threadID': '3676', 'computer': 'WindowsEnd-c7921449-8b62-4c4d-8a83-d9281ac0190b', 'task': '7', 'processID': '1836', 'severityValue': 'INFORMATION', 'providerName': 'Microsoft-Windows-Sysmon'}}}, 'rule': {'firedtimes': 44, 'mail': True, 'level': 12, 'description': 'Binary loaded PowerShell automation library - Possible unmanaged Powershell execution by suspicious process', 'groups': ['sysmon', 'sysmon_eid7_detections', 'windows'], 'mitre': {'technique': ['PowerShell'], 'id': ['T1059.001'], 'tactic': ['Execution']}, 'id': '92151'}, 'decoder': {'name': 'windows_eventchannel'}, 'input': {'type': 'log'}, '@timestamp': '2025-12-29T09:41:55.664Z', 'location': 'EventChannel', 'id': '1767001315.6902008', 'timestamp': '2025-12-29T10:41:55.664+0100'}",critical,
2025-12-29T09:41:55.671Z,Endpoint3-Win,1,92151,Binary loaded PowerShell automation library - Possible unmanaged Powershell execution by suspicious process,12,T1059.001,EventChannel,"{'agent': {'ip': '192.168.100.15', 'name': 'Endpoint3-Win', 'id': '001'}, 'manager': {'name': 'wazuh-vm'}, 'data': {'win': {'eventdata': {'originalFileName': 'System.Management.Automation.dll', 'image': 'C:\\\\Windows\\\\Microsoft.NET\\\\Framework\\\\v4.0.30319\\\\mscorsvw.exe', 'product': 'Microsoft (R) Windows (R) Operating System', 'signature': 'Microsoft Windows', 'imageLoaded': 'C:\\\\Windows\\\\Microsoft.NET\\\\assembly\\\\GAC_MSIL\\\\System.Management.Automation\\\\v4.0_3.0.0.0__31bf3856ad364e35\\\\System.Management.Automation.dll', 'description': 'System.Management.Automation', 'signed': 'true', 'signatureStatus': 'Valid', 'processGuid': '{411eefe4-4ce2-6952-e017-000000001000}', 'processId': '4892', 'utcTime': '2025-12-29 09:41:54.804', 'hashes': 'SHA1=00BD08F417A37522651DBDEB756CD52D99736266,MD5=CACEF6B7D029B9D1CA39D4D9A34F80E3,SHA256=B446AF8762D93C979656667C5AC8CFDE59D6282198D3902FBDAFDC0E78C1D87E,IMPHASH=DAE02F32A21E03CE65412F6E56942DAA', 'ruleName': 'technique_id=T1059.001,technique_name=PowerShell', 'company': 'Microsoft Corporation', 'fileVersion': '10.0.26100.7462', 'user': 'NT AUTHORITY\\\\SYSTEM'}, 'system': {'eventID': '7', 'keywords': '0x8000000000000000', 'providerGuid': '{5770385f-c22a-43e0-bf4c-06f5698ffbd9}', 'level': '4', 'channel': 'Microsoft-Windows-Sysmon/Operational', 'opcode': '0', 'message': '""Image loaded:\r\nRuleName: technique_id=T1059.001,technique_name=PowerShell\r\nUtcTime: 2025-12-29 09:41:54.804\r\nProcessGuid: {411eefe4-4ce2-6952-e017-000000001000}\r\nProcessId: 4892\r\nImage: C:\\Windows\\Microsoft.NET\\Framework\\v4.0.30319\\mscorsvw.exe\r\nImageLoaded: C:\\Windows\\Microsoft.NET\\assembly\\GAC_MSIL\\System.Management.Automation\\v4.0_3.0.0.0__31bf3856ad364e35\\System.Management.Automation.dll\r\nFileVersion: 10.0.26100.7462\r\nDescription: System.Management.Automation\r\nProduct: Microsoft (R) Windows (R) Operating System\r\nCompany: Microsoft Corporation\r\nOriginalFileName: System.Management.Automation.dll\r\nHashes: SHA1=00BD08F417A37522651DBDEB756CD52D99736266,MD5=CACEF6B7D029B9D1CA39D4D9A34F80E3,SHA256=B446AF8762D93C979656667C5AC8CFDE59D6282198D3902FBDAFDC0E78C1D87E,IMPHASH=DAE02F32A21E03CE65412F6E56942DAA\r\nSigned: true\r\nSignature: Microsoft Windows\r\nSignatureStatus: Valid\r\nUser: NT AUTHORITY\\SYSTEM""', 'version': '3', 'systemTime': '2025-12-29T09:41:54.8084762Z', 'eventRecordID': '18140', 'threadID': '3676', 'computer': 'WindowsEnd-c7921449-8b62-4c4d-8a83-d9281ac0190b', 'task': '7', 'processID': '1836', 'severityValue': 'INFORMATION', 'providerName': 'Microsoft-Windows-Sysmon'}}}, 'rule': {'firedtimes': 45, 'mail': True, 'level': 12, 'description': 'Binary loaded PowerShell automation library - Possible unmanaged Powershell execution by suspicious process', 'groups': ['sysmon', 'sysmon_eid7_detections', 'windows'], 'mitre': {'technique': ['PowerShell'], 'id': ['T1059.001'], 'tactic': ['Execution']}, 'id': '92151'}, 'decoder': {'name': 'windows_eventchannel'}, 'input': {'type': 'log'}, '@timestamp': '2025-12-29T09:41:55.671Z', 'location': 'EventChannel', 'id': '1767001315.6907276', 'timestamp': '2025-12-29T10:41:55.671+0100'}",critical,
2025-12-29T09:41:55.675Z,Endpoint3-Win,1,92151,Binary loaded PowerShell automation library - Possible unmanaged Powershell execution by suspicious process,12,T1059.001,EventChannel,"{'agent': {'ip': '192.168.100.15', 'name': 'Endpoint3-Win', 'id': '001'}, 'manager': {'name': 'wazuh-vm'}, 'data': {'win': {'eventdata': {'originalFileName': 'System.Management.Automation.dll', 'image': 'C:\\\\Windows\\\\Microsoft.NET\\\\Framework\\\\v4.0.30319\\\\mscorsvw.exe', 'product': 'Microsoft (R) Windows (R) Operating System', 'signature': 'Microsoft Windows', 'imageLoaded': 'C:\\\\Windows\\\\Microsoft.NET\\\\assembly\\\\GAC_MSIL\\\\System.Management.Automation\\\\v4.0_3.0.0.0__31bf3856ad364e35\\\\System.Management.Automation.dll', 'description': 'System.Management.Automation', 'signed': 'true', 'signatureStatus': 'Valid', 'processGuid': '{411eefe4-4ce2-6952-e017-000000001000}', 'processId': '4892', 'utcTime': '2025-12-29 09:41:54.807', 'hashes': 'SHA1=00BD08F417A37522651DBDEB756CD52D99736266,MD5=CACEF6B7D029B9D1CA39D4D9A34F80E3,SHA256=B446AF8762D93C979656667C5AC8CFDE59D6282198D3902FBDAFDC0E78C1D87E,IMPHASH=DAE02F32A21E03CE65412F6E56942DAA', 'ruleName': 'technique_id=T1059.001,technique_name=PowerShell', 'company': 'Microsoft Corporation', 'fileVersion': '10.0.26100.7462', 'user': 'NT AUTHORITY\\\\SYSTEM'}, 'system': {'eventID': '7', 'keywords': '0x8000000000000000', 'providerGuid': '{5770385f-c22a-43e0-bf4c-06f5698ffbd9}', 'level': '4', 'channel': 'Microsoft-Windows-Sysmon/Operational', 'opcode': '0', 'message': '""Image loaded:\r\nRuleName: technique_id=T1059.001,technique_name=PowerShell\r\nUtcTime: 2025-12-29 09:41:54.807\r\nProcessGuid: {411eefe4-4ce2-6952-e017-000000001000}\r\nProcessId: 4892\r\nImage: C:\\Windows\\Microsoft.NET\\Framework\\v4.0.30319\\mscorsvw.exe\r\nImageLoaded: C:\\Windows\\Microsoft.NET\\assembly\\GAC_MSIL\\System.Management.Automation\\v4.0_3.0.0.0__31bf3856ad364e35\\System.Management.Automation.dll\r\nFileVersion: 10.0.26100.7462\r\nDescription: System.Management.Automation\r\nProduct: Microsoft (R) Windows (R) Operating System\r\nCompany: Microsoft Corporation\r\nOriginalFileName: System.Management.Automation.dll\r\nHashes: SHA1=00BD08F417A37522651DBDEB756CD52D99736266,MD5=CACEF6B7D029B9D1CA39D4D9A34F80E3,SHA256=B446AF8762D93C979656667C5AC8CFDE59D6282198D3902FBDAFDC0E78C1D87E,IMPHASH=DAE02F32A21E03CE65412F6E56942DAA\r\nSigned: true\r\nSignature: Microsoft Windows\r\nSignatureStatus: Valid\r\nUser: NT AUTHORITY\\SYSTEM""', 'version': '3', 'systemTime': '2025-12-29T09:41:54.8091814Z', 'eventRecordID': '18141', 'threadID': '3676', 'computer': 'WindowsEnd-c7921449-8b62-4c4d-8a83-d9281ac0190b', 'task': '7', 'processID': '1836', 'severityValue': 'INFORMATION', 'providerName': 'Microsoft-Windows-Sysmon'}}}, 'rule': {'firedtimes': 46, 'mail': True, 'level': 12, 'description': 'Binary loaded PowerShell automation library - Possible unmanaged Powershell execution by suspicious process', 'groups': ['sysmon', 'sysmon_eid7_detections', 'windows'], 'mitre': {'technique': ['PowerShell'], 'id': ['T1059.001'], 'tactic': ['Execution']}, 'id': '92151'}, 'decoder': {'name': 'windows_eventchannel'}, 'input': {'type': 'log'}, '@timestamp': '2025-12-29T09:41:55.675Z', 'location': 'EventChannel', 'id': '1767001315.6912544', 'timestamp': '2025-12-29T10:41:55.675+0100'}",critical,
