2025-12-29T09:31:19.843Z,wazuh-vm,0,5501,PAM: Login session opened.,3,T1078,/var/log/auth.log,"{'predecoder': {'program_name': 'pkexec', 'timestamp': '2025-12-29T10:31:19.684569+01:00'}, 'agent': {'name': 'wazuh-vm', 'id': '000'}, 'manager': {'name': 'wazuh-vm'}, 'data': {'srcuser': 'wazuh', 'uid': '1001', 'dstuser': 'root(uid=0)'}, 'rule': {'mail': False, 'level': 3, 'pci_dss': ['10.2.5'], 'hipaa': ['164.312.b'], 'tsc': ['CC6.8', 'CC7.2', 'CC7.3'], 'description': 'PAM: Login session opened.', 'groups': ['pam', 'syslog', 'authentication_success'], 'nist_800_53': ['AU.14', 'AC.7'], 'gdpr': ['IV_32.2'], 'firedtimes': 2, 'mitre': {'technique': ['Valid Accounts'], 'id': ['T1078'], 'tactic': ['Defense Evasion', 'Persistence', 'Privilege Escalation', 'Initial Access']}, 'id': '5501', 'gpg13': ['7.8', '7.9']}, 'decoder': {'parent': 'pam', 'name': 'pam'}, 'full_log': '2025-12-29T10:31:19.684569+01:00 wazuh-vm pkexec: pam_unix(polkit-1:session): session opened for user root(uid=0) by wazuh(uid=1001)', 'input': {'type': 'log'}, '@timestamp': '2025-12-29T09:31:19.843Z', 'location': '/var/log/auth.log', 'id': '1767000679.6471913', 'timestamp': '2025-12-29T10:31:19.843+0100'}",low,
2025-12-29T09:32:55.975Z,wazuh-vm,0,52002,Apparmor DENIED,3,,/var/log/syslog,"{'predecoder': {'program_name': 'kernel', 'timestamp': '2025-12-29T10:32:54.511331+01:00'}, 'agent': {'name': 'wazuh-vm', 'id': '000'}, 'manager': {'name': 'wazuh-vm'}, 'data': {'extra_data': 'open', 'status': 'DENIED'}, 'rule': {'firedtimes': 2, 'mail': False, 'level': 3, 'description': 'Apparmor DENIED', 'groups': ['local', 'syslog', 'apparmor'], 'id': '52002'}, 'decoder': {'parent': 'kernel', 'name': 'kernel'}, 'full_log': '2025-12-29T10:32:54.511331+01:00 wazuh-vm kernel: audit: type=1400 audit(1767000774.508:157): apparmor=""DENIED"" operation=""open"" class=""file"" profile=""snap.firefox.firefox"" name=""/proc/pressure/memory"" pid=5825 comm=""firefox"" requested_mask=""r"" denied_mask=""r"" fsuid=1001 ouid=0', 'input': {'type': 'log'}, '@timestamp': '2025-12-29T09:32:55.975Z', 'location': '/var/log/syslog', 'id': '1767000775.6472372', 'timestamp': '2025-12-29T10:32:55.975+0100'}",low,
2025-12-29T09:32:55.976Z,wazuh-vm,0,52002,Apparmor DENIED,3,,/var/log/kern.log,"{'predecoder': {'program_name': 'kernel', 'timestamp': '2025-12-29T10:32:54.511331+01:00'}, 'agent': {'name': 'wazuh-vm', 'id': '000'}, 'manager': {'name': 'wazuh-vm'}, 'data': {'extra_data': 'open', 'status': 'DENIED'}, 'rule': {'firedtimes': 1, 'mail': False, 'level': 3, 'description': 'Apparmor DENIED', 'groups': ['local', 'syslog', 'apparmor'], 'id': '52002'}, 'decoder': {'parent': 'kernel', 'name': 'kernel'}, 'full_log': '2025-12-29T10:32:54.511331+01:00 wazuh-vm kernel: audit: type=1400 audit(1767000774.508:157): apparmor=""DENIED"" operation=""open"" class=""file"" profile=""snap.firefox.firefox"" name=""/proc/pressure/memory"" pid=5825 comm=""firefox"" requested_mask=""r"" denied_mask=""r"" fsuid=1001 ouid=0', 'input': {'type': 'log'}, '@timestamp': '2025-12-29T09:32:55.976Z', 'location': '/var/log/kern.log', 'id': '1767000775.6472796', 'timestamp': '2025-12-29T10:32:55.976+0100'}",low,
2025-12-29T09:33:04.218Z,wazuh-vm,0,52002,Apparmor DENIED,3,,/var/log/syslog,"{'predecoder': {'program_name': 'kernel', 'timestamp': '2025-12-29T10:33:02.912296+01:00'}, 'agent': {'name': 'wazuh-vm', 'id': '000'}, 'manager': {'name': 'wazuh-vm'}, 'data': {'extra_data': 'open', 'status': 'DENIED'}, 'rule': {'firedtimes': 3, 'mail': False, 'level': 3, 'description': 'Apparmor DENIED', 'groups': ['local', 'syslog', 'apparmor'], 'id': '52002'}, 'decoder': {'parent': 'kernel', 'name': 'kernel'}, 'full_log': '2025-12-29T10:33:02.912296+01:00 wazuh-vm kernel: audit: type=1400 audit(1767000782.910:158): apparmor=""DENIED"" operation=""open"" class=""file"" profile=""snap.firefox.firefox"" name=""/proc/pressure/memory"" pid=5825 comm=""MemoryPoller"" requested_mask=""r"" denied_mask=""r"" fsuid=1001 ouid=0', 'input': {'type': 'log'}, '@timestamp': '2025-12-29T09:33:04.218Z', 'location': '/var/log/syslog', 'id': '1767000784.6473222', 'timestamp': '2025-12-29T10:33:04.218+0100'}",low,
2025-12-29T09:33:04.219Z,wazuh-vm,0,52002,Apparmor DENIED,3,,/var/log/kern.log,"{'predecoder': {'program_name': 'kernel', 'timestamp': '2025-12-29T10:33:02.912296+01:00'}, 'agent': {'name': 'wazuh-vm', 'id': '000'}, 'manager': {'name': 'wazuh-vm'}, 'data': {'extra_data': 'open', 'status': 'DENIED'}, 'rule': {'firedtimes': 4, 'mail': False, 'level': 3, 'description': 'Apparmor DENIED', 'groups': ['local', 'syslog', 'apparmor'], 'id': '52002'}, 'decoder': {'parent': 'kernel', 'name': 'kernel'}, 'full_log': '2025-12-29T10:33:02.912296+01:00 wazuh-vm kernel: audit: type=1400 audit(1767000782.910:158): apparmor=""DENIED"" operation=""open"" class=""file"" profile=""snap.firefox.firefox"" name=""/proc/pressure/memory"" pid=5825 comm=""MemoryPoller"" requested_mask=""r"" denied_mask=""r"" fsuid=1001 ouid=0', 'input': {'type': 'log'}, '@timestamp': '2025-12-29T09:33:04.219Z', 'location': '/var/log/kern.log', 'id': '1767000784.6473651', 'timestamp': '2025-12-29T10:33:04.219+0100'}",low,
2025-12-29T09:33:08.225Z,wazuh-vm,0,52002,Apparmor DENIED,3,,/var/log/kern.log,"{'predecoder': {'program_name': 'kernel', 'timestamp': '2025-12-29T10:33:08.047296+01:00'}, 'agent': {'name': 'wazuh-vm', 'id': '000'}, 'manager': {'name': 'wazuh-vm'}, 'data': {'extra_data': 'open', 'status': 'DENIED'}, 'rule': {'firedtimes': 5, 'mail': False, 'level': 3, 'description': 'Apparmor DENIED', 'groups': ['local', 'syslog', 'apparmor'], 'id': '52002'}, 'decoder': {'parent': 'kernel', 'name': 'kernel'}, 'full_log': '2025-12-29T10:33:08.047296+01:00 wazuh-vm kernel: audit: type=1400 audit(1767000788.045:159): apparmor=""DENIED"" operation=""open"" class=""file"" profile=""snap.firefox.firefox"" name=""/proc/pressure/memory"" pid=5825 comm=""MemoryPoller"" requested_mask=""r"" denied_mask=""r"" fsuid=1001 ouid=0', 'input': {'type': 'log'}, '@timestamp': '2025-12-29T09:33:08.225Z', 'location': '/var/log/kern.log', 'id': '1767000788.6474082', 'timestamp': '2025-12-29T10:33:08.225+0100'}",low,
2025-12-29T09:33:08.226Z,wazuh-vm,0,52002,Apparmor DENIED,3,,/var/log/syslog,"{'predecoder': {'program_name': 'kernel', 'timestamp': '2025-12-29T10:33:08.047296+01:00'}, 'agent': {'name': 'wazuh-vm', 'id': '000'}, 'manager': {'name': 'wazuh-vm'}, 'data': {'extra_data': 'open', 'status': 'DENIED'}, 'rule': {'firedtimes': 6, 'mail': False, 'level': 3, 'description': 'Apparmor DENIED', 'groups': ['local', 'syslog', 'apparmor'], 'id': '52002'}, 'decoder': {'parent': 'kernel', 'name': 'kernel'}, 'full_log': '2025-12-29T10:33:08.047296+01:00 wazuh-vm kernel: audit: type=1400 audit(1767000788.045:159): apparmor=""DENIED"" operation=""open"" class=""file"" profile=""snap.firefox.firefox"" name=""/proc/pressure/memory"" pid=5825 comm=""MemoryPoller"" requested_mask=""r"" denied_mask=""r"" fsuid=1001 ouid=0', 'input': {'type': 'log'}, '@timestamp': '2025-12-29T09:33:08.226Z', 'location': '/var/log/syslog', 'id': '1767000788.6474513', 'timestamp': '2025-12-29T10:33:08.226+0100'}",low,
2025-12-29T09:33:14.230Z,wazuh-vm,0,52002,Apparmor DENIED,3,,/var/log/syslog,"{'predecoder': {'program_name': 'kernel', 'timestamp': '2025-12-29T10:33:13.071160+01:00'}, 'agent': {'name': 'wazuh-vm', 'id': '000'}, 'manager': {'name': 'wazuh-vm'}, 'data': {'extra_data': 'open', 'status': 'DENIED'}, 'rule': {'firedtimes': 7, 'mail': False, 'level': 3, 'description': 'Apparmor DENIED', 'groups': ['local', 'syslog', 'apparmor'], 'id': '52002'}, 'decoder': {'parent': 'kernel', 'name': 'kernel'}, 'full_log': '2025-12-29T10:33:13.071160+01:00 wazuh-vm kernel: audit: type=1400 audit(1767000793.068:160): apparmor=""DENIED"" operation=""open"" class=""file"" profile=""snap.firefox.firefox"" name=""/proc/pressure/memory"" pid=5825 comm=""MemoryPoller"" requested_mask=""r"" denied_mask=""r"" fsuid=1001 ouid=0', 'input': {'type': 'log'}, '@timestamp': '2025-12-29T09:33:14.230Z', 'location': '/var/log/syslog', 'id': '1767000794.6474942', 'timestamp': '2025-12-29T10:33:14.230+0100'}",low,
2025-12-29T09:33:14.230Z,wazuh-vm,0,52002,Apparmor DENIED,3,,/var/log/kern.log,"{'predecoder': {'program_name': 'kernel', 'timestamp': '2025-12-29T10:33:13.071160+01:00'}, 'agent': {'name': 'wazuh-vm', 'id': '000'}, 'manager': {'name': 'wazuh-vm'}, 'data': {'extra_data': 'open', 'status': 'DENIED'}, 'rule': {'firedtimes': 8, 'mail': False, 'level': 3, 'description': 'Apparmor DENIED', 'groups': ['local', 'syslog', 'apparmor'], 'id': '52002'}, 'decoder': {'parent': 'kernel', 'name': 'kernel'}, 'full_log': '2025-12-29T10:33:13.071160+01:00 wazuh-vm kernel: audit: type=1400 audit(1767000793.068:160): apparmor=""DENIED"" operation=""open"" class=""file"" profile=""snap.firefox.firefox"" name=""/proc/pressure/memory"" pid=5825 comm=""MemoryPoller"" requested_mask=""r"" denied_mask=""r"" fsuid=1001 ouid=0', 'input': {'type': 'log'}, '@timestamp': '2025-12-29T09:33:14.230Z', 'location': '/var/log/kern.log', 'id': '1767000794.6475371', 'timestamp': '2025-12-29T10:33:14.230+0100'}",low,
2025-12-29T09:33:38.254Z,wazuh-vm,0,52002,Apparmor DENIED,3,,/var/log/syslog,"{'predecoder': {'program_name': 'kernel', 'timestamp': '2025-12-29T10:33:37.142240+01:00'}, 'agent': {'name': 'wazuh-vm', 'id': '000'}, 'manager': {'name': 'wazuh-vm'}, 'data': {'extra_data': 'open', 'status': 'DENIED'}, 'rule': {'firedtimes': 10, 'mail': False, 'level': 3, 'description': 'Apparmor DENIED', 'groups': ['local', 'syslog', 'apparmor'], 'id': '52002'}, 'decoder': {'parent': 'kernel', 'name': 'kernel'}, 'full_log': '2025-12-29T10:33:37.142240+01:00 wazuh-vm kernel: audit: type=1400 audit(1767000817.140:161): apparmor=""DENIED"" operation=""open"" class=""file"" profile=""snap.firefox.firefox"" name=""/proc/pressure/memory"" pid=5825 comm=""MemoryPoller"" requested_mask=""r"" denied_mask=""r"" fsuid=1001 ouid=0', 'input': {'type': 'log'}, '@timestamp': '2025-12-29T09:33:38.254Z', 'location': '/var/log/syslog', 'id': '1767000818.6476233', 'timestamp': '2025-12-29T10:33:38.254+0100'}",low,
2025-12-29T09:33:38.254Z,wazuh-vm,0,52002,Apparmor DENIED,3,,/var/log/kern.log,"{'predecoder': {'program_name': 'kernel', 'timestamp': '2025-12-29T10:33:37.142240+01:00'}, 'agent': {'name': 'wazuh-vm', 'id': '000'}, 'manager': {'name': 'wazuh-vm'}, 'data': {'extra_data': 'open', 'status': 'DENIED'}, 'rule': {'firedtimes': 9, 'mail': False, 'level': 3, 'description': 'Apparmor DENIED', 'groups': ['local', 'syslog', 'apparmor'], 'id': '52002'}, 'decoder': {'parent': 'kernel', 'name': 'kernel'}, 'full_log': '2025-12-29T10:33:37.142240+01:00 wazuh-vm kernel: audit: type=1400 audit(1767000817.140:161): apparmor=""DENIED"" operation=""open"" class=""file"" profile=""snap.firefox.firefox"" name=""/proc/pressure/memory"" pid=5825 comm=""MemoryPoller"" requested_mask=""r"" denied_mask=""r"" fsuid=1001 ouid=0', 'input': {'type': 'log'}, '@timestamp': '2025-12-29T09:33:38.254Z', 'location': '/var/log/kern.log', 'id': '1767000818.6475802', 'timestamp': '2025-12-29T10:33:38.254+0100'}",low,
2025-12-29T09:34:02.104Z,Endpoint3-Win,1,60106,Windows logon success.,3,T1078,EventChannel,"{'agent': {'ip': '192.168.100.15', 'name': 'Endpoint3-Win', 'id': '001'}, 'manager': {'name': 'wazuh-vm'}, 'data': {'win': {'eventdata': {'subjectLogonId': '0x3e7', 'subjectDomainName': 'WORKGROUP', 'targetLinkedLogonId': '0x0', 'impersonationLevel': '%%1833', 'authenticationPackageName': 'Negotiate', 'targetLogonId': '0x3e7', 'logonProcessName': 'Advapi', 'logonGuid': '{00000000-0000-0000-0000-000000000000}', 'targetUserName': 'SYSTEM', 'keyLength': '0', 'elevatedToken': '%%1842', 'subjectUserSid': 'S-1-5-18', 'processId': '0x32c', 'processName': 'C:\\\\Windows\\\\System32\\\\services.exe', 'targetDomainName': 'NT AUTHORITY', 'targetUserSid': 'S-1-5-18', 'virtualAccount': '%%1843', 'logonType': '5', 'subjectUserName': 'WINDOWSEND-C792$'}, 'system': {'eventID': '4624', 'keywords': '0x8020000000000000', 'providerGuid': '{54849625-5478-4994-a5ba-3e3b0328c30d}', 'level': '0', 'channel': 'Security', 'opcode': '0', 'message': '""An account was successfully logged on.\r\n\r\nSubject:\r\n\tSecurity ID:\t\tS-1-5-18\r\n\tAccount Name:\t\tWINDOWSEND-C792$\r\n\tAccount Domain:\t\tWORKGROUP\r\n\tLogon ID:\t\t0x3E7\r\n\r\nLogon Information:\r\n\tLogon Type:\t\t5\r\n\tRestricted Admin Mode:\t-\r\n\tRemote Credential Guard:\t-\r\n\tVirtual Account:\t\tNo\r\n\tElevated Token:\t\tYes\r\n\r\nImpersonation Level:\t\tImpersonation\r\n\r\nNew Logon:\r\n\tSecurity ID:\t\tS-1-5-18\r\n\tAccount Name:\t\tSYSTEM\r\n\tAccount Domain:\t\tNT AUTHORITY\r\n\tLogon ID:\t\t0x3E7\r\n\tLinked Logon ID:\t\t0x0\r\n\tNetwork Account Name:\t-\r\n\tNetwork Account Domain:\t-\r\n\tLogon GUID:\t\t{00000000-0000-0000-0000-000000000000}\r\n\r\nProcess Information:\r\n\tProcess ID:\t\t0x32c\r\n\tProcess Name:\t\tC:\\Windows\\System32\\services.exe\r\n\r\nNetwork Information:\r\n\tWorkstation Name:\t-\r\n\tSource Network Address:\t-\r\n\tSource Port:\t\t-\r\n\r\nDetailed Authentication Information:\r\n\tLogon Process:\t\tAdvapi  \r\n\tAuthentication Package:\tNegotiate\r\n\tTransited Services:\t-\r\n\tPackage Name (NTLM only):\t-\r\n\tKey Length:\t\t0\r\n\r\nThis event is generated when a logon session is created. It is generated on the computer that was accessed.\r\n\r\nThe subject fields indicate the account on the local system which requested the logon. This is most commonly a service such as the Server service, or a local process such as Winlogon.exe or Services.exe.\r\n\r\nThe logon type field indicates the kind of logon that occurred. The most common types are 2 (interactive) and 3 (network).\r\n\r\nThe New Logon fields indicate the account for whom the new logon was created, i.e. the account that was logged on.\r\n\r\nThe network fields indicate where a remote logon request originated. Workstation name is not always available and may be left blank in some cases.\r\n\r\nThe impersonation level field indicates the extent to which a process in the logon session can impersonate.\r\n\r\nThe authentication information fields provide detailed information about this specific logon request.\r\n\t- Logon GUID is a unique identifier that can be used to correlate this event with a KDC event.\r\n\t- Transited services indicate which intermediate services have participated in this logon request.\r\n\t- Package name indicates which sub-protocol was used among the NTLM protocols.\r\n\t- Key length indicates the length of the generated session key. This will be 0 if no session key was requested.""', 'version': '3', 'systemTime': '2025-12-29T09:34:01.0099443Z', 'eventRecordID': '38835', 'threadID': '12448', 'computer': 'WindowsEnd-c7921449-8b62-4c4d-8a83-d9281ac0190b', 'task': '12544', 'processID': '832', 'severityValue': 'AUDIT_SUCCESS', 'providerName': 'Microsoft-Windows-Security-Auditing'}}}, 'rule': {'mail': False, 'level': 3, 'hipaa': ['164.312.b'], 'pci_dss': ['10.2.5'], 'tsc': ['CC6.8', 'CC7.2', 'CC7.3'], 'description': 'Windows logon success.', 'groups': ['windows', 'windows_security', 'authentication_success'], 'nist_800_53': ['AC.7', 'AU.14'], 'gdpr': ['IV_32.2'], 'firedtimes': 13, 'mitre': {'technique': ['Valid Accounts'], 'id': ['T1078'], 'tactic': ['Defense Evasion', 'Persistence', 'Privilege Escalation', 'Initial Access']}, 'id': '60106', 'gpg13': ['7.1', '7.2']}, 'decoder': {'name': 'windows_eventchannel'}, 'input': {'type': 'log'}, '@timestamp': '2025-12-29T09:34:02.104Z', 'location': 'EventChannel', 'id': '1767000842.6476662', 'timestamp': '2025-12-29T10:34:02.104+0100'}",low,
2025-12-29T09:34:03.360Z,Endpoint3-Win,1,92154,Process loaded taskschd.dll module. May be used to create delayed malware execution,4,T1053.005,EventChannel,"{'agent': {'ip': '192.168.100.15', 'name': 'Endpoint3-Win', 'id': '001'}, 'manager': {'name': 'wazuh-vm'}, 'data': {'win': {'eventdata': {'originalFileName': 'taskschd.dll', 'image': 'C:\\\\Windows\\\\UUS\\\\Packages\\\\Preview\\\\amd64\\\\MoUsoCoreWorker.exe', 'product': 'Microsoft® Windows® Operating System', 'signature': 'Microsoft Windows', 'imageLoaded': 'C:\\\\Windows\\\\System32\\\\taskschd.dll', 'description': 'Task Scheduler COM API', 'signed': 'true', 'signatureStatus': 'Valid', 'processGuid': '{411eefe4-4b08-6952-7517-000000001000}', 'processId': '5168', 'utcTime': '2025-12-29 09:34:02.249', 'hashes': 'SHA1=BF09E52372CF6663743A6FC58FCDB75D7551CD64,MD5=DF9E41FF2CF7430B4A29B24BB86AB7B0,SHA256=1E3292A4C58708CA4E3A73B82DB0E9CA4A2C1FC640526B9A14337A1A55A36AA7,IMPHASH=E61FD409CB21E6A6EBA2AFE59848CFC8', 'ruleName': 'technique_id=T1053,technique_name=Scheduled Task', 'company': 'Microsoft Corporation', 'fileVersion': '10.0.26100.5074 (WinBuild.160101.0800)', 'user': 'NT AUTHORITY\\\\SYSTEM'}, 'system': {'eventID': '7', 'keywords': '0x8000000000000000', 'providerGuid': '{5770385f-c22a-43e0-bf4c-06f5698ffbd9}', 'level': '4', 'channel': 'Microsoft-Windows-Sysmon/Operational', 'opcode': '0', 'message': '""Image loaded:\r\nRuleName: technique_id=T1053,technique_name=Scheduled Task\r\nUtcTime: 2025-12-29 09:34:02.249\r\nProcessGuid: {411eefe4-4b08-6952-7517-000000001000}\r\nProcessId: 5168\r\nImage: C:\\Windows\\UUS\\Packages\\Preview\\amd64\\MoUsoCoreWorker.exe\r\nImageLoaded: C:\\Windows\\System32\\taskschd.dll\r\nFileVersion: 10.0.26100.5074 (WinBuild.160101.0800)\r\nDescription: Task Scheduler COM API\r\nProduct: Microsoft® Windows® Operating System\r\nCompany: Microsoft Corporation\r\nOriginalFileName: taskschd.dll\r\nHashes: SHA1=BF09E52372CF6663743A6FC58FCDB75D7551CD64,MD5=DF9E41FF2CF7430B4A29B24BB86AB7B0,SHA256=1E3292A4C58708CA4E3A73B82DB0E9CA4A2C1FC640526B9A14337A1A55A36AA7,IMPHASH=E61FD409CB21E6A6EBA2AFE59848CFC8\r\nSigned: true\r\nSignature: Microsoft Windows\r\nSignatureStatus: Valid\r\nUser: NT AUTHORITY\\SYSTEM""', 'version': '3', 'systemTime': '2025-12-29T09:34:02.2672084Z', 'eventRecordID': '17834', 'threadID': '8312', 'computer': 'WindowsEnd-c7921449-8b62-4c4d-8a83-d9281ac0190b', 'task': '7', 'processID': '1836', 'severityValue': 'INFORMATION', 'providerName': 'Microsoft-Windows-Sysmon'}}}, 'rule': {'firedtimes': 11, 'mail': False, 'level': 4, 'description': 'Process loaded taskschd.dll module. May be used to create delayed malware execution', 'groups': ['sysmon', 'sysmon_eid7_detections', 'windows'], 'mitre': {'technique': ['Scheduled Task'], 'id': ['T1053.005'], 'tactic': ['Execution', 'Persistence', 'Privilege Escalation']}, 'id': '92154'}, 'decoder': {'name': 'windows_eventchannel'}, 'input': {'type': 'log'}, '@timestamp': '2025-12-29T09:34:03.360Z', 'location': 'EventChannel', 'id': '1767000843.6484112', 'timestamp': '2025-12-29T10:34:03.360+0100'}",medium,
2025-12-29T09:34:16.290Z,wazuh-vm,0,52002,Apparmor DENIED,3,,/var/log/syslog,"{'predecoder': {'program_name': 'kernel', 'timestamp': '2025-12-29T10:34:16.205290+01:00'}, 'agent': {'name': 'wazuh-vm', 'id': '000'}, 'manager': {'name': 'wazuh-vm'}, 'data': {'extra_data': 'open', 'status': 'DENIED'}, 'rule': {'firedtimes': 12, 'mail': False, 'level': 3, 'description': 'Apparmor DENIED', 'groups': ['local', 'syslog', 'apparmor'], 'id': '52002'}, 'decoder': {'parent': 'kernel', 'name': 'kernel'}, 'full_log': '2025-12-29T10:34:16.205290+01:00 wazuh-vm kernel: audit: type=1400 audit(1767000856.203:162): apparmor=""DENIED"" operation=""open"" class=""file"" profile=""snap.firefox.firefox"" name=""/proc/pressure/memory"" pid=5825 comm=""MemoryPoller"" requested_mask=""r"" denied_mask=""r"" fsuid=1001 ouid=0', 'input': {'type': 'log'}, '@timestamp': '2025-12-29T09:34:16.290Z', 'location': '/var/log/syslog', 'id': '1767000856.6489321', 'timestamp': '2025-12-29T10:34:16.290+0100'}",low,
2025-12-29T09:34:16.290Z,wazuh-vm,0,52002,Apparmor DENIED,3,,/var/log/kern.log,"{'predecoder': {'program_name': 'kernel', 'timestamp': '2025-12-29T10:34:16.205290+01:00'}, 'agent': {'name': 'wazuh-vm', 'id': '000'}, 'manager': {'name': 'wazuh-vm'}, 'data': {'extra_data': 'open', 'status': 'DENIED'}, 'rule': {'firedtimes': 11, 'mail': False, 'level': 3, 'description': 'Apparmor DENIED', 'groups': ['local', 'syslog', 'apparmor'], 'id': '52002'}, 'decoder': {'parent': 'kernel', 'name': 'kernel'}, 'full_log': '2025-12-29T10:34:16.205290+01:00 wazuh-vm kernel: audit: type=1400 audit(1767000856.203:162): apparmor=""DENIED"" operation=""open"" class=""file"" profile=""snap.firefox.firefox"" name=""/proc/pressure/memory"" pid=5825 comm=""MemoryPoller"" requested_mask=""r"" denied_mask=""r"" fsuid=1001 ouid=0', 'input': {'type': 'log'}, '@timestamp': '2025-12-29T09:34:16.290Z', 'location': '/var/log/kern.log', 'id': '1767000856.6488890', 'timestamp': '2025-12-29T10:34:16.290+0100'}",low,
2025-12-29T09:34:22.293Z,wazuh-vm,0,52002,Apparmor DENIED,3,,/var/log/syslog,"{'predecoder': {'program_name': 'kernel', 'timestamp': '2025-12-29T10:34:21.207247+01:00'}, 'agent': {'name': 'wazuh-vm', 'id': '000'}, 'manager': {'name': 'wazuh-vm'}, 'data': {'extra_data': 'open', 'status': 'DENIED'}, 'rule': {'firedtimes': 13, 'mail': False, 'level': 3, 'description': 'Apparmor DENIED', 'groups': ['local', 'syslog', 'apparmor'], 'id': '52002'}, 'decoder': {'parent': 'kernel', 'name': 'kernel'}, 'full_log': '2025-12-29T10:34:21.207247+01:00 wazuh-vm kernel: audit: type=1400 audit(1767000861.205:163): apparmor=""DENIED"" operation=""open"" class=""file"" profile=""snap.firefox.firefox"" name=""/proc/pressure/memory"" pid=5825 comm=""MemoryPoller"" requested_mask=""r"" denied_mask=""r"" fsuid=1001 ouid=0', 'input': {'type': 'log'}, '@timestamp': '2025-12-29T09:34:22.293Z', 'location': '/var/log/syslog', 'id': '1767000862.6489750', 'timestamp': '2025-12-29T10:34:22.293+0100'}",low,
2025-12-29T09:34:22.294Z,wazuh-vm,0,52002,Apparmor DENIED,3,,/var/log/kern.log,"{'predecoder': {'program_name': 'kernel', 'timestamp': '2025-12-29T10:34:21.207247+01:00'}, 'agent': {'name': 'wazuh-vm', 'id': '000'}, 'manager': {'name': 'wazuh-vm'}, 'data': {'extra_data': 'open', 'status': 'DENIED'}, 'rule': {'firedtimes': 14, 'mail': False, 'level': 3, 'description': 'Apparmor DENIED', 'groups': ['local', 'syslog', 'apparmor'], 'id': '52002'}, 'decoder': {'parent': 'kernel', 'name': 'kernel'}, 'full_log': '2025-12-29T10:34:21.207247+01:00 wazuh-vm kernel: audit: type=1400 audit(1767000861.205:163): apparmor=""DENIED"" operation=""open"" class=""file"" profile=""snap.firefox.firefox"" name=""/proc/pressure/memory"" pid=5825 comm=""MemoryPoller"" requested_mask=""r"" denied_mask=""r"" fsuid=1001 ouid=0', 'input': {'type': 'log'}, '@timestamp': '2025-12-29T09:34:22.294Z', 'location': '/var/log/kern.log', 'id': '1767000862.6490179', 'timestamp': '2025-12-29T10:34:22.294+0100'}",low,
2025-12-29T09:34:26.296Z,wazuh-vm,0,52002,Apparmor DENIED,3,,/var/log/kern.log,"{'predecoder': {'program_name': 'kernel', 'timestamp': '2025-12-29T10:34:26.208332+01:00'}, 'agent': {'name': 'wazuh-vm', 'id': '000'}, 'manager': {'name': 'wazuh-vm'}, 'data': {'extra_data': 'open', 'status': 'DENIED'}, 'rule': {'firedtimes': 16, 'mail': False, 'level': 3, 'description': 'Apparmor DENIED', 'groups': ['local', 'syslog', 'apparmor'], 'id': '52002'}, 'decoder': {'parent': 'kernel', 'name': 'kernel'}, 'full_log': '2025-12-29T10:34:26.208332+01:00 wazuh-vm kernel: audit: type=1400 audit(1767000866.206:164): apparmor=""DENIED"" operation=""open"" class=""file"" profile=""snap.firefox.firefox"" name=""/proc/pressure/memory"" pid=5825 comm=""MemoryPoller"" requested_mask=""r"" denied_mask=""r"" fsuid=1001 ouid=0', 'input': {'type': 'log'}, '@timestamp': '2025-12-29T09:34:26.296Z', 'location': '/var/log/kern.log', 'id': '1767000866.6491039', 'timestamp': '2025-12-29T10:34:26.296+0100'}",low,
2025-12-29T09:34:26.296Z,wazuh-vm,0,52002,Apparmor DENIED,3,,/var/log/syslog,"{'predecoder': {'program_name': 'kernel', 'timestamp': '2025-12-29T10:34:26.208332+01:00'}, 'agent': {'name': 'wazuh-vm', 'id': '000'}, 'manager': {'name': 'wazuh-vm'}, 'data': {'extra_data': 'open', 'status': 'DENIED'}, 'rule': {'firedtimes': 15, 'mail': False, 'level': 3, 'description': 'Apparmor DENIED', 'groups': ['local', 'syslog', 'apparmor'], 'id': '52002'}, 'decoder': {'parent': 'kernel', 'name': 'kernel'}, 'full_log': '2025-12-29T10:34:26.208332+01:00 wazuh-vm kernel: audit: type=1400 audit(1767000866.206:164): apparmor=""DENIED"" operation=""open"" class=""file"" profile=""snap.firefox.firefox"" name=""/proc/pressure/memory"" pid=5825 comm=""MemoryPoller"" requested_mask=""r"" denied_mask=""r"" fsuid=1001 ouid=0', 'input': {'type': 'log'}, '@timestamp': '2025-12-29T09:34:26.296Z', 'location': '/var/log/syslog', 'id': '1767000866.6490610', 'timestamp': '2025-12-29T10:34:26.296+0100'}",low,
2025-12-29T09:34:28.583Z,Endpoint3-Win,1,61109,Name resolution for the name wpad timed out,5,,EventChannel,"{'agent': {'ip': '192.168.100.15', 'name': 'Endpoint3-Win', 'id': '001'}, 'manager': {'name': 'wazuh-vm'}, 'data': {'win': {'eventdata': {'addressLength': '128', 'clientPID': '9820', 'address': '02000000C0A86402000000000000000000000000000000000000000000000000000000000000000000000000000000000000000000000000000000000000000000000000000000000000000000000000000000000000000000000000000000000000000000000000000000000000000000000000000000000000000000000000', 'queryName': 'wpad'}, 'system': {'eventID': '1014', 'keywords': '0x4000000010000000', 'providerGuid': '{1c95126e-7eea-49a9-a3fe-a378b03ddb4d}', 'level': '3', 'channel': 'System', 'opcode': '0', 'message': '""Name resolution for the name wpad timed out after none of the configured DNS servers responded. Client PID 9820.""', 'version': '1', 'systemTime': '2025-12-29T09:34:27.4969969Z', 'eventRecordID': '2384', 'threadID': '12096', 'computer': 'WindowsEnd-c7921449-8b62-4c4d-8a83-d9281ac0190b', 'task': '1014', 'processID': '2060', 'severityValue': 'WARNING', 'providerName': 'Microsoft-Windows-DNS-Client'}}}, 'rule': {'firedtimes': 3, 'mail': False, 'level': 5, 'description': 'Name resolution for the name wpad timed out', 'groups': ['windows', 'windows_system'], 'id': '61109'}, 'decoder': {'name': 'windows_eventchannel'}, 'input': {'type': 'log'}, '@timestamp': '2025-12-29T09:34:28.583Z', 'location': 'EventChannel', 'id': '1767000868.6491470', 'timestamp': '2025-12-29T10:34:28.583+0100'}",medium,
2025-12-29T09:34:31.576Z,Endpoint3-Win,1,92052,Windows command prompt started by an abnormal process,4,T1059.003,EventChannel,"{'agent': {'ip': '192.168.100.15', 'name': 'Endpoint3-Win', 'id': '001'}, 'manager': {'name': 'wazuh-vm'}, 'data': {'win': {'eventdata': {'originalFileName': 'Cmd.Exe', 'image': 'C:\\\\Windows\\\\System32\\\\cmd.exe', 'product': 'Microsoft® Windows® Operating System', 'parentProcessGuid': '{411eefe4-27e2-6951-1d00-000000001000}', 'description': 'Windows Command Processor', 'logonGuid': '{411eefe4-27dd-6951-e703-000000000000}', 'parentCommandLine': 'C:\\\\WINDOWS\\\\system32\\\\svchost.exe -k netsvcs -p -s Schedule', 'processGuid': '{411eefe4-4b26-6952-7a17-000000001000}', 'logonId': '0x3e7', 'parentProcessId': '1456', 'processId': '11272', 'currentDirectory': 'C:\\\\WINDOWS\\\\system32\\\\', 'utcTime': '2025-12-29 09:34:30.474', 'hashes': 'SHA1=583BAC245F14E4E07E7508692C5D8B97F9EB9E6D,MD5=6D109A3A00F210C1AB89C3B08399ED48,SHA256=64AFC6DB3AAD1289533662E2D79E27DD55C7DCDB8CD918B08E145AD82AD5ACB4,IMPHASH=B0F049C014592B156EB1FA857E99CEB9', 'parentImage': 'C:\\\\Windows\\\\System32\\\\svchost.exe', 'ruleName': 'technique_id=T1059.003,technique_name=Windows Command Shell', 'company': 'Microsoft Corporation', 'commandLine': '\\""C:\\\\WINDOWS\\\\system32\\\\cmd.exe\\"" /d /c C:\\\\WINDOWS\\\\system32\\\\hpatchmonTask.cmd', 'integrityLevel': 'System', 'fileVersion': '10.0.26100.7309 (WinBuild.160101.0800)', 'user': 'NT AUTHORITY\\\\SYSTEM', 'terminalSessionId': '0', 'parentUser': 'NT AUTHORITY\\\\SYSTEM'}, 'system': {'eventID': '1', 'keywords': '0x8000000000000000', 'providerGuid': '{5770385f-c22a-43e0-bf4c-06f5698ffbd9}', 'level': '4', 'channel': 'Microsoft-Windows-Sysmon/Operational', 'opcode': '0', 'message': '""Process Create:\r\nRuleName: technique_id=T1059.003,technique_name=Windows Command Shell\r\nUtcTime: 2025-12-29 09:34:30.474\r\nProcessGuid: {411eefe4-4b26-6952-7a17-000000001000}\r\nProcessId: 11272\r\nImage: C:\\Windows\\System32\\cmd.exe\r\nFileVersion: 10.0.26100.7309 (WinBuild.160101.0800)\r\nDescription: Windows Command Processor\r\nProduct: Microsoft® Windows® Operating System\r\nCompany: Microsoft Corporation\r\nOriginalFileName: Cmd.Exe\r\nCommandLine: ""C:\\WINDOWS\\system32\\cmd.exe"" /d /c C:\\WINDOWS\\system32\\hpatchmonTask.cmd\r\nCurrentDirectory: C:\\WINDOWS\\system32\\\r\nUser: NT AUTHORITY\\SYSTEM\r\nLogonGuid: {411eefe4-27dd-6951-e703-000000000000}\r\nLogonId: 0x3E7\r\nTerminalSessionId: 0\r\nIntegrityLevel: System\r\nHashes: SHA1=583BAC245F14E4E07E7508692C5D8B97F9EB9E6D,MD5=6D109A3A00F210C1AB89C3B08399ED48,SHA256=64AFC6DB3AAD1289533662E2D79E27DD55C7DCDB8CD918B08E145AD82AD5ACB4,IMPHASH=B0F049C014592B156EB1FA857E99CEB9\r\nParentProcessGuid: {411eefe4-27e2-6951-1d00-000000001000}\r\nParentProcessId: 1456\r\nParentImage: C:\\Windows\\System32\\svchost.exe\r\nParentCommandLine: C:\\WINDOWS\\system32\\svchost.exe -k netsvcs -p -s Schedule\r\nParentUser: NT AUTHORITY\\SYSTEM""', 'version': '5', 'systemTime': '2025-12-29T09:34:30.4862847Z', 'eventRecordID': '17838', 'threadID': '3676', 'computer': 'WindowsEnd-c7921449-8b62-4c4d-8a83-d9281ac0190b', 'task': '1', 'processID': '1836', 'severityValue': 'INFORMATION', 'providerName': 'Microsoft-Windows-Sysmon'}}}, 'rule': {'firedtimes': 2, 'mail': False, 'level': 4, 'description': 'Windows command prompt started by an abnormal process', 'groups': ['sysmon', 'sysmon_eid1_detections', 'windows'], 'mitre': {'technique': ['Windows Command Shell'], 'id': ['T1059.003'], 'tactic': ['Execution']}, 'id': '92052'}, 'decoder': {'name': 'windows_eventchannel'}, 'input': {'type': 'log'}, '@timestamp': '2025-12-29T09:34:31.576Z', 'location': 'EventChannel', 'id': '1767000871.6493603', 'timestamp': '2025-12-29T10:34:31.576+0100'}",medium,"\""C:\\WINDOWS\\system32\\cmd.exe\"" /d /c C:\\WINDOWS\\system32\\hpatchmonTask.cmd"
2025-12-29T09:34:34.946Z,Endpoint3-Win,1,60106,Windows logon success.,3,T1078,EventChannel,"{'agent': {'ip': '192.168.100.15', 'name': 'Endpoint3-Win', 'id': '001'}, 'manager': {'name': 'wazuh-vm'}, 'data': {'win': {'eventdata': {'subjectLogonId': '0x3e7', 'subjectDomainName': 'WORKGROUP', 'targetLinkedLogonId': '0x0', 'impersonationLevel': '%%1833', 'authenticationPackageName': 'Negotiate', 'targetLogonId': '0x3e7', 'logonProcessName': 'Advapi', 'logonGuid': '{00000000-0000-0000-0000-000000000000}', 'targetUserName': 'SYSTEM', 'keyLength': '0', 'elevatedToken': '%%1842', 'subjectUserSid': 'S-1-5-18', 'processId': '0x32c', 'processName': 'C:\\\\Windows\\\\System32\\\\services.exe', 'targetDomainName': 'NT AUTHORITY', 'targetUserSid': 'S-1-5-18', 'virtualAccount': '%%1843', 'logonType': '5', 'subjectUserName': 'WINDOWSEND-C792$'}, 'system': {'eventID': '4624', 'keywords': '0x8020000000000000', 'providerGuid': '{54849625-5478-4994-a5ba-3e3b0328c30d}', 'level': '0', 'channel': 'Security', 'opcode': '0', 'message': '""An account was successfully logged on.\r\n\r\nSubject:\r\n\tSecurity ID:\t\tS-1-5-18\r\n\tAccount Name:\t\tWINDOWSEND-C792$\r\n\tAccount Domain:\t\tWORKGROUP\r\n\tLogon ID:\t\t0x3E7\r\n\r\nLogon Information:\r\n\tLogon Type:\t\t5\r\n\tRestricted Admin Mode:\t-\r\n\tRemote Credential Guard:\t-\r\n\tVirtual Account:\t\tNo\r\n\tElevated Token:\t\tYes\r\n\r\nImpersonation Level:\t\tImpersonation\r\n\r\nNew Logon:\r\n\tSecurity ID:\t\tS-1-5-18\r\n\tAccount Name:\t\tSYSTEM\r\n\tAccount Domain:\t\tNT AUTHORITY\r\n\tLogon ID:\t\t0x3E7\r\n\tLinked Logon ID:\t\t0x0\r\n\tNetwork Account Name:\t-\r\n\tNetwork Account Domain:\t-\r\n\tLogon GUID:\t\t{00000000-0000-0000-0000-000000000000}\r\n\r\nProcess Information:\r\n\tProcess ID:\t\t0x32c\r\n\tProcess Name:\t\tC:\\Windows\\System32\\services.exe\r\n\r\nNetwork Information:\r\n\tWorkstation Name:\t-\r\n\tSource Network Address:\t-\r\n\tSource Port:\t\t-\r\n\r\nDetailed Authentication Information:\r\n\tLogon Process:\t\tAdvapi  \r\n\tAuthentication Package:\tNegotiate\r\n\tTransited Services:\t-\r\n\tPackage Name (NTLM only):\t-\r\n\tKey Length:\t\t0\r\n\r\nThis event is generated when a logon session is created. It is generated on the computer that was accessed.\r\n\r\nThe subject fields indicate the account on the local system which requested the logon. This is most commonly a service such as the Server service, or a local process such as Winlogon.exe or Services.exe.\r\n\r\nThe logon type field indicates the kind of logon that occurred. The most common types are 2 (interactive) and 3 (network).\r\n\r\nThe New Logon fields indicate the account for whom the new logon was created, i.e. the account that was logged on.\r\n\r\nThe network fields indicate where a remote logon request originated. Workstation name is not always available and may be left blank in some cases.\r\n\r\nThe impersonation level field indicates the extent to which a process in the logon session can impersonate.\r\n\r\nThe authentication information fields provide detailed information about this specific logon request.\r\n\t- Logon GUID is a unique identifier that can be used to correlate this event with a KDC event.\r\n\t- Transited services indicate which intermediate services have participated in this logon request.\r\n\t- Package name indicates which sub-protocol was used among the NTLM protocols.\r\n\t- Key length indicates the length of the generated session key. This will be 0 if no session key was requested.""', 'version': '3', 'systemTime': '2025-12-29T09:34:33.8453003Z', 'eventRecordID': '38837', 'threadID': '12368', 'computer': 'WindowsEnd-c7921449-8b62-4c4d-8a83-d9281ac0190b', 'task': '12544', 'processID': '832', 'severityValue': 'AUDIT_SUCCESS', 'providerName': 'Microsoft-Windows-Security-Auditing'}}}, 'rule': {'mail': False, 'level': 3, 'hipaa': ['164.312.b'], 'pci_dss': ['10.2.5'], 'tsc': ['CC6.8', 'CC7.2', 'CC7.3'], 'description': 'Windows logon success.', 'groups': ['windows', 'windows_security', 'authentication_success'], 'nist_800_53': ['AC.7', 'AU.14'], 'gdpr': ['IV_32.2'], 'firedtimes': 14, 'mitre': {'technique': ['Valid Accounts'], 'id': ['T1078'], 'tactic': ['Defense Evasion', 'Persistence', 'Privilege Escalation', 'Initial Access']}, 'id': '60106', 'gpg13': ['7.1', '7.2']}, 'decoder': {'name': 'windows_eventchannel'}, 'input': {'type': 'log'}, '@timestamp': '2025-12-29T09:34:34.946Z', 'location': 'EventChannel', 'id': '1767000874.6499914', 'timestamp': '2025-12-29T10:34:34.946+0100'}",low,
2025-12-29T09:34:38.304Z,wazuh-vm,0,52002,Apparmor DENIED,3,,/var/log/kern.log,"{'predecoder': {'program_name': 'kernel', 'timestamp': '2025-12-29T10:34:36.768376+01:00'}, 'agent': {'name': 'wazuh-vm', 'id': '000'}, 'manager': {'name': 'wazuh-vm'}, 'data': {'extra_data': 'open', 'status': 'DENIED'}, 'rule': {'firedtimes': 17, 'mail': False, 'level': 3, 'description': 'Apparmor DENIED', 'groups': ['local', 'syslog', 'apparmor'], 'id': '52002'}, 'decoder': {'parent': 'kernel', 'name': 'kernel'}, 'full_log': '2025-12-29T10:34:36.768376+01:00 wazuh-vm kernel: audit: type=1400 audit(1767000876.766:165): apparmor=""DENIED"" operation=""open"" class=""file"" profile=""snap.firefox.firefox"" name=""/proc/pressure/memory"" pid=5825 comm=""MemoryPoller"" requested_mask=""r"" denied_mask=""r"" fsuid=1001 ouid=0', 'input': {'type': 'log'}, '@timestamp': '2025-12-29T09:34:38.304Z', 'location': '/var/log/kern.log', 'id': '1767000878.6507364', 'timestamp': '2025-12-29T10:34:38.304+0100'}",low,
2025-12-29T09:34:38.304Z,wazuh-vm,0,52002,Apparmor DENIED,3,,/var/log/syslog,"{'predecoder': {'program_name': 'kernel', 'timestamp': '2025-12-29T10:34:36.768376+01:00'}, 'agent': {'name': 'wazuh-vm', 'id': '000'}, 'manager': {'name': 'wazuh-vm'}, 'data': {'extra_data': 'open', 'status': 'DENIED'}, 'rule': {'firedtimes': 18, 'mail': False, 'level': 3, 'description': 'Apparmor DENIED', 'groups': ['local', 'syslog', 'apparmor'], 'id': '52002'}, 'decoder': {'parent': 'kernel', 'name': 'kernel'}, 'full_log': '2025-12-29T10:34:36.768376+01:00 wazuh-vm kernel: audit: type=1400 audit(1767000876.766:165): apparmor=""DENIED"" operation=""open"" class=""file"" profile=""snap.firefox.firefox"" name=""/proc/pressure/memory"" pid=5825 comm=""MemoryPoller"" requested_mask=""r"" denied_mask=""r"" fsuid=1001 ouid=0', 'input': {'type': 'log'}, '@timestamp': '2025-12-29T09:34:38.304Z', 'location': '/var/log/syslog', 'id': '1767000878.6507795', 'timestamp': '2025-12-29T10:34:38.304+0100'}",low,
2025-12-29T09:34:41.002Z,Endpoint3-Win,1,92154,Process loaded taskschd.dll module. May be used to create delayed malware execution,4,T1053.005,EventChannel,"{'agent': {'ip': '192.168.100.15', 'name': 'Endpoint3-Win', 'id': '001'}, 'manager': {'name': 'wazuh-vm'}, 'data': {'win': {'eventdata': {'originalFileName': 'taskschd.dll', 'image': 'C:\\\\Windows\\\\Microsoft.NET\\\\Framework64\\\\v4.0.30319\\\\ngen.exe', 'product': 'Microsoft® Windows® Operating System', 'signature': 'Microsoft Windows', 'imageLoaded': 'C:\\\\Windows\\\\System32\\\\taskschd.dll', 'description': 'Task Scheduler COM API', 'signed': 'true', 'signatureStatus': 'Valid', 'processGuid': '{411eefe4-4b2f-6952-9417-000000001000}', 'processId': '5428', 'utcTime': '2025-12-29 09:34:39.917', 'hashes': 'SHA1=BF09E52372CF6663743A6FC58FCDB75D7551CD64,MD5=DF9E41FF2CF7430B4A29B24BB86AB7B0,SHA256=1E3292A4C58708CA4E3A73B82DB0E9CA4A2C1FC640526B9A14337A1A55A36AA7,IMPHASH=E61FD409CB21E6A6EBA2AFE59848CFC8', 'ruleName': 'technique_id=T1053,technique_name=Scheduled Task', 'company': 'Microsoft Corporation', 'fileVersion': '10.0.26100.5074 (WinBuild.160101.0800)', 'user': 'NT AUTHORITY\\\\SYSTEM'}, 'system': {'eventID': '7', 'keywords': '0x8000000000000000', 'providerGuid': '{5770385f-c22a-43e0-bf4c-06f5698ffbd9}', 'level': '4', 'channel': 'Microsoft-Windows-Sysmon/Operational', 'opcode': '0', 'message': '""Image loaded:\r\nRuleName: technique_id=T1053,technique_name=Scheduled Task\r\nUtcTime: 2025-12-29 09:34:39.917\r\nProcessGuid: {411eefe4-4b2f-6952-9417-000000001000}\r\nProcessId: 5428\r\nImage: C:\\Windows\\Microsoft.NET\\Framework64\\v4.0.30319\\ngen.exe\r\nImageLoaded: C:\\Windows\\System32\\taskschd.dll\r\nFileVersion: 10.0.26100.5074 (WinBuild.160101.0800)\r\nDescription: Task Scheduler COM API\r\nProduct: Microsoft® Windows® Operating System\r\nCompany: Microsoft Corporation\r\nOriginalFileName: taskschd.dll\r\nHashes: SHA1=BF09E52372CF6663743A6FC58FCDB75D7551CD64,MD5=DF9E41FF2CF7430B4A29B24BB86AB7B0,SHA256=1E3292A4C58708CA4E3A73B82DB0E9CA4A2C1FC640526B9A14337A1A55A36AA7,IMPHASH=E61FD409CB21E6A6EBA2AFE59848CFC8\r\nSigned: true\r\nSignature: Microsoft Windows\r\nSignatureStatus: Valid\r\nUser: NT AUTHORITY\\SYSTEM""', 'version': '3', 'systemTime': '2025-12-29T09:34:39.9178722Z', 'eventRecordID': '17880', 'threadID': '3676', 'computer': 'WindowsEnd-c7921449-8b62-4c4d-8a83-d9281ac0190b', 'task': '7', 'processID': '1836', 'severityValue': 'INFORMATION', 'providerName': 'Microsoft-Windows-Sysmon'}}}, 'rule': {'firedtimes': 12, 'mail': False, 'level': 4, 'description': 'Process loaded taskschd.dll module. May be used to create delayed malware execution', 'groups': ['sysmon', 'sysmon_eid7_detections', 'windows'], 'mitre': {'technique': ['Scheduled Task'], 'id': ['T1053.005'], 'tactic': ['Execution', 'Persistence', 'Privilege Escalation']}, 'id': '92154'}, 'decoder': {'name': 'windows_eventchannel'}, 'input': {'type': 'log'}, '@timestamp': '2025-12-29T09:34:41.002Z', 'location': 'EventChannel', 'id': '1767000881.6508224', 'timestamp': '2025-12-29T10:34:41.002+0100'}",medium,
2025-12-29T09:34:42.308Z,wazuh-vm,0,52002,Apparmor DENIED,3,,/var/log/syslog,"{'predecoder': {'program_name': 'kernel', 'timestamp': '2025-12-29T10:34:41.769545+01:00'}, 'agent': {'name': 'wazuh-vm', 'id': '000'}, 'manager': {'name': 'wazuh-vm'}, 'data': {'extra_data': 'open', 'status': 'DENIED'}, 'rule': {'firedtimes': 20, 'mail': False, 'level': 3, 'description': 'Apparmor DENIED', 'groups': ['local', 'syslog', 'apparmor'], 'id': '52002'}, 'decoder': {'parent': 'kernel', 'name': 'kernel'}, 'full_log': '2025-12-29T10:34:41.769545+01:00 wazuh-vm kernel: audit: type=1400 audit(1767000881.767:166): apparmor=""DENIED"" operation=""open"" class=""file"" profile=""snap.firefox.firefox"" name=""/proc/pressure/memory"" pid=5825 comm=""MemoryPoller"" requested_mask=""r"" denied_mask=""r"" fsuid=1001 ouid=0', 'input': {'type': 'log'}, '@timestamp': '2025-12-29T09:34:42.308Z', 'location': '/var/log/syslog', 'id': '1767000882.6513424', 'timestamp': '2025-12-29T10:34:42.308+0100'}",low,
2025-12-29T09:34:42.308Z,wazuh-vm,0,52002,Apparmor DENIED,3,,/var/log/kern.log,"{'predecoder': {'program_name': 'kernel', 'timestamp': '2025-12-29T10:34:41.769545+01:00'}, 'agent': {'name': 'wazuh-vm', 'id': '000'}, 'manager': {'name': 'wazuh-vm'}, 'data': {'extra_data': 'open', 'status': 'DENIED'}, 'rule': {'firedtimes': 19, 'mail': False, 'level': 3, 'description': 'Apparmor DENIED', 'groups': ['local', 'syslog', 'apparmor'], 'id': '52002'}, 'decoder': {'parent': 'kernel', 'name': 'kernel'}, 'full_log': '2025-12-29T10:34:41.769545+01:00 wazuh-vm kernel: audit: type=1400 audit(1767000881.767:166): apparmor=""DENIED"" operation=""open"" class=""file"" profile=""snap.firefox.firefox"" name=""/proc/pressure/memory"" pid=5825 comm=""MemoryPoller"" requested_mask=""r"" denied_mask=""r"" fsuid=1001 ouid=0', 'input': {'type': 'log'}, '@timestamp': '2025-12-29T09:34:42.308Z', 'location': '/var/log/kern.log', 'id': '1767000882.6512993', 'timestamp': '2025-12-29T10:34:42.308+0100'}",low,
2025-12-29T09:34:42.491Z,Endpoint3-Win,1,92154,Process loaded taskschd.dll module. May be used to create delayed malware execution,4,T1053.005,EventChannel,"{'agent': {'ip': '192.168.100.15', 'name': 'Endpoint3-Win', 'id': '001'}, 'manager': {'name': 'wazuh-vm'}, 'data': {'win': {'eventdata': {'originalFileName': 'taskschd.dll', 'image': 'C:\\\\Windows\\\\Microsoft.NET\\\\Framework\\\\v4.0.30319\\\\ngen.exe', 'product': 'Microsoft® Windows® Operating System', 'signature': 'Microsoft Windows', 'imageLoaded': 'C:\\\\Windows\\\\SysWOW64\\\\taskschd.dll', 'description': 'Task Scheduler COM API', 'signed': 'true', 'signatureStatus': 'Valid', 'processGuid': '{411eefe4-4b31-6952-9617-000000001000}', 'processId': '10220', 'utcTime': '2025-12-29 09:34:41.582', 'hashes': 'SHA1=9A8680AD5B2A8A03CD76ECA9C59903B32491B01F,MD5=37CAF4C00F4781439B95891B3AD80285,SHA256=331FFA63D5FAE28E01929C99081899CC2CED5308F45F4C2148CE5E07132B5819,IMPHASH=86234BA1ECC097DF8302B1B6731097FD', 'ruleName': 'technique_id=T1053,technique_name=Scheduled Task', 'company': 'Microsoft Corporation', 'fileVersion': '10.0.26100.5074 (WinBuild.160101.0800)', 'user': 'NT AUTHORITY\\\\SYSTEM'}, 'system': {'eventID': '7', 'keywords': '0x8000000000000000', 'providerGuid': '{5770385f-c22a-43e0-bf4c-06f5698ffbd9}', 'level': '4', 'channel': 'Microsoft-Windows-Sysmon/Operational', 'opcode': '0', 'message': '""Image loaded:\r\nRuleName: technique_id=T1053,technique_name=Scheduled Task\r\nUtcTime: 2025-12-29 09:34:41.582\r\nProcessGuid: {411eefe4-4b31-6952-9617-000000001000}\r\nProcessId: 10220\r\nImage: C:\\Windows\\Microsoft.NET\\Framework\\v4.0.30319\\ngen.exe\r\nImageLoaded: C:\\Windows\\SysWOW64\\taskschd.dll\r\nFileVersion: 10.0.26100.5074 (WinBuild.160101.0800)\r\nDescription: Task Scheduler COM API\r\nProduct: Microsoft® Windows® Operating System\r\nCompany: Microsoft Corporation\r\nOriginalFileName: taskschd.dll\r\nHashes: SHA1=9A8680AD5B2A8A03CD76ECA9C59903B32491B01F,MD5=37CAF4C00F4781439B95891B3AD80285,SHA256=331FFA63D5FAE28E01929C99081899CC2CED5308F45F4C2148CE5E07132B5819,IMPHASH=86234BA1ECC097DF8302B1B6731097FD\r\nSigned: true\r\nSignature: Microsoft Windows\r\nSignatureStatus: Valid\r\nUser: NT AUTHORITY\\SYSTEM""', 'version': '3', 'systemTime': '2025-12-29T09:34:41.6567570Z', 'eventRecordID': '17893', 'threadID': '8312', 'computer': 'WindowsEnd-c7921449-8b62-4c4d-8a83-d9281ac0190b', 'task': '7', 'processID': '1836', 'severityValue': 'INFORMATION', 'providerName': 'Microsoft-Windows-Sysmon'}}}, 'rule': {'firedtimes': 13, 'mail': False, 'level': 4, 'description': 'Process loaded taskschd.dll module. May be used to create delayed malware execution', 'groups': ['sysmon', 'sysmon_eid7_detections', 'windows'], 'mitre': {'technique': ['Scheduled Task'], 'id': ['T1053.005'], 'tactic': ['Execution', 'Persistence', 'Privilege Escalation']}, 'id': '92154'}, 'decoder': {'name': 'windows_eventchannel'}, 'input': {'type': 'log'}, '@timestamp': '2025-12-29T09:34:42.491Z', 'location': 'EventChannel', 'id': '1767000882.6513853', 'timestamp': '2025-12-29T10:34:42.491+0100'}",medium,
2025-12-29T09:34:42.531Z,Endpoint3-Win,1,92154,Process loaded taskschd.dll module. May be used to create delayed malware execution,4,T1053.005,EventChannel,"{'agent': {'ip': '192.168.100.15', 'name': 'Endpoint3-Win', 'id': '001'}, 'manager': {'name': 'wazuh-vm'}, 'data': {'win': {'eventdata': {'originalFileName': 'taskschd.dll', 'image': 'C:\\\\Windows\\\\System32\\\\taskhostw.exe', 'product': 'Microsoft® Windows® Operating System', 'signature': 'Microsoft Windows', 'imageLoaded': 'C:\\\\Windows\\\\System32\\\\taskschd.dll', 'description': 'Task Scheduler COM API', 'signed': 'true', 'signatureStatus': 'Valid', 'processGuid': '{411eefe4-4b29-6952-8217-000000001000}', 'processId': '9624', 'utcTime': '2025-12-29 09:34:42.012', 'hashes': 'SHA1=BF09E52372CF6663743A6FC58FCDB75D7551CD64,MD5=DF9E41FF2CF7430B4A29B24BB86AB7B0,SHA256=1E3292A4C58708CA4E3A73B82DB0E9CA4A2C1FC640526B9A14337A1A55A36AA7,IMPHASH=E61FD409CB21E6A6EBA2AFE59848CFC8', 'ruleName': 'technique_id=T1053,technique_name=Scheduled Task', 'company': 'Microsoft Corporation', 'fileVersion': '10.0.26100.5074 (WinBuild.160101.0800)', 'user': 'NT AUTHORITY\\\\SYSTEM'}, 'system': {'eventID': '7', 'keywords': '0x8000000000000000', 'providerGuid': '{5770385f-c22a-43e0-bf4c-06f5698ffbd9}', 'level': '4', 'channel': 'Microsoft-Windows-Sysmon/Operational', 'opcode': '0', 'message': '""Image loaded:\r\nRuleName: technique_id=T1053,technique_name=Scheduled Task\r\nUtcTime: 2025-12-29 09:34:42.012\r\nProcessGuid: {411eefe4-4b29-6952-8217-000000001000}\r\nProcessId: 9624\r\nImage: C:\\Windows\\System32\\taskhostw.exe\r\nImageLoaded: C:\\Windows\\System32\\taskschd.dll\r\nFileVersion: 10.0.26100.5074 (WinBuild.160101.0800)\r\nDescription: Task Scheduler COM API\r\nProduct: Microsoft® Windows® Operating System\r\nCompany: Microsoft Corporation\r\nOriginalFileName: taskschd.dll\r\nHashes: SHA1=BF09E52372CF6663743A6FC58FCDB75D7551CD64,MD5=DF9E41FF2CF7430B4A29B24BB86AB7B0,SHA256=1E3292A4C58708CA4E3A73B82DB0E9CA4A2C1FC640526B9A14337A1A55A36AA7,IMPHASH=E61FD409CB21E6A6EBA2AFE59848CFC8\r\nSigned: true\r\nSignature: Microsoft Windows\r\nSignatureStatus: Valid\r\nUser: NT AUTHORITY\\SYSTEM""', 'version': '3', 'systemTime': '2025-12-29T09:34:42.0129559Z', 'eventRecordID': '17901', 'threadID': '3676', 'computer': 'WindowsEnd-c7921449-8b62-4c4d-8a83-d9281ac0190b', 'task': '7', 'processID': '1836', 'severityValue': 'INFORMATION', 'providerName': 'Microsoft-Windows-Sysmon'}}}, 'rule': {'firedtimes': 14, 'mail': False, 'level': 4, 'description': 'Process loaded taskschd.dll module. May be used to create delayed malware execution', 'groups': ['sysmon', 'sysmon_eid7_detections', 'windows'], 'mitre': {'technique': ['Scheduled Task'], 'id': ['T1053.005'], 'tactic': ['Execution', 'Persistence', 'Privilege Escalation']}, 'id': '92154'}, 'decoder': {'name': 'windows_eventchannel'}, 'input': {'type': 'log'}, '@timestamp': '2025-12-29T09:34:42.531Z', 'location': 'EventChannel', 'id': '1767000882.6518618', 'timestamp': '2025-12-29T10:34:42.531+0100'}",medium,
2025-12-29T09:34:44.984Z,Endpoint3-Win,1,92217,Executable dropped in Windows root folder,6,T1570,EventChannel,"{'agent': {'ip': '192.168.100.15', 'name': 'Endpoint3-Win', 'id': '001'}, 'manager': {'name': 'wazuh-vm'}, 'data': {'win': {'eventdata': {'image': 'C:\\\\Windows\\\\Microsoft.NET\\\\Framework\\\\v4.0.30319\\\\mscorsvw.exe', 'processGuid': '{411eefe4-4b33-6952-9e17-000000001000}', 'processId': '780', 'utcTime': '2025-12-29 09:34:43.882', 'targetFilename': 'C:\\\\Windows\\\\assembly\\\\NativeImages_v4.0.30319_32\\\\Temp\\\\30c-0\\\\AuditPolicyGPManagedStubs.Interop.dll', 'ruleName': 'technique_id=T1574.010,technique_name=Services File Permissions Weakness', 'creationUtcTime': '2025-12-29 09:34:43.882', 'user': 'NT AUTHORITY\\\\SYSTEM'}, 'system': {'eventID': '11', 'keywords': '0x8000000000000000', 'providerGuid': '{5770385f-c22a-43e0-bf4c-06f5698ffbd9}', 'level': '4', 'channel': 'Microsoft-Windows-Sysmon/Operational', 'opcode': '0', 'message': '""File created:\r\nRuleName: technique_id=T1574.010,technique_name=Services File Permissions Weakness\r\nUtcTime: 2025-12-29 09:34:43.882\r\nProcessGuid: {411eefe4-4b33-6952-9e17-000000001000}\r\nProcessId: 780\r\nImage: C:\\Windows\\Microsoft.NET\\Framework\\v4.0.30319\\mscorsvw.exe\r\nTargetFilename: C:\\Windows\\assembly\\NativeImages_v4.0.30319_32\\Temp\\30c-0\\AuditPolicyGPManagedStubs.Interop.dll\r\nCreationUtcTime: 2025-12-29 09:34:43.882\r\nUser: NT AUTHORITY\\SYSTEM""', 'version': '2', 'systemTime': '2025-12-29T09:34:43.8849698Z', 'eventRecordID': '17906', 'threadID': '3676', 'computer': 'WindowsEnd-c7921449-8b62-4c4d-8a83-d9281ac0190b', 'task': '11', 'processID': '1836', 'severityValue': 'INFORMATION', 'providerName': 'Microsoft-Windows-Sysmon'}}}, 'rule': {'firedtimes': 1, 'mail': False, 'level': 6, 'description': 'Executable dropped in Windows root folder', 'groups': ['sysmon', 'sysmon_eid11_detections', 'windows'], 'mitre': {'technique': ['Lateral Tool Transfer'], 'id': ['T1570'], 'tactic': ['Lateral Movement']}, 'id': '92217'}, 'decoder': {'name': 'windows_eventchannel'}, 'input': {'type': 'log'}, '@timestamp': '2025-12-29T09:34:44.984Z', 'location': 'EventChannel', 'id': '1767000884.6523285', 'timestamp': '2025-12-29T10:34:44.984+0100'}",medium,
