2025-12-29T10:38:05.046Z,Endpoint3-Win,1,92032,Suspicious Windows cmd shell execution,3,T1087;T1059.003,EventChannel,"{'agent': {'ip': '192.168.100.15', 'name': 'Endpoint3-Win', 'id': '001'}, 'manager': {'name': 'wazuh-vm'}, 'data': {'win': {'eventdata': {'originalFileName': 'whoami.exe', 'image': 'C:\\\\Windows\\\\System32\\\\whoami.exe', 'product': 'Microsoft® Windows® Operating System', 'parentProcessGuid': '{411eefe4-5940-6952-0319-000000001000}', 'description': 'whoami - displays logged on user information', 'logonGuid': '{411eefe4-28dc-6951-f5d2-0e0000000000}', 'parentCommandLine': '\\""C:\\\\WINDOWS\\\\system32\\\\cmd.exe\\"" /c whoami', 'processGuid': '{411eefe4-5940-6952-0419-000000001000}', 'logonId': '0xed2f5', 'parentProcessId': '11812', 'processId': '13224', 'currentDirectory': 'C:\\\\Users\\\\ayoub\\\\', 'utcTime': '2025-12-29 10:34:40.558', 'hashes': 'SHA1=C23488BA47972B04F795D34B35C8257EC4B7AC9D,MD5=956692DADC5B2CEB46E9219F7A5BEFFA,SHA256=23240EF9F8B0A9A324110B1C2331DE31DC1B0E08F5359CB707E51A939AF56CD3,IMPHASH=E4464BCD92DF7AC69CCD074CB9C0EFED', 'parentImage': 'C:\\\\Windows\\\\System32\\\\cmd.exe', 'ruleName': 'technique_id=T1033,technique_name=System Owner/User Discovery', 'company': 'Microsoft Corporation', 'commandLine': 'whoami', 'integrityLevel': 'High', 'fileVersion': '10.0.26100.1882 (WinBuild.160101.0800)', 'user': 'WINDOWSEND-C792\\\\ayoub', 'terminalSessionId': '1', 'parentUser': 'WINDOWSEND-C792\\\\ayoub'}, 'system': {'eventID': '1', 'keywords': '0x8000000000000000', 'providerGuid': '{5770385f-c22a-43e0-bf4c-06f5698ffbd9}', 'level': '4', 'channel': 'Microsoft-Windows-Sysmon/Operational', 'opcode': '0', 'message': '""Process Create:\r\nRuleName: technique_id=T1033,technique_name=System Owner/User Discovery\r\nUtcTime: 2025-12-29 10:34:40.558\r\nProcessGuid: {411eefe4-5940-6952-0419-000000001000}\r\nProcessId: 13224\r\nImage: C:\\Windows\\System32\\whoami.exe\r\nFileVersion: 10.0.26100.1882 (WinBuild.160101.0800)\r\nDescription: whoami - displays logged on user information\r\nProduct: Microsoft® Windows® Operating System\r\nCompany: Microsoft Corporation\r\nOriginalFileName: whoami.exe\r\nCommandLine: whoami\r\nCurrentDirectory: C:\\Users\\ayoub\\\r\nUser: WINDOWSEND-C792\\ayoub\r\nLogonGuid: {411eefe4-28dc-6951-f5d2-0e0000000000}\r\nLogonId: 0xED2F5\r\nTerminalSessionId: 1\r\nIntegrityLevel: High\r\nHashes: SHA1=C23488BA47972B04F795D34B35C8257EC4B7AC9D,MD5=956692DADC5B2CEB46E9219F7A5BEFFA,SHA256=23240EF9F8B0A9A324110B1C2331DE31DC1B0E08F5359CB707E51A939AF56CD3,IMPHASH=E4464BCD92DF7AC69CCD074CB9C0EFED\r\nParentProcessGuid: {411eefe4-5940-6952-0319-000000001000}\r\nParentProcessId: 11812\r\nParentImage: C:\\Windows\\System32\\cmd.exe\r\nParentCommandLine: ""C:\\WINDOWS\\system32\\cmd.exe"" /c whoami\r\nParentUser: WINDOWSEND-C792\\ayoub""', 'version': '5', 'systemTime': '2025-12-29T10:34:40.5608451Z', 'eventRecordID': '19042', 'threadID': '3676', 'computer': 'WindowsEnd-c7921449-8b62-4c4d-8a83-d9281ac0190b', 'task': '1', 'processID': '1836', 'severityValue': 'INFORMATION', 'providerName': 'Microsoft-Windows-Sysmon'}}}, 'rule': {'firedtimes': 4, 'mail': False, 'level': 3, 'description': 'Suspicious Windows cmd shell execution', 'groups': ['sysmon', 'sysmon_eid1_detections', 'windows'], 'mitre': {'technique': ['Account Discovery', 'Windows Command Shell'], 'id': ['T1087', 'T1059.003'], 'tactic': ['Discovery', 'Execution']}, 'id': '92032'}, 'decoder': {'name': 'windows_eventchannel'}, 'input': {'type': 'log'}, '@timestamp': '2025-12-29T10:38:05.046Z', 'location': 'EventChannel', 'id': '1767004685.7692296', 'timestamp': '2025-12-29T11:38:05.046+0100'}",low,whoami
2025-12-29T10:38:05.114Z,Endpoint3-Win,1,92004,Powershell process spawned Windows command shell instance,4,T1059.003,EventChannel,"{'agent': {'ip': '192.168.100.15', 'name': 'Endpoint3-Win', 'id': '001'}, 'manager': {'name': 'wazuh-vm'}, 'data': {'win': {'eventdata': {'originalFileName': 'Cmd.Exe', 'image': 'C:\\\\Windows\\\\System32\\\\cmd.exe', 'product': 'Microsoft® Windows® Operating System', 'parentProcessGuid': '{411eefe4-a5b2-6951-630a-000000001000}', 'description': 'Windows Command Processor', 'logonGuid': '{411eefe4-28dc-6951-f5d2-0e0000000000}', 'parentCommandLine': 'C:\\\\WINDOWS\\\\System32\\\\WindowsPowerShell\\\\v1.0\\\\powershell.exe', 'processGuid': '{411eefe4-5942-6952-0519-000000001000}', 'logonId': '0xed2f5', 'parentProcessId': '8760', 'processId': '12296', 'currentDirectory': 'C:\\\\Users\\\\ayoub\\\\', 'utcTime': '2025-12-29 10:34:42.643', 'hashes': 'SHA1=583BAC245F14E4E07E7508692C5D8B97F9EB9E6D,MD5=6D109A3A00F210C1AB89C3B08399ED48,SHA256=64AFC6DB3AAD1289533662E2D79E27DD55C7DCDB8CD918B08E145AD82AD5ACB4,IMPHASH=B0F049C014592B156EB1FA857E99CEB9', 'parentImage': 'C:\\\\Windows\\\\System32\\\\WindowsPowerShell\\\\v1.0\\\\powershell.exe', 'ruleName': 'technique_id=T1059.003,technique_name=Windows Command Shell', 'company': 'Microsoft Corporation', 'commandLine': '\\""C:\\\\WINDOWS\\\\system32\\\\cmd.exe\\"" /c systeminfo', 'integrityLevel': 'High', 'fileVersion': '10.0.26100.7309 (WinBuild.160101.0800)', 'user': 'WINDOWSEND-C792\\\\ayoub', 'terminalSessionId': '1', 'parentUser': 'WINDOWSEND-C792\\\\ayoub'}, 'system': {'eventID': '1', 'keywords': '0x8000000000000000', 'providerGuid': '{5770385f-c22a-43e0-bf4c-06f5698ffbd9}', 'level': '4', 'channel': 'Microsoft-Windows-Sysmon/Operational', 'opcode': '0', 'message': '""Process Create:\r\nRuleName: technique_id=T1059.003,technique_name=Windows Command Shell\r\nUtcTime: 2025-12-29 10:34:42.643\r\nProcessGuid: {411eefe4-5942-6952-0519-000000001000}\r\nProcessId: 12296\r\nImage: C:\\Windows\\System32\\cmd.exe\r\nFileVersion: 10.0.26100.7309 (WinBuild.160101.0800)\r\nDescription: Windows Command Processor\r\nProduct: Microsoft® Windows® Operating System\r\nCompany: Microsoft Corporation\r\nOriginalFileName: Cmd.Exe\r\nCommandLine: ""C:\\WINDOWS\\system32\\cmd.exe"" /c systeminfo\r\nCurrentDirectory: C:\\Users\\ayoub\\\r\nUser: WINDOWSEND-C792\\ayoub\r\nLogonGuid: {411eefe4-28dc-6951-f5d2-0e0000000000}\r\nLogonId: 0xED2F5\r\nTerminalSessionId: 1\r\nIntegrityLevel: High\r\nHashes: SHA1=583BAC245F14E4E07E7508692C5D8B97F9EB9E6D,MD5=6D109A3A00F210C1AB89C3B08399ED48,SHA256=64AFC6DB3AAD1289533662E2D79E27DD55C7DCDB8CD918B08E145AD82AD5ACB4,IMPHASH=B0F049C014592B156EB1FA857E99CEB9\r\nParentProcessGuid: {411eefe4-a5b2-6951-630a-000000001000}\r\nParentProcessId: 8760\r\nParentImage: C:\\Windows\\System32\\WindowsPowerShell\\v1.0\\powershell.exe\r\nParentCommandLine: C:\\WINDOWS\\System32\\WindowsPowerShell\\v1.0\\powershell.exe\r\nParentUser: WINDOWSEND-C792\\ayoub""', 'version': '5', 'systemTime': '2025-12-29T10:34:42.6521765Z', 'eventRecordID': '19045', 'threadID': '3676', 'computer': 'WindowsEnd-c7921449-8b62-4c4d-8a83-d9281ac0190b', 'task': '1', 'processID': '1836', 'severityValue': 'INFORMATION', 'providerName': 'Microsoft-Windows-Sysmon'}}}, 'rule': {'firedtimes': 8, 'mail': False, 'level': 4, 'description': 'Powershell process spawned Windows command shell instance', 'groups': ['sysmon', 'sysmon_eid1_detections', 'windows'], 'mitre': {'technique': ['Windows Command Shell'], 'id': ['T1059.003'], 'tactic': ['Execution']}, 'id': '92004'}, 'decoder': {'name': 'windows_eventchannel'}, 'input': {'type': 'log'}, '@timestamp': '2025-12-29T10:38:05.114Z', 'location': 'EventChannel', 'id': '1767004685.7698314', 'timestamp': '2025-12-29T11:38:05.114+0100'}",medium,"\""C:\\WINDOWS\\system32\\cmd.exe\"" /c systeminfo"
2025-12-29T10:38:05.128Z,Endpoint3-Win,1,92032,Suspicious Windows cmd shell execution,3,T1087;T1059.003,EventChannel,"{'agent': {'ip': '192.168.100.15', 'name': 'Endpoint3-Win', 'id': '001'}, 'manager': {'name': 'wazuh-vm'}, 'data': {'win': {'eventdata': {'originalFileName': 'sysinfo.exe', 'image': 'C:\\\\Windows\\\\System32\\\\systeminfo.exe', 'product': 'Microsoft® Windows® Operating System', 'parentProcessGuid': '{411eefe4-5942-6952-0519-000000001000}', 'description': 'Displays system information', 'logonGuid': '{411eefe4-28dc-6951-f5d2-0e0000000000}', 'parentCommandLine': '\\""C:\\\\WINDOWS\\\\system32\\\\cmd.exe\\"" /c systeminfo', 'processGuid': '{411eefe4-5942-6952-0619-000000001000}', 'logonId': '0xed2f5', 'parentProcessId': '12296', 'processId': '10648', 'currentDirectory': 'C:\\\\Users\\\\ayoub\\\\', 'utcTime': '2025-12-29 10:34:42.739', 'hashes': 'SHA1=7A3BBD64798D0F7165655839F6361D7582DF637B,MD5=B772FD7A4DFF0F146E7B62F73FA08EF3,SHA256=A220A85750588F5B231FF8CB106BA5409EAABB85E3DD7278A98FCA907E171ED2,IMPHASH=06B3673FD34A20BD87891A01E391B7B5', 'parentImage': 'C:\\\\Windows\\\\System32\\\\cmd.exe', 'ruleName': 'technique_id=T1033,technique_name=System Owner/User Discovery', 'company': 'Microsoft Corporation', 'commandLine': 'systeminfo', 'integrityLevel': 'High', 'fileVersion': '10.0.26100.4202 (WinBuild.160101.0800)', 'user': 'WINDOWSEND-C792\\\\ayoub', 'terminalSessionId': '1', 'parentUser': 'WINDOWSEND-C792\\\\ayoub'}, 'system': {'eventID': '1', 'keywords': '0x8000000000000000', 'providerGuid': '{5770385f-c22a-43e0-bf4c-06f5698ffbd9}', 'level': '4', 'channel': 'Microsoft-Windows-Sysmon/Operational', 'opcode': '0', 'message': '""Process Create:\r\nRuleName: technique_id=T1033,technique_name=System Owner/User Discovery\r\nUtcTime: 2025-12-29 10:34:42.739\r\nProcessGuid: {411eefe4-5942-6952-0619-000000001000}\r\nProcessId: 10648\r\nImage: C:\\Windows\\System32\\systeminfo.exe\r\nFileVersion: 10.0.26100.4202 (WinBuild.160101.0800)\r\nDescription: Displays system information\r\nProduct: Microsoft® Windows® Operating System\r\nCompany: Microsoft Corporation\r\nOriginalFileName: sysinfo.exe\r\nCommandLine: systeminfo\r\nCurrentDirectory: C:\\Users\\ayoub\\\r\nUser: WINDOWSEND-C792\\ayoub\r\nLogonGuid: {411eefe4-28dc-6951-f5d2-0e0000000000}\r\nLogonId: 0xED2F5\r\nTerminalSessionId: 1\r\nIntegrityLevel: High\r\nHashes: SHA1=7A3BBD64798D0F7165655839F6361D7582DF637B,MD5=B772FD7A4DFF0F146E7B62F73FA08EF3,SHA256=A220A85750588F5B231FF8CB106BA5409EAABB85E3DD7278A98FCA907E171ED2,IMPHASH=06B3673FD34A20BD87891A01E391B7B5\r\nParentProcessGuid: {411eefe4-5942-6952-0519-000000001000}\r\nParentProcessId: 12296\r\nParentImage: C:\\Windows\\System32\\cmd.exe\r\nParentCommandLine: ""C:\\WINDOWS\\system32\\cmd.exe"" /c systeminfo\r\nParentUser: WINDOWSEND-C792\\ayoub""', 'version': '5', 'systemTime': '2025-12-29T10:34:42.7522328Z', 'eventRecordID': '19047', 'threadID': '3676', 'computer': 'WindowsEnd-c7921449-8b62-4c4d-8a83-d9281ac0190b', 'task': '1', 'processID': '1836', 'severityValue': 'INFORMATION', 'providerName': 'Microsoft-Windows-Sysmon'}}}, 'rule': {'firedtimes': 5, 'mail': False, 'level': 3, 'description': 'Suspicious Windows cmd shell execution', 'groups': ['sysmon', 'sysmon_eid1_detections', 'windows'], 'mitre': {'technique': ['Account Discovery', 'Windows Command Shell'], 'id': ['T1087', 'T1059.003'], 'tactic': ['Discovery', 'Execution']}, 'id': '92032'}, 'decoder': {'name': 'windows_eventchannel'}, 'input': {'type': 'log'}, '@timestamp': '2025-12-29T10:38:05.128Z', 'location': 'EventChannel', 'id': '1767004685.7704614', 'timestamp': '2025-12-29T11:38:05.128+0100'}",low,systeminfo
2025-12-29T10:38:05.240Z,Endpoint3-Win,1,92052,Windows command prompt started by an abnormal process,4,T1059.003,EventChannel,"{'agent': {'ip': '192.168.100.15', 'name': 'Endpoint3-Win', 'id': '001'}, 'manager': {'name': 'wazuh-vm'}, 'data': {'win': {'eventdata': {'originalFileName': 'Cmd.Exe', 'image': 'C:\\\\Windows\\\\System32\\\\cmd.exe', 'product': 'Microsoft® Windows® Operating System', 'parentProcessGuid': '{411eefe4-ab3e-6951-cb0d-000000001000}', 'description': 'Windows Command Processor', 'logonGuid': '{411eefe4-28dc-6951-f5d2-0e0000000000}', 'parentCommandLine': 'C:\\\\WINDOWS\\\\System32\\\\WindowsPowerShell\\\\v1.0\\\\powershell.exe', 'processGuid': '{411eefe4-594a-6952-0b19-000000001000}', 'logonId': '0xed2f5', 'parentProcessId': '5948', 'processId': '5008', 'currentDirectory': 'C:\\\\Users\\\\ayoub\\\\AppData\\\\Local\\\\Temp\\\\', 'utcTime': '2025-12-29 10:34:50.035', 'hashes': 'SHA1=583BAC245F14E4E07E7508692C5D8B97F9EB9E6D,MD5=6D109A3A00F210C1AB89C3B08399ED48,SHA256=64AFC6DB3AAD1289533662E2D79E27DD55C7DCDB8CD918B08E145AD82AD5ACB4,IMPHASH=B0F049C014592B156EB1FA857E99CEB9', 'parentImage': 'C:\\\\Windows\\\\System32\\\\WindowsPowerShell\\\\v1.0\\\\powershell.exe', 'ruleName': 'technique_id=T1087.001,technique_name=Local Account', 'company': 'Microsoft Corporation', 'commandLine': '\\""cmd.exe\\"" /c net group \\""Domain Computers\\"" /domain', 'integrityLevel': 'High', 'fileVersion': '10.0.26100.7309 (WinBuild.160101.0800)', 'user': 'WINDOWSEND-C792\\\\ayoub', 'terminalSessionId': '1', 'parentUser': 'WINDOWSEND-C792\\\\ayoub'}, 'system': {'eventID': '1', 'keywords': '0x8000000000000000', 'providerGuid': '{5770385f-c22a-43e0-bf4c-06f5698ffbd9}', 'level': '4', 'channel': 'Microsoft-Windows-Sysmon/Operational', 'opcode': '0', 'message': '""Process Create:\r\nRuleName: technique_id=T1087.001,technique_name=Local Account\r\nUtcTime: 2025-12-29 10:34:50.035\r\nProcessGuid: {411eefe4-594a-6952-0b19-000000001000}\r\nProcessId: 5008\r\nImage: C:\\Windows\\System32\\cmd.exe\r\nFileVersion: 10.0.26100.7309 (WinBuild.160101.0800)\r\nDescription: Windows Command Processor\r\nProduct: Microsoft® Windows® Operating System\r\nCompany: Microsoft Corporation\r\nOriginalFileName: Cmd.Exe\r\nCommandLine: ""cmd.exe"" /c net group ""Domain Computers"" /domain\r\nCurrentDirectory: C:\\Users\\ayoub\\AppData\\Local\\Temp\\\r\nUser: WINDOWSEND-C792\\ayoub\r\nLogonGuid: {411eefe4-28dc-6951-f5d2-0e0000000000}\r\nLogonId: 0xED2F5\r\nTerminalSessionId: 1\r\nIntegrityLevel: High\r\nHashes: SHA1=583BAC245F14E4E07E7508692C5D8B97F9EB9E6D,MD5=6D109A3A00F210C1AB89C3B08399ED48,SHA256=64AFC6DB3AAD1289533662E2D79E27DD55C7DCDB8CD918B08E145AD82AD5ACB4,IMPHASH=B0F049C014592B156EB1FA857E99CEB9\r\nParentProcessGuid: {411eefe4-ab3e-6951-cb0d-000000001000}\r\nParentProcessId: 5948\r\nParentImage: C:\\Windows\\System32\\WindowsPowerShell\\v1.0\\powershell.exe\r\nParentCommandLine: C:\\WINDOWS\\System32\\WindowsPowerShell\\v1.0\\powershell.exe\r\nParentUser: WINDOWSEND-C792\\ayoub""', 'version': '5', 'systemTime': '2025-12-29T10:34:50.0427653Z', 'eventRecordID': '19056', 'threadID': '3676', 'computer': 'WindowsEnd-c7921449-8b62-4c4d-8a83-d9281ac0190b', 'task': '1', 'processID': '1836', 'severityValue': 'INFORMATION', 'providerName': 'Microsoft-Windows-Sysmon'}}}, 'rule': {'firedtimes': 7, 'mail': False, 'level': 4, 'description': 'Windows command prompt started by an abnormal process', 'groups': ['sysmon', 'sysmon_eid1_detections', 'windows'], 'mitre': {'technique': ['Windows Command Shell'], 'id': ['T1059.003'], 'tactic': ['Execution']}, 'id': '92052'}, 'decoder': {'name': 'windows_eventchannel'}, 'input': {'type': 'log'}, '@timestamp': '2025-12-29T10:38:05.240Z', 'location': 'EventChannel', 'id': '1767004685.7710616', 'timestamp': '2025-12-29T11:38:05.240+0100'}",medium,"\""cmd.exe\"" /c net group \""Domain Computers\"" /domain"
2025-12-29T10:38:05.252Z,Endpoint3-Win,1,92036,A C:\\Windows\\System32\\net.exe binary was started by a Windows cmd shell,3,T1059.003;T1574.001,EventChannel,"{'agent': {'ip': '192.168.100.15', 'name': 'Endpoint3-Win', 'id': '001'}, 'manager': {'name': 'wazuh-vm'}, 'data': {'win': {'eventdata': {'originalFileName': 'net.exe', 'image': 'C:\\\\Windows\\\\System32\\\\net.exe', 'product': 'Microsoft® Windows® Operating System', 'parentProcessGuid': '{411eefe4-594a-6952-0b19-000000001000}', 'description': 'Net Command', 'logonGuid': '{411eefe4-28dc-6951-f5d2-0e0000000000}', 'parentCommandLine': '\\""cmd.exe\\"" /c net group \\""Domain Computers\\"" /domain', 'processGuid': '{411eefe4-594a-6952-0d19-000000001000}', 'logonId': '0xed2f5', 'parentProcessId': '5008', 'processId': '3312', 'currentDirectory': 'C:\\\\Users\\\\ayoub\\\\AppData\\\\Local\\\\Temp\\\\', 'utcTime': '2025-12-29 10:34:50.211', 'hashes': 'SHA1=3B0F836C81F49026DDDE7D86E4C2F4D17ED6D71F,MD5=8A1E71312BD2AAE202652113049CDBD1,SHA256=BB3E638C8B5B6EF80847E364AEEF2796CAD25D3539CF9B41D3820FA48943E777,IMPHASH=EF46B86C2346DA0A991DE4B78AAF4E75', 'parentImage': 'C:\\\\Windows\\\\System32\\\\cmd.exe', 'ruleName': 'technique_id=T1018,technique_name=Remote System Discovery', 'company': 'Microsoft Corporation', 'commandLine': 'net  group \\""Domain Computers\\"" /domain', 'integrityLevel': 'High', 'fileVersion': '10.0.26100.7019 (WinBuild.160101.0800)', 'user': 'WINDOWSEND-C792\\\\ayoub', 'terminalSessionId': '1', 'parentUser': 'WINDOWSEND-C792\\\\ayoub'}, 'system': {'eventID': '1', 'keywords': '0x8000000000000000', 'providerGuid': '{5770385f-c22a-43e0-bf4c-06f5698ffbd9}', 'level': '4', 'channel': 'Microsoft-Windows-Sysmon/Operational', 'opcode': '0', 'message': '""Process Create:\r\nRuleName: technique_id=T1018,technique_name=Remote System Discovery\r\nUtcTime: 2025-12-29 10:34:50.211\r\nProcessGuid: {411eefe4-594a-6952-0d19-000000001000}\r\nProcessId: 3312\r\nImage: C:\\Windows\\System32\\net.exe\r\nFileVersion: 10.0.26100.7019 (WinBuild.160101.0800)\r\nDescription: Net Command\r\nProduct: Microsoft® Windows® Operating System\r\nCompany: Microsoft Corporation\r\nOriginalFileName: net.exe\r\nCommandLine: net  group ""Domain Computers"" /domain\r\nCurrentDirectory: C:\\Users\\ayoub\\AppData\\Local\\Temp\\\r\nUser: WINDOWSEND-C792\\ayoub\r\nLogonGuid: {411eefe4-28dc-6951-f5d2-0e0000000000}\r\nLogonId: 0xED2F5\r\nTerminalSessionId: 1\r\nIntegrityLevel: High\r\nHashes: SHA1=3B0F836C81F49026DDDE7D86E4C2F4D17ED6D71F,MD5=8A1E71312BD2AAE202652113049CDBD1,SHA256=BB3E638C8B5B6EF80847E364AEEF2796CAD25D3539CF9B41D3820FA48943E777,IMPHASH=EF46B86C2346DA0A991DE4B78AAF4E75\r\nParentProcessGuid: {411eefe4-594a-6952-0b19-000000001000}\r\nParentProcessId: 5008\r\nParentImage: C:\\Windows\\System32\\cmd.exe\r\nParentCommandLine: ""cmd.exe"" /c net group ""Domain Computers"" /domain\r\nParentUser: WINDOWSEND-C792\\ayoub""', 'version': '5', 'systemTime': '2025-12-29T10:34:50.2199652Z', 'eventRecordID': '19059', 'threadID': '3676', 'computer': 'WindowsEnd-c7921449-8b62-4c4d-8a83-d9281ac0190b', 'task': '1', 'processID': '1836', 'severityValue': 'INFORMATION', 'providerName': 'Microsoft-Windows-Sysmon'}}}, 'rule': {'firedtimes': 1, 'mail': False, 'level': 3, 'description': 'A C:\\\\Windows\\\\System32\\\\net.exe binary was started by a Windows cmd shell', 'groups': ['sysmon', 'sysmon_eid1_detections', 'windows'], 'mitre': {'technique': ['Windows Command Shell', 'DLL Search Order Hijacking'], 'id': ['T1059.003', 'T1574.001'], 'tactic': ['Execution', 'Persistence', 'Privilege Escalation', 'Defense Evasion']}, 'id': '92036'}, 'decoder': {'name': 'windows_eventchannel'}, 'input': {'type': 'log'}, '@timestamp': '2025-12-29T10:38:05.252Z', 'location': 'EventChannel', 'id': '1767004685.7716986', 'timestamp': '2025-12-29T11:38:05.252+0100'}",low,"net  group \""Domain Computers\"" /domain"
2025-12-29T10:38:05.261Z,Endpoint3-Win,1,92031,Discovery activity executed,3,T1087,EventChannel,"{'agent': {'ip': '192.168.100.15', 'name': 'Endpoint3-Win', 'id': '001'}, 'manager': {'name': 'wazuh-vm'}, 'data': {'win': {'eventdata': {'originalFileName': 'net1.exe', 'image': 'C:\\\\Windows\\\\System32\\\\net1.exe', 'product': 'Microsoft® Windows® Operating System', 'parentProcessGuid': '{411eefe4-594a-6952-0d19-000000001000}', 'description': 'Net Command', 'logonGuid': '{411eefe4-28dc-6951-f5d2-0e0000000000}', 'parentCommandLine': 'net  group \\""Domain Computers\\"" /domain', 'processGuid': '{411eefe4-594a-6952-0e19-000000001000}', 'logonId': '0xed2f5', 'parentProcessId': '3312', 'processId': '13696', 'currentDirectory': 'C:\\\\Users\\\\ayoub\\\\AppData\\\\Local\\\\Temp\\\\', 'utcTime': '2025-12-29 10:34:50.285', 'hashes': 'SHA1=86168820522623D98038E48820529755755BC847,MD5=158DB954503C803C0840DD424FB608F8,SHA256=8489DB35375D890314EB8F7CD9E0CBD3866475F4E252865F00F649B0A02FD757,IMPHASH=98A56655C7E54BCE7F55B3F01AB5B07E', 'parentImage': 'C:\\\\Windows\\\\System32\\\\net.exe', 'ruleName': 'technique_id=T1018,technique_name=Remote System Discovery', 'company': 'Microsoft Corporation', 'commandLine': 'C:\\\\WINDOWS\\\\system32\\\\net1  group \\""Domain Computers\\"" /domain', 'integrityLevel': 'High', 'fileVersion': '10.0.26100.7019 (WinBuild.160101.0800)', 'user': 'WINDOWSEND-C792\\\\ayoub', 'terminalSessionId': '1', 'parentUser': 'WINDOWSEND-C792\\\\ayoub'}, 'system': {'eventID': '1', 'keywords': '0x8000000000000000', 'providerGuid': '{5770385f-c22a-43e0-bf4c-06f5698ffbd9}', 'level': '4', 'channel': 'Microsoft-Windows-Sysmon/Operational', 'opcode': '0', 'message': '""Process Create:\r\nRuleName: technique_id=T1018,technique_name=Remote System Discovery\r\nUtcTime: 2025-12-29 10:34:50.285\r\nProcessGuid: {411eefe4-594a-6952-0e19-000000001000}\r\nProcessId: 13696\r\nImage: C:\\Windows\\System32\\net1.exe\r\nFileVersion: 10.0.26100.7019 (WinBuild.160101.0800)\r\nDescription: Net Command\r\nProduct: Microsoft® Windows® Operating System\r\nCompany: Microsoft Corporation\r\nOriginalFileName: net1.exe\r\nCommandLine: C:\\WINDOWS\\system32\\net1  group ""Domain Computers"" /domain\r\nCurrentDirectory: C:\\Users\\ayoub\\AppData\\Local\\Temp\\\r\nUser: WINDOWSEND-C792\\ayoub\r\nLogonGuid: {411eefe4-28dc-6951-f5d2-0e0000000000}\r\nLogonId: 0xED2F5\r\nTerminalSessionId: 1\r\nIntegrityLevel: High\r\nHashes: SHA1=86168820522623D98038E48820529755755BC847,MD5=158DB954503C803C0840DD424FB608F8,SHA256=8489DB35375D890314EB8F7CD9E0CBD3866475F4E252865F00F649B0A02FD757,IMPHASH=98A56655C7E54BCE7F55B3F01AB5B07E\r\nParentProcessGuid: {411eefe4-594a-6952-0d19-000000001000}\r\nParentProcessId: 3312\r\nParentImage: C:\\Windows\\System32\\net.exe\r\nParentCommandLine: net  group ""Domain Computers"" /domain\r\nParentUser: WINDOWSEND-C792\\ayoub""', 'version': '5', 'systemTime': '2025-12-29T10:34:50.3092446Z', 'eventRecordID': '19060', 'threadID': '3676', 'computer': 'WindowsEnd-c7921449-8b62-4c4d-8a83-d9281ac0190b', 'task': '1', 'processID': '1836', 'severityValue': 'INFORMATION', 'providerName': 'Microsoft-Windows-Sysmon'}}}, 'rule': {'firedtimes': 1, 'mail': False, 'level': 3, 'description': 'Discovery activity executed', 'groups': ['sysmon', 'sysmon_eid1_detections', 'windows'], 'mitre': {'technique': ['Account Discovery'], 'id': ['T1087'], 'tactic': ['Discovery']}, 'id': '92031'}, 'decoder': {'name': 'windows_eventchannel'}, 'input': {'type': 'log'}, '@timestamp': '2025-12-29T10:38:05.261Z', 'location': 'EventChannel', 'id': '1767004685.7723120', 'timestamp': '2025-12-29T11:38:05.261+0100'}",low,"C:\\WINDOWS\\system32\\net1  group \""Domain Computers\"" /domain"
2025-12-29T10:38:05.307Z,Endpoint3-Win,1,92004,Powershell process spawned Windows command shell instance,4,T1059.003,EventChannel,"{'agent': {'ip': '192.168.100.15', 'name': 'Endpoint3-Win', 'id': '001'}, 'manager': {'name': 'wazuh-vm'}, 'data': {'win': {'eventdata': {'originalFileName': 'Cmd.Exe', 'image': 'C:\\\\Windows\\\\System32\\\\cmd.exe', 'product': 'Microsoft® Windows® Operating System', 'parentProcessGuid': '{411eefe4-a5b2-6951-630a-000000001000}', 'description': 'Windows Command Processor', 'logonGuid': '{411eefe4-28dc-6951-f5d2-0e0000000000}', 'parentCommandLine': 'C:\\\\WINDOWS\\\\System32\\\\WindowsPowerShell\\\\v1.0\\\\powershell.exe', 'processGuid': '{411eefe4-594c-6952-0f19-000000001000}', 'logonId': '0xed2f5', 'parentProcessId': '8760', 'processId': '8752', 'currentDirectory': 'C:\\\\Users\\\\ayoub\\\\', 'utcTime': '2025-12-29 10:34:52.608', 'hashes': 'SHA1=583BAC245F14E4E07E7508692C5D8B97F9EB9E6D,MD5=6D109A3A00F210C1AB89C3B08399ED48,SHA256=64AFC6DB3AAD1289533662E2D79E27DD55C7DCDB8CD918B08E145AD82AD5ACB4,IMPHASH=B0F049C014592B156EB1FA857E99CEB9', 'parentImage': 'C:\\\\Windows\\\\System32\\\\WindowsPowerShell\\\\v1.0\\\\powershell.exe', 'ruleName': 'technique_id=T1059.003,technique_name=Windows Command Shell', 'company': 'Microsoft Corporation', 'commandLine': '\\""C:\\\\WINDOWS\\\\system32\\\\cmd.exe\\"" /c tasklist', 'integrityLevel': 'High', 'fileVersion': '10.0.26100.7309 (WinBuild.160101.0800)', 'user': 'WINDOWSEND-C792\\\\ayoub', 'terminalSessionId': '1', 'parentUser': 'WINDOWSEND-C792\\\\ayoub'}, 'system': {'eventID': '1', 'keywords': '0x8000000000000000', 'providerGuid': '{5770385f-c22a-43e0-bf4c-06f5698ffbd9}', 'level': '4', 'channel': 'Microsoft-Windows-Sysmon/Operational', 'opcode': '0', 'message': '""Process Create:\r\nRuleName: technique_id=T1059.003,technique_name=Windows Command Shell\r\nUtcTime: 2025-12-29 10:34:52.608\r\nProcessGuid: {411eefe4-594c-6952-0f19-000000001000}\r\nProcessId: 8752\r\nImage: C:\\Windows\\System32\\cmd.exe\r\nFileVersion: 10.0.26100.7309 (WinBuild.160101.0800)\r\nDescription: Windows Command Processor\r\nProduct: Microsoft® Windows® Operating System\r\nCompany: Microsoft Corporation\r\nOriginalFileName: Cmd.Exe\r\nCommandLine: ""C:\\WINDOWS\\system32\\cmd.exe"" /c tasklist\r\nCurrentDirectory: C:\\Users\\ayoub\\\r\nUser: WINDOWSEND-C792\\ayoub\r\nLogonGuid: {411eefe4-28dc-6951-f5d2-0e0000000000}\r\nLogonId: 0xED2F5\r\nTerminalSessionId: 1\r\nIntegrityLevel: High\r\nHashes: SHA1=583BAC245F14E4E07E7508692C5D8B97F9EB9E6D,MD5=6D109A3A00F210C1AB89C3B08399ED48,SHA256=64AFC6DB3AAD1289533662E2D79E27DD55C7DCDB8CD918B08E145AD82AD5ACB4,IMPHASH=B0F049C014592B156EB1FA857E99CEB9\r\nParentProcessGuid: {411eefe4-a5b2-6951-630a-000000001000}\r\nParentProcessId: 8760\r\nParentImage: C:\\Windows\\System32\\WindowsPowerShell\\v1.0\\powershell.exe\r\nParentCommandLine: C:\\WINDOWS\\System32\\WindowsPowerShell\\v1.0\\powershell.exe\r\nParentUser: WINDOWSEND-C792\\ayoub""', 'version': '5', 'systemTime': '2025-12-29T10:34:52.6125281Z', 'eventRecordID': '19065', 'threadID': '3676', 'computer': 'WindowsEnd-c7921449-8b62-4c4d-8a83-d9281ac0190b', 'task': '1', 'processID': '1836', 'severityValue': 'INFORMATION', 'providerName': 'Microsoft-Windows-Sysmon'}}}, 'rule': {'firedtimes': 9, 'mail': False, 'level': 4, 'description': 'Powershell process spawned Windows command shell instance', 'groups': ['sysmon', 'sysmon_eid1_detections', 'windows'], 'mitre': {'technique': ['Windows Command Shell'], 'id': ['T1059.003'], 'tactic': ['Execution']}, 'id': '92004'}, 'decoder': {'name': 'windows_eventchannel'}, 'input': {'type': 'log'}, '@timestamp': '2025-12-29T10:38:05.307Z', 'location': 'EventChannel', 'id': '1767004685.7729260', 'timestamp': '2025-12-29T11:38:05.307+0100'}",medium,"\""C:\\WINDOWS\\system32\\cmd.exe\"" /c tasklist"
2025-12-29T10:38:05.328Z,Endpoint3-Win,1,92032,Suspicious Windows cmd shell execution,3,T1087;T1059.003,EventChannel,"{'agent': {'ip': '192.168.100.15', 'name': 'Endpoint3-Win', 'id': '001'}, 'manager': {'name': 'wazuh-vm'}, 'data': {'win': {'eventdata': {'originalFileName': 'tasklist.exe', 'image': 'C:\\\\Windows\\\\System32\\\\tasklist.exe', 'product': 'Microsoft® Windows® Operating System', 'parentProcessGuid': '{411eefe4-594c-6952-0f19-000000001000}', 'description': 'Lists the current running tasks', 'logonGuid': '{411eefe4-28dc-6951-f5d2-0e0000000000}', 'parentCommandLine': '\\""C:\\\\WINDOWS\\\\system32\\\\cmd.exe\\"" /c tasklist', 'processGuid': '{411eefe4-594c-6952-1019-000000001000}', 'logonId': '0xed2f5', 'parentProcessId': '8752', 'processId': '6492', 'currentDirectory': 'C:\\\\Users\\\\ayoub\\\\', 'utcTime': '2025-12-29 10:34:52.679', 'hashes': 'SHA1=6D343302F8C05633D486BC763D60ECB0FA8FB0B5,MD5=8ADD46C82B40A6F635F1406CF28DABA1,SHA256=62800679C55682F2F5F38B3DF9080D12480BEA78B5B8476EACE9DF014F353B14,IMPHASH=1EC449474B2F8125DB72AC9B593E4CA6', 'parentImage': 'C:\\\\Windows\\\\System32\\\\cmd.exe', 'ruleName': 'technique_id=T1057,technique_name=Process Discovery', 'company': 'Microsoft Corporation', 'commandLine': 'tasklist', 'integrityLevel': 'High', 'fileVersion': '10.0.26100.1 (WinBuild.160101.0800)', 'user': 'WINDOWSEND-C792\\\\ayoub', 'terminalSessionId': '1', 'parentUser': 'WINDOWSEND-C792\\\\ayoub'}, 'system': {'eventID': '1', 'keywords': '0x8000000000000000', 'providerGuid': '{5770385f-c22a-43e0-bf4c-06f5698ffbd9}', 'level': '4', 'channel': 'Microsoft-Windows-Sysmon/Operational', 'opcode': '0', 'message': '""Process Create:\r\nRuleName: technique_id=T1057,technique_name=Process Discovery\r\nUtcTime: 2025-12-29 10:34:52.679\r\nProcessGuid: {411eefe4-594c-6952-1019-000000001000}\r\nProcessId: 6492\r\nImage: C:\\Windows\\System32\\tasklist.exe\r\nFileVersion: 10.0.26100.1 (WinBuild.160101.0800)\r\nDescription: Lists the current running tasks\r\nProduct: Microsoft® Windows® Operating System\r\nCompany: Microsoft Corporation\r\nOriginalFileName: tasklist.exe\r\nCommandLine: tasklist\r\nCurrentDirectory: C:\\Users\\ayoub\\\r\nUser: WINDOWSEND-C792\\ayoub\r\nLogonGuid: {411eefe4-28dc-6951-f5d2-0e0000000000}\r\nLogonId: 0xED2F5\r\nTerminalSessionId: 1\r\nIntegrityLevel: High\r\nHashes: SHA1=6D343302F8C05633D486BC763D60ECB0FA8FB0B5,MD5=8ADD46C82B40A6F635F1406CF28DABA1,SHA256=62800679C55682F2F5F38B3DF9080D12480BEA78B5B8476EACE9DF014F353B14,IMPHASH=1EC449474B2F8125DB72AC9B593E4CA6\r\nParentProcessGuid: {411eefe4-594c-6952-0f19-000000001000}\r\nParentProcessId: 8752\r\nParentImage: C:\\Windows\\System32\\cmd.exe\r\nParentCommandLine: ""C:\\WINDOWS\\system32\\cmd.exe"" /c tasklist\r\nParentUser: WINDOWSEND-C792\\ayoub""', 'version': '5', 'systemTime': '2025-12-29T10:34:52.6869515Z', 'eventRecordID': '19067', 'threadID': '3676', 'computer': 'WindowsEnd-c7921449-8b62-4c4d-8a83-d9281ac0190b', 'task': '1', 'processID': '1836', 'severityValue': 'INFORMATION', 'providerName': 'Microsoft-Windows-Sysmon'}}}, 'rule': {'firedtimes': 6, 'mail': False, 'level': 3, 'description': 'Suspicious Windows cmd shell execution', 'groups': ['sysmon', 'sysmon_eid1_detections', 'windows'], 'mitre': {'technique': ['Account Discovery', 'Windows Command Shell'], 'id': ['T1087', 'T1059.003'], 'tactic': ['Discovery', 'Execution']}, 'id': '92032'}, 'decoder': {'name': 'windows_eventchannel'}, 'input': {'type': 'log'}, '@timestamp': '2025-12-29T10:38:05.328Z', 'location': 'EventChannel', 'id': '1767004685.7735548', 'timestamp': '2025-12-29T11:38:05.328+0100'}",low,tasklist
2025-12-29T10:38:05.400Z,Endpoint3-Win,1,92052,Windows command prompt started by an abnormal process,4,T1059.003,EventChannel,"{'agent': {'ip': '192.168.100.15', 'name': 'Endpoint3-Win', 'id': '001'}, 'manager': {'name': 'wazuh-vm'}, 'data': {'win': {'eventdata': {'originalFileName': 'Cmd.Exe', 'image': 'C:\\\\Windows\\\\System32\\\\cmd.exe', 'product': 'Microsoft® Windows® Operating System', 'parentProcessGuid': '{411eefe4-ab3e-6951-cb0d-000000001000}', 'description': 'Windows Command Processor', 'logonGuid': '{411eefe4-28dc-6951-f5d2-0e0000000000}', 'parentCommandLine': 'C:\\\\WINDOWS\\\\System32\\\\WindowsPowerShell\\\\v1.0\\\\powershell.exe', 'processGuid': '{411eefe4-594e-6952-1319-000000001000}', 'logonId': '0xed2f5', 'parentProcessId': '5948', 'processId': '11280', 'currentDirectory': 'C:\\\\Users\\\\ayoub\\\\AppData\\\\Local\\\\Temp\\\\', 'utcTime': '2025-12-29 10:34:54.234', 'hashes': 'SHA1=583BAC245F14E4E07E7508692C5D8B97F9EB9E6D,MD5=6D109A3A00F210C1AB89C3B08399ED48,SHA256=64AFC6DB3AAD1289533662E2D79E27DD55C7DCDB8CD918B08E145AD82AD5ACB4,IMPHASH=B0F049C014592B156EB1FA857E99CEB9', 'parentImage': 'C:\\\\Windows\\\\System32\\\\WindowsPowerShell\\\\v1.0\\\\powershell.exe', 'ruleName': 'technique_id=T1059.003,technique_name=Windows Command Shell', 'company': 'Microsoft Corporation', 'commandLine': '\\""cmd.exe\\"" /c nltest.exe /dclist:%%userdnsdomain%%', 'integrityLevel': 'High', 'fileVersion': '10.0.26100.7309 (WinBuild.160101.0800)', 'user': 'WINDOWSEND-C792\\\\ayoub', 'terminalSessionId': '1', 'parentUser': 'WINDOWSEND-C792\\\\ayoub'}, 'system': {'eventID': '1', 'keywords': '0x8000000000000000', 'providerGuid': '{5770385f-c22a-43e0-bf4c-06f5698ffbd9}', 'level': '4', 'channel': 'Microsoft-Windows-Sysmon/Operational', 'opcode': '0', 'message': '""Process Create:\r\nRuleName: technique_id=T1059.003,technique_name=Windows Command Shell\r\nUtcTime: 2025-12-29 10:34:54.234\r\nProcessGuid: {411eefe4-594e-6952-1319-000000001000}\r\nProcessId: 11280\r\nImage: C:\\Windows\\System32\\cmd.exe\r\nFileVersion: 10.0.26100.7309 (WinBuild.160101.0800)\r\nDescription: Windows Command Processor\r\nProduct: Microsoft® Windows® Operating System\r\nCompany: Microsoft Corporation\r\nOriginalFileName: Cmd.Exe\r\nCommandLine: ""cmd.exe"" /c nltest.exe /dclist:%%userdnsdomain%%\r\nCurrentDirectory: C:\\Users\\ayoub\\AppData\\Local\\Temp\\\r\nUser: WINDOWSEND-C792\\ayoub\r\nLogonGuid: {411eefe4-28dc-6951-f5d2-0e0000000000}\r\nLogonId: 0xED2F5\r\nTerminalSessionId: 1\r\nIntegrityLevel: High\r\nHashes: SHA1=583BAC245F14E4E07E7508692C5D8B97F9EB9E6D,MD5=6D109A3A00F210C1AB89C3B08399ED48,SHA256=64AFC6DB3AAD1289533662E2D79E27DD55C7DCDB8CD918B08E145AD82AD5ACB4,IMPHASH=B0F049C014592B156EB1FA857E99CEB9\r\nParentProcessGuid: {411eefe4-ab3e-6951-cb0d-000000001000}\r\nParentProcessId: 5948\r\nParentImage: C:\\Windows\\System32\\WindowsPowerShell\\v1.0\\powershell.exe\r\nParentCommandLine: C:\\WINDOWS\\System32\\WindowsPowerShell\\v1.0\\powershell.exe\r\nParentUser: WINDOWSEND-C792\\ayoub""', 'version': '5', 'systemTime': '2025-12-29T10:34:54.2372692Z', 'eventRecordID': '19076', 'threadID': '3676', 'computer': 'WindowsEnd-c7921449-8b62-4c4d-8a83-d9281ac0190b', 'task': '1', 'processID': '1836', 'severityValue': 'INFORMATION', 'providerName': 'Microsoft-Windows-Sysmon'}}}, 'rule': {'firedtimes': 8, 'mail': False, 'level': 4, 'description': 'Windows command prompt started by an abnormal process', 'groups': ['sysmon', 'sysmon_eid1_detections', 'windows'], 'mitre': {'technique': ['Windows Command Shell'], 'id': ['T1059.003'], 'tactic': ['Execution']}, 'id': '92052'}, 'decoder': {'name': 'windows_eventchannel'}, 'input': {'type': 'log'}, '@timestamp': '2025-12-29T10:38:05.400Z', 'location': 'EventChannel', 'id': '1767004685.7741486', 'timestamp': '2025-12-29T11:38:05.400+0100'}",medium,"\""cmd.exe\"" /c nltest.exe /dclist:%%userdnsdomain%%"
2025-12-29T10:38:05.485Z,Endpoint3-Win,1,92004,Powershell process spawned Windows command shell instance,4,T1059.003,EventChannel,"{'agent': {'ip': '192.168.100.15', 'name': 'Endpoint3-Win', 'id': '001'}, 'manager': {'name': 'wazuh-vm'}, 'data': {'win': {'eventdata': {'originalFileName': 'Cmd.Exe', 'image': 'C:\\\\Windows\\\\System32\\\\cmd.exe', 'product': 'Microsoft® Windows® Operating System', 'parentProcessGuid': '{411eefe4-a5b2-6951-630a-000000001000}', 'description': 'Windows Command Processor', 'logonGuid': '{411eefe4-28dc-6951-f5d2-0e0000000000}', 'parentCommandLine': 'C:\\\\WINDOWS\\\\System32\\\\WindowsPowerShell\\\\v1.0\\\\powershell.exe', 'processGuid': '{411eefe4-594f-6952-1619-000000001000}', 'logonId': '0xed2f5', 'parentProcessId': '8760', 'processId': '7204', 'currentDirectory': 'C:\\\\Users\\\\ayoub\\\\', 'utcTime': '2025-12-29 10:34:55.604', 'hashes': 'SHA1=583BAC245F14E4E07E7508692C5D8B97F9EB9E6D,MD5=6D109A3A00F210C1AB89C3B08399ED48,SHA256=64AFC6DB3AAD1289533662E2D79E27DD55C7DCDB8CD918B08E145AD82AD5ACB4,IMPHASH=B0F049C014592B156EB1FA857E99CEB9', 'parentImage': 'C:\\\\Windows\\\\System32\\\\WindowsPowerShell\\\\v1.0\\\\powershell.exe', 'ruleName': 'technique_id=T1059.003,technique_name=Windows Command Shell', 'company': 'Microsoft Corporation', 'commandLine': '\\""C:\\\\WINDOWS\\\\system32\\\\cmd.exe\\"" /c \\""netstat -ano\\""', 'integrityLevel': 'High', 'fileVersion': '10.0.26100.7309 (WinBuild.160101.0800)', 'user': 'WINDOWSEND-C792\\\\ayoub', 'terminalSessionId': '1', 'parentUser': 'WINDOWSEND-C792\\\\ayoub'}, 'system': {'eventID': '1', 'keywords': '0x8000000000000000', 'providerGuid': '{5770385f-c22a-43e0-bf4c-06f5698ffbd9}', 'level': '4', 'channel': 'Microsoft-Windows-Sysmon/Operational', 'opcode': '0', 'message': '""Process Create:\r\nRuleName: technique_id=T1059.003,technique_name=Windows Command Shell\r\nUtcTime: 2025-12-29 10:34:55.604\r\nProcessGuid: {411eefe4-594f-6952-1619-000000001000}\r\nProcessId: 7204\r\nImage: C:\\Windows\\System32\\cmd.exe\r\nFileVersion: 10.0.26100.7309 (WinBuild.160101.0800)\r\nDescription: Windows Command Processor\r\nProduct: Microsoft® Windows® Operating System\r\nCompany: Microsoft Corporation\r\nOriginalFileName: Cmd.Exe\r\nCommandLine: ""C:\\WINDOWS\\system32\\cmd.exe"" /c ""netstat -ano""\r\nCurrentDirectory: C:\\Users\\ayoub\\\r\nUser: WINDOWSEND-C792\\ayoub\r\nLogonGuid: {411eefe4-28dc-6951-f5d2-0e0000000000}\r\nLogonId: 0xED2F5\r\nTerminalSessionId: 1\r\nIntegrityLevel: High\r\nHashes: SHA1=583BAC245F14E4E07E7508692C5D8B97F9EB9E6D,MD5=6D109A3A00F210C1AB89C3B08399ED48,SHA256=64AFC6DB3AAD1289533662E2D79E27DD55C7DCDB8CD918B08E145AD82AD5ACB4,IMPHASH=B0F049C014592B156EB1FA857E99CEB9\r\nParentProcessGuid: {411eefe4-a5b2-6951-630a-000000001000}\r\nParentProcessId: 8760\r\nParentImage: C:\\Windows\\System32\\WindowsPowerShell\\v1.0\\powershell.exe\r\nParentCommandLine: C:\\WINDOWS\\System32\\WindowsPowerShell\\v1.0\\powershell.exe\r\nParentUser: WINDOWSEND-C792\\ayoub""', 'version': '5', 'systemTime': '2025-12-29T10:34:55.6177096Z', 'eventRecordID': '19082', 'threadID': '3676', 'computer': 'WindowsEnd-c7921449-8b62-4c4d-8a83-d9281ac0190b', 'task': '1', 'processID': '1836', 'severityValue': 'INFORMATION', 'providerName': 'Microsoft-Windows-Sysmon'}}}, 'rule': {'firedtimes': 10, 'mail': False, 'level': 4, 'description': 'Powershell process spawned Windows command shell instance', 'groups': ['sysmon', 'sysmon_eid1_detections', 'windows'], 'mitre': {'technique': ['Windows Command Shell'], 'id': ['T1059.003'], 'tactic': ['Execution']}, 'id': '92004'}, 'decoder': {'name': 'windows_eventchannel'}, 'input': {'type': 'log'}, '@timestamp': '2025-12-29T10:38:05.485Z', 'location': 'EventChannel', 'id': '1767004685.7747882', 'timestamp': '2025-12-29T11:38:05.485+0100'}",medium,"\""C:\\WINDOWS\\system32\\cmd.exe\"" /c \""netstat -ano\"""
2025-12-29T10:38:05.512Z,Endpoint3-Win,1,92032,Suspicious Windows cmd shell execution,3,T1087;T1059.003,EventChannel,"{'agent': {'ip': '192.168.100.15', 'name': 'Endpoint3-Win', 'id': '001'}, 'manager': {'name': 'wazuh-vm'}, 'data': {'win': {'eventdata': {'originalFileName': 'netstat.exe', 'image': 'C:\\\\Windows\\\\System32\\\\NETSTAT.EXE', 'product': 'Microsoft® Windows® Operating System', 'parentProcessGuid': '{411eefe4-594f-6952-1619-000000001000}', 'description': 'TCP/IP Netstat Command', 'logonGuid': '{411eefe4-28dc-6951-f5d2-0e0000000000}', 'parentCommandLine': '\\""C:\\\\WINDOWS\\\\system32\\\\cmd.exe\\"" /c \\""netstat -ano\\""', 'processGuid': '{411eefe4-594f-6952-1719-000000001000}', 'logonId': '0xed2f5', 'parentProcessId': '7204', 'processId': '10544', 'currentDirectory': 'C:\\\\Users\\\\ayoub\\\\', 'utcTime': '2025-12-29 10:34:55.709', 'hashes': 'SHA1=A71002D62ED3A930968ED48B9BDEFCFC0E2A5082,MD5=3EF03622959AC1765819B9087191440C,SHA256=09BCA819AB371A2D4F62CA5114C1335C38FD196AE7956E2FC4D154BBE55C3F4C,IMPHASH=DD7994520D06E69F0EA9CB4B172D7CC1', 'parentImage': 'C:\\\\Windows\\\\System32\\\\cmd.exe', 'ruleName': 'technique=T1053.002,technique_name=At', 'company': 'Microsoft Corporation', 'commandLine': 'netstat  -ano', 'integrityLevel': 'High', 'fileVersion': '10.0.26100.4768 (WinBuild.160101.0800)', 'user': 'WINDOWSEND-C792\\\\ayoub', 'terminalSessionId': '1', 'parentUser': 'WINDOWSEND-C792\\\\ayoub'}, 'system': {'eventID': '1', 'keywords': '0x8000000000000000', 'providerGuid': '{5770385f-c22a-43e0-bf4c-06f5698ffbd9}', 'level': '4', 'channel': 'Microsoft-Windows-Sysmon/Operational', 'opcode': '0', 'message': '""Process Create:\r\nRuleName: technique=T1053.002,technique_name=At\r\nUtcTime: 2025-12-29 10:34:55.709\r\nProcessGuid: {411eefe4-594f-6952-1719-000000001000}\r\nProcessId: 10544\r\nImage: C:\\Windows\\System32\\NETSTAT.EXE\r\nFileVersion: 10.0.26100.4768 (WinBuild.160101.0800)\r\nDescription: TCP/IP Netstat Command\r\nProduct: Microsoft® Windows® Operating System\r\nCompany: Microsoft Corporation\r\nOriginalFileName: netstat.exe\r\nCommandLine: netstat  -ano\r\nCurrentDirectory: C:\\Users\\ayoub\\\r\nUser: WINDOWSEND-C792\\ayoub\r\nLogonGuid: {411eefe4-28dc-6951-f5d2-0e0000000000}\r\nLogonId: 0xED2F5\r\nTerminalSessionId: 1\r\nIntegrityLevel: High\r\nHashes: SHA1=A71002D62ED3A930968ED48B9BDEFCFC0E2A5082,MD5=3EF03622959AC1765819B9087191440C,SHA256=09BCA819AB371A2D4F62CA5114C1335C38FD196AE7956E2FC4D154BBE55C3F4C,IMPHASH=DD7994520D06E69F0EA9CB4B172D7CC1\r\nParentProcessGuid: {411eefe4-594f-6952-1619-000000001000}\r\nParentProcessId: 7204\r\nParentImage: C:\\Windows\\System32\\cmd.exe\r\nParentCommandLine: ""C:\\WINDOWS\\system32\\cmd.exe"" /c ""netstat -ano""\r\nParentUser: WINDOWSEND-C792\\ayoub""', 'version': '5', 'systemTime': '2025-12-29T10:34:55.7157040Z', 'eventRecordID': '19084', 'threadID': '3676', 'computer': 'WindowsEnd-c7921449-8b62-4c4d-8a83-d9281ac0190b', 'task': '1', 'processID': '1836', 'severityValue': 'INFORMATION', 'providerName': 'Microsoft-Windows-Sysmon'}}}, 'rule': {'firedtimes': 7, 'mail': False, 'level': 3, 'description': 'Suspicious Windows cmd shell execution', 'groups': ['sysmon', 'sysmon_eid1_detections', 'windows'], 'mitre': {'technique': ['Account Discovery', 'Windows Command Shell'], 'id': ['T1087', 'T1059.003'], 'tactic': ['Discovery', 'Execution']}, 'id': '92032'}, 'decoder': {'name': 'windows_eventchannel'}, 'input': {'type': 'log'}, '@timestamp': '2025-12-29T10:38:05.512Z', 'location': 'EventChannel', 'id': '1767004685.7754204', 'timestamp': '2025-12-29T11:38:05.512+0100'}",low,netstat  -ano
2025-12-29T10:38:05.606Z,Endpoint3-Win,1,92004,Powershell process spawned Windows command shell instance,4,T1059.003,EventChannel,"{'agent': {'ip': '192.168.100.15', 'name': 'Endpoint3-Win', 'id': '001'}, 'manager': {'name': 'wazuh-vm'}, 'data': {'win': {'eventdata': {'originalFileName': 'Cmd.Exe', 'image': 'C:\\\\Windows\\\\System32\\\\cmd.exe', 'product': 'Microsoft® Windows® Operating System', 'parentProcessGuid': '{411eefe4-a5b2-6951-630a-000000001000}', 'description': 'Windows Command Processor', 'logonGuid': '{411eefe4-28dc-6951-f5d2-0e0000000000}', 'parentCommandLine': 'C:\\\\WINDOWS\\\\System32\\\\WindowsPowerShell\\\\v1.0\\\\powershell.exe', 'processGuid': '{411eefe4-5951-6952-1a19-000000001000}', 'logonId': '0xed2f5', 'parentProcessId': '8760', 'processId': '10588', 'currentDirectory': 'C:\\\\Users\\\\ayoub\\\\', 'utcTime': '2025-12-29 10:34:57.803', 'hashes': 'SHA1=583BAC245F14E4E07E7508692C5D8B97F9EB9E6D,MD5=6D109A3A00F210C1AB89C3B08399ED48,SHA256=64AFC6DB3AAD1289533662E2D79E27DD55C7DCDB8CD918B08E145AD82AD5ACB4,IMPHASH=B0F049C014592B156EB1FA857E99CEB9', 'parentImage': 'C:\\\\Windows\\\\System32\\\\WindowsPowerShell\\\\v1.0\\\\powershell.exe', 'ruleName': 'technique_id=T1059.003,technique_name=Windows Command Shell', 'company': 'Microsoft Corporation', 'commandLine': '\\""C:\\\\WINDOWS\\\\system32\\\\cmd.exe\\"" /c \\""ping -n 2 8.8.8.8\\""', 'integrityLevel': 'High', 'fileVersion': '10.0.26100.7309 (WinBuild.160101.0800)', 'user': 'WINDOWSEND-C792\\\\ayoub', 'terminalSessionId': '1', 'parentUser': 'WINDOWSEND-C792\\\\ayoub'}, 'system': {'eventID': '1', 'keywords': '0x8000000000000000', 'providerGuid': '{5770385f-c22a-43e0-bf4c-06f5698ffbd9}', 'level': '4', 'channel': 'Microsoft-Windows-Sysmon/Operational', 'opcode': '0', 'message': '""Process Create:\r\nRuleName: technique_id=T1059.003,technique_name=Windows Command Shell\r\nUtcTime: 2025-12-29 10:34:57.803\r\nProcessGuid: {411eefe4-5951-6952-1a19-000000001000}\r\nProcessId: 10588\r\nImage: C:\\Windows\\System32\\cmd.exe\r\nFileVersion: 10.0.26100.7309 (WinBuild.160101.0800)\r\nDescription: Windows Command Processor\r\nProduct: Microsoft® Windows® Operating System\r\nCompany: Microsoft Corporation\r\nOriginalFileName: Cmd.Exe\r\nCommandLine: ""C:\\WINDOWS\\system32\\cmd.exe"" /c ""ping -n 2 8.8.8.8""\r\nCurrentDirectory: C:\\Users\\ayoub\\\r\nUser: WINDOWSEND-C792\\ayoub\r\nLogonGuid: {411eefe4-28dc-6951-f5d2-0e0000000000}\r\nLogonId: 0xED2F5\r\nTerminalSessionId: 1\r\nIntegrityLevel: High\r\nHashes: SHA1=583BAC245F14E4E07E7508692C5D8B97F9EB9E6D,MD5=6D109A3A00F210C1AB89C3B08399ED48,SHA256=64AFC6DB3AAD1289533662E2D79E27DD55C7DCDB8CD918B08E145AD82AD5ACB4,IMPHASH=B0F049C014592B156EB1FA857E99CEB9\r\nParentProcessGuid: {411eefe4-a5b2-6951-630a-000000001000}\r\nParentProcessId: 8760\r\nParentImage: C:\\Windows\\System32\\WindowsPowerShell\\v1.0\\powershell.exe\r\nParentCommandLine: C:\\WINDOWS\\System32\\WindowsPowerShell\\v1.0\\powershell.exe\r\nParentUser: WINDOWSEND-C792\\ayoub""', 'version': '5', 'systemTime': '2025-12-29T10:34:57.8127240Z', 'eventRecordID': '19090', 'threadID': '3676', 'computer': 'WindowsEnd-c7921449-8b62-4c4d-8a83-d9281ac0190b', 'task': '1', 'processID': '1836', 'severityValue': 'INFORMATION', 'providerName': 'Microsoft-Windows-Sysmon'}}}, 'rule': {'firedtimes': 11, 'mail': False, 'level': 4, 'description': 'Powershell process spawned Windows command shell instance', 'groups': ['sysmon', 'sysmon_eid1_detections', 'windows'], 'mitre': {'technique': ['Windows Command Shell'], 'id': ['T1059.003'], 'tactic': ['Execution']}, 'id': '92004'}, 'decoder': {'name': 'windows_eventchannel'}, 'input': {'type': 'log'}, '@timestamp': '2025-12-29T10:38:05.606Z', 'location': 'EventChannel', 'id': '1767004685.7760112', 'timestamp': '2025-12-29T11:38:05.606+0100'}",medium,"\""C:\\WINDOWS\\system32\\cmd.exe\"" /c \""ping -n 2 8.8.8.8\"""
2025-12-29T10:38:05.638Z,Endpoint3-Win,1,92032,Suspicious Windows cmd shell execution,3,T1087;T1059.003,EventChannel,"{'agent': {'ip': '192.168.100.15', 'name': 'Endpoint3-Win', 'id': '001'}, 'manager': {'name': 'wazuh-vm'}, 'data': {'win': {'eventdata': {'originalFileName': 'ping.exe', 'image': 'C:\\\\Windows\\\\System32\\\\PING.EXE', 'product': 'Microsoft® Windows® Operating System', 'parentProcessGuid': '{411eefe4-5951-6952-1a19-000000001000}', 'description': 'TCP/IP Ping Command', 'logonGuid': '{411eefe4-28dc-6951-f5d2-0e0000000000}', 'parentCommandLine': '\\""C:\\\\WINDOWS\\\\system32\\\\cmd.exe\\"" /c \\""ping -n 2 8.8.8.8\\""', 'processGuid': '{411eefe4-5951-6952-1b19-000000001000}', 'logonId': '0xed2f5', 'parentProcessId': '10588', 'processId': '13296', 'currentDirectory': 'C:\\\\Users\\\\ayoub\\\\', 'utcTime': '2025-12-29 10:34:57.874', 'hashes': 'SHA1=E85E66A037DE03A7CEDA6FFF4F673B52608D6E44,MD5=D68F13893470BF6AB433516A45F2F690,SHA256=96F2ABAC2542F4CD59628D14AF1F1935FEBFA56C675C3430E108B5465EBC823E,IMPHASH=9DDDBB964513CE08E2AC4B23405CE7E6', 'parentImage': 'C:\\\\Windows\\\\System32\\\\cmd.exe', 'ruleName': 'technique_id=T1018,technique_name=Remote System Discovery', 'company': 'Microsoft Corporation', 'commandLine': 'ping  -n 2 8.8.8.8', 'integrityLevel': 'High', 'fileVersion': '10.0.26100.1150 (WinBuild.160101.0800)', 'user': 'WINDOWSEND-C792\\\\ayoub', 'terminalSessionId': '1', 'parentUser': 'WINDOWSEND-C792\\\\ayoub'}, 'system': {'eventID': '1', 'keywords': '0x8000000000000000', 'providerGuid': '{5770385f-c22a-43e0-bf4c-06f5698ffbd9}', 'level': '4', 'channel': 'Microsoft-Windows-Sysmon/Operational', 'opcode': '0', 'message': '""Process Create:\r\nRuleName: technique_id=T1018,technique_name=Remote System Discovery\r\nUtcTime: 2025-12-29 10:34:57.874\r\nProcessGuid: {411eefe4-5951-6952-1b19-000000001000}\r\nProcessId: 13296\r\nImage: C:\\Windows\\System32\\PING.EXE\r\nFileVersion: 10.0.26100.1150 (WinBuild.160101.0800)\r\nDescription: TCP/IP Ping Command\r\nProduct: Microsoft® Windows® Operating System\r\nCompany: Microsoft Corporation\r\nOriginalFileName: ping.exe\r\nCommandLine: ping  -n 2 8.8.8.8\r\nCurrentDirectory: C:\\Users\\ayoub\\\r\nUser: WINDOWSEND-C792\\ayoub\r\nLogonGuid: {411eefe4-28dc-6951-f5d2-0e0000000000}\r\nLogonId: 0xED2F5\r\nTerminalSessionId: 1\r\nIntegrityLevel: High\r\nHashes: SHA1=E85E66A037DE03A7CEDA6FFF4F673B52608D6E44,MD5=D68F13893470BF6AB433516A45F2F690,SHA256=96F2ABAC2542F4CD59628D14AF1F1935FEBFA56C675C3430E108B5465EBC823E,IMPHASH=9DDDBB964513CE08E2AC4B23405CE7E6\r\nParentProcessGuid: {411eefe4-5951-6952-1a19-000000001000}\r\nParentProcessId: 10588\r\nParentImage: C:\\Windows\\System32\\cmd.exe\r\nParentCommandLine: ""C:\\WINDOWS\\system32\\cmd.exe"" /c ""ping -n 2 8.8.8.8""\r\nParentUser: WINDOWSEND-C792\\ayoub""', 'version': '5', 'systemTime': '2025-12-29T10:34:57.8879165Z', 'eventRecordID': '19092', 'threadID': '3676', 'computer': 'WindowsEnd-c7921449-8b62-4c4d-8a83-d9281ac0190b', 'task': '1', 'processID': '1836', 'severityValue': 'INFORMATION', 'providerName': 'Microsoft-Windows-Sysmon'}}}, 'rule': {'firedtimes': 8, 'mail': False, 'level': 3, 'description': 'Suspicious Windows cmd shell execution', 'groups': ['sysmon', 'sysmon_eid1_detections', 'windows'], 'mitre': {'technique': ['Account Discovery', 'Windows Command Shell'], 'id': ['T1087', 'T1059.003'], 'tactic': ['Discovery', 'Execution']}, 'id': '92032'}, 'decoder': {'name': 'windows_eventchannel'}, 'input': {'type': 'log'}, '@timestamp': '2025-12-29T10:38:05.638Z', 'location': 'EventChannel', 'id': '1767004685.7766458', 'timestamp': '2025-12-29T11:38:05.638+0100'}",low,ping  -n 2 8.8.8.8
