2025-12-29T10:38:07.269Z,Endpoint3-Win,1,92052,Windows command prompt started by an abnormal process,4,T1059.003,EventChannel,"{'agent': {'ip': '192.168.100.15', 'name': 'Endpoint3-Win', 'id': '001'}, 'manager': {'name': 'wazuh-vm'}, 'data': {'win': {'eventdata': {'originalFileName': 'Cmd.Exe', 'image': 'C:\\\\Windows\\\\System32\\\\cmd.exe', 'product': 'Microsoft® Windows® Operating System', 'parentProcessGuid': '{411eefe4-ab3e-6951-cb0d-000000001000}', 'description': 'Windows Command Processor', 'logonGuid': '{411eefe4-28dc-6951-f5d2-0e0000000000}', 'parentCommandLine': 'C:\\\\WINDOWS\\\\System32\\\\WindowsPowerShell\\\\v1.0\\\\powershell.exe', 'processGuid': '{411eefe4-597e-6952-4119-000000001000}', 'logonId': '0xed2f5', 'parentProcessId': '5948', 'processId': '580', 'currentDirectory': 'C:\\\\Users\\\\ayoub\\\\AppData\\\\Local\\\\Temp\\\\', 'utcTime': '2025-12-29 10:35:42.956', 'hashes': 'SHA1=583BAC245F14E4E07E7508692C5D8B97F9EB9E6D,MD5=6D109A3A00F210C1AB89C3B08399ED48,SHA256=64AFC6DB3AAD1289533662E2D79E27DD55C7DCDB8CD918B08E145AD82AD5ACB4,IMPHASH=B0F049C014592B156EB1FA857E99CEB9', 'parentImage': 'C:\\\\Windows\\\\System32\\\\WindowsPowerShell\\\\v1.0\\\\powershell.exe', 'ruleName': 'technique_id=T1059.003,technique_name=Windows Command Shell', 'company': 'Microsoft Corporation', 'commandLine': '\\""cmd.exe\\"" /c cmd.exe /c \\""net use \\\\\\\\Target\\\\C$ P@ssw0rd1 /u:DOMAIN\\\\Administrator\\""', 'integrityLevel': 'High', 'fileVersion': '10.0.26100.7309 (WinBuild.160101.0800)', 'user': 'WINDOWSEND-C792\\\\ayoub', 'terminalSessionId': '1', 'parentUser': 'WINDOWSEND-C792\\\\ayoub'}, 'system': {'eventID': '1', 'keywords': '0x8000000000000000', 'providerGuid': '{5770385f-c22a-43e0-bf4c-06f5698ffbd9}', 'level': '4', 'channel': 'Microsoft-Windows-Sysmon/Operational', 'opcode': '0', 'message': '""Process Create:\r\nRuleName: technique_id=T1059.003,technique_name=Windows Command Shell\r\nUtcTime: 2025-12-29 10:35:42.956\r\nProcessGuid: {411eefe4-597e-6952-4119-000000001000}\r\nProcessId: 580\r\nImage: C:\\Windows\\System32\\cmd.exe\r\nFileVersion: 10.0.26100.7309 (WinBuild.160101.0800)\r\nDescription: Windows Command Processor\r\nProduct: Microsoft® Windows® Operating System\r\nCompany: Microsoft Corporation\r\nOriginalFileName: Cmd.Exe\r\nCommandLine: ""cmd.exe"" /c cmd.exe /c ""net use \\\\Target\\C$ P@ssw0rd1 /u:DOMAIN\\Administrator""\r\nCurrentDirectory: C:\\Users\\ayoub\\AppData\\Local\\Temp\\\r\nUser: WINDOWSEND-C792\\ayoub\r\nLogonGuid: {411eefe4-28dc-6951-f5d2-0e0000000000}\r\nLogonId: 0xED2F5\r\nTerminalSessionId: 1\r\nIntegrityLevel: High\r\nHashes: SHA1=583BAC245F14E4E07E7508692C5D8B97F9EB9E6D,MD5=6D109A3A00F210C1AB89C3B08399ED48,SHA256=64AFC6DB3AAD1289533662E2D79E27DD55C7DCDB8CD918B08E145AD82AD5ACB4,IMPHASH=B0F049C014592B156EB1FA857E99CEB9\r\nParentProcessGuid: {411eefe4-ab3e-6951-cb0d-000000001000}\r\nParentProcessId: 5948\r\nParentImage: C:\\Windows\\System32\\WindowsPowerShell\\v1.0\\powershell.exe\r\nParentCommandLine: C:\\WINDOWS\\System32\\WindowsPowerShell\\v1.0\\powershell.exe\r\nParentUser: WINDOWSEND-C792\\ayoub""', 'version': '5', 'systemTime': '2025-12-29T10:35:42.9602748Z', 'eventRecordID': '19204', 'threadID': '3676', 'computer': 'WindowsEnd-c7921449-8b62-4c4d-8a83-d9281ac0190b', 'task': '1', 'processID': '1836', 'severityValue': 'INFORMATION', 'providerName': 'Microsoft-Windows-Sysmon'}}}, 'rule': {'firedtimes': 12, 'mail': False, 'level': 4, 'description': 'Windows command prompt started by an abnormal process', 'groups': ['sysmon', 'sysmon_eid1_detections', 'windows'], 'mitre': {'technique': ['Windows Command Shell'], 'id': ['T1059.003'], 'tactic': ['Execution']}, 'id': '92052'}, 'decoder': {'name': 'windows_eventchannel'}, 'input': {'type': 'log'}, '@timestamp': '2025-12-29T10:38:07.269Z', 'location': 'EventChannel', 'id': '1767004687.7848642', 'timestamp': '2025-12-29T11:38:07.269+0100'}",medium,"\""cmd.exe\"" /c cmd.exe /c \""net use \\\\Target\\C$ P@ssw0rd1 /u:DOMAIN\\Administrator\"""
2025-12-29T10:38:07.349Z,Endpoint3-Win,1,92032,Suspicious Windows cmd shell execution,3,T1087;T1059.003,EventChannel,"{'agent': {'ip': '192.168.100.15', 'name': 'Endpoint3-Win', 'id': '001'}, 'manager': {'name': 'wazuh-vm'}, 'data': {'win': {'eventdata': {'originalFileName': 'Cmd.Exe', 'image': 'C:\\\\Windows\\\\System32\\\\cmd.exe', 'product': 'Microsoft® Windows® Operating System', 'parentProcessGuid': '{411eefe4-597e-6952-4119-000000001000}', 'description': 'Windows Command Processor', 'logonGuid': '{411eefe4-28dc-6951-f5d2-0e0000000000}', 'parentCommandLine': '\\""cmd.exe\\"" /c cmd.exe /c \\""net use \\\\\\\\Target\\\\C$ P@ssw0rd1 /u:DOMAIN\\\\Administrator\\""', 'processGuid': '{411eefe4-597f-6952-4319-000000001000}', 'logonId': '0xed2f5', 'parentProcessId': '580', 'processId': '11912', 'currentDirectory': 'C:\\\\Users\\\\ayoub\\\\AppData\\\\Local\\\\Temp\\\\', 'utcTime': '2025-12-29 10:35:43.026', 'hashes': 'SHA1=583BAC245F14E4E07E7508692C5D8B97F9EB9E6D,MD5=6D109A3A00F210C1AB89C3B08399ED48,SHA256=64AFC6DB3AAD1289533662E2D79E27DD55C7DCDB8CD918B08E145AD82AD5ACB4,IMPHASH=B0F049C014592B156EB1FA857E99CEB9', 'parentImage': 'C:\\\\Windows\\\\System32\\\\cmd.exe', 'ruleName': 'technique_id=T1059.003,technique_name=Windows Command Shell', 'company': 'Microsoft Corporation', 'commandLine': 'cmd.exe  /c \\""net use \\\\\\\\Target\\\\C$ P@ssw0rd1 /u:DOMAIN\\\\Administrator\\""', 'integrityLevel': 'High', 'fileVersion': '10.0.26100.7309 (WinBuild.160101.0800)', 'user': 'WINDOWSEND-C792\\\\ayoub', 'terminalSessionId': '1', 'parentUser': 'WINDOWSEND-C792\\\\ayoub'}, 'system': {'eventID': '1', 'keywords': '0x8000000000000000', 'providerGuid': '{5770385f-c22a-43e0-bf4c-06f5698ffbd9}', 'level': '4', 'channel': 'Microsoft-Windows-Sysmon/Operational', 'opcode': '0', 'message': '""Process Create:\r\nRuleName: technique_id=T1059.003,technique_name=Windows Command Shell\r\nUtcTime: 2025-12-29 10:35:43.026\r\nProcessGuid: {411eefe4-597f-6952-4319-000000001000}\r\nProcessId: 11912\r\nImage: C:\\Windows\\System32\\cmd.exe\r\nFileVersion: 10.0.26100.7309 (WinBuild.160101.0800)\r\nDescription: Windows Command Processor\r\nProduct: Microsoft® Windows® Operating System\r\nCompany: Microsoft Corporation\r\nOriginalFileName: Cmd.Exe\r\nCommandLine: cmd.exe  /c ""net use \\\\Target\\C$ P@ssw0rd1 /u:DOMAIN\\Administrator""\r\nCurrentDirectory: C:\\Users\\ayoub\\AppData\\Local\\Temp\\\r\nUser: WINDOWSEND-C792\\ayoub\r\nLogonGuid: {411eefe4-28dc-6951-f5d2-0e0000000000}\r\nLogonId: 0xED2F5\r\nTerminalSessionId: 1\r\nIntegrityLevel: High\r\nHashes: SHA1=583BAC245F14E4E07E7508692C5D8B97F9EB9E6D,MD5=6D109A3A00F210C1AB89C3B08399ED48,SHA256=64AFC6DB3AAD1289533662E2D79E27DD55C7DCDB8CD918B08E145AD82AD5ACB4,IMPHASH=B0F049C014592B156EB1FA857E99CEB9\r\nParentProcessGuid: {411eefe4-597e-6952-4119-000000001000}\r\nParentProcessId: 580\r\nParentImage: C:\\Windows\\System32\\cmd.exe\r\nParentCommandLine: ""cmd.exe"" /c cmd.exe /c ""net use \\\\Target\\C$ P@ssw0rd1 /u:DOMAIN\\Administrator""\r\nParentUser: WINDOWSEND-C792\\ayoub""', 'version': '5', 'systemTime': '2025-12-29T10:35:43.0295373Z', 'eventRecordID': '19208', 'threadID': '3676', 'computer': 'WindowsEnd-c7921449-8b62-4c4d-8a83-d9281ac0190b', 'task': '1', 'processID': '1836', 'severityValue': 'INFORMATION', 'providerName': 'Microsoft-Windows-Sysmon'}}}, 'rule': {'firedtimes': 10, 'mail': False, 'level': 3, 'description': 'Suspicious Windows cmd shell execution', 'groups': ['sysmon', 'sysmon_eid1_detections', 'windows'], 'mitre': {'technique': ['Account Discovery', 'Windows Command Shell'], 'id': ['T1087', 'T1059.003'], 'tactic': ['Discovery', 'Execution']}, 'id': '92032'}, 'decoder': {'name': 'windows_eventchannel'}, 'input': {'type': 'log'}, '@timestamp': '2025-12-29T10:38:07.349Z', 'location': 'EventChannel', 'id': '1767004687.7855180', 'timestamp': '2025-12-29T11:38:07.349+0100'}",low,"cmd.exe  /c \""net use \\\\Target\\C$ P@ssw0rd1 /u:DOMAIN\\Administrator\"""
2025-12-29T10:38:07.349Z,Endpoint3-Win,1,92036,A C:\\Windows\\System32\\net.exe binary was started by a Windows cmd shell,3,T1059.003;T1574.001,EventChannel,"{'agent': {'ip': '192.168.100.15', 'name': 'Endpoint3-Win', 'id': '001'}, 'manager': {'name': 'wazuh-vm'}, 'data': {'win': {'eventdata': {'originalFileName': 'net.exe', 'image': 'C:\\\\Windows\\\\System32\\\\net.exe', 'product': 'Microsoft® Windows® Operating System', 'parentProcessGuid': '{411eefe4-597f-6952-4319-000000001000}', 'description': 'Net Command', 'logonGuid': '{411eefe4-28dc-6951-f5d2-0e0000000000}', 'parentCommandLine': 'cmd.exe  /c \\""net use \\\\\\\\Target\\\\C$ P@ssw0rd1 /u:DOMAIN\\\\Administrator\\""', 'processGuid': '{411eefe4-597f-6952-4419-000000001000}', 'logonId': '0xed2f5', 'parentProcessId': '11912', 'processId': '3444', 'currentDirectory': 'C:\\\\Users\\\\ayoub\\\\AppData\\\\Local\\\\Temp\\\\', 'utcTime': '2025-12-29 10:35:43.052', 'hashes': 'SHA1=3B0F836C81F49026DDDE7D86E4C2F4D17ED6D71F,MD5=8A1E71312BD2AAE202652113049CDBD1,SHA256=BB3E638C8B5B6EF80847E364AEEF2796CAD25D3539CF9B41D3820FA48943E777,IMPHASH=EF46B86C2346DA0A991DE4B78AAF4E75', 'parentImage': 'C:\\\\Windows\\\\System32\\\\cmd.exe', 'ruleName': 'technique_id=T1018,technique_name=Remote System Discovery', 'company': 'Microsoft Corporation', 'commandLine': 'net  use \\\\\\\\Target\\\\C$ P@ssw0rd1 /u:DOMAIN\\\\Administrator', 'integrityLevel': 'High', 'fileVersion': '10.0.26100.7019 (WinBuild.160101.0800)', 'user': 'WINDOWSEND-C792\\\\ayoub', 'terminalSessionId': '1', 'parentUser': 'WINDOWSEND-C792\\\\ayoub'}, 'system': {'eventID': '1', 'keywords': '0x8000000000000000', 'providerGuid': '{5770385f-c22a-43e0-bf4c-06f5698ffbd9}', 'level': '4', 'channel': 'Microsoft-Windows-Sysmon/Operational', 'opcode': '0', 'message': '""Process Create:\r\nRuleName: technique_id=T1018,technique_name=Remote System Discovery\r\nUtcTime: 2025-12-29 10:35:43.052\r\nProcessGuid: {411eefe4-597f-6952-4419-000000001000}\r\nProcessId: 3444\r\nImage: C:\\Windows\\System32\\net.exe\r\nFileVersion: 10.0.26100.7019 (WinBuild.160101.0800)\r\nDescription: Net Command\r\nProduct: Microsoft® Windows® Operating System\r\nCompany: Microsoft Corporation\r\nOriginalFileName: net.exe\r\nCommandLine: net  use \\\\Target\\C$ P@ssw0rd1 /u:DOMAIN\\Administrator\r\nCurrentDirectory: C:\\Users\\ayoub\\AppData\\Local\\Temp\\\r\nUser: WINDOWSEND-C792\\ayoub\r\nLogonGuid: {411eefe4-28dc-6951-f5d2-0e0000000000}\r\nLogonId: 0xED2F5\r\nTerminalSessionId: 1\r\nIntegrityLevel: High\r\nHashes: SHA1=3B0F836C81F49026DDDE7D86E4C2F4D17ED6D71F,MD5=8A1E71312BD2AAE202652113049CDBD1,SHA256=BB3E638C8B5B6EF80847E364AEEF2796CAD25D3539CF9B41D3820FA48943E777,IMPHASH=EF46B86C2346DA0A991DE4B78AAF4E75\r\nParentProcessGuid: {411eefe4-597f-6952-4319-000000001000}\r\nParentProcessId: 11912\r\nParentImage: C:\\Windows\\System32\\cmd.exe\r\nParentCommandLine: cmd.exe  /c ""net use \\\\Target\\C$ P@ssw0rd1 /u:DOMAIN\\Administrator""\r\nParentUser: WINDOWSEND-C792\\ayoub""', 'version': '5', 'systemTime': '2025-12-29T10:35:43.0550181Z', 'eventRecordID': '19209', 'threadID': '3676', 'computer': 'WindowsEnd-c7921449-8b62-4c4d-8a83-d9281ac0190b', 'task': '1', 'processID': '1836', 'severityValue': 'INFORMATION', 'providerName': 'Microsoft-Windows-Sysmon'}}}, 'rule': {'firedtimes': 2, 'mail': False, 'level': 3, 'description': 'A C:\\\\Windows\\\\System32\\\\net.exe binary was started by a Windows cmd shell', 'groups': ['sysmon', 'sysmon_eid1_detections', 'windows'], 'mitre': {'technique': ['Windows Command Shell', 'DLL Search Order Hijacking'], 'id': ['T1059.003', 'T1574.001'], 'tactic': ['Execution', 'Persistence', 'Privilege Escalation', 'Defense Evasion']}, 'id': '92036'}, 'decoder': {'name': 'windows_eventchannel'}, 'input': {'type': 'log'}, '@timestamp': '2025-12-29T10:38:07.349Z', 'location': 'EventChannel', 'id': '1767004687.7861622', 'timestamp': '2025-12-29T11:38:07.349+0100'}",low,net  use \\\\Target\\C$ P@ssw0rd1 /u:DOMAIN\\Administrator
2025-12-29T10:38:07.466Z,Endpoint3-Win,1,92027,Powershell process spawned powershell instance,4,T1059.001,EventChannel,"{'agent': {'ip': '192.168.100.15', 'name': 'Endpoint3-Win', 'id': '001'}, 'manager': {'name': 'wazuh-vm'}, 'data': {'win': {'eventdata': {'originalFileName': 'PowerShell.EXE', 'image': 'C:\\\\Windows\\\\System32\\\\WindowsPowerShell\\\\v1.0\\\\powershell.exe', 'product': 'Microsoft® Windows® Operating System', 'parentProcessGuid': '{411eefe4-ab3e-6951-cb0d-000000001000}', 'description': 'Windows PowerShell', 'logonGuid': '{411eefe4-28dc-6951-f5d2-0e0000000000}', 'parentCommandLine': 'C:\\\\WINDOWS\\\\System32\\\\WindowsPowerShell\\\\v1.0\\\\powershell.exe', 'processGuid': '{411eefe4-598d-6952-4819-000000001000}', 'logonId': '0xed2f5', 'parentProcessId': '5948', 'processId': '13692', 'currentDirectory': 'C:\\\\Users\\\\ayoub\\\\AppData\\\\Local\\\\Temp\\\\', 'utcTime': '2025-12-29 10:35:57.652', 'hashes': 'SHA1=EB42621654E02FAF2DE940442B6DEB1A77864E5B,MD5=A97E6573B97B44C96122BFA543A82EA1,SHA256=0FF6F2C94BC7E2833A5F7E16DE1622E5DBA70396F31C7D5F56381870317E8C46,IMPHASH=AFACF6DC9041114B198160AAB4D0AE77', 'parentImage': 'C:\\\\Windows\\\\System32\\\\WindowsPowerShell\\\\v1.0\\\\powershell.exe', 'ruleName': 'technique_id=T1059.001,technique_name=PowerShell', 'company': 'Microsoft Corporation', 'commandLine': '\\""powershell.exe\\"" &amp; {New-PSDrive -name g -psprovider filesystem -root \\\\\\\\Target\\\\C$}', 'integrityLevel': 'High', 'fileVersion': '10.0.26100.5074 (WinBuild.160101.0800)', 'user': 'WINDOWSEND-C792\\\\ayoub', 'terminalSessionId': '1', 'parentUser': 'WINDOWSEND-C792\\\\ayoub'}, 'system': {'eventID': '1', 'keywords': '0x8000000000000000', 'providerGuid': '{5770385f-c22a-43e0-bf4c-06f5698ffbd9}', 'level': '4', 'channel': 'Microsoft-Windows-Sysmon/Operational', 'opcode': '0', 'message': '""Process Create:\r\nRuleName: technique_id=T1059.001,technique_name=PowerShell\r\nUtcTime: 2025-12-29 10:35:57.652\r\nProcessGuid: {411eefe4-598d-6952-4819-000000001000}\r\nProcessId: 13692\r\nImage: C:\\Windows\\System32\\WindowsPowerShell\\v1.0\\powershell.exe\r\nFileVersion: 10.0.26100.5074 (WinBuild.160101.0800)\r\nDescription: Windows PowerShell\r\nProduct: Microsoft® Windows® Operating System\r\nCompany: Microsoft Corporation\r\nOriginalFileName: PowerShell.EXE\r\nCommandLine: ""powershell.exe"" & {New-PSDrive -name g -psprovider filesystem -root \\\\Target\\C$}\r\nCurrentDirectory: C:\\Users\\ayoub\\AppData\\Local\\Temp\\\r\nUser: WINDOWSEND-C792\\ayoub\r\nLogonGuid: {411eefe4-28dc-6951-f5d2-0e0000000000}\r\nLogonId: 0xED2F5\r\nTerminalSessionId: 1\r\nIntegrityLevel: High\r\nHashes: SHA1=EB42621654E02FAF2DE940442B6DEB1A77864E5B,MD5=A97E6573B97B44C96122BFA543A82EA1,SHA256=0FF6F2C94BC7E2833A5F7E16DE1622E5DBA70396F31C7D5F56381870317E8C46,IMPHASH=AFACF6DC9041114B198160AAB4D0AE77\r\nParentProcessGuid: {411eefe4-ab3e-6951-cb0d-000000001000}\r\nParentProcessId: 5948\r\nParentImage: C:\\Windows\\System32\\WindowsPowerShell\\v1.0\\powershell.exe\r\nParentCommandLine: C:\\WINDOWS\\System32\\WindowsPowerShell\\v1.0\\powershell.exe\r\nParentUser: WINDOWSEND-C792\\ayoub""', 'version': '5', 'systemTime': '2025-12-29T10:35:57.6667067Z', 'eventRecordID': '19219', 'threadID': '3676', 'computer': 'WindowsEnd-c7921449-8b62-4c4d-8a83-d9281ac0190b', 'task': '1', 'processID': '1836', 'severityValue': 'INFORMATION', 'providerName': 'Microsoft-Windows-Sysmon'}}}, 'rule': {'firedtimes': 8, 'mail': False, 'level': 4, 'description': 'Powershell process spawned powershell instance', 'groups': ['sysmon', 'sysmon_eid1_detections', 'windows'], 'mitre': {'technique': ['PowerShell'], 'id': ['T1059.001'], 'tactic': ['Execution']}, 'id': '92027'}, 'decoder': {'name': 'windows_eventchannel'}, 'input': {'type': 'log'}, '@timestamp': '2025-12-29T10:38:07.466Z', 'location': 'EventChannel', 'id': '1767004687.7867920', 'timestamp': '2025-12-29T11:38:07.466+0100'}",medium,"\""powershell.exe\"" &amp; {New-PSDrive -name g -psprovider filesystem -root \\\\Target\\C$}"
2025-12-29T10:38:07.606Z,Endpoint3-Win,1,92213,Executable file dropped in folder commonly used by malware,15,T1105,EventChannel,"{'agent': {'ip': '192.168.100.15', 'name': 'Endpoint3-Win', 'id': '001'}, 'manager': {'name': 'wazuh-vm'}, 'data': {'win': {'eventdata': {'image': 'C:\\\\WINDOWS\\\\System32\\\\WindowsPowerShell\\\\v1.0\\\\powershell.exe', 'processGuid': '{411eefe4-598d-6952-4819-000000001000}', 'processId': '13692', 'utcTime': '2025-12-29 10:35:59.957', 'targetFilename': 'C:\\\\Users\\\\ayoub\\\\AppData\\\\Local\\\\Temp\\\\__PSScriptPolicyTest_4mskmj3d.lhx.ps1', 'ruleName': 'technique_id=T1059.001,technique_name=PowerShell', 'creationUtcTime': '2025-12-29 10:35:59.957', 'user': 'WINDOWSEND-C792\\\\ayoub'}, 'system': {'eventID': '11', 'keywords': '0x8000000000000000', 'providerGuid': '{5770385f-c22a-43e0-bf4c-06f5698ffbd9}', 'level': '4', 'channel': 'Microsoft-Windows-Sysmon/Operational', 'opcode': '0', 'message': '""File created:\r\nRuleName: technique_id=T1059.001,technique_name=PowerShell\r\nUtcTime: 2025-12-29 10:35:59.957\r\nProcessGuid: {411eefe4-598d-6952-4819-000000001000}\r\nProcessId: 13692\r\nImage: C:\\WINDOWS\\System32\\WindowsPowerShell\\v1.0\\powershell.exe\r\nTargetFilename: C:\\Users\\ayoub\\AppData\\Local\\Temp\\__PSScriptPolicyTest_4mskmj3d.lhx.ps1\r\nCreationUtcTime: 2025-12-29 10:35:59.957\r\nUser: WINDOWSEND-C792\\ayoub""', 'version': '2', 'systemTime': '2025-12-29T10:35:59.9603224Z', 'eventRecordID': '19228', 'threadID': '3676', 'computer': 'WindowsEnd-c7921449-8b62-4c4d-8a83-d9281ac0190b', 'task': '11', 'processID': '1836', 'severityValue': 'INFORMATION', 'providerName': 'Microsoft-Windows-Sysmon'}}}, 'rule': {'firedtimes': 15, 'mail': True, 'level': 15, 'description': 'Executable file dropped in folder commonly used by malware', 'groups': ['sysmon', 'sysmon_eid11_detections', 'windows'], 'mitre': {'technique': ['Ingress Tool Transfer'], 'id': ['T1105'], 'tactic': ['Command and Control']}, 'id': '92213'}, 'decoder': {'name': 'windows_eventchannel'}, 'input': {'type': 'log'}, '@timestamp': '2025-12-29T10:38:07.606Z', 'location': 'EventChannel', 'id': '1767004687.7874546', 'timestamp': '2025-12-29T11:38:07.606+0100'}",critical,
2025-12-29T10:38:07.752Z,Endpoint3-Win,1,92052,Windows command prompt started by an abnormal process,4,T1059.003,EventChannel,"{'agent': {'ip': '192.168.100.15', 'name': 'Endpoint3-Win', 'id': '001'}, 'manager': {'name': 'wazuh-vm'}, 'data': {'win': {'eventdata': {'originalFileName': 'Cmd.Exe', 'image': 'C:\\\\Windows\\\\System32\\\\cmd.exe', 'product': 'Microsoft® Windows® Operating System', 'parentProcessGuid': '{411eefe4-27e2-6951-1d00-000000001000}', 'description': 'Windows Command Processor', 'logonGuid': '{411eefe4-28dc-6951-f5d2-0e0000000000}', 'parentCommandLine': 'C:\\\\WINDOWS\\\\system32\\\\svchost.exe -k netsvcs -p -s Schedule', 'processGuid': '{411eefe4-5992-6952-4c19-000000001000}', 'logonId': '0xed2f5', 'parentProcessId': '1456', 'processId': '9880', 'currentDirectory': 'C:\\\\WINDOWS\\\\system32\\\\', 'utcTime': '2025-12-29 10:36:02.538', 'hashes': 'SHA1=583BAC245F14E4E07E7508692C5D8B97F9EB9E6D,MD5=6D109A3A00F210C1AB89C3B08399ED48,SHA256=64AFC6DB3AAD1289533662E2D79E27DD55C7DCDB8CD918B08E145AD82AD5ACB4,IMPHASH=B0F049C014592B156EB1FA857E99CEB9', 'parentImage': 'C:\\\\Windows\\\\System32\\\\svchost.exe', 'ruleName': 'technique_id=T1059.003,technique_name=Windows Command Shell', 'company': 'Microsoft Corporation', 'commandLine': '\\""cmd.exe\\"" /c echo Normal traffic task executed at %%DATE%% %%TIME%% &gt;&gt; C:\\\\Users\\\\ayoub\\\\NormalTraffic\\\\tasklog.txt', 'integrityLevel': 'High', 'fileVersion': '10.0.26100.7309 (WinBuild.160101.0800)', 'user': 'WINDOWSEND-C792\\\\ayoub', 'terminalSessionId': '1', 'parentUser': 'NT AUTHORITY\\\\SYSTEM'}, 'system': {'eventID': '1', 'keywords': '0x8000000000000000', 'providerGuid': '{5770385f-c22a-43e0-bf4c-06f5698ffbd9}', 'level': '4', 'channel': 'Microsoft-Windows-Sysmon/Operational', 'opcode': '0', 'message': '""Process Create:\r\nRuleName: technique_id=T1059.003,technique_name=Windows Command Shell\r\nUtcTime: 2025-12-29 10:36:02.538\r\nProcessGuid: {411eefe4-5992-6952-4c19-000000001000}\r\nProcessId: 9880\r\nImage: C:\\Windows\\System32\\cmd.exe\r\nFileVersion: 10.0.26100.7309 (WinBuild.160101.0800)\r\nDescription: Windows Command Processor\r\nProduct: Microsoft® Windows® Operating System\r\nCompany: Microsoft Corporation\r\nOriginalFileName: Cmd.Exe\r\nCommandLine: ""cmd.exe"" /c echo Normal traffic task executed at %%DATE%% %%TIME%% >> C:\\Users\\ayoub\\NormalTraffic\\tasklog.txt\r\nCurrentDirectory: C:\\WINDOWS\\system32\\\r\nUser: WINDOWSEND-C792\\ayoub\r\nLogonGuid: {411eefe4-28dc-6951-f5d2-0e0000000000}\r\nLogonId: 0xED2F5\r\nTerminalSessionId: 1\r\nIntegrityLevel: High\r\nHashes: SHA1=583BAC245F14E4E07E7508692C5D8B97F9EB9E6D,MD5=6D109A3A00F210C1AB89C3B08399ED48,SHA256=64AFC6DB3AAD1289533662E2D79E27DD55C7DCDB8CD918B08E145AD82AD5ACB4,IMPHASH=B0F049C014592B156EB1FA857E99CEB9\r\nParentProcessGuid: {411eefe4-27e2-6951-1d00-000000001000}\r\nParentProcessId: 1456\r\nParentImage: C:\\Windows\\System32\\svchost.exe\r\nParentCommandLine: C:\\WINDOWS\\system32\\svchost.exe -k netsvcs -p -s Schedule\r\nParentUser: NT AUTHORITY\\SYSTEM""', 'version': '5', 'systemTime': '2025-12-29T10:36:02.5504237Z', 'eventRecordID': '19237', 'threadID': '3676', 'computer': 'WindowsEnd-c7921449-8b62-4c4d-8a83-d9281ac0190b', 'task': '1', 'processID': '1836', 'severityValue': 'INFORMATION', 'providerName': 'Microsoft-Windows-Sysmon'}}}, 'rule': {'firedtimes': 13, 'mail': False, 'level': 4, 'description': 'Windows command prompt started by an abnormal process', 'groups': ['sysmon', 'sysmon_eid1_detections', 'windows'], 'mitre': {'technique': ['Windows Command Shell'], 'id': ['T1059.003'], 'tactic': ['Execution']}, 'id': '92052'}, 'decoder': {'name': 'windows_eventchannel'}, 'input': {'type': 'log'}, '@timestamp': '2025-12-29T10:38:07.752Z', 'location': 'EventChannel', 'id': '1767004687.7877629', 'timestamp': '2025-12-29T11:38:07.752+0100'}",medium,"\""cmd.exe\"" /c echo Normal traffic task executed at %%DATE%% %%TIME%% &gt;&gt; C:\\Users\\ayoub\\NormalTraffic\\tasklog.txt"
2025-12-29T10:38:07.957Z,Endpoint3-Win,1,92027,Powershell process spawned powershell instance,4,T1059.001,EventChannel,"{'agent': {'ip': '192.168.100.15', 'name': 'Endpoint3-Win', 'id': '001'}, 'manager': {'name': 'wazuh-vm'}, 'data': {'win': {'eventdata': {'originalFileName': 'PowerShell.EXE', 'image': 'C:\\\\Windows\\\\System32\\\\WindowsPowerShell\\\\v1.0\\\\powershell.exe', 'product': 'Microsoft® Windows® Operating System', 'parentProcessGuid': '{411eefe4-ab3e-6951-cb0d-000000001000}', 'description': 'Windows PowerShell', 'logonGuid': '{411eefe4-28dc-6951-f5d2-0e0000000000}', 'parentCommandLine': 'C:\\\\WINDOWS\\\\System32\\\\WindowsPowerShell\\\\v1.0\\\\powershell.exe', 'processGuid': '{411eefe4-5996-6952-5119-000000001000}', 'logonId': '0xed2f5', 'parentProcessId': '5948', 'processId': '8176', 'currentDirectory': 'C:\\\\Users\\\\ayoub\\\\AppData\\\\Local\\\\Temp\\\\', 'utcTime': '2025-12-29 10:36:06.034', 'hashes': 'SHA1=EB42621654E02FAF2DE940442B6DEB1A77864E5B,MD5=A97E6573B97B44C96122BFA543A82EA1,SHA256=0FF6F2C94BC7E2833A5F7E16DE1622E5DBA70396F31C7D5F56381870317E8C46,IMPHASH=AFACF6DC9041114B198160AAB4D0AE77', 'parentImage': 'C:\\\\Windows\\\\System32\\\\WindowsPowerShell\\\\v1.0\\\\powershell.exe', 'ruleName': 'technique_id=T1059.001,technique_name=PowerShell', 'company': 'Microsoft Corporation', 'commandLine': '\\""powershell.exe\\"" &amp; {Enable-PSRemoting -Force}', 'integrityLevel': 'High', 'fileVersion': '10.0.26100.5074 (WinBuild.160101.0800)', 'user': 'WINDOWSEND-C792\\\\ayoub', 'terminalSessionId': '1', 'parentUser': 'WINDOWSEND-C792\\\\ayoub'}, 'system': {'eventID': '1', 'keywords': '0x8000000000000000', 'providerGuid': '{5770385f-c22a-43e0-bf4c-06f5698ffbd9}', 'level': '4', 'channel': 'Microsoft-Windows-Sysmon/Operational', 'opcode': '0', 'message': '""Process Create:\r\nRuleName: technique_id=T1059.001,technique_name=PowerShell\r\nUtcTime: 2025-12-29 10:36:06.034\r\nProcessGuid: {411eefe4-5996-6952-5119-000000001000}\r\nProcessId: 8176\r\nImage: C:\\Windows\\System32\\WindowsPowerShell\\v1.0\\powershell.exe\r\nFileVersion: 10.0.26100.5074 (WinBuild.160101.0800)\r\nDescription: Windows PowerShell\r\nProduct: Microsoft® Windows® Operating System\r\nCompany: Microsoft Corporation\r\nOriginalFileName: PowerShell.EXE\r\nCommandLine: ""powershell.exe"" & {Enable-PSRemoting -Force}\r\nCurrentDirectory: C:\\Users\\ayoub\\AppData\\Local\\Temp\\\r\nUser: WINDOWSEND-C792\\ayoub\r\nLogonGuid: {411eefe4-28dc-6951-f5d2-0e0000000000}\r\nLogonId: 0xED2F5\r\nTerminalSessionId: 1\r\nIntegrityLevel: High\r\nHashes: SHA1=EB42621654E02FAF2DE940442B6DEB1A77864E5B,MD5=A97E6573B97B44C96122BFA543A82EA1,SHA256=0FF6F2C94BC7E2833A5F7E16DE1622E5DBA70396F31C7D5F56381870317E8C46,IMPHASH=AFACF6DC9041114B198160AAB4D0AE77\r\nParentProcessGuid: {411eefe4-ab3e-6951-cb0d-000000001000}\r\nParentProcessId: 5948\r\nParentImage: C:\\Windows\\System32\\WindowsPowerShell\\v1.0\\powershell.exe\r\nParentCommandLine: C:\\WINDOWS\\System32\\WindowsPowerShell\\v1.0\\powershell.exe\r\nParentUser: WINDOWSEND-C792\\ayoub""', 'version': '5', 'systemTime': '2025-12-29T10:36:06.0369284Z', 'eventRecordID': '19252', 'threadID': '3676', 'computer': 'WindowsEnd-c7921449-8b62-4c4d-8a83-d9281ac0190b', 'task': '1', 'processID': '1836', 'severityValue': 'INFORMATION', 'providerName': 'Microsoft-Windows-Sysmon'}}}, 'rule': {'firedtimes': 9, 'mail': False, 'level': 4, 'description': 'Powershell process spawned powershell instance', 'groups': ['sysmon', 'sysmon_eid1_detections', 'windows'], 'mitre': {'technique': ['PowerShell'], 'id': ['T1059.001'], 'tactic': ['Execution']}, 'id': '92027'}, 'decoder': {'name': 'windows_eventchannel'}, 'input': {'type': 'log'}, '@timestamp': '2025-12-29T10:38:07.957Z', 'location': 'EventChannel', 'id': '1767004687.7884098', 'timestamp': '2025-12-29T11:38:07.957+0100'}",medium,"\""powershell.exe\"" &amp; {Enable-PSRemoting -Force}"
2025-12-29T10:38:08.007Z,Endpoint3-Win,1,92213,Executable file dropped in folder commonly used by malware,15,T1105,EventChannel,"{'agent': {'ip': '192.168.100.15', 'name': 'Endpoint3-Win', 'id': '001'}, 'manager': {'name': 'wazuh-vm'}, 'data': {'win': {'eventdata': {'image': 'C:\\\\WINDOWS\\\\System32\\\\WindowsPowerShell\\\\v1.0\\\\powershell.exe', 'processGuid': '{411eefe4-5996-6952-5119-000000001000}', 'processId': '8176', 'utcTime': '2025-12-29 10:36:06.257', 'targetFilename': 'C:\\\\Users\\\\ayoub\\\\AppData\\\\Local\\\\Temp\\\\__PSScriptPolicyTest_02oz3uen.t3v.ps1', 'ruleName': 'technique_id=T1059.001,technique_name=PowerShell', 'creationUtcTime': '2025-12-29 10:36:06.257', 'user': 'WINDOWSEND-C792\\\\ayoub'}, 'system': {'eventID': '11', 'keywords': '0x8000000000000000', 'providerGuid': '{5770385f-c22a-43e0-bf4c-06f5698ffbd9}', 'level': '4', 'channel': 'Microsoft-Windows-Sysmon/Operational', 'opcode': '0', 'message': '""File created:\r\nRuleName: technique_id=T1059.001,technique_name=PowerShell\r\nUtcTime: 2025-12-29 10:36:06.257\r\nProcessGuid: {411eefe4-5996-6952-5119-000000001000}\r\nProcessId: 8176\r\nImage: C:\\WINDOWS\\System32\\WindowsPowerShell\\v1.0\\powershell.exe\r\nTargetFilename: C:\\Users\\ayoub\\AppData\\Local\\Temp\\__PSScriptPolicyTest_02oz3uen.t3v.ps1\r\nCreationUtcTime: 2025-12-29 10:36:06.257\r\nUser: WINDOWSEND-C792\\ayoub""', 'version': '2', 'systemTime': '2025-12-29T10:36:06.2886557Z', 'eventRecordID': '19261', 'threadID': '3676', 'computer': 'WindowsEnd-c7921449-8b62-4c4d-8a83-d9281ac0190b', 'task': '11', 'processID': '1836', 'severityValue': 'INFORMATION', 'providerName': 'Microsoft-Windows-Sysmon'}}}, 'rule': {'firedtimes': 16, 'mail': True, 'level': 15, 'description': 'Executable file dropped in folder commonly used by malware', 'groups': ['sysmon', 'sysmon_eid11_detections', 'windows'], 'mitre': {'technique': ['Ingress Tool Transfer'], 'id': ['T1105'], 'tactic': ['Command and Control']}, 'id': '92213'}, 'decoder': {'name': 'windows_eventchannel'}, 'input': {'type': 'log'}, '@timestamp': '2025-12-29T10:38:08.007Z', 'location': 'EventChannel', 'id': '1767004688.7890561', 'timestamp': '2025-12-29T11:38:08.007+0100'}",critical,
2025-12-29T10:38:08.288Z,Endpoint3-Win,1,92027,Powershell process spawned powershell instance,4,T1059.001,EventChannel,"{'agent': {'ip': '192.168.100.15', 'name': 'Endpoint3-Win', 'id': '001'}, 'manager': {'name': 'wazuh-vm'}, 'data': {'win': {'eventdata': {'originalFileName': 'PowerShell.EXE', 'image': 'C:\\\\Windows\\\\System32\\\\WindowsPowerShell\\\\v1.0\\\\powershell.exe', 'product': 'Microsoft® Windows® Operating System', 'parentProcessGuid': '{411eefe4-ab3e-6951-cb0d-000000001000}', 'description': 'Windows PowerShell', 'logonGuid': '{411eefe4-28dc-6951-f5d2-0e0000000000}', 'parentCommandLine': 'C:\\\\WINDOWS\\\\System32\\\\WindowsPowerShell\\\\v1.0\\\\powershell.exe', 'processGuid': '{411eefe4-59a7-6952-5719-000000001000}', 'logonId': '0xed2f5', 'parentProcessId': '5948', 'processId': '13080', 'currentDirectory': 'C:\\\\Users\\\\ayoub\\\\AppData\\\\Local\\\\Temp\\\\', 'utcTime': '2025-12-29 10:36:23.651', 'hashes': 'SHA1=EB42621654E02FAF2DE940442B6DEB1A77864E5B,MD5=A97E6573B97B44C96122BFA543A82EA1,SHA256=0FF6F2C94BC7E2833A5F7E16DE1622E5DBA70396F31C7D5F56381870317E8C46,IMPHASH=AFACF6DC9041114B198160AAB4D0AE77', 'parentImage': 'C:\\\\Windows\\\\System32\\\\WindowsPowerShell\\\\v1.0\\\\powershell.exe', 'ruleName': 'technique_id=T1059.001,technique_name=PowerShell', 'company': 'Microsoft Corporation', 'commandLine': '\\""powershell.exe\\"" &amp; {Enable-PSRemoting -Force Invoke-Command -ComputerName $env:COMPUTERNAME -ScriptBlock {whoami}}', 'integrityLevel': 'High', 'fileVersion': '10.0.26100.5074 (WinBuild.160101.0800)', 'user': 'WINDOWSEND-C792\\\\ayoub', 'terminalSessionId': '1', 'parentUser': 'WINDOWSEND-C792\\\\ayoub'}, 'system': {'eventID': '1', 'keywords': '0x8000000000000000', 'providerGuid': '{5770385f-c22a-43e0-bf4c-06f5698ffbd9}', 'level': '4', 'channel': 'Microsoft-Windows-Sysmon/Operational', 'opcode': '0', 'message': '""Process Create:\r\nRuleName: technique_id=T1059.001,technique_name=PowerShell\r\nUtcTime: 2025-12-29 10:36:23.651\r\nProcessGuid: {411eefe4-59a7-6952-5719-000000001000}\r\nProcessId: 13080\r\nImage: C:\\Windows\\System32\\WindowsPowerShell\\v1.0\\powershell.exe\r\nFileVersion: 10.0.26100.5074 (WinBuild.160101.0800)\r\nDescription: Windows PowerShell\r\nProduct: Microsoft® Windows® Operating System\r\nCompany: Microsoft Corporation\r\nOriginalFileName: PowerShell.EXE\r\nCommandLine: ""powershell.exe"" & {Enable-PSRemoting -Force\nInvoke-Command -ComputerName $env:COMPUTERNAME -ScriptBlock {whoami}}\r\nCurrentDirectory: C:\\Users\\ayoub\\AppData\\Local\\Temp\\\r\nUser: WINDOWSEND-C792\\ayoub\r\nLogonGuid: {411eefe4-28dc-6951-f5d2-0e0000000000}\r\nLogonId: 0xED2F5\r\nTerminalSessionId: 1\r\nIntegrityLevel: High\r\nHashes: SHA1=EB42621654E02FAF2DE940442B6DEB1A77864E5B,MD5=A97E6573B97B44C96122BFA543A82EA1,SHA256=0FF6F2C94BC7E2833A5F7E16DE1622E5DBA70396F31C7D5F56381870317E8C46,IMPHASH=AFACF6DC9041114B198160AAB4D0AE77\r\nParentProcessGuid: {411eefe4-ab3e-6951-cb0d-000000001000}\r\nParentProcessId: 5948\r\nParentImage: C:\\Windows\\System32\\WindowsPowerShell\\v1.0\\powershell.exe\r\nParentCommandLine: C:\\WINDOWS\\System32\\WindowsPowerShell\\v1.0\\powershell.exe\r\nParentUser: WINDOWSEND-C792\\ayoub""', 'version': '5', 'systemTime': '2025-12-29T10:36:23.6558853Z', 'eventRecordID': '19278', 'threadID': '3676', 'computer': 'WindowsEnd-c7921449-8b62-4c4d-8a83-d9281ac0190b', 'task': '1', 'processID': '1836', 'severityValue': 'INFORMATION', 'providerName': 'Microsoft-Windows-Sysmon'}}}, 'rule': {'firedtimes': 10, 'mail': False, 'level': 4, 'description': 'Powershell process spawned powershell instance', 'groups': ['sysmon', 'sysmon_eid1_detections', 'windows'], 'mitre': {'technique': ['PowerShell'], 'id': ['T1059.001'], 'tactic': ['Execution']}, 'id': '92027'}, 'decoder': {'name': 'windows_eventchannel'}, 'input': {'type': 'log'}, '@timestamp': '2025-12-29T10:38:08.288Z', 'location': 'EventChannel', 'id': '1767004688.7893640', 'timestamp': '2025-12-29T11:38:08.288+0100'}",medium,"\""powershell.exe\"" &amp; {Enable-PSRemoting -Force Invoke-Command -ComputerName $env:COMPUTERNAME -ScriptBlock {whoami}}"
2025-12-29T10:38:08.404Z,Endpoint3-Win,1,92213,Executable file dropped in folder commonly used by malware,15,T1105,EventChannel,"{'agent': {'ip': '192.168.100.15', 'name': 'Endpoint3-Win', 'id': '001'}, 'manager': {'name': 'wazuh-vm'}, 'data': {'win': {'eventdata': {'image': 'C:\\\\WINDOWS\\\\System32\\\\WindowsPowerShell\\\\v1.0\\\\powershell.exe', 'processGuid': '{411eefe4-59a7-6952-5719-000000001000}', 'processId': '13080', 'utcTime': '2025-12-29 10:36:23.929', 'targetFilename': 'C:\\\\Users\\\\ayoub\\\\AppData\\\\Local\\\\Temp\\\\__PSScriptPolicyTest_ltdz3ebn.dne.ps1', 'ruleName': 'technique_id=T1059.001,technique_name=PowerShell', 'creationUtcTime': '2025-12-29 10:36:23.929', 'user': 'WINDOWSEND-C792\\\\ayoub'}, 'system': {'eventID': '11', 'keywords': '0x8000000000000000', 'providerGuid': '{5770385f-c22a-43e0-bf4c-06f5698ffbd9}', 'level': '4', 'channel': 'Microsoft-Windows-Sysmon/Operational', 'opcode': '0', 'message': '""File created:\r\nRuleName: technique_id=T1059.001,technique_name=PowerShell\r\nUtcTime: 2025-12-29 10:36:23.929\r\nProcessGuid: {411eefe4-59a7-6952-5719-000000001000}\r\nProcessId: 13080\r\nImage: C:\\WINDOWS\\System32\\WindowsPowerShell\\v1.0\\powershell.exe\r\nTargetFilename: C:\\Users\\ayoub\\AppData\\Local\\Temp\\__PSScriptPolicyTest_ltdz3ebn.dne.ps1\r\nCreationUtcTime: 2025-12-29 10:36:23.929\r\nUser: WINDOWSEND-C792\\ayoub""', 'version': '2', 'systemTime': '2025-12-29T10:36:23.9469205Z', 'eventRecordID': '19287', 'threadID': '3676', 'computer': 'WindowsEnd-c7921449-8b62-4c4d-8a83-d9281ac0190b', 'task': '11', 'processID': '1836', 'severityValue': 'INFORMATION', 'providerName': 'Microsoft-Windows-Sysmon'}}}, 'rule': {'firedtimes': 17, 'mail': True, 'level': 15, 'description': 'Executable file dropped in folder commonly used by malware', 'groups': ['sysmon', 'sysmon_eid11_detections', 'windows'], 'mitre': {'technique': ['Ingress Tool Transfer'], 'id': ['T1105'], 'tactic': ['Command and Control']}, 'id': '92213'}, 'decoder': {'name': 'windows_eventchannel'}, 'input': {'type': 'log'}, '@timestamp': '2025-12-29T10:38:08.404Z', 'location': 'EventChannel', 'id': '1767004688.7900384', 'timestamp': '2025-12-29T11:38:08.404+0100'}",critical,
2025-12-29T10:38:08.778Z,Endpoint3-Win,1,92110,Detected WinRM activity from 0:0:0:0:0:0:0:1 to 0:0:0:0:0:0:0:1,4,T1021.006,EventChannel,"{'agent': {'ip': '192.168.100.15', 'name': 'Endpoint3-Win', 'id': '001'}, 'manager': {'name': 'wazuh-vm'}, 'data': {'win': {'eventdata': {'destinationPort': '5985', 'image': 'C:\\\\WINDOWS\\\\System32\\\\svchost.exe', 'sourcePort': '63105', 'initiated': 'true', 'destinationIp': '0:0:0:0:0:0:0:1', 'protocol': 'tcp', 'processGuid': '{411eefe4-59c0-6952-5f19-000000001000}', 'sourceIp': '0:0:0:0:0:0:0:1', 'processId': '11940', 'utcTime': '2025-12-29 10:00:30.580', 'ruleName': 'technique_id=T1021,technique_name=Remote Services', 'destinationIsIpv6': 'true', 'user': 'NT AUTHORITY\\\\SYSTEM', 'sourceIsIpv6': 'true'}, 'system': {'eventID': '3', 'keywords': '0x8000000000000000', 'providerGuid': '{5770385f-c22a-43e0-bf4c-06f5698ffbd9}', 'level': '4', 'channel': 'Microsoft-Windows-Sysmon/Operational', 'opcode': '0', 'message': '""Network connection detected:\r\nRuleName: technique_id=T1021,technique_name=Remote Services\r\nUtcTime: 2025-12-29 10:00:30.580\r\nProcessGuid: {411eefe4-59c0-6952-5f19-000000001000}\r\nProcessId: 11940\r\nImage: C:\\WINDOWS\\System32\\svchost.exe\r\nUser: NT AUTHORITY\\SYSTEM\r\nProtocol: tcp\r\nInitiated: true\r\nSourceIsIpv6: true\r\nSourceIp: 0:0:0:0:0:0:0:1\r\nSourceHostname: -\r\nSourcePort: 63105\r\nSourcePortName: -\r\nDestinationIsIpv6: true\r\nDestinationIp: 0:0:0:0:0:0:0:1\r\nDestinationHostname: -\r\nDestinationPort: 5985\r\nDestinationPortName: -""', 'version': '5', 'systemTime': '2025-12-29T10:36:50.1622222Z', 'eventRecordID': '19312', 'threadID': '2620', 'computer': 'WindowsEnd-c7921449-8b62-4c4d-8a83-d9281ac0190b', 'task': '3', 'processID': '1836', 'severityValue': 'INFORMATION', 'providerName': 'Microsoft-Windows-Sysmon'}}}, 'rule': {'firedtimes': 5, 'mail': False, 'level': 4, 'description': 'Detected WinRM activity from 0:0:0:0:0:0:0:1 to 0:0:0:0:0:0:0:1', 'groups': ['sysmon', 'sysmon_eid3_detections', 'windows'], 'mitre': {'technique': ['Windows Remote Management'], 'id': ['T1021.006'], 'tactic': ['Lateral Movement']}, 'id': '92110'}, 'decoder': {'name': 'windows_eventchannel'}, 'input': {'type': 'log'}, '@timestamp': '2025-12-29T10:38:08.778Z', 'location': 'EventChannel', 'id': '1767004688.7903467', 'timestamp': '2025-12-29T11:38:08.778+0100'}",medium,
2025-12-29T10:38:08.795Z,Endpoint3-Win,1,92110,Detected WinRM activity from 0:0:0:0:0:0:0:1 to 0:0:0:0:0:0:0:1,4,T1021.006,EventChannel,"{'agent': {'ip': '192.168.100.15', 'name': 'Endpoint3-Win', 'id': '001'}, 'manager': {'name': 'wazuh-vm'}, 'data': {'win': {'eventdata': {'destinationPort': '5985', 'image': 'System', 'sourcePort': '63105', 'initiated': 'false', 'destinationIp': '0:0:0:0:0:0:0:1', 'protocol': 'tcp', 'processGuid': '{411eefe4-27d6-6951-eb03-000000000000}', 'sourceIp': '0:0:0:0:0:0:0:1', 'processId': '4', 'utcTime': '2025-12-29 10:00:30.580', 'ruleName': 'technique_id=T1021,technique_name=Remote Services', 'destinationIsIpv6': 'true', 'user': 'NT AUTHORITY\\\\SYSTEM', 'sourceIsIpv6': 'true'}, 'system': {'eventID': '3', 'keywords': '0x8000000000000000', 'providerGuid': '{5770385f-c22a-43e0-bf4c-06f5698ffbd9}', 'level': '4', 'channel': 'Microsoft-Windows-Sysmon/Operational', 'opcode': '0', 'message': '""Network connection detected:\r\nRuleName: technique_id=T1021,technique_name=Remote Services\r\nUtcTime: 2025-12-29 10:00:30.580\r\nProcessGuid: {411eefe4-27d6-6951-eb03-000000000000}\r\nProcessId: 4\r\nImage: System\r\nUser: NT AUTHORITY\\SYSTEM\r\nProtocol: tcp\r\nInitiated: false\r\nSourceIsIpv6: true\r\nSourceIp: 0:0:0:0:0:0:0:1\r\nSourceHostname: -\r\nSourcePort: 63105\r\nSourcePortName: -\r\nDestinationIsIpv6: true\r\nDestinationIp: 0:0:0:0:0:0:0:1\r\nDestinationHostname: -\r\nDestinationPort: 5985\r\nDestinationPortName: -""', 'version': '5', 'systemTime': '2025-12-29T10:36:50.1622688Z', 'eventRecordID': '19313', 'threadID': '2620', 'computer': 'WindowsEnd-c7921449-8b62-4c4d-8a83-d9281ac0190b', 'task': '3', 'processID': '1836', 'severityValue': 'INFORMATION', 'providerName': 'Microsoft-Windows-Sysmon'}}}, 'rule': {'firedtimes': 6, 'mail': False, 'level': 4, 'description': 'Detected WinRM activity from 0:0:0:0:0:0:0:1 to 0:0:0:0:0:0:0:1', 'groups': ['sysmon', 'sysmon_eid3_detections', 'windows'], 'mitre': {'technique': ['Windows Remote Management'], 'id': ['T1021.006'], 'tactic': ['Lateral Movement']}, 'id': '92110'}, 'decoder': {'name': 'windows_eventchannel'}, 'input': {'type': 'log'}, '@timestamp': '2025-12-29T10:38:08.795Z', 'location': 'EventChannel', 'id': '1767004688.7906895', 'timestamp': '2025-12-29T11:38:08.795+0100'}",medium,
2025-12-29T10:38:08.859Z,Endpoint3-Win,1,92110,Detected WinRM activity from 0:0:0:0:0:0:0:1 to 0:0:0:0:0:0:0:1,4,T1021.006,EventChannel,"{'agent': {'ip': '192.168.100.15', 'name': 'Endpoint3-Win', 'id': '001'}, 'manager': {'name': 'wazuh-vm'}, 'data': {'win': {'eventdata': {'destinationPort': '5985', 'image': 'C:\\\\WINDOWS\\\\System32\\\\svchost.exe', 'sourcePort': '63106', 'initiated': 'true', 'destinationIp': '0:0:0:0:0:0:0:1', 'protocol': 'tcp', 'processGuid': '{411eefe4-59c0-6952-5f19-000000001000}', 'sourceIp': '0:0:0:0:0:0:0:1', 'processId': '11940', 'utcTime': '2025-12-29 10:00:31.949', 'ruleName': 'technique_id=T1021,technique_name=Remote Services', 'destinationIsIpv6': 'true', 'user': 'NT AUTHORITY\\\\SYSTEM', 'sourceIsIpv6': 'true'}, 'system': {'eventID': '3', 'keywords': '0x8000000000000000', 'providerGuid': '{5770385f-c22a-43e0-bf4c-06f5698ffbd9}', 'level': '4', 'channel': 'Microsoft-Windows-Sysmon/Operational', 'opcode': '0', 'message': '""Network connection detected:\r\nRuleName: technique_id=T1021,technique_name=Remote Services\r\nUtcTime: 2025-12-29 10:00:31.949\r\nProcessGuid: {411eefe4-59c0-6952-5f19-000000001000}\r\nProcessId: 11940\r\nImage: C:\\WINDOWS\\System32\\svchost.exe\r\nUser: NT AUTHORITY\\SYSTEM\r\nProtocol: tcp\r\nInitiated: true\r\nSourceIsIpv6: true\r\nSourceIp: 0:0:0:0:0:0:0:1\r\nSourceHostname: -\r\nSourcePort: 63106\r\nSourcePortName: -\r\nDestinationIsIpv6: true\r\nDestinationIp: 0:0:0:0:0:0:0:1\r\nDestinationHostname: -\r\nDestinationPort: 5985\r\nDestinationPortName: -""', 'version': '5', 'systemTime': '2025-12-29T10:36:51.8274604Z', 'eventRecordID': '19318', 'threadID': '2620', 'computer': 'WindowsEnd-c7921449-8b62-4c4d-8a83-d9281ac0190b', 'task': '3', 'processID': '1836', 'severityValue': 'INFORMATION', 'providerName': 'Microsoft-Windows-Sysmon'}}}, 'rule': {'firedtimes': 7, 'mail': False, 'level': 4, 'description': 'Detected WinRM activity from 0:0:0:0:0:0:0:1 to 0:0:0:0:0:0:0:1', 'groups': ['sysmon', 'sysmon_eid3_detections', 'windows'], 'mitre': {'technique': ['Windows Remote Management'], 'id': ['T1021.006'], 'tactic': ['Lateral Movement']}, 'id': '92110'}, 'decoder': {'name': 'windows_eventchannel'}, 'input': {'type': 'log'}, '@timestamp': '2025-12-29T10:38:08.859Z', 'location': 'EventChannel', 'id': '1767004688.7910196', 'timestamp': '2025-12-29T11:38:08.859+0100'}",medium,
2025-12-29T10:38:08.876Z,Endpoint3-Win,1,92110,Detected WinRM activity from 0:0:0:0:0:0:0:1 to 0:0:0:0:0:0:0:1,4,T1021.006,EventChannel,"{'agent': {'ip': '192.168.100.15', 'name': 'Endpoint3-Win', 'id': '001'}, 'manager': {'name': 'wazuh-vm'}, 'data': {'win': {'eventdata': {'destinationPort': '5985', 'image': 'System', 'sourcePort': '63106', 'initiated': 'false', 'destinationIp': '0:0:0:0:0:0:0:1', 'protocol': 'tcp', 'processGuid': '{411eefe4-27d6-6951-eb03-000000000000}', 'sourceIp': '0:0:0:0:0:0:0:1', 'processId': '4', 'utcTime': '2025-12-29 10:00:31.949', 'ruleName': 'technique_id=T1021,technique_name=Remote Services', 'destinationIsIpv6': 'true', 'user': 'NT AUTHORITY\\\\SYSTEM', 'sourceIsIpv6': 'true'}, 'system': {'eventID': '3', 'keywords': '0x8000000000000000', 'providerGuid': '{5770385f-c22a-43e0-bf4c-06f5698ffbd9}', 'level': '4', 'channel': 'Microsoft-Windows-Sysmon/Operational', 'opcode': '0', 'message': '""Network connection detected:\r\nRuleName: technique_id=T1021,technique_name=Remote Services\r\nUtcTime: 2025-12-29 10:00:31.949\r\nProcessGuid: {411eefe4-27d6-6951-eb03-000000000000}\r\nProcessId: 4\r\nImage: System\r\nUser: NT AUTHORITY\\SYSTEM\r\nProtocol: tcp\r\nInitiated: false\r\nSourceIsIpv6: true\r\nSourceIp: 0:0:0:0:0:0:0:1\r\nSourceHostname: -\r\nSourcePort: 63106\r\nSourcePortName: -\r\nDestinationIsIpv6: true\r\nDestinationIp: 0:0:0:0:0:0:0:1\r\nDestinationHostname: -\r\nDestinationPort: 5985\r\nDestinationPortName: -""', 'version': '5', 'systemTime': '2025-12-29T10:36:51.8275044Z', 'eventRecordID': '19319', 'threadID': '2620', 'computer': 'WindowsEnd-c7921449-8b62-4c4d-8a83-d9281ac0190b', 'task': '3', 'processID': '1836', 'severityValue': 'INFORMATION', 'providerName': 'Microsoft-Windows-Sysmon'}}}, 'rule': {'firedtimes': 8, 'mail': False, 'level': 4, 'description': 'Detected WinRM activity from 0:0:0:0:0:0:0:1 to 0:0:0:0:0:0:0:1', 'groups': ['sysmon', 'sysmon_eid3_detections', 'windows'], 'mitre': {'technique': ['Windows Remote Management'], 'id': ['T1021.006'], 'tactic': ['Lateral Movement']}, 'id': '92110'}, 'decoder': {'name': 'windows_eventchannel'}, 'input': {'type': 'log'}, '@timestamp': '2025-12-29T10:38:08.876Z', 'location': 'EventChannel', 'id': '1767004688.7913624', 'timestamp': '2025-12-29T11:38:08.876+0100'}",medium,
