2025-12-29T20:50:27.018Z,Endpoint3-Win,1,92307,Evidence of new service creation found in registry under HKLM\\System\\CurrentControlSet\\Services\\DevicePickerUserSvc_9bc5f\\ImagePath binary is: C:\\WINDOWS\\system32\\svchost.exe -k DevicesFlow,3,T1543.003,EventChannel,"{'agent': {'ip': '192.168.100.15', 'name': 'Endpoint3-Win', 'id': '001'}, 'manager': {'name': 'wazuh-vm'}, 'data': {'win': {'eventdata': {'image': 'C:\\\\WINDOWS\\\\system32\\\\services.exe', 'targetObject': 'HKLM\\\\System\\\\CurrentControlSet\\\\Services\\\\DevicePickerUserSvc_9bc5f\\\\ImagePath', 'processGuid': '{411eefe4-e8cd-6952-0b00-000000001100}', 'processId': '836', 'utcTime': '2025-12-29 20:48:09.898', 'details': 'C:\\\\WINDOWS\\\\system32\\\\svchost.exe -k DevicesFlow', 'eventType': 'SetValue', 'user': 'NT AUTHORITY\\\\SYSTEM'}, 'system': {'eventID': '13', 'keywords': '0x8000000000000000', 'providerGuid': '{5770385f-c22a-43e0-bf4c-06f5698ffbd9}', 'level': '4', 'channel': 'Microsoft-Windows-Sysmon/Operational', 'opcode': '0', 'message': '""Registry value set:\r\nRuleName: -\r\nEventType: SetValue\r\nUtcTime: 2025-12-29 20:48:09.898\r\nProcessGuid: {411eefe4-e8cd-6952-0b00-000000001100}\r\nProcessId: 836\r\nImage: C:\\WINDOWS\\system32\\services.exe\r\nTargetObject: HKLM\\System\\CurrentControlSet\\Services\\DevicePickerUserSvc_9bc5f\\ImagePath\r\nDetails: C:\\WINDOWS\\system32\\svchost.exe -k DevicesFlow\r\nUser: NT AUTHORITY\\SYSTEM""', 'version': '2', 'systemTime': '2025-12-29T20:50:22.7951017Z', 'eventRecordID': '20007', 'threadID': '5004', 'computer': 'WindowsEnd-c7921449-8b62-4c4d-8a83-d9281ac0190b', 'task': '13', 'processID': '3884', 'severityValue': 'INFORMATION', 'providerName': 'Microsoft-Windows-Sysmon'}}}, 'rule': {'firedtimes': 12, 'mail': False, 'level': 3, 'description': 'Evidence of new service creation found in registry under HKLM\\\\System\\\\CurrentControlSet\\\\Services\\\\DevicePickerUserSvc_9bc5f\\\\ImagePath binary is: C:\\\\WINDOWS\\\\system32\\\\svchost.exe -k DevicesFlow', 'groups': ['sysmon', 'sysmon_eid13_detections', 'windows'], 'mitre': {'technique': ['Windows Service'], 'id': ['T1543.003'], 'tactic': ['Persistence', 'Privilege Escalation']}, 'id': '92307'}, 'decoder': {'name': 'windows_eventchannel'}, 'input': {'type': 'log'}, '@timestamp': '2025-12-29T20:50:27.018Z', 'location': 'EventChannel', 'id': '1767041427.8302846', 'timestamp': '2025-12-29T21:50:27.018+0100'}",low,
2025-12-29T20:50:27.219Z,Endpoint3-Win,1,92307,Evidence of new service creation found in registry under HKLM\\System\\CurrentControlSet\\Services\\DevicesFlowUserSvc_9bc5f\\ImagePath binary is: C:\\WINDOWS\\system32\\svchost.exe -k DevicesFlow,3,T1543.003,EventChannel,"{'agent': {'ip': '192.168.100.15', 'name': 'Endpoint3-Win', 'id': '001'}, 'manager': {'name': 'wazuh-vm'}, 'data': {'win': {'eventdata': {'image': 'C:\\\\WINDOWS\\\\system32\\\\services.exe', 'targetObject': 'HKLM\\\\System\\\\CurrentControlSet\\\\Services\\\\DevicesFlowUserSvc_9bc5f\\\\ImagePath', 'processGuid': '{411eefe4-e8cd-6952-0b00-000000001100}', 'processId': '836', 'utcTime': '2025-12-29 20:48:09.900', 'details': 'C:\\\\WINDOWS\\\\system32\\\\svchost.exe -k DevicesFlow', 'eventType': 'SetValue', 'user': 'NT AUTHORITY\\\\SYSTEM'}, 'system': {'eventID': '13', 'keywords': '0x8000000000000000', 'providerGuid': '{5770385f-c22a-43e0-bf4c-06f5698ffbd9}', 'level': '4', 'channel': 'Microsoft-Windows-Sysmon/Operational', 'opcode': '0', 'message': '""Registry value set:\r\nRuleName: -\r\nEventType: SetValue\r\nUtcTime: 2025-12-29 20:48:09.900\r\nProcessGuid: {411eefe4-e8cd-6952-0b00-000000001100}\r\nProcessId: 836\r\nImage: C:\\WINDOWS\\system32\\services.exe\r\nTargetObject: HKLM\\System\\CurrentControlSet\\Services\\DevicesFlowUserSvc_9bc5f\\ImagePath\r\nDetails: C:\\WINDOWS\\system32\\svchost.exe -k DevicesFlow\r\nUser: NT AUTHORITY\\SYSTEM""', 'version': '2', 'systemTime': '2025-12-29T20:50:22.8023323Z', 'eventRecordID': '20015', 'threadID': '5004', 'computer': 'WindowsEnd-c7921449-8b62-4c4d-8a83-d9281ac0190b', 'task': '13', 'processID': '3884', 'severityValue': 'INFORMATION', 'providerName': 'Microsoft-Windows-Sysmon'}}}, 'rule': {'firedtimes': 13, 'mail': False, 'level': 3, 'description': 'Evidence of new service creation found in registry under HKLM\\\\System\\\\CurrentControlSet\\\\Services\\\\DevicesFlowUserSvc_9bc5f\\\\ImagePath binary is: C:\\\\WINDOWS\\\\system32\\\\svchost.exe -k DevicesFlow', 'groups': ['sysmon', 'sysmon_eid13_detections', 'windows'], 'mitre': {'technique': ['Windows Service'], 'id': ['T1543.003'], 'tactic': ['Persistence', 'Privilege Escalation']}, 'id': '92307'}, 'decoder': {'name': 'windows_eventchannel'}, 'input': {'type': 'log'}, '@timestamp': '2025-12-29T20:50:27.219Z', 'location': 'EventChannel', 'id': '1767041427.8305893', 'timestamp': '2025-12-29T21:50:27.219+0100'}",low,
2025-12-29T20:50:27.586Z,Endpoint3-Win,1,92307,Evidence of new service creation found in registry under HKLM\\System\\CurrentControlSet\\Services\\MessagingService_9bc5f\\ImagePath binary is: C:\\WINDOWS\\system32\\svchost.exe -k UnistackSvcGroup,3,T1543.003,EventChannel,"{'agent': {'ip': '192.168.100.15', 'name': 'Endpoint3-Win', 'id': '001'}, 'manager': {'name': 'wazuh-vm'}, 'data': {'win': {'eventdata': {'image': 'C:\\\\WINDOWS\\\\system32\\\\services.exe', 'targetObject': 'HKLM\\\\System\\\\CurrentControlSet\\\\Services\\\\MessagingService_9bc5f\\\\ImagePath', 'processGuid': '{411eefe4-e8cd-6952-0b00-000000001100}', 'processId': '836', 'utcTime': '2025-12-29 20:48:09.900', 'details': 'C:\\\\WINDOWS\\\\system32\\\\svchost.exe -k UnistackSvcGroup', 'eventType': 'SetValue', 'user': 'NT AUTHORITY\\\\SYSTEM'}, 'system': {'eventID': '13', 'keywords': '0x8000000000000000', 'providerGuid': '{5770385f-c22a-43e0-bf4c-06f5698ffbd9}', 'level': '4', 'channel': 'Microsoft-Windows-Sysmon/Operational', 'opcode': '0', 'message': '""Registry value set:\r\nRuleName: -\r\nEventType: SetValue\r\nUtcTime: 2025-12-29 20:48:09.900\r\nProcessGuid: {411eefe4-e8cd-6952-0b00-000000001100}\r\nProcessId: 836\r\nImage: C:\\WINDOWS\\system32\\services.exe\r\nTargetObject: HKLM\\System\\CurrentControlSet\\Services\\MessagingService_9bc5f\\ImagePath\r\nDetails: C:\\WINDOWS\\system32\\svchost.exe -k UnistackSvcGroup\r\nUser: NT AUTHORITY\\SYSTEM""', 'version': '2', 'systemTime': '2025-12-29T20:50:22.8093763Z', 'eventRecordID': '20023', 'threadID': '5004', 'computer': 'WindowsEnd-c7921449-8b62-4c4d-8a83-d9281ac0190b', 'task': '13', 'processID': '3884', 'severityValue': 'INFORMATION', 'providerName': 'Microsoft-Windows-Sysmon'}}}, 'rule': {'firedtimes': 14, 'mail': False, 'level': 3, 'description': 'Evidence of new service creation found in registry under HKLM\\\\System\\\\CurrentControlSet\\\\Services\\\\MessagingService_9bc5f\\\\ImagePath binary is: C:\\\\WINDOWS\\\\system32\\\\svchost.exe -k UnistackSvcGroup', 'groups': ['sysmon', 'sysmon_eid13_detections', 'windows'], 'mitre': {'technique': ['Windows Service'], 'id': ['T1543.003'], 'tactic': ['Persistence', 'Privilege Escalation']}, 'id': '92307'}, 'decoder': {'name': 'windows_eventchannel'}, 'input': {'type': 'log'}, '@timestamp': '2025-12-29T20:50:27.586Z', 'location': 'EventChannel', 'id': '1767041427.8308935', 'timestamp': '2025-12-29T21:50:27.586+0100'}",low,
2025-12-29T20:50:27.813Z,Endpoint3-Win,1,92307,Evidence of new service creation found in registry under HKLM\\System\\CurrentControlSet\\Services\\NPSMSvc_9bc5f\\ImagePath binary is: C:\\WINDOWS\\system32\\svchost.exe -k LocalService -p,3,T1543.003,EventChannel,"{'agent': {'ip': '192.168.100.15', 'name': 'Endpoint3-Win', 'id': '001'}, 'manager': {'name': 'wazuh-vm'}, 'data': {'win': {'eventdata': {'image': 'C:\\\\WINDOWS\\\\system32\\\\services.exe', 'targetObject': 'HKLM\\\\System\\\\CurrentControlSet\\\\Services\\\\NPSMSvc_9bc5f\\\\ImagePath', 'processGuid': '{411eefe4-e8cd-6952-0b00-000000001100}', 'processId': '836', 'utcTime': '2025-12-29 20:48:09.910', 'details': 'C:\\\\WINDOWS\\\\system32\\\\svchost.exe -k LocalService -p', 'eventType': 'SetValue', 'user': 'NT AUTHORITY\\\\SYSTEM'}, 'system': {'eventID': '13', 'keywords': '0x8000000000000000', 'providerGuid': '{5770385f-c22a-43e0-bf4c-06f5698ffbd9}', 'level': '4', 'channel': 'Microsoft-Windows-Sysmon/Operational', 'opcode': '0', 'message': '""Registry value set:\r\nRuleName: -\r\nEventType: SetValue\r\nUtcTime: 2025-12-29 20:48:09.910\r\nProcessGuid: {411eefe4-e8cd-6952-0b00-000000001100}\r\nProcessId: 836\r\nImage: C:\\WINDOWS\\system32\\services.exe\r\nTargetObject: HKLM\\System\\CurrentControlSet\\Services\\NPSMSvc_9bc5f\\ImagePath\r\nDetails: C:\\WINDOWS\\system32\\svchost.exe -k LocalService -p\r\nUser: NT AUTHORITY\\SYSTEM""', 'version': '2', 'systemTime': '2025-12-29T20:50:22.8183378Z', 'eventRecordID': '20036', 'threadID': '5004', 'computer': 'WindowsEnd-c7921449-8b62-4c4d-8a83-d9281ac0190b', 'task': '13', 'processID': '3884', 'severityValue': 'INFORMATION', 'providerName': 'Microsoft-Windows-Sysmon'}}}, 'rule': {'firedtimes': 15, 'mail': False, 'level': 3, 'description': 'Evidence of new service creation found in registry under HKLM\\\\System\\\\CurrentControlSet\\\\Services\\\\NPSMSvc_9bc5f\\\\ImagePath binary is: C:\\\\WINDOWS\\\\system32\\\\svchost.exe -k LocalService -p', 'groups': ['sysmon', 'sysmon_eid13_detections', 'windows'], 'mitre': {'technique': ['Windows Service'], 'id': ['T1543.003'], 'tactic': ['Persistence', 'Privilege Escalation']}, 'id': '92307'}, 'decoder': {'name': 'windows_eventchannel'}, 'input': {'type': 'log'}, '@timestamp': '2025-12-29T20:50:27.813Z', 'location': 'EventChannel', 'id': '1767041427.8311992', 'timestamp': '2025-12-29T21:50:27.813+0100'}",low,
2025-12-29T20:50:27.959Z,Endpoint3-Win,1,92307,Evidence of new service creation found in registry under HKLM\\System\\CurrentControlSet\\Services\\OneSyncSvc_9bc5f\\ImagePath binary is: C:\\WINDOWS\\system32\\svchost.exe -k UnistackSvcGroup,3,T1543.003,EventChannel,"{'agent': {'ip': '192.168.100.15', 'name': 'Endpoint3-Win', 'id': '001'}, 'manager': {'name': 'wazuh-vm'}, 'data': {'win': {'eventdata': {'image': 'C:\\\\WINDOWS\\\\system32\\\\services.exe', 'targetObject': 'HKLM\\\\System\\\\CurrentControlSet\\\\Services\\\\OneSyncSvc_9bc5f\\\\ImagePath', 'processGuid': '{411eefe4-e8cd-6952-0b00-000000001100}', 'processId': '836', 'utcTime': '2025-12-29 20:48:09.913', 'details': 'C:\\\\WINDOWS\\\\system32\\\\svchost.exe -k UnistackSvcGroup', 'eventType': 'SetValue', 'user': 'NT AUTHORITY\\\\SYSTEM'}, 'system': {'eventID': '13', 'keywords': '0x8000000000000000', 'providerGuid': '{5770385f-c22a-43e0-bf4c-06f5698ffbd9}', 'level': '4', 'channel': 'Microsoft-Windows-Sysmon/Operational', 'opcode': '0', 'message': '""Registry value set:\r\nRuleName: -\r\nEventType: SetValue\r\nUtcTime: 2025-12-29 20:48:09.913\r\nProcessGuid: {411eefe4-e8cd-6952-0b00-000000001100}\r\nProcessId: 836\r\nImage: C:\\WINDOWS\\system32\\services.exe\r\nTargetObject: HKLM\\System\\CurrentControlSet\\Services\\OneSyncSvc_9bc5f\\ImagePath\r\nDetails: C:\\WINDOWS\\system32\\svchost.exe -k UnistackSvcGroup\r\nUser: NT AUTHORITY\\SYSTEM""', 'version': '2', 'systemTime': '2025-12-29T20:50:22.8301512Z', 'eventRecordID': '20044', 'threadID': '5004', 'computer': 'WindowsEnd-c7921449-8b62-4c4d-8a83-d9281ac0190b', 'task': '13', 'processID': '3884', 'severityValue': 'INFORMATION', 'providerName': 'Microsoft-Windows-Sysmon'}}}, 'rule': {'firedtimes': 16, 'mail': False, 'level': 3, 'description': 'Evidence of new service creation found in registry under HKLM\\\\System\\\\CurrentControlSet\\\\Services\\\\OneSyncSvc_9bc5f\\\\ImagePath binary is: C:\\\\WINDOWS\\\\system32\\\\svchost.exe -k UnistackSvcGroup', 'groups': ['sysmon', 'sysmon_eid13_detections', 'windows'], 'mitre': {'technique': ['Windows Service'], 'id': ['T1543.003'], 'tactic': ['Persistence', 'Privilege Escalation']}, 'id': '92307'}, 'decoder': {'name': 'windows_eventchannel'}, 'input': {'type': 'log'}, '@timestamp': '2025-12-29T20:50:27.959Z', 'location': 'EventChannel', 'id': '1767041427.8314999', 'timestamp': '2025-12-29T21:50:27.959+0100'}",low,
2025-12-29T20:50:28.098Z,Endpoint3-Win,1,92307,Evidence of new service creation found in registry under HKLM\\System\\CurrentControlSet\\Services\\P9RdrService_9bc5f\\ImagePath binary is: C:\\WINDOWS\\system32\\svchost.exe -k P9RdrService -p,3,T1543.003,EventChannel,"{'agent': {'ip': '192.168.100.15', 'name': 'Endpoint3-Win', 'id': '001'}, 'manager': {'name': 'wazuh-vm'}, 'data': {'win': {'eventdata': {'image': 'C:\\\\WINDOWS\\\\system32\\\\services.exe', 'targetObject': 'HKLM\\\\System\\\\CurrentControlSet\\\\Services\\\\P9RdrService_9bc5f\\\\ImagePath', 'processGuid': '{411eefe4-e8cd-6952-0b00-000000001100}', 'processId': '836', 'utcTime': '2025-12-29 20:48:09.913', 'details': 'C:\\\\WINDOWS\\\\system32\\\\svchost.exe -k P9RdrService -p', 'eventType': 'SetValue', 'user': 'NT AUTHORITY\\\\SYSTEM'}, 'system': {'eventID': '13', 'keywords': '0x8000000000000000', 'providerGuid': '{5770385f-c22a-43e0-bf4c-06f5698ffbd9}', 'level': '4', 'channel': 'Microsoft-Windows-Sysmon/Operational', 'opcode': '0', 'message': '""Registry value set:\r\nRuleName: -\r\nEventType: SetValue\r\nUtcTime: 2025-12-29 20:48:09.913\r\nProcessGuid: {411eefe4-e8cd-6952-0b00-000000001100}\r\nProcessId: 836\r\nImage: C:\\WINDOWS\\system32\\services.exe\r\nTargetObject: HKLM\\System\\CurrentControlSet\\Services\\P9RdrService_9bc5f\\ImagePath\r\nDetails: C:\\WINDOWS\\system32\\svchost.exe -k P9RdrService -p\r\nUser: NT AUTHORITY\\SYSTEM""', 'version': '2', 'systemTime': '2025-12-29T20:50:22.8385540Z', 'eventRecordID': '20052', 'threadID': '5004', 'computer': 'WindowsEnd-c7921449-8b62-4c4d-8a83-d9281ac0190b', 'task': '13', 'processID': '3884', 'severityValue': 'INFORMATION', 'providerName': 'Microsoft-Windows-Sysmon'}}}, 'rule': {'firedtimes': 17, 'mail': False, 'level': 3, 'description': 'Evidence of new service creation found in registry under HKLM\\\\System\\\\CurrentControlSet\\\\Services\\\\P9RdrService_9bc5f\\\\ImagePath binary is: C:\\\\WINDOWS\\\\system32\\\\svchost.exe -k P9RdrService -p', 'groups': ['sysmon', 'sysmon_eid13_detections', 'windows'], 'mitre': {'technique': ['Windows Service'], 'id': ['T1543.003'], 'tactic': ['Persistence', 'Privilege Escalation']}, 'id': '92307'}, 'decoder': {'name': 'windows_eventchannel'}, 'input': {'type': 'log'}, '@timestamp': '2025-12-29T20:50:28.098Z', 'location': 'EventChannel', 'id': '1767041428.8318026', 'timestamp': '2025-12-29T21:50:28.098+0100'}",low,
2025-12-29T20:50:28.332Z,Endpoint3-Win,1,92307,Evidence of new service creation found in registry under HKLM\\System\\CurrentControlSet\\Services\\PenService_9bc5f\\ImagePath binary is: C:\\WINDOWS\\system32\\svchost.exe -k PenService,3,T1543.003,EventChannel,"{'agent': {'ip': '192.168.100.15', 'name': 'Endpoint3-Win', 'id': '001'}, 'manager': {'name': 'wazuh-vm'}, 'data': {'win': {'eventdata': {'image': 'C:\\\\WINDOWS\\\\system32\\\\services.exe', 'targetObject': 'HKLM\\\\System\\\\CurrentControlSet\\\\Services\\\\PenService_9bc5f\\\\ImagePath', 'processGuid': '{411eefe4-e8cd-6952-0b00-000000001100}', 'processId': '836', 'utcTime': '2025-12-29 20:48:09.915', 'details': 'C:\\\\WINDOWS\\\\system32\\\\svchost.exe -k PenService', 'eventType': 'SetValue', 'user': 'NT AUTHORITY\\\\SYSTEM'}, 'system': {'eventID': '13', 'keywords': '0x8000000000000000', 'providerGuid': '{5770385f-c22a-43e0-bf4c-06f5698ffbd9}', 'level': '4', 'channel': 'Microsoft-Windows-Sysmon/Operational', 'opcode': '0', 'message': '""Registry value set:\r\nRuleName: -\r\nEventType: SetValue\r\nUtcTime: 2025-12-29 20:48:09.915\r\nProcessGuid: {411eefe4-e8cd-6952-0b00-000000001100}\r\nProcessId: 836\r\nImage: C:\\WINDOWS\\system32\\services.exe\r\nTargetObject: HKLM\\System\\CurrentControlSet\\Services\\PenService_9bc5f\\ImagePath\r\nDetails: C:\\WINDOWS\\system32\\svchost.exe -k PenService\r\nUser: NT AUTHORITY\\SYSTEM""', 'version': '2', 'systemTime': '2025-12-29T20:50:22.8476716Z', 'eventRecordID': '20065', 'threadID': '5004', 'computer': 'WindowsEnd-c7921449-8b62-4c4d-8a83-d9281ac0190b', 'task': '13', 'processID': '3884', 'severityValue': 'INFORMATION', 'providerName': 'Microsoft-Windows-Sysmon'}}}, 'rule': {'firedtimes': 18, 'mail': False, 'level': 3, 'description': 'Evidence of new service creation found in registry under HKLM\\\\System\\\\CurrentControlSet\\\\Services\\\\PenService_9bc5f\\\\ImagePath binary is: C:\\\\WINDOWS\\\\system32\\\\svchost.exe -k PenService', 'groups': ['sysmon', 'sysmon_eid13_detections', 'windows'], 'mitre': {'technique': ['Windows Service'], 'id': ['T1543.003'], 'tactic': ['Persistence', 'Privilege Escalation']}, 'id': '92307'}, 'decoder': {'name': 'windows_eventchannel'}, 'input': {'type': 'log'}, '@timestamp': '2025-12-29T20:50:28.332Z', 'location': 'EventChannel', 'id': '1767041428.8321058', 'timestamp': '2025-12-29T21:50:28.332+0100'}",low,
2025-12-29T20:50:28.872Z,Endpoint3-Win,1,92307,Evidence of new service creation found in registry under HKLM\\System\\CurrentControlSet\\Services\\PimIndexMaintenanceSvc_9bc5f\\ImagePath binary is: C:\\WINDOWS\\system32\\svchost.exe -k UnistackSvcGroup,3,T1543.003,EventChannel,"{'agent': {'ip': '192.168.100.15', 'name': 'Endpoint3-Win', 'id': '001'}, 'manager': {'name': 'wazuh-vm'}, 'data': {'win': {'eventdata': {'image': 'C:\\\\WINDOWS\\\\system32\\\\services.exe', 'targetObject': 'HKLM\\\\System\\\\CurrentControlSet\\\\Services\\\\PimIndexMaintenanceSvc_9bc5f\\\\ImagePath', 'processGuid': '{411eefe4-e8cd-6952-0b00-000000001100}', 'processId': '836', 'utcTime': '2025-12-29 20:48:09.926', 'details': 'C:\\\\WINDOWS\\\\system32\\\\svchost.exe -k UnistackSvcGroup', 'eventType': 'SetValue', 'user': 'NT AUTHORITY\\\\SYSTEM'}, 'system': {'eventID': '13', 'keywords': '0x8000000000000000', 'providerGuid': '{5770385f-c22a-43e0-bf4c-06f5698ffbd9}', 'level': '4', 'channel': 'Microsoft-Windows-Sysmon/Operational', 'opcode': '0', 'message': '""Registry value set:\r\nRuleName: -\r\nEventType: SetValue\r\nUtcTime: 2025-12-29 20:48:09.926\r\nProcessGuid: {411eefe4-e8cd-6952-0b00-000000001100}\r\nProcessId: 836\r\nImage: C:\\WINDOWS\\system32\\services.exe\r\nTargetObject: HKLM\\System\\CurrentControlSet\\Services\\PimIndexMaintenanceSvc_9bc5f\\ImagePath\r\nDetails: C:\\WINDOWS\\system32\\svchost.exe -k UnistackSvcGroup\r\nUser: NT AUTHORITY\\SYSTEM""', 'version': '2', 'systemTime': '2025-12-29T20:50:22.8711097Z', 'eventRecordID': '20084', 'threadID': '5004', 'computer': 'WindowsEnd-c7921449-8b62-4c4d-8a83-d9281ac0190b', 'task': '13', 'processID': '3884', 'severityValue': 'INFORMATION', 'providerName': 'Microsoft-Windows-Sysmon'}}}, 'rule': {'firedtimes': 19, 'mail': False, 'level': 3, 'description': 'Evidence of new service creation found in registry under HKLM\\\\System\\\\CurrentControlSet\\\\Services\\\\PimIndexMaintenanceSvc_9bc5f\\\\ImagePath binary is: C:\\\\WINDOWS\\\\system32\\\\svchost.exe -k UnistackSvcGroup', 'groups': ['sysmon', 'sysmon_eid13_detections', 'windows'], 'mitre': {'technique': ['Windows Service'], 'id': ['T1543.003'], 'tactic': ['Persistence', 'Privilege Escalation']}, 'id': '92307'}, 'decoder': {'name': 'windows_eventchannel'}, 'input': {'type': 'log'}, '@timestamp': '2025-12-29T20:50:28.872Z', 'location': 'EventChannel', 'id': '1767041428.8324055', 'timestamp': '2025-12-29T21:50:28.872+0100'}",low,
2025-12-29T20:50:29.122Z,Endpoint3-Win,1,92307,Evidence of new service creation found in registry under HKLM\\System\\CurrentControlSet\\Services\\PrintWorkflowUserSvc_9bc5f\\ImagePath binary is: C:\\WINDOWS\\system32\\svchost.exe -k PrintWorkflow,3,T1543.003,EventChannel,"{'agent': {'ip': '192.168.100.15', 'name': 'Endpoint3-Win', 'id': '001'}, 'manager': {'name': 'wazuh-vm'}, 'data': {'win': {'eventdata': {'image': 'C:\\\\WINDOWS\\\\system32\\\\services.exe', 'targetObject': 'HKLM\\\\System\\\\CurrentControlSet\\\\Services\\\\PrintWorkflowUserSvc_9bc5f\\\\ImagePath', 'processGuid': '{411eefe4-e8cd-6952-0b00-000000001100}', 'processId': '836', 'utcTime': '2025-12-29 20:48:09.926', 'details': 'C:\\\\WINDOWS\\\\system32\\\\svchost.exe -k PrintWorkflow', 'eventType': 'SetValue', 'user': 'NT AUTHORITY\\\\SYSTEM'}, 'system': {'eventID': '13', 'keywords': '0x8000000000000000', 'providerGuid': '{5770385f-c22a-43e0-bf4c-06f5698ffbd9}', 'level': '4', 'channel': 'Microsoft-Windows-Sysmon/Operational', 'opcode': '0', 'message': '""Registry value set:\r\nRuleName: -\r\nEventType: SetValue\r\nUtcTime: 2025-12-29 20:48:09.926\r\nProcessGuid: {411eefe4-e8cd-6952-0b00-000000001100}\r\nProcessId: 836\r\nImage: C:\\WINDOWS\\system32\\services.exe\r\nTargetObject: HKLM\\System\\CurrentControlSet\\Services\\PrintWorkflowUserSvc_9bc5f\\ImagePath\r\nDetails: C:\\WINDOWS\\system32\\svchost.exe -k PrintWorkflow\r\nUser: NT AUTHORITY\\SYSTEM""', 'version': '2', 'systemTime': '2025-12-29T20:50:22.8885965Z', 'eventRecordID': '20092', 'threadID': '5004', 'computer': 'WindowsEnd-c7921449-8b62-4c4d-8a83-d9281ac0190b', 'task': '13', 'processID': '3884', 'severityValue': 'INFORMATION', 'providerName': 'Microsoft-Windows-Sysmon'}}}, 'rule': {'firedtimes': 20, 'mail': False, 'level': 3, 'description': 'Evidence of new service creation found in registry under HKLM\\\\System\\\\CurrentControlSet\\\\Services\\\\PrintWorkflowUserSvc_9bc5f\\\\ImagePath binary is: C:\\\\WINDOWS\\\\system32\\\\svchost.exe -k PrintWorkflow', 'groups': ['sysmon', 'sysmon_eid13_detections', 'windows'], 'mitre': {'technique': ['Windows Service'], 'id': ['T1543.003'], 'tactic': ['Persistence', 'Privilege Escalation']}, 'id': '92307'}, 'decoder': {'name': 'windows_eventchannel'}, 'input': {'type': 'log'}, '@timestamp': '2025-12-29T20:50:29.122Z', 'location': 'EventChannel', 'id': '1767041429.8327142', 'timestamp': '2025-12-29T21:50:29.122+0100'}",low,
2025-12-29T20:50:29.545Z,Endpoint3-Win,1,92307,Evidence of new service creation found in registry under HKLM\\System\\CurrentControlSet\\Services\\UdkUserSvc_9bc5f\\ImagePath binary is: C:\\WINDOWS\\system32\\svchost.exe -k UdkSvcGroup,3,T1543.003,EventChannel,"{'agent': {'ip': '192.168.100.15', 'name': 'Endpoint3-Win', 'id': '001'}, 'manager': {'name': 'wazuh-vm'}, 'data': {'win': {'eventdata': {'image': 'C:\\\\WINDOWS\\\\system32\\\\services.exe', 'targetObject': 'HKLM\\\\System\\\\CurrentControlSet\\\\Services\\\\UdkUserSvc_9bc5f\\\\ImagePath', 'processGuid': '{411eefe4-e8cd-6952-0b00-000000001100}', 'processId': '836', 'utcTime': '2025-12-29 20:48:09.931', 'details': 'C:\\\\WINDOWS\\\\system32\\\\svchost.exe -k UdkSvcGroup', 'eventType': 'SetValue', 'user': 'NT AUTHORITY\\\\SYSTEM'}, 'system': {'eventID': '13', 'keywords': '0x8000000000000000', 'providerGuid': '{5770385f-c22a-43e0-bf4c-06f5698ffbd9}', 'level': '4', 'channel': 'Microsoft-Windows-Sysmon/Operational', 'opcode': '0', 'message': '""Registry value set:\r\nRuleName: -\r\nEventType: SetValue\r\nUtcTime: 2025-12-29 20:48:09.931\r\nProcessGuid: {411eefe4-e8cd-6952-0b00-000000001100}\r\nProcessId: 836\r\nImage: C:\\WINDOWS\\system32\\services.exe\r\nTargetObject: HKLM\\System\\CurrentControlSet\\Services\\UdkUserSvc_9bc5f\\ImagePath\r\nDetails: C:\\WINDOWS\\system32\\svchost.exe -k UdkSvcGroup\r\nUser: NT AUTHORITY\\SYSTEM""', 'version': '2', 'systemTime': '2025-12-29T20:50:22.9022598Z', 'eventRecordID': '20105', 'threadID': '5004', 'computer': 'WindowsEnd-c7921449-8b62-4c4d-8a83-d9281ac0190b', 'task': '13', 'processID': '3884', 'severityValue': 'INFORMATION', 'providerName': 'Microsoft-Windows-Sysmon'}}}, 'rule': {'firedtimes': 21, 'mail': False, 'level': 3, 'description': 'Evidence of new service creation found in registry under HKLM\\\\System\\\\CurrentControlSet\\\\Services\\\\UdkUserSvc_9bc5f\\\\ImagePath binary is: C:\\\\WINDOWS\\\\system32\\\\svchost.exe -k UdkSvcGroup', 'groups': ['sysmon', 'sysmon_eid13_detections', 'windows'], 'mitre': {'technique': ['Windows Service'], 'id': ['T1543.003'], 'tactic': ['Persistence', 'Privilege Escalation']}, 'id': '92307'}, 'decoder': {'name': 'windows_eventchannel'}, 'input': {'type': 'log'}, '@timestamp': '2025-12-29T20:50:29.545Z', 'location': 'EventChannel', 'id': '1767041429.8330204', 'timestamp': '2025-12-29T21:50:29.545+0100'}",low,
2025-12-29T20:50:29.788Z,Endpoint3-Win,1,92307,Evidence of new service creation found in registry under HKLM\\System\\CurrentControlSet\\Services\\UnistoreSvc_9bc5f\\ImagePath binary is: C:\\WINDOWS\\System32\\svchost.exe -k UnistackSvcGroup,3,T1543.003,EventChannel,"{'agent': {'ip': '192.168.100.15', 'name': 'Endpoint3-Win', 'id': '001'}, 'manager': {'name': 'wazuh-vm'}, 'data': {'win': {'eventdata': {'image': 'C:\\\\WINDOWS\\\\system32\\\\services.exe', 'targetObject': 'HKLM\\\\System\\\\CurrentControlSet\\\\Services\\\\UnistoreSvc_9bc5f\\\\ImagePath', 'processGuid': '{411eefe4-e8cd-6952-0b00-000000001100}', 'processId': '836', 'utcTime': '2025-12-29 20:48:09.933', 'details': 'C:\\\\WINDOWS\\\\System32\\\\svchost.exe -k UnistackSvcGroup', 'eventType': 'SetValue', 'user': 'NT AUTHORITY\\\\SYSTEM'}, 'system': {'eventID': '13', 'keywords': '0x8000000000000000', 'providerGuid': '{5770385f-c22a-43e0-bf4c-06f5698ffbd9}', 'level': '4', 'channel': 'Microsoft-Windows-Sysmon/Operational', 'opcode': '0', 'message': '""Registry value set:\r\nRuleName: -\r\nEventType: SetValue\r\nUtcTime: 2025-12-29 20:48:09.933\r\nProcessGuid: {411eefe4-e8cd-6952-0b00-000000001100}\r\nProcessId: 836\r\nImage: C:\\WINDOWS\\system32\\services.exe\r\nTargetObject: HKLM\\System\\CurrentControlSet\\Services\\UnistoreSvc_9bc5f\\ImagePath\r\nDetails: C:\\WINDOWS\\System32\\svchost.exe -k UnistackSvcGroup\r\nUser: NT AUTHORITY\\SYSTEM""', 'version': '2', 'systemTime': '2025-12-29T20:50:22.9109397Z', 'eventRecordID': '20113', 'threadID': '5004', 'computer': 'WindowsEnd-c7921449-8b62-4c4d-8a83-d9281ac0190b', 'task': '13', 'processID': '3884', 'severityValue': 'INFORMATION', 'providerName': 'Microsoft-Windows-Sysmon'}}}, 'rule': {'firedtimes': 22, 'mail': False, 'level': 3, 'description': 'Evidence of new service creation found in registry under HKLM\\\\System\\\\CurrentControlSet\\\\Services\\\\UnistoreSvc_9bc5f\\\\ImagePath binary is: C:\\\\WINDOWS\\\\System32\\\\svchost.exe -k UnistackSvcGroup', 'groups': ['sysmon', 'sysmon_eid13_detections', 'windows'], 'mitre': {'technique': ['Windows Service'], 'id': ['T1543.003'], 'tactic': ['Persistence', 'Privilege Escalation']}, 'id': '92307'}, 'decoder': {'name': 'windows_eventchannel'}, 'input': {'type': 'log'}, '@timestamp': '2025-12-29T20:50:29.788Z', 'location': 'EventChannel', 'id': '1767041429.8333206', 'timestamp': '2025-12-29T21:50:29.788+0100'}",low,
2025-12-29T20:50:29.938Z,Endpoint3-Win,1,92307,Evidence of new service creation found in registry under HKLM\\System\\CurrentControlSet\\Services\\UserDataSvc_9bc5f\\ImagePath binary is: C:\\WINDOWS\\system32\\svchost.exe -k UnistackSvcGroup,3,T1543.003,EventChannel,"{'agent': {'ip': '192.168.100.15', 'name': 'Endpoint3-Win', 'id': '001'}, 'manager': {'name': 'wazuh-vm'}, 'data': {'win': {'eventdata': {'image': 'C:\\\\WINDOWS\\\\system32\\\\services.exe', 'targetObject': 'HKLM\\\\System\\\\CurrentControlSet\\\\Services\\\\UserDataSvc_9bc5f\\\\ImagePath', 'processGuid': '{411eefe4-e8cd-6952-0b00-000000001100}', 'processId': '836', 'utcTime': '2025-12-29 20:48:09.936', 'details': 'C:\\\\WINDOWS\\\\system32\\\\svchost.exe -k UnistackSvcGroup', 'eventType': 'SetValue', 'user': 'NT AUTHORITY\\\\SYSTEM'}, 'system': {'eventID': '13', 'keywords': '0x8000000000000000', 'providerGuid': '{5770385f-c22a-43e0-bf4c-06f5698ffbd9}', 'level': '4', 'channel': 'Microsoft-Windows-Sysmon/Operational', 'opcode': '0', 'message': '""Registry value set:\r\nRuleName: -\r\nEventType: SetValue\r\nUtcTime: 2025-12-29 20:48:09.936\r\nProcessGuid: {411eefe4-e8cd-6952-0b00-000000001100}\r\nProcessId: 836\r\nImage: C:\\WINDOWS\\system32\\services.exe\r\nTargetObject: HKLM\\System\\CurrentControlSet\\Services\\UserDataSvc_9bc5f\\ImagePath\r\nDetails: C:\\WINDOWS\\system32\\svchost.exe -k UnistackSvcGroup\r\nUser: NT AUTHORITY\\SYSTEM""', 'version': '2', 'systemTime': '2025-12-29T20:50:22.9132260Z', 'eventRecordID': '20121', 'threadID': '5004', 'computer': 'WindowsEnd-c7921449-8b62-4c4d-8a83-d9281ac0190b', 'task': '13', 'processID': '3884', 'severityValue': 'INFORMATION', 'providerName': 'Microsoft-Windows-Sysmon'}}}, 'rule': {'firedtimes': 23, 'mail': False, 'level': 3, 'description': 'Evidence of new service creation found in registry under HKLM\\\\System\\\\CurrentControlSet\\\\Services\\\\UserDataSvc_9bc5f\\\\ImagePath binary is: C:\\\\WINDOWS\\\\system32\\\\svchost.exe -k UnistackSvcGroup', 'groups': ['sysmon', 'sysmon_eid13_detections', 'windows'], 'mitre': {'technique': ['Windows Service'], 'id': ['T1543.003'], 'tactic': ['Persistence', 'Privilege Escalation']}, 'id': '92307'}, 'decoder': {'name': 'windows_eventchannel'}, 'input': {'type': 'log'}, '@timestamp': '2025-12-29T20:50:29.938Z', 'location': 'EventChannel', 'id': '1767041429.8336238', 'timestamp': '2025-12-29T21:50:29.938+0100'}",low,
2025-12-29T20:50:30.121Z,Endpoint3-Win,1,92307,Evidence of new service creation found in registry under HKLM\\System\\CurrentControlSet\\Services\\webthreatdefusersvc_9bc5f\\ImagePath binary is: C:\\WINDOWS\\system32\\svchost.exe -k LocalSystemNetworkRestricted -p,3,T1543.003,EventChannel,"{'agent': {'ip': '192.168.100.15', 'name': 'Endpoint3-Win', 'id': '001'}, 'manager': {'name': 'wazuh-vm'}, 'data': {'win': {'eventdata': {'image': 'C:\\\\WINDOWS\\\\system32\\\\services.exe', 'targetObject': 'HKLM\\\\System\\\\CurrentControlSet\\\\Services\\\\webthreatdefusersvc_9bc5f\\\\ImagePath', 'processGuid': '{411eefe4-e8cd-6952-0b00-000000001100}', 'processId': '836', 'utcTime': '2025-12-29 20:48:09.939', 'details': 'C:\\\\WINDOWS\\\\system32\\\\svchost.exe -k LocalSystemNetworkRestricted -p', 'eventType': 'SetValue', 'user': 'NT AUTHORITY\\\\SYSTEM'}, 'system': {'eventID': '13', 'keywords': '0x8000000000000000', 'providerGuid': '{5770385f-c22a-43e0-bf4c-06f5698ffbd9}', 'level': '4', 'channel': 'Microsoft-Windows-Sysmon/Operational', 'opcode': '0', 'message': '""Registry value set:\r\nRuleName: -\r\nEventType: SetValue\r\nUtcTime: 2025-12-29 20:48:09.939\r\nProcessGuid: {411eefe4-e8cd-6952-0b00-000000001100}\r\nProcessId: 836\r\nImage: C:\\WINDOWS\\system32\\services.exe\r\nTargetObject: HKLM\\System\\CurrentControlSet\\Services\\webthreatdefusersvc_9bc5f\\ImagePath\r\nDetails: C:\\WINDOWS\\system32\\svchost.exe -k LocalSystemNetworkRestricted -p\r\nUser: NT AUTHORITY\\SYSTEM""', 'version': '2', 'systemTime': '2025-12-29T20:50:22.9262930Z', 'eventRecordID': '20129', 'threadID': '5004', 'computer': 'WindowsEnd-c7921449-8b62-4c4d-8a83-d9281ac0190b', 'task': '13', 'processID': '3884', 'severityValue': 'INFORMATION', 'providerName': 'Microsoft-Windows-Sysmon'}}}, 'rule': {'firedtimes': 24, 'mail': False, 'level': 3, 'description': 'Evidence of new service creation found in registry under HKLM\\\\System\\\\CurrentControlSet\\\\Services\\\\webthreatdefusersvc_9bc5f\\\\ImagePath binary is: C:\\\\WINDOWS\\\\system32\\\\svchost.exe -k LocalSystemNetworkRestricted -p', 'groups': ['sysmon', 'sysmon_eid13_detections', 'windows'], 'mitre': {'technique': ['Windows Service'], 'id': ['T1543.003'], 'tactic': ['Persistence', 'Privilege Escalation']}, 'id': '92307'}, 'decoder': {'name': 'windows_eventchannel'}, 'input': {'type': 'log'}, '@timestamp': '2025-12-29T20:50:30.121Z', 'location': 'EventChannel', 'id': '1767041430.8339270', 'timestamp': '2025-12-29T21:50:30.121+0100'}",low,
2025-12-29T20:50:30.283Z,Endpoint3-Win,1,92307,Evidence of new service creation found in registry under HKLM\\System\\CurrentControlSet\\Services\\WpnUserService_9bc5f\\ImagePath binary is: C:\\WINDOWS\\system32\\svchost.exe -k UnistackSvcGroup,3,T1543.003,EventChannel,"{'agent': {'ip': '192.168.100.15', 'name': 'Endpoint3-Win', 'id': '001'}, 'manager': {'name': 'wazuh-vm'}, 'data': {'win': {'eventdata': {'image': 'C:\\\\WINDOWS\\\\system32\\\\services.exe', 'targetObject': 'HKLM\\\\System\\\\CurrentControlSet\\\\Services\\\\WpnUserService_9bc5f\\\\ImagePath', 'processGuid': '{411eefe4-e8cd-6952-0b00-000000001100}', 'processId': '836', 'utcTime': '2025-12-29 20:48:09.941', 'details': 'C:\\\\WINDOWS\\\\system32\\\\svchost.exe -k UnistackSvcGroup', 'eventType': 'SetValue', 'user': 'NT AUTHORITY\\\\SYSTEM'}, 'system': {'eventID': '13', 'keywords': '0x8000000000000000', 'providerGuid': '{5770385f-c22a-43e0-bf4c-06f5698ffbd9}', 'level': '4', 'channel': 'Microsoft-Windows-Sysmon/Operational', 'opcode': '0', 'message': '""Registry value set:\r\nRuleName: -\r\nEventType: SetValue\r\nUtcTime: 2025-12-29 20:48:09.941\r\nProcessGuid: {411eefe4-e8cd-6952-0b00-000000001100}\r\nProcessId: 836\r\nImage: C:\\WINDOWS\\system32\\services.exe\r\nTargetObject: HKLM\\System\\CurrentControlSet\\Services\\WpnUserService_9bc5f\\ImagePath\r\nDetails: C:\\WINDOWS\\system32\\svchost.exe -k UnistackSvcGroup\r\nUser: NT AUTHORITY\\SYSTEM""', 'version': '2', 'systemTime': '2025-12-29T20:50:22.9419024Z', 'eventRecordID': '20137', 'threadID': '5004', 'computer': 'WindowsEnd-c7921449-8b62-4c4d-8a83-d9281ac0190b', 'task': '13', 'processID': '3884', 'severityValue': 'INFORMATION', 'providerName': 'Microsoft-Windows-Sysmon'}}}, 'rule': {'firedtimes': 25, 'mail': False, 'level': 3, 'description': 'Evidence of new service creation found in registry under HKLM\\\\System\\\\CurrentControlSet\\\\Services\\\\WpnUserService_9bc5f\\\\ImagePath binary is: C:\\\\WINDOWS\\\\system32\\\\svchost.exe -k UnistackSvcGroup', 'groups': ['sysmon', 'sysmon_eid13_detections', 'windows'], 'mitre': {'technique': ['Windows Service'], 'id': ['T1543.003'], 'tactic': ['Persistence', 'Privilege Escalation']}, 'id': '92307'}, 'decoder': {'name': 'windows_eventchannel'}, 'input': {'type': 'log'}, '@timestamp': '2025-12-29T20:50:30.283Z', 'location': 'EventChannel', 'id': '1767041430.8342417', 'timestamp': '2025-12-29T21:50:30.283+0100'}",low,
2025-12-29T20:50:30.415Z,Endpoint3-Win,1,92154,Process loaded taskschd.dll module. May be used to create delayed malware execution,4,T1053.005,EventChannel,"{'agent': {'ip': '192.168.100.15', 'name': 'Endpoint3-Win', 'id': '001'}, 'manager': {'name': 'wazuh-vm'}, 'data': {'win': {'eventdata': {'originalFileName': 'taskschd.dll', 'image': 'C:\\\\Windows\\\\System32\\\\svchost.exe', 'product': 'Microsoft® Windows® Operating System', 'signature': 'Microsoft Windows', 'imageLoaded': 'C:\\\\Windows\\\\System32\\\\taskschd.dll', 'description': 'Task Scheduler COM API', 'signed': 'true', 'signatureStatus': 'Valid', 'processGuid': '{411eefe4-e8d8-6952-2800-000000001100}', 'processId': '1984', 'utcTime': '2025-12-29 20:48:11.603', 'hashes': 'SHA1=BF09E52372CF6663743A6FC58FCDB75D7551CD64,MD5=DF9E41FF2CF7430B4A29B24BB86AB7B0,SHA256=1E3292A4C58708CA4E3A73B82DB0E9CA4A2C1FC640526B9A14337A1A55A36AA7,IMPHASH=E61FD409CB21E6A6EBA2AFE59848CFC8', 'ruleName': 'technique_id=T1053,technique_name=Scheduled Task', 'company': 'Microsoft Corporation', 'fileVersion': '10.0.26100.5074 (WinBuild.160101.0800)', 'user': 'NT AUTHORITY\\\\SYSTEM'}, 'system': {'eventID': '7', 'keywords': '0x8000000000000000', 'providerGuid': '{5770385f-c22a-43e0-bf4c-06f5698ffbd9}', 'level': '4', 'channel': 'Microsoft-Windows-Sysmon/Operational', 'opcode': '0', 'message': '""Image loaded:\r\nRuleName: technique_id=T1053,technique_name=Scheduled Task\r\nUtcTime: 2025-12-29 20:48:11.603\r\nProcessGuid: {411eefe4-e8d8-6952-2800-000000001100}\r\nProcessId: 1984\r\nImage: C:\\Windows\\System32\\svchost.exe\r\nImageLoaded: C:\\Windows\\System32\\taskschd.dll\r\nFileVersion: 10.0.26100.5074 (WinBuild.160101.0800)\r\nDescription: Task Scheduler COM API\r\nProduct: Microsoft® Windows® Operating System\r\nCompany: Microsoft Corporation\r\nOriginalFileName: taskschd.dll\r\nHashes: SHA1=BF09E52372CF6663743A6FC58FCDB75D7551CD64,MD5=DF9E41FF2CF7430B4A29B24BB86AB7B0,SHA256=1E3292A4C58708CA4E3A73B82DB0E9CA4A2C1FC640526B9A14337A1A55A36AA7,IMPHASH=E61FD409CB21E6A6EBA2AFE59848CFC8\r\nSigned: true\r\nSignature: Microsoft Windows\r\nSignatureStatus: Valid\r\nUser: NT AUTHORITY\\SYSTEM""', 'version': '3', 'systemTime': '2025-12-29T20:50:24.5288519Z', 'eventRecordID': '20144', 'threadID': '5004', 'computer': 'WindowsEnd-c7921449-8b62-4c4d-8a83-d9281ac0190b', 'task': '7', 'processID': '3884', 'severityValue': 'INFORMATION', 'providerName': 'Microsoft-Windows-Sysmon'}}}, 'rule': {'firedtimes': 4, 'mail': False, 'level': 4, 'description': 'Process loaded taskschd.dll module. May be used to create delayed malware execution', 'groups': ['sysmon', 'sysmon_eid7_detections', 'windows'], 'mitre': {'technique': ['Scheduled Task'], 'id': ['T1053.005'], 'tactic': ['Execution', 'Persistence', 'Privilege Escalation']}, 'id': '92154'}, 'decoder': {'name': 'windows_eventchannel'}, 'input': {'type': 'log'}, '@timestamp': '2025-12-29T20:50:30.415Z', 'location': 'EventChannel', 'id': '1767041430.8345464', 'timestamp': '2025-12-29T21:50:30.415+0100'}",medium,
2025-12-29T20:50:30.473Z,Endpoint3-Win,1,92052,Windows command prompt started by an abnormal process,4,T1059.003,EventChannel,"{'agent': {'ip': '192.168.100.15', 'name': 'Endpoint3-Win', 'id': '001'}, 'manager': {'name': 'wazuh-vm'}, 'data': {'win': {'eventdata': {'originalFileName': 'Cmd.Exe', 'image': 'C:\\\\Windows\\\\System32\\\\cmd.exe', 'product': 'Microsoft® Windows® Operating System', 'parentProcessGuid': '{411eefe4-e8d4-6952-1b00-000000001100}', 'description': 'Windows Command Processor', 'logonGuid': '{411eefe4-e8fe-6952-0982-070000000000}', 'parentCommandLine': 'C:\\\\WINDOWS\\\\system32\\\\svchost.exe -k netsvcs -p -s Schedule', 'processGuid': '{411eefe4-e90c-6952-8200-000000001100}', 'logonId': '0x78209', 'parentProcessId': '1444', 'processId': '1832', 'currentDirectory': 'C:\\\\WINDOWS\\\\system32\\\\', 'utcTime': '2025-12-29 20:48:12.861', 'hashes': 'SHA1=583BAC245F14E4E07E7508692C5D8B97F9EB9E6D,MD5=6D109A3A00F210C1AB89C3B08399ED48,SHA256=64AFC6DB3AAD1289533662E2D79E27DD55C7DCDB8CD918B08E145AD82AD5ACB4,IMPHASH=B0F049C014592B156EB1FA857E99CEB9', 'parentImage': 'C:\\\\Windows\\\\System32\\\\svchost.exe', 'ruleName': 'technique_id=T1059.003,technique_name=Windows Command Shell', 'company': 'Microsoft Corporation', 'commandLine': '\\""cmd.exe\\"" /c calc.exe', 'integrityLevel': 'High', 'fileVersion': '10.0.26100.7309 (WinBuild.160101.0800)', 'user': 'WINDOWSEND-C792\\\\ayoub', 'terminalSessionId': '1', 'parentUser': 'NT AUTHORITY\\\\SYSTEM'}, 'system': {'eventID': '1', 'keywords': '0x8000000000000000', 'providerGuid': '{5770385f-c22a-43e0-bf4c-06f5698ffbd9}', 'level': '4', 'channel': 'Microsoft-Windows-Sysmon/Operational', 'opcode': '0', 'message': '""Process Create:\r\nRuleName: technique_id=T1059.003,technique_name=Windows Command Shell\r\nUtcTime: 2025-12-29 20:48:12.861\r\nProcessGuid: {411eefe4-e90c-6952-8200-000000001100}\r\nProcessId: 1832\r\nImage: C:\\Windows\\System32\\cmd.exe\r\nFileVersion: 10.0.26100.7309 (WinBuild.160101.0800)\r\nDescription: Windows Command Processor\r\nProduct: Microsoft® Windows® Operating System\r\nCompany: Microsoft Corporation\r\nOriginalFileName: Cmd.Exe\r\nCommandLine: ""cmd.exe"" /c calc.exe\r\nCurrentDirectory: C:\\WINDOWS\\system32\\\r\nUser: WINDOWSEND-C792\\ayoub\r\nLogonGuid: {411eefe4-e8fe-6952-0982-070000000000}\r\nLogonId: 0x78209\r\nTerminalSessionId: 1\r\nIntegrityLevel: High\r\nHashes: SHA1=583BAC245F14E4E07E7508692C5D8B97F9EB9E6D,MD5=6D109A3A00F210C1AB89C3B08399ED48,SHA256=64AFC6DB3AAD1289533662E2D79E27DD55C7DCDB8CD918B08E145AD82AD5ACB4,IMPHASH=B0F049C014592B156EB1FA857E99CEB9\r\nParentProcessGuid: {411eefe4-e8d4-6952-1b00-000000001100}\r\nParentProcessId: 1444\r\nParentImage: C:\\Windows\\System32\\svchost.exe\r\nParentCommandLine: C:\\WINDOWS\\system32\\svchost.exe -k netsvcs -p -s Schedule\r\nParentUser: NT AUTHORITY\\SYSTEM""', 'version': '5', 'systemTime': '2025-12-29T20:50:24.6549742Z', 'eventRecordID': '20147', 'threadID': '5004', 'computer': 'WindowsEnd-c7921449-8b62-4c4d-8a83-d9281ac0190b', 'task': '1', 'processID': '3884', 'severityValue': 'INFORMATION', 'providerName': 'Microsoft-Windows-Sysmon'}}}, 'rule': {'firedtimes': 1, 'mail': False, 'level': 4, 'description': 'Windows command prompt started by an abnormal process', 'groups': ['sysmon', 'sysmon_eid1_detections', 'windows'], 'mitre': {'technique': ['Windows Command Shell'], 'id': ['T1059.003'], 'tactic': ['Execution']}, 'id': '92052'}, 'decoder': {'name': 'windows_eventchannel'}, 'input': {'type': 'log'}, '@timestamp': '2025-12-29T20:50:30.473Z', 'location': 'EventChannel', 'id': '1767041430.8350123', 'timestamp': '2025-12-29T21:50:30.473+0100'}",medium,"\""cmd.exe\"" /c calc.exe"
2025-12-29T20:50:30.955Z,Endpoint3-Win,1,92031,Discovery activity executed,3,T1087,EventChannel,"{'agent': {'ip': '192.168.100.15', 'name': 'Endpoint3-Win', 'id': '001'}, 'manager': {'name': 'wazuh-vm'}, 'data': {'win': {'eventdata': {'originalFileName': 'net.exe', 'image': 'C:\\\\Windows\\\\SysWOW64\\\\net.exe', 'product': 'Microsoft® Windows® Operating System', 'parentProcessGuid': '{411eefe4-e8e3-6952-4c00-000000001100}', 'description': 'Net Command', 'logonGuid': '{411eefe4-e8ce-6952-e703-000000000000}', 'parentCommandLine': '\\""C:\\\\Program Files (x86)\\\\ossec-agent\\\\wazuh-agent.exe\\""', 'processGuid': '{411eefe4-e920-6952-9300-000000001100}', 'logonId': '0x3e7', 'parentProcessId': '3316', 'processId': '2548', 'currentDirectory': 'C:\\\\Program Files (x86)\\\\ossec-agent\\\\', 'utcTime': '2025-12-29 20:48:32.038', 'hashes': 'SHA1=898EA6CF28BAA8E35FD604A218CB4AC1DB63CF9A,MD5=D4E7A009D386934803364C2D69ED465B,SHA256=E7A3A04DB13F7D5E65DB45DBED99B80C9AD9907BEEBA3416E2E5428E1EFB791E,IMPHASH=559D4014B9861D37E317DED7FD6BC691', 'parentImage': 'C:\\\\Program Files (x86)\\\\ossec-agent\\\\wazuh-agent.exe', 'ruleName': 'technique_id=T1018,technique_name=Remote System Discovery', 'company': 'Microsoft Corporation', 'commandLine': 'net.exe accounts', 'integrityLevel': 'System', 'fileVersion': '10.0.26100.7019 (WinBuild.160101.0800)', 'user': 'NT AUTHORITY\\\\SYSTEM', 'terminalSessionId': '0', 'parentUser': 'NT AUTHORITY\\\\SYSTEM'}, 'system': {'eventID': '1', 'keywords': '0x8000000000000000', 'providerGuid': '{5770385f-c22a-43e0-bf4c-06f5698ffbd9}', 'level': '4', 'channel': 'Microsoft-Windows-Sysmon/Operational', 'opcode': '0', 'message': '""Process Create:\r\nRuleName: technique_id=T1018,technique_name=Remote System Discovery\r\nUtcTime: 2025-12-29 20:48:32.038\r\nProcessGuid: {411eefe4-e920-6952-9300-000000001100}\r\nProcessId: 2548\r\nImage: C:\\Windows\\SysWOW64\\net.exe\r\nFileVersion: 10.0.26100.7019 (WinBuild.160101.0800)\r\nDescription: Net Command\r\nProduct: Microsoft® Windows® Operating System\r\nCompany: Microsoft Corporation\r\nOriginalFileName: net.exe\r\nCommandLine: net.exe accounts\r\nCurrentDirectory: C:\\Program Files (x86)\\ossec-agent\\\r\nUser: NT AUTHORITY\\SYSTEM\r\nLogonGuid: {411eefe4-e8ce-6952-e703-000000000000}\r\nLogonId: 0x3E7\r\nTerminalSessionId: 0\r\nIntegrityLevel: System\r\nHashes: SHA1=898EA6CF28BAA8E35FD604A218CB4AC1DB63CF9A,MD5=D4E7A009D386934803364C2D69ED465B,SHA256=E7A3A04DB13F7D5E65DB45DBED99B80C9AD9907BEEBA3416E2E5428E1EFB791E,IMPHASH=559D4014B9861D37E317DED7FD6BC691\r\nParentProcessGuid: {411eefe4-e8e3-6952-4c00-000000001100}\r\nParentProcessId: 3316\r\nParentImage: C:\\Program Files (x86)\\ossec-agent\\wazuh-agent.exe\r\nParentCommandLine: ""C:\\Program Files (x86)\\ossec-agent\\wazuh-agent.exe""\r\nParentUser: NT AUTHORITY\\SYSTEM""', 'version': '5', 'systemTime': '2025-12-29T20:50:26.9191385Z', 'eventRecordID': '20162', 'threadID': '5004', 'computer': 'WindowsEnd-c7921449-8b62-4c4d-8a83-d9281ac0190b', 'task': '1', 'processID': '3884', 'severityValue': 'INFORMATION', 'providerName': 'Microsoft-Windows-Sysmon'}}}, 'rule': {'firedtimes': 2, 'mail': False, 'level': 3, 'description': 'Discovery activity executed', 'groups': ['sysmon', 'sysmon_eid1_detections', 'windows'], 'mitre': {'technique': ['Account Discovery'], 'id': ['T1087'], 'tactic': ['Discovery']}, 'id': '92031'}, 'decoder': {'name': 'windows_eventchannel'}, 'input': {'type': 'log'}, '@timestamp': '2025-12-29T20:50:30.955Z', 'location': 'EventChannel', 'id': '1767041430.8356200', 'timestamp': '2025-12-29T21:50:30.955+0100'}",low,net.exe accounts
2025-12-29T20:50:31.611Z,Endpoint3-Win,1,92154,Process loaded taskschd.dll module. May be used to create delayed malware execution,4,T1053.005,EventChannel,"{'agent': {'ip': '192.168.100.15', 'name': 'Endpoint3-Win', 'id': '001'}, 'manager': {'name': 'wazuh-vm'}, 'data': {'win': {'eventdata': {'originalFileName': 'taskschd.dll', 'image': 'C:\\\\Windows\\\\System32\\\\taskhostw.exe', 'product': 'Microsoft® Windows® Operating System', 'signature': 'Microsoft Windows', 'imageLoaded': 'C:\\\\Windows\\\\System32\\\\taskschd.dll', 'description': 'Task Scheduler COM API', 'signed': 'true', 'signatureStatus': 'Valid', 'processGuid': '{411eefe4-e90c-6952-8000-000000001100}', 'processId': '2580', 'utcTime': '2025-12-29 20:49:00.165', 'hashes': 'SHA1=BF09E52372CF6663743A6FC58FCDB75D7551CD64,MD5=DF9E41FF2CF7430B4A29B24BB86AB7B0,SHA256=1E3292A4C58708CA4E3A73B82DB0E9CA4A2C1FC640526B9A14337A1A55A36AA7,IMPHASH=E61FD409CB21E6A6EBA2AFE59848CFC8', 'ruleName': 'technique_id=T1053,technique_name=Scheduled Task', 'company': 'Microsoft Corporation', 'fileVersion': '10.0.26100.5074 (WinBuild.160101.0800)', 'user': 'WINDOWSEND-C792\\\\ayoub'}, 'system': {'eventID': '7', 'keywords': '0x8000000000000000', 'providerGuid': '{5770385f-c22a-43e0-bf4c-06f5698ffbd9}', 'level': '4', 'channel': 'Microsoft-Windows-Sysmon/Operational', 'opcode': '0', 'message': '""Image loaded:\r\nRuleName: technique_id=T1053,technique_name=Scheduled Task\r\nUtcTime: 2025-12-29 20:49:00.165\r\nProcessGuid: {411eefe4-e90c-6952-8000-000000001100}\r\nProcessId: 2580\r\nImage: C:\\Windows\\System32\\taskhostw.exe\r\nImageLoaded: C:\\Windows\\System32\\taskschd.dll\r\nFileVersion: 10.0.26100.5074 (WinBuild.160101.0800)\r\nDescription: Task Scheduler COM API\r\nProduct: Microsoft® Windows® Operating System\r\nCompany: Microsoft Corporation\r\nOriginalFileName: taskschd.dll\r\nHashes: SHA1=BF09E52372CF6663743A6FC58FCDB75D7551CD64,MD5=DF9E41FF2CF7430B4A29B24BB86AB7B0,SHA256=1E3292A4C58708CA4E3A73B82DB0E9CA4A2C1FC640526B9A14337A1A55A36AA7,IMPHASH=E61FD409CB21E6A6EBA2AFE59848CFC8\r\nSigned: true\r\nSignature: Microsoft Windows\r\nSignatureStatus: Valid\r\nUser: WINDOWSEND-C792\\ayoub""', 'version': '3', 'systemTime': '2025-12-29T20:50:28.6363260Z', 'eventRecordID': '20194', 'threadID': '5004', 'computer': 'WindowsEnd-c7921449-8b62-4c4d-8a83-d9281ac0190b', 'task': '7', 'processID': '3884', 'severityValue': 'INFORMATION', 'providerName': 'Microsoft-Windows-Sysmon'}}}, 'rule': {'firedtimes': 5, 'mail': False, 'level': 4, 'description': 'Process loaded taskschd.dll module. May be used to create delayed malware execution', 'groups': ['sysmon', 'sysmon_eid7_detections', 'windows'], 'mitre': {'technique': ['Scheduled Task'], 'id': ['T1053.005'], 'tactic': ['Execution', 'Persistence', 'Privilege Escalation']}, 'id': '92154'}, 'decoder': {'name': 'windows_eventchannel'}, 'input': {'type': 'log'}, '@timestamp': '2025-12-29T20:50:31.611Z', 'location': 'EventChannel', 'id': '1767041431.8362275', 'timestamp': '2025-12-29T21:50:31.611+0100'}",medium,
2025-12-29T20:50:31.678Z,Endpoint3-Win,1,92307,Evidence of new service creation found in registry under HKLM\\System\\CurrentControlSet\\Services\\KslD\\AllowedProcessName binary is: \\Device\\HarddiskVolume3\\ProgramData\\Microsoft\\Windows Defender\\Platform\\4.18.25110.6-0\\MsMpEng.exe,3,T1543.003,EventChannel,"{'agent': {'ip': '192.168.100.15', 'name': 'Endpoint3-Win', 'id': '001'}, 'manager': {'name': 'wazuh-vm'}, 'data': {'win': {'eventdata': {'image': 'C:\\\\ProgramData\\\\Microsoft\\\\Windows Defender\\\\Platform\\\\4.18.25110.6-0\\\\MsMpEng.exe', 'targetObject': 'HKLM\\\\System\\\\CurrentControlSet\\\\Services\\\\KslD\\\\AllowedProcessName', 'processGuid': '{411eefe4-e8e3-6952-4d00-000000001100}', 'processId': '3340', 'utcTime': '2025-12-29 20:49:00.204', 'details': '\\\\Device\\\\HarddiskVolume3\\\\ProgramData\\\\Microsoft\\\\Windows Defender\\\\Platform\\\\4.18.25110.6-0\\\\MsMpEng.exe', 'eventType': 'SetValue', 'user': 'NT AUTHORITY\\\\SYSTEM'}, 'system': {'eventID': '13', 'keywords': '0x8000000000000000', 'providerGuid': '{5770385f-c22a-43e0-bf4c-06f5698ffbd9}', 'level': '4', 'channel': 'Microsoft-Windows-Sysmon/Operational', 'opcode': '0', 'message': '""Registry value set:\r\nRuleName: -\r\nEventType: SetValue\r\nUtcTime: 2025-12-29 20:49:00.204\r\nProcessGuid: {411eefe4-e8e3-6952-4d00-000000001100}\r\nProcessId: 3340\r\nImage: C:\\ProgramData\\Microsoft\\Windows Defender\\Platform\\4.18.25110.6-0\\MsMpEng.exe\r\nTargetObject: HKLM\\System\\CurrentControlSet\\Services\\KslD\\AllowedProcessName\r\nDetails: \\Device\\HarddiskVolume3\\ProgramData\\Microsoft\\Windows Defender\\Platform\\4.18.25110.6-0\\MsMpEng.exe\r\nUser: NT AUTHORITY\\SYSTEM""', 'version': '2', 'systemTime': '2025-12-29T20:50:28.6597289Z', 'eventRecordID': '20198', 'threadID': '5004', 'computer': 'WindowsEnd-c7921449-8b62-4c4d-8a83-d9281ac0190b', 'task': '13', 'processID': '3884', 'severityValue': 'INFORMATION', 'providerName': 'Microsoft-Windows-Sysmon'}}}, 'rule': {'firedtimes': 26, 'mail': False, 'level': 3, 'description': 'Evidence of new service creation found in registry under HKLM\\\\System\\\\CurrentControlSet\\\\Services\\\\KslD\\\\AllowedProcessName binary is: \\\\Device\\\\HarddiskVolume3\\\\ProgramData\\\\Microsoft\\\\Windows Defender\\\\Platform\\\\4.18.25110.6-0\\\\MsMpEng.exe', 'groups': ['sysmon', 'sysmon_eid13_detections', 'windows'], 'mitre': {'technique': ['Windows Service'], 'id': ['T1543.003'], 'tactic': ['Persistence', 'Privilege Escalation']}, 'id': '92307'}, 'decoder': {'name': 'windows_eventchannel'}, 'input': {'type': 'log'}, '@timestamp': '2025-12-29T20:50:31.678Z', 'location': 'EventChannel', 'id': '1767041431.8366950', 'timestamp': '2025-12-29T21:50:31.678+0100'}",low,
