2025-12-29T20:53:48.745Z,wazuh-vm,0,52002,Apparmor DENIED,3,,/var/log/kern.log,"{'predecoder': {'program_name': 'kernel', 'timestamp': '2025-12-29T21:53:47.188468+01:00'}, 'agent': {'name': 'wazuh-vm', 'id': '000'}, 'manager': {'name': 'wazuh-vm'}, 'data': {'extra_data': 'open', 'status': 'DENIED'}, 'rule': {'firedtimes': 79, 'mail': False, 'level': 3, 'description': 'Apparmor DENIED', 'groups': ['local', 'syslog', 'apparmor'], 'id': '52002'}, 'decoder': {'parent': 'kernel', 'name': 'kernel'}, 'full_log': '2025-12-29T21:53:47.188468+01:00 wazuh-vm kernel: audit: type=1400 audit(1767041627.187:288): apparmor=""DENIED"" operation=""open"" class=""file"" profile=""snap.firefox.firefox"" name=""/proc/pressure/memory"" pid=4137 comm=""MemoryPoller"" requested_mask=""r"" denied_mask=""r"" fsuid=1001 ouid=0', 'input': {'type': 'log'}, '@timestamp': '2025-12-29T20:53:48.745Z', 'location': '/var/log/kern.log', 'id': '1767041628.8644696', 'timestamp': '2025-12-29T21:53:48.745+0100'}",low,
2025-12-29T20:53:48.745Z,wazuh-vm,0,52002,Apparmor DENIED,3,,/var/log/syslog,"{'predecoder': {'program_name': 'kernel', 'timestamp': '2025-12-29T21:53:47.188468+01:00'}, 'agent': {'name': 'wazuh-vm', 'id': '000'}, 'manager': {'name': 'wazuh-vm'}, 'data': {'extra_data': 'open', 'status': 'DENIED'}, 'rule': {'firedtimes': 80, 'mail': False, 'level': 3, 'description': 'Apparmor DENIED', 'groups': ['local', 'syslog', 'apparmor'], 'id': '52002'}, 'decoder': {'parent': 'kernel', 'name': 'kernel'}, 'full_log': '2025-12-29T21:53:47.188468+01:00 wazuh-vm kernel: audit: type=1400 audit(1767041627.187:288): apparmor=""DENIED"" operation=""open"" class=""file"" profile=""snap.firefox.firefox"" name=""/proc/pressure/memory"" pid=4137 comm=""MemoryPoller"" requested_mask=""r"" denied_mask=""r"" fsuid=1001 ouid=0', 'input': {'type': 'log'}, '@timestamp': '2025-12-29T20:53:48.745Z', 'location': '/var/log/syslog', 'id': '1767041628.8645127', 'timestamp': '2025-12-29T21:53:48.745+0100'}",low,
2025-12-29T20:53:52.748Z,wazuh-vm,0,52002,Apparmor DENIED,3,,/var/log/syslog,"{'predecoder': {'program_name': 'kernel', 'timestamp': '2025-12-29T21:53:52.190026+01:00'}, 'agent': {'name': 'wazuh-vm', 'id': '000'}, 'manager': {'name': 'wazuh-vm'}, 'data': {'extra_data': 'open', 'status': 'DENIED'}, 'rule': {'firedtimes': 81, 'mail': False, 'level': 3, 'description': 'Apparmor DENIED', 'groups': ['local', 'syslog', 'apparmor'], 'id': '52002'}, 'decoder': {'parent': 'kernel', 'name': 'kernel'}, 'full_log': '2025-12-29T21:53:52.190026+01:00 wazuh-vm kernel: audit: type=1400 audit(1767041632.188:289): apparmor=""DENIED"" operation=""open"" class=""file"" profile=""snap.firefox.firefox"" name=""/proc/pressure/memory"" pid=4137 comm=""MemoryPoller"" requested_mask=""r"" denied_mask=""r"" fsuid=1001 ouid=0', 'input': {'type': 'log'}, '@timestamp': '2025-12-29T20:53:52.748Z', 'location': '/var/log/syslog', 'id': '1767041632.8645556', 'timestamp': '2025-12-29T21:53:52.748+0100'}",low,
2025-12-29T20:53:52.748Z,wazuh-vm,0,52002,Apparmor DENIED,3,,/var/log/kern.log,"{'predecoder': {'program_name': 'kernel', 'timestamp': '2025-12-29T21:53:52.190026+01:00'}, 'agent': {'name': 'wazuh-vm', 'id': '000'}, 'manager': {'name': 'wazuh-vm'}, 'data': {'extra_data': 'open', 'status': 'DENIED'}, 'rule': {'firedtimes': 82, 'mail': False, 'level': 3, 'description': 'Apparmor DENIED', 'groups': ['local', 'syslog', 'apparmor'], 'id': '52002'}, 'decoder': {'parent': 'kernel', 'name': 'kernel'}, 'full_log': '2025-12-29T21:53:52.190026+01:00 wazuh-vm kernel: audit: type=1400 audit(1767041632.188:289): apparmor=""DENIED"" operation=""open"" class=""file"" profile=""snap.firefox.firefox"" name=""/proc/pressure/memory"" pid=4137 comm=""MemoryPoller"" requested_mask=""r"" denied_mask=""r"" fsuid=1001 ouid=0', 'input': {'type': 'log'}, '@timestamp': '2025-12-29T20:53:52.748Z', 'location': '/var/log/kern.log', 'id': '1767041632.8645985', 'timestamp': '2025-12-29T21:53:52.748+0100'}",low,
2025-12-29T20:53:58.304Z,Endpoint3-Win,1,92039,A net.exe account discovery command was initiated,3,T1087,EventChannel,"{'agent': {'ip': '192.168.100.15', 'name': 'Endpoint3-Win', 'id': '001'}, 'manager': {'name': 'wazuh-vm'}, 'data': {'win': {'eventdata': {'originalFileName': 'net1.exe', 'image': 'C:\\\\Windows\\\\SysWOW64\\\\net1.exe', 'product': 'Microsoft® Windows® Operating System', 'parentProcessGuid': '{411eefe4-ea56-6952-3101-000000001100}', 'description': 'Net Command', 'logonGuid': '{411eefe4-e8ce-6952-e703-000000000000}', 'parentCommandLine': 'net user administrator', 'processGuid': '{411eefe4-ea64-6952-3e01-000000001100}', 'logonId': '0x3e7', 'parentProcessId': '612', 'processId': '4120', 'currentDirectory': 'C:\\\\Program Files (x86)\\\\ossec-agent\\\\', 'utcTime': '2025-12-29 20:53:56.533', 'hashes': 'SHA1=FE09437DAC25812FB834D72D9D6BE31BFCDBB490,MD5=97EF48CB1ED2DFEEB51672B7FAEB1B72,SHA256=0BAAD631C2F9EDDB6E7D6B9ABB43A5CE950515B9569C5D15AADBD1BA5725E131,IMPHASH=FEB4A1A72B6368863C8CC53955256BF8', 'parentImage': 'C:\\\\Windows\\\\SysWOW64\\\\net.exe', 'ruleName': 'technique_id=T1018,technique_name=Remote System Discovery', 'company': 'Microsoft Corporation', 'commandLine': 'C:\\\\WINDOWS\\\\system32\\\\net1 user administrator', 'integrityLevel': 'System', 'fileVersion': '10.0.26100.7019 (WinBuild.160101.0800)', 'user': 'NT AUTHORITY\\\\SYSTEM', 'terminalSessionId': '0', 'parentUser': 'NT AUTHORITY\\\\SYSTEM'}, 'system': {'eventID': '1', 'keywords': '0x8000000000000000', 'providerGuid': '{5770385f-c22a-43e0-bf4c-06f5698ffbd9}', 'level': '4', 'channel': 'Microsoft-Windows-Sysmon/Operational', 'opcode': '0', 'message': '""Process Create:\r\nRuleName: technique_id=T1018,technique_name=Remote System Discovery\r\nUtcTime: 2025-12-29 20:53:56.533\r\nProcessGuid: {411eefe4-ea64-6952-3e01-000000001100}\r\nProcessId: 4120\r\nImage: C:\\Windows\\SysWOW64\\net1.exe\r\nFileVersion: 10.0.26100.7019 (WinBuild.160101.0800)\r\nDescription: Net Command\r\nProduct: Microsoft® Windows® Operating System\r\nCompany: Microsoft Corporation\r\nOriginalFileName: net1.exe\r\nCommandLine: C:\\WINDOWS\\system32\\net1 user administrator\r\nCurrentDirectory: C:\\Program Files (x86)\\ossec-agent\\\r\nUser: NT AUTHORITY\\SYSTEM\r\nLogonGuid: {411eefe4-e8ce-6952-e703-000000000000}\r\nLogonId: 0x3E7\r\nTerminalSessionId: 0\r\nIntegrityLevel: System\r\nHashes: SHA1=FE09437DAC25812FB834D72D9D6BE31BFCDBB490,MD5=97EF48CB1ED2DFEEB51672B7FAEB1B72,SHA256=0BAAD631C2F9EDDB6E7D6B9ABB43A5CE950515B9569C5D15AADBD1BA5725E131,IMPHASH=FEB4A1A72B6368863C8CC53955256BF8\r\nParentProcessGuid: {411eefe4-ea56-6952-3101-000000001100}\r\nParentProcessId: 612\r\nParentImage: C:\\Windows\\SysWOW64\\net.exe\r\nParentCommandLine: net user administrator\r\nParentUser: NT AUTHORITY\\SYSTEM""', 'version': '5', 'systemTime': '2025-12-29T20:53:56.5406894Z', 'eventRecordID': '20924', 'threadID': '5004', 'computer': 'WindowsEnd-c7921449-8b62-4c4d-8a83-d9281ac0190b', 'task': '1', 'processID': '3884', 'severityValue': 'INFORMATION', 'providerName': 'Microsoft-Windows-Sysmon'}}}, 'rule': {'firedtimes': 6, 'mail': False, 'level': 3, 'description': 'A net.exe account discovery command was initiated', 'groups': ['sysmon', 'sysmon_eid1_detections', 'windows'], 'mitre': {'technique': ['Account Discovery'], 'id': ['T1087'], 'tactic': ['Discovery']}, 'id': '92039'}, 'decoder': {'name': 'windows_eventchannel'}, 'input': {'type': 'log'}, '@timestamp': '2025-12-29T20:53:58.304Z', 'location': 'EventChannel', 'id': '1767041638.8646416', 'timestamp': '2025-12-29T21:53:58.304+0100'}",low,C:\\WINDOWS\\system32\\net1 user administrator
2025-12-29T20:53:58.753Z,wazuh-vm,0,52002,Apparmor DENIED,3,,/var/log/syslog,"{'predecoder': {'program_name': 'kernel', 'timestamp': '2025-12-29T21:53:57.189725+01:00'}, 'agent': {'name': 'wazuh-vm', 'id': '000'}, 'manager': {'name': 'wazuh-vm'}, 'data': {'extra_data': 'open', 'status': 'DENIED'}, 'rule': {'firedtimes': 83, 'mail': False, 'level': 3, 'description': 'Apparmor DENIED', 'groups': ['local', 'syslog', 'apparmor'], 'id': '52002'}, 'decoder': {'parent': 'kernel', 'name': 'kernel'}, 'full_log': '2025-12-29T21:53:57.189725+01:00 wazuh-vm kernel: audit: type=1400 audit(1767041637.188:290): apparmor=""DENIED"" operation=""open"" class=""file"" profile=""snap.firefox.firefox"" name=""/proc/pressure/memory"" pid=4137 comm=""MemoryPoller"" requested_mask=""r"" denied_mask=""r"" fsuid=1001 ouid=0', 'input': {'type': 'log'}, '@timestamp': '2025-12-29T20:53:58.753Z', 'location': '/var/log/syslog', 'id': '1767041638.8652403', 'timestamp': '2025-12-29T21:53:58.753+0100'}",low,
2025-12-29T20:53:58.753Z,wazuh-vm,0,52002,Apparmor DENIED,3,,/var/log/kern.log,"{'predecoder': {'program_name': 'kernel', 'timestamp': '2025-12-29T21:53:57.189725+01:00'}, 'agent': {'name': 'wazuh-vm', 'id': '000'}, 'manager': {'name': 'wazuh-vm'}, 'data': {'extra_data': 'open', 'status': 'DENIED'}, 'rule': {'firedtimes': 84, 'mail': False, 'level': 3, 'description': 'Apparmor DENIED', 'groups': ['local', 'syslog', 'apparmor'], 'id': '52002'}, 'decoder': {'parent': 'kernel', 'name': 'kernel'}, 'full_log': '2025-12-29T21:53:57.189725+01:00 wazuh-vm kernel: audit: type=1400 audit(1767041637.188:290): apparmor=""DENIED"" operation=""open"" class=""file"" profile=""snap.firefox.firefox"" name=""/proc/pressure/memory"" pid=4137 comm=""MemoryPoller"" requested_mask=""r"" denied_mask=""r"" fsuid=1001 ouid=0', 'input': {'type': 'log'}, '@timestamp': '2025-12-29T20:53:58.753Z', 'location': '/var/log/kern.log', 'id': '1767041638.8652832', 'timestamp': '2025-12-29T21:53:58.753+0100'}",low,
2025-12-29T20:53:59.430Z,Endpoint3-Win,1,92039,A net.exe account discovery command was initiated,3,T1087,EventChannel,"{'agent': {'ip': '192.168.100.15', 'name': 'Endpoint3-Win', 'id': '001'}, 'manager': {'name': 'wazuh-vm'}, 'data': {'win': {'eventdata': {'originalFileName': 'net.exe', 'image': 'C:\\\\Windows\\\\SysWOW64\\\\net.exe', 'product': 'Microsoft® Windows® Operating System', 'parentProcessGuid': '{411eefe4-e8e3-6952-4c00-000000001100}', 'description': 'Net Command', 'logonGuid': '{411eefe4-e8ce-6952-e703-000000000000}', 'parentCommandLine': '\\""C:\\\\Program Files (x86)\\\\ossec-agent\\\\wazuh-agent.exe\\""', 'processGuid': '{411eefe4-ea65-6952-3f01-000000001100}', 'logonId': '0x3e7', 'parentProcessId': '3316', 'processId': '8156', 'currentDirectory': 'C:\\\\Program Files (x86)\\\\ossec-agent\\\\', 'utcTime': '2025-12-29 20:53:57.685', 'hashes': 'SHA1=898EA6CF28BAA8E35FD604A218CB4AC1DB63CF9A,MD5=D4E7A009D386934803364C2D69ED465B,SHA256=E7A3A04DB13F7D5E65DB45DBED99B80C9AD9907BEEBA3416E2E5428E1EFB791E,IMPHASH=559D4014B9861D37E317DED7FD6BC691', 'parentImage': 'C:\\\\Program Files (x86)\\\\ossec-agent\\\\wazuh-agent.exe', 'ruleName': 'technique_id=T1087.001,technique_name=Local Account', 'company': 'Microsoft Corporation', 'commandLine': 'net user guest', 'integrityLevel': 'System', 'fileVersion': '10.0.26100.7019 (WinBuild.160101.0800)', 'user': 'NT AUTHORITY\\\\SYSTEM', 'terminalSessionId': '0', 'parentUser': 'NT AUTHORITY\\\\SYSTEM'}, 'system': {'eventID': '1', 'keywords': '0x8000000000000000', 'providerGuid': '{5770385f-c22a-43e0-bf4c-06f5698ffbd9}', 'level': '4', 'channel': 'Microsoft-Windows-Sysmon/Operational', 'opcode': '0', 'message': '""Process Create:\r\nRuleName: technique_id=T1087.001,technique_name=Local Account\r\nUtcTime: 2025-12-29 20:53:57.685\r\nProcessGuid: {411eefe4-ea65-6952-3f01-000000001100}\r\nProcessId: 8156\r\nImage: C:\\Windows\\SysWOW64\\net.exe\r\nFileVersion: 10.0.26100.7019 (WinBuild.160101.0800)\r\nDescription: Net Command\r\nProduct: Microsoft® Windows® Operating System\r\nCompany: Microsoft Corporation\r\nOriginalFileName: net.exe\r\nCommandLine: net user guest\r\nCurrentDirectory: C:\\Program Files (x86)\\ossec-agent\\\r\nUser: NT AUTHORITY\\SYSTEM\r\nLogonGuid: {411eefe4-e8ce-6952-e703-000000000000}\r\nLogonId: 0x3E7\r\nTerminalSessionId: 0\r\nIntegrityLevel: System\r\nHashes: SHA1=898EA6CF28BAA8E35FD604A218CB4AC1DB63CF9A,MD5=D4E7A009D386934803364C2D69ED465B,SHA256=E7A3A04DB13F7D5E65DB45DBED99B80C9AD9907BEEBA3416E2E5428E1EFB791E,IMPHASH=559D4014B9861D37E317DED7FD6BC691\r\nParentProcessGuid: {411eefe4-e8e3-6952-4c00-000000001100}\r\nParentProcessId: 3316\r\nParentImage: C:\\Program Files (x86)\\ossec-agent\\wazuh-agent.exe\r\nParentCommandLine: ""C:\\Program Files (x86)\\ossec-agent\\wazuh-agent.exe""\r\nParentUser: NT AUTHORITY\\SYSTEM""', 'version': '5', 'systemTime': '2025-12-29T20:53:57.6962946Z', 'eventRecordID': '20927', 'threadID': '5004', 'computer': 'WindowsEnd-c7921449-8b62-4c4d-8a83-d9281ac0190b', 'task': '1', 'processID': '3884', 'severityValue': 'INFORMATION', 'providerName': 'Microsoft-Windows-Sysmon'}}}, 'rule': {'firedtimes': 7, 'mail': False, 'level': 3, 'description': 'A net.exe account discovery command was initiated', 'groups': ['sysmon', 'sysmon_eid1_detections', 'windows'], 'mitre': {'technique': ['Account Discovery'], 'id': ['T1087'], 'tactic': ['Discovery']}, 'id': '92039'}, 'decoder': {'name': 'windows_eventchannel'}, 'input': {'type': 'log'}, '@timestamp': '2025-12-29T20:53:59.430Z', 'location': 'EventChannel', 'id': '1767041639.8653263', 'timestamp': '2025-12-29T21:53:59.430+0100'}",low,net user guest
2025-12-29T20:54:00.516Z,Endpoint3-Win,1,92039,A net.exe account discovery command was initiated,3,T1087,EventChannel,"{'agent': {'ip': '192.168.100.15', 'name': 'Endpoint3-Win', 'id': '001'}, 'manager': {'name': 'wazuh-vm'}, 'data': {'win': {'eventdata': {'originalFileName': 'net1.exe', 'image': 'C:\\\\Windows\\\\SysWOW64\\\\net1.exe', 'product': 'Microsoft® Windows® Operating System', 'parentProcessGuid': '{411eefe4-ea65-6952-3f01-000000001100}', 'description': 'Net Command', 'logonGuid': '{411eefe4-e8ce-6952-e703-000000000000}', 'parentCommandLine': 'net user guest', 'processGuid': '{411eefe4-ea67-6952-4101-000000001100}', 'logonId': '0x3e7', 'parentProcessId': '8156', 'processId': '8516', 'currentDirectory': 'C:\\\\Program Files (x86)\\\\ossec-agent\\\\', 'utcTime': '2025-12-29 20:53:59.641', 'hashes': 'SHA1=FE09437DAC25812FB834D72D9D6BE31BFCDBB490,MD5=97EF48CB1ED2DFEEB51672B7FAEB1B72,SHA256=0BAAD631C2F9EDDB6E7D6B9ABB43A5CE950515B9569C5D15AADBD1BA5725E131,IMPHASH=FEB4A1A72B6368863C8CC53955256BF8', 'parentImage': 'C:\\\\Windows\\\\SysWOW64\\\\net.exe', 'ruleName': 'technique_id=T1018,technique_name=Remote System Discovery', 'company': 'Microsoft Corporation', 'commandLine': 'C:\\\\WINDOWS\\\\system32\\\\net1 user guest', 'integrityLevel': 'System', 'fileVersion': '10.0.26100.7019 (WinBuild.160101.0800)', 'user': 'NT AUTHORITY\\\\SYSTEM', 'terminalSessionId': '0', 'parentUser': 'NT AUTHORITY\\\\SYSTEM'}, 'system': {'eventID': '1', 'keywords': '0x8000000000000000', 'providerGuid': '{5770385f-c22a-43e0-bf4c-06f5698ffbd9}', 'level': '4', 'channel': 'Microsoft-Windows-Sysmon/Operational', 'opcode': '0', 'message': '""Process Create:\r\nRuleName: technique_id=T1018,technique_name=Remote System Discovery\r\nUtcTime: 2025-12-29 20:53:59.641\r\nProcessGuid: {411eefe4-ea67-6952-4101-000000001100}\r\nProcessId: 8516\r\nImage: C:\\Windows\\SysWOW64\\net1.exe\r\nFileVersion: 10.0.26100.7019 (WinBuild.160101.0800)\r\nDescription: Net Command\r\nProduct: Microsoft® Windows® Operating System\r\nCompany: Microsoft Corporation\r\nOriginalFileName: net1.exe\r\nCommandLine: C:\\WINDOWS\\system32\\net1 user guest\r\nCurrentDirectory: C:\\Program Files (x86)\\ossec-agent\\\r\nUser: NT AUTHORITY\\SYSTEM\r\nLogonGuid: {411eefe4-e8ce-6952-e703-000000000000}\r\nLogonId: 0x3E7\r\nTerminalSessionId: 0\r\nIntegrityLevel: System\r\nHashes: SHA1=FE09437DAC25812FB834D72D9D6BE31BFCDBB490,MD5=97EF48CB1ED2DFEEB51672B7FAEB1B72,SHA256=0BAAD631C2F9EDDB6E7D6B9ABB43A5CE950515B9569C5D15AADBD1BA5725E131,IMPHASH=FEB4A1A72B6368863C8CC53955256BF8\r\nParentProcessGuid: {411eefe4-ea65-6952-3f01-000000001100}\r\nParentProcessId: 8156\r\nParentImage: C:\\Windows\\SysWOW64\\net.exe\r\nParentCommandLine: net user guest\r\nParentUser: NT AUTHORITY\\SYSTEM""', 'version': '5', 'systemTime': '2025-12-29T20:53:59.6661633Z', 'eventRecordID': '20932', 'threadID': '5004', 'computer': 'WindowsEnd-c7921449-8b62-4c4d-8a83-d9281ac0190b', 'task': '1', 'processID': '3884', 'severityValue': 'INFORMATION', 'providerName': 'Microsoft-Windows-Sysmon'}}}, 'rule': {'firedtimes': 8, 'mail': False, 'level': 3, 'description': 'A net.exe account discovery command was initiated', 'groups': ['sysmon', 'sysmon_eid1_detections', 'windows'], 'mitre': {'technique': ['Account Discovery'], 'id': ['T1087'], 'tactic': ['Discovery']}, 'id': '92039'}, 'decoder': {'name': 'windows_eventchannel'}, 'input': {'type': 'log'}, '@timestamp': '2025-12-29T20:54:00.516Z', 'location': 'EventChannel', 'id': '1767041640.8659328', 'timestamp': '2025-12-29T21:54:00.516+0100'}",low,C:\\WINDOWS\\system32\\net1 user guest
2025-12-29T20:54:01.653Z,Endpoint3-Win,1,92031,Discovery activity executed,3,T1087,EventChannel,"{'agent': {'ip': '192.168.100.15', 'name': 'Endpoint3-Win', 'id': '001'}, 'manager': {'name': 'wazuh-vm'}, 'data': {'win': {'eventdata': {'originalFileName': 'net.exe', 'image': 'C:\\\\Windows\\\\SysWOW64\\\\net.exe', 'product': 'Microsoft® Windows® Operating System', 'parentProcessGuid': '{411eefe4-e8e3-6952-4c00-000000001100}', 'description': 'Net Command', 'logonGuid': '{411eefe4-e8ce-6952-e703-000000000000}', 'parentCommandLine': '\\""C:\\\\Program Files (x86)\\\\ossec-agent\\\\wazuh-agent.exe\\""', 'processGuid': '{411eefe4-ea67-6952-4201-000000001100}', 'logonId': '0x3e7', 'parentProcessId': '3316', 'processId': '9004', 'currentDirectory': 'C:\\\\Program Files (x86)\\\\ossec-agent\\\\', 'utcTime': '2025-12-29 20:53:59.917', 'hashes': 'SHA1=898EA6CF28BAA8E35FD604A218CB4AC1DB63CF9A,MD5=D4E7A009D386934803364C2D69ED465B,SHA256=E7A3A04DB13F7D5E65DB45DBED99B80C9AD9907BEEBA3416E2E5428E1EFB791E,IMPHASH=559D4014B9861D37E317DED7FD6BC691', 'parentImage': 'C:\\\\Program Files (x86)\\\\ossec-agent\\\\wazuh-agent.exe', 'ruleName': 'technique_id=T1018,technique_name=Remote System Discovery', 'company': 'Microsoft Corporation', 'commandLine': 'net.exe accounts', 'integrityLevel': 'System', 'fileVersion': '10.0.26100.7019 (WinBuild.160101.0800)', 'user': 'NT AUTHORITY\\\\SYSTEM', 'terminalSessionId': '0', 'parentUser': 'NT AUTHORITY\\\\SYSTEM'}, 'system': {'eventID': '1', 'keywords': '0x8000000000000000', 'providerGuid': '{5770385f-c22a-43e0-bf4c-06f5698ffbd9}', 'level': '4', 'channel': 'Microsoft-Windows-Sysmon/Operational', 'opcode': '0', 'message': '""Process Create:\r\nRuleName: technique_id=T1018,technique_name=Remote System Discovery\r\nUtcTime: 2025-12-29 20:53:59.917\r\nProcessGuid: {411eefe4-ea67-6952-4201-000000001100}\r\nProcessId: 9004\r\nImage: C:\\Windows\\SysWOW64\\net.exe\r\nFileVersion: 10.0.26100.7019 (WinBuild.160101.0800)\r\nDescription: Net Command\r\nProduct: Microsoft® Windows® Operating System\r\nCompany: Microsoft Corporation\r\nOriginalFileName: net.exe\r\nCommandLine: net.exe accounts\r\nCurrentDirectory: C:\\Program Files (x86)\\ossec-agent\\\r\nUser: NT AUTHORITY\\SYSTEM\r\nLogonGuid: {411eefe4-e8ce-6952-e703-000000000000}\r\nLogonId: 0x3E7\r\nTerminalSessionId: 0\r\nIntegrityLevel: System\r\nHashes: SHA1=898EA6CF28BAA8E35FD604A218CB4AC1DB63CF9A,MD5=D4E7A009D386934803364C2D69ED465B,SHA256=E7A3A04DB13F7D5E65DB45DBED99B80C9AD9907BEEBA3416E2E5428E1EFB791E,IMPHASH=559D4014B9861D37E317DED7FD6BC691\r\nParentProcessGuid: {411eefe4-e8e3-6952-4c00-000000001100}\r\nParentProcessId: 3316\r\nParentImage: C:\\Program Files (x86)\\ossec-agent\\wazuh-agent.exe\r\nParentCommandLine: ""C:\\Program Files (x86)\\ossec-agent\\wazuh-agent.exe""\r\nParentUser: NT AUTHORITY\\SYSTEM""', 'version': '5', 'systemTime': '2025-12-29T20:53:59.9224785Z', 'eventRecordID': '20935', 'threadID': '5004', 'computer': 'WindowsEnd-c7921449-8b62-4c4d-8a83-d9281ac0190b', 'task': '1', 'processID': '3884', 'severityValue': 'INFORMATION', 'providerName': 'Microsoft-Windows-Sysmon'}}}, 'rule': {'firedtimes': 10, 'mail': False, 'level': 3, 'description': 'Discovery activity executed', 'groups': ['sysmon', 'sysmon_eid1_detections', 'windows'], 'mitre': {'technique': ['Account Discovery'], 'id': ['T1087'], 'tactic': ['Discovery']}, 'id': '92031'}, 'decoder': {'name': 'windows_eventchannel'}, 'input': {'type': 'log'}, '@timestamp': '2025-12-29T20:54:01.653Z', 'location': 'EventChannel', 'id': '1767041641.8665255', 'timestamp': '2025-12-29T21:54:01.653+0100'}",low,net.exe accounts
2025-12-29T20:54:02.757Z,wazuh-vm,0,52002,Apparmor DENIED,3,,/var/log/syslog,"{'predecoder': {'program_name': 'kernel', 'timestamp': '2025-12-29T21:54:02.190665+01:00'}, 'agent': {'name': 'wazuh-vm', 'id': '000'}, 'manager': {'name': 'wazuh-vm'}, 'data': {'extra_data': 'open', 'status': 'DENIED'}, 'rule': {'firedtimes': 85, 'mail': False, 'level': 3, 'description': 'Apparmor DENIED', 'groups': ['local', 'syslog', 'apparmor'], 'id': '52002'}, 'decoder': {'parent': 'kernel', 'name': 'kernel'}, 'full_log': '2025-12-29T21:54:02.190665+01:00 wazuh-vm kernel: audit: type=1400 audit(1767041642.189:291): apparmor=""DENIED"" operation=""open"" class=""file"" profile=""snap.firefox.firefox"" name=""/proc/pressure/memory"" pid=4137 comm=""MemoryPoller"" requested_mask=""r"" denied_mask=""r"" fsuid=1001 ouid=0', 'input': {'type': 'log'}, '@timestamp': '2025-12-29T20:54:02.757Z', 'location': '/var/log/syslog', 'id': '1767041642.8671330', 'timestamp': '2025-12-29T21:54:02.757+0100'}",low,
2025-12-29T20:54:02.757Z,wazuh-vm,0,52002,Apparmor DENIED,3,,/var/log/kern.log,"{'predecoder': {'program_name': 'kernel', 'timestamp': '2025-12-29T21:54:02.190665+01:00'}, 'agent': {'name': 'wazuh-vm', 'id': '000'}, 'manager': {'name': 'wazuh-vm'}, 'data': {'extra_data': 'open', 'status': 'DENIED'}, 'rule': {'firedtimes': 86, 'mail': False, 'level': 3, 'description': 'Apparmor DENIED', 'groups': ['local', 'syslog', 'apparmor'], 'id': '52002'}, 'decoder': {'parent': 'kernel', 'name': 'kernel'}, 'full_log': '2025-12-29T21:54:02.190665+01:00 wazuh-vm kernel: audit: type=1400 audit(1767041642.189:291): apparmor=""DENIED"" operation=""open"" class=""file"" profile=""snap.firefox.firefox"" name=""/proc/pressure/memory"" pid=4137 comm=""MemoryPoller"" requested_mask=""r"" denied_mask=""r"" fsuid=1001 ouid=0', 'input': {'type': 'log'}, '@timestamp': '2025-12-29T20:54:02.757Z', 'location': '/var/log/kern.log', 'id': '1767041642.8671759', 'timestamp': '2025-12-29T21:54:02.757+0100'}",low,
2025-12-29T20:54:02.925Z,Endpoint3-Win,1,92031,Discovery activity executed,3,T1087,EventChannel,"{'agent': {'ip': '192.168.100.15', 'name': 'Endpoint3-Win', 'id': '001'}, 'manager': {'name': 'wazuh-vm'}, 'data': {'win': {'eventdata': {'originalFileName': 'net1.exe', 'image': 'C:\\\\Windows\\\\SysWOW64\\\\net1.exe', 'product': 'Microsoft® Windows® Operating System', 'parentProcessGuid': '{411eefe4-ea67-6952-4201-000000001100}', 'description': 'Net Command', 'logonGuid': '{411eefe4-e8ce-6952-e703-000000000000}', 'parentCommandLine': 'net.exe accounts', 'processGuid': '{411eefe4-ea69-6952-4401-000000001100}', 'logonId': '0x3e7', 'parentProcessId': '9004', 'processId': '3876', 'currentDirectory': 'C:\\\\Program Files (x86)\\\\ossec-agent\\\\', 'utcTime': '2025-12-29 20:54:01.563', 'hashes': 'SHA1=FE09437DAC25812FB834D72D9D6BE31BFCDBB490,MD5=97EF48CB1ED2DFEEB51672B7FAEB1B72,SHA256=0BAAD631C2F9EDDB6E7D6B9ABB43A5CE950515B9569C5D15AADBD1BA5725E131,IMPHASH=FEB4A1A72B6368863C8CC53955256BF8', 'parentImage': 'C:\\\\Windows\\\\SysWOW64\\\\net.exe', 'ruleName': 'technique_id=T1018,technique_name=Remote System Discovery', 'company': 'Microsoft Corporation', 'commandLine': 'C:\\\\WINDOWS\\\\system32\\\\net1 accounts', 'integrityLevel': 'System', 'fileVersion': '10.0.26100.7019 (WinBuild.160101.0800)', 'user': 'NT AUTHORITY\\\\SYSTEM', 'terminalSessionId': '0', 'parentUser': 'NT AUTHORITY\\\\SYSTEM'}, 'system': {'eventID': '1', 'keywords': '0x8000000000000000', 'providerGuid': '{5770385f-c22a-43e0-bf4c-06f5698ffbd9}', 'level': '4', 'channel': 'Microsoft-Windows-Sysmon/Operational', 'opcode': '0', 'message': '""Process Create:\r\nRuleName: technique_id=T1018,technique_name=Remote System Discovery\r\nUtcTime: 2025-12-29 20:54:01.563\r\nProcessGuid: {411eefe4-ea69-6952-4401-000000001100}\r\nProcessId: 3876\r\nImage: C:\\Windows\\SysWOW64\\net1.exe\r\nFileVersion: 10.0.26100.7019 (WinBuild.160101.0800)\r\nDescription: Net Command\r\nProduct: Microsoft® Windows® Operating System\r\nCompany: Microsoft Corporation\r\nOriginalFileName: net1.exe\r\nCommandLine: C:\\WINDOWS\\system32\\net1 accounts\r\nCurrentDirectory: C:\\Program Files (x86)\\ossec-agent\\\r\nUser: NT AUTHORITY\\SYSTEM\r\nLogonGuid: {411eefe4-e8ce-6952-e703-000000000000}\r\nLogonId: 0x3E7\r\nTerminalSessionId: 0\r\nIntegrityLevel: System\r\nHashes: SHA1=FE09437DAC25812FB834D72D9D6BE31BFCDBB490,MD5=97EF48CB1ED2DFEEB51672B7FAEB1B72,SHA256=0BAAD631C2F9EDDB6E7D6B9ABB43A5CE950515B9569C5D15AADBD1BA5725E131,IMPHASH=FEB4A1A72B6368863C8CC53955256BF8\r\nParentProcessGuid: {411eefe4-ea67-6952-4201-000000001100}\r\nParentProcessId: 9004\r\nParentImage: C:\\Windows\\SysWOW64\\net.exe\r\nParentCommandLine: net.exe accounts\r\nParentUser: NT AUTHORITY\\SYSTEM""', 'version': '5', 'systemTime': '2025-12-29T20:54:01.5728319Z', 'eventRecordID': '20940', 'threadID': '5004', 'computer': 'WindowsEnd-c7921449-8b62-4c4d-8a83-d9281ac0190b', 'task': '1', 'processID': '3884', 'severityValue': 'INFORMATION', 'providerName': 'Microsoft-Windows-Sysmon'}}}, 'rule': {'firedtimes': 11, 'mail': False, 'level': 3, 'description': 'Discovery activity executed', 'groups': ['sysmon', 'sysmon_eid1_detections', 'windows'], 'mitre': {'technique': ['Account Discovery'], 'id': ['T1087'], 'tactic': ['Discovery']}, 'id': '92031'}, 'decoder': {'name': 'windows_eventchannel'}, 'input': {'type': 'log'}, '@timestamp': '2025-12-29T20:54:02.925Z', 'location': 'EventChannel', 'id': '1767041642.8672190', 'timestamp': '2025-12-29T21:54:02.925+0100'}",low,C:\\WINDOWS\\system32\\net1 accounts
2025-12-29T20:54:08.764Z,wazuh-vm,0,52002,Apparmor DENIED,3,,/var/log/kern.log,"{'predecoder': {'program_name': 'kernel', 'timestamp': '2025-12-29T21:54:07.193634+01:00'}, 'agent': {'name': 'wazuh-vm', 'id': '000'}, 'manager': {'name': 'wazuh-vm'}, 'data': {'extra_data': 'open', 'status': 'DENIED'}, 'rule': {'firedtimes': 88, 'mail': False, 'level': 3, 'description': 'Apparmor DENIED', 'groups': ['local', 'syslog', 'apparmor'], 'id': '52002'}, 'decoder': {'parent': 'kernel', 'name': 'kernel'}, 'full_log': '2025-12-29T21:54:07.193634+01:00 wazuh-vm kernel: audit: type=1400 audit(1767041647.192:292): apparmor=""DENIED"" operation=""open"" class=""file"" profile=""snap.firefox.firefox"" name=""/proc/pressure/memory"" pid=4137 comm=""MemoryPoller"" requested_mask=""r"" denied_mask=""r"" fsuid=1001 ouid=0', 'input': {'type': 'log'}, '@timestamp': '2025-12-29T20:54:08.764Z', 'location': '/var/log/kern.log', 'id': '1767041648.8678095', 'timestamp': '2025-12-29T21:54:08.764+0100'}",low,
2025-12-29T20:54:08.764Z,wazuh-vm,0,52002,Apparmor DENIED,3,,/var/log/syslog,"{'predecoder': {'program_name': 'kernel', 'timestamp': '2025-12-29T21:54:07.193634+01:00'}, 'agent': {'name': 'wazuh-vm', 'id': '000'}, 'manager': {'name': 'wazuh-vm'}, 'data': {'extra_data': 'open', 'status': 'DENIED'}, 'rule': {'firedtimes': 87, 'mail': False, 'level': 3, 'description': 'Apparmor DENIED', 'groups': ['local', 'syslog', 'apparmor'], 'id': '52002'}, 'decoder': {'parent': 'kernel', 'name': 'kernel'}, 'full_log': '2025-12-29T21:54:07.193634+01:00 wazuh-vm kernel: audit: type=1400 audit(1767041647.192:292): apparmor=""DENIED"" operation=""open"" class=""file"" profile=""snap.firefox.firefox"" name=""/proc/pressure/memory"" pid=4137 comm=""MemoryPoller"" requested_mask=""r"" denied_mask=""r"" fsuid=1001 ouid=0', 'input': {'type': 'log'}, '@timestamp': '2025-12-29T20:54:08.764Z', 'location': '/var/log/syslog', 'id': '1767041648.8678526', 'timestamp': '2025-12-29T21:54:08.764+0100'}",low,
2025-12-29T20:54:12.769Z,wazuh-vm,0,52002,Apparmor DENIED,3,,/var/log/kern.log,"{'predecoder': {'program_name': 'kernel', 'timestamp': '2025-12-29T21:54:12.194572+01:00'}, 'agent': {'name': 'wazuh-vm', 'id': '000'}, 'manager': {'name': 'wazuh-vm'}, 'data': {'extra_data': 'open', 'status': 'DENIED'}, 'rule': {'firedtimes': 89, 'mail': False, 'level': 3, 'description': 'Apparmor DENIED', 'groups': ['local', 'syslog', 'apparmor'], 'id': '52002'}, 'decoder': {'parent': 'kernel', 'name': 'kernel'}, 'full_log': '2025-12-29T21:54:12.194572+01:00 wazuh-vm kernel: audit: type=1400 audit(1767041652.192:293): apparmor=""DENIED"" operation=""open"" class=""file"" profile=""snap.firefox.firefox"" name=""/proc/pressure/memory"" pid=4137 comm=""MemoryPoller"" requested_mask=""r"" denied_mask=""r"" fsuid=1001 ouid=0', 'input': {'type': 'log'}, '@timestamp': '2025-12-29T20:54:12.769Z', 'location': '/var/log/kern.log', 'id': '1767041652.8679384', 'timestamp': '2025-12-29T21:54:12.769+0100'}",low,
2025-12-29T20:54:12.769Z,wazuh-vm,0,52002,Apparmor DENIED,3,,/var/log/syslog,"{'predecoder': {'program_name': 'kernel', 'timestamp': '2025-12-29T21:54:12.194572+01:00'}, 'agent': {'name': 'wazuh-vm', 'id': '000'}, 'manager': {'name': 'wazuh-vm'}, 'data': {'extra_data': 'open', 'status': 'DENIED'}, 'rule': {'firedtimes': 90, 'mail': False, 'level': 3, 'description': 'Apparmor DENIED', 'groups': ['local', 'syslog', 'apparmor'], 'id': '52002'}, 'decoder': {'parent': 'kernel', 'name': 'kernel'}, 'full_log': '2025-12-29T21:54:12.194572+01:00 wazuh-vm kernel: audit: type=1400 audit(1767041652.192:293): apparmor=""DENIED"" operation=""open"" class=""file"" profile=""snap.firefox.firefox"" name=""/proc/pressure/memory"" pid=4137 comm=""MemoryPoller"" requested_mask=""r"" denied_mask=""r"" fsuid=1001 ouid=0', 'input': {'type': 'log'}, '@timestamp': '2025-12-29T20:54:12.769Z', 'location': '/var/log/syslog', 'id': '1767041652.8678955', 'timestamp': '2025-12-29T21:54:12.769+0100'}",low,
2025-12-29T20:54:16.354Z,Endpoint3-Win,1,92205,Powershell process created an executable file in Windows root folder,9,T1105,EventChannel,"{'agent': {'ip': '192.168.100.15', 'name': 'Endpoint3-Win', 'id': '001'}, 'manager': {'name': 'wazuh-vm'}, 'data': {'win': {'eventdata': {'image': 'C:\\\\WINDOWS\\\\SysWOW64\\\\WindowsPowerShell\\\\v1.0\\\\powershell.exe', 'processGuid': '{411eefe4-ea6a-6952-4901-000000001100}', 'processId': '8656', 'utcTime': '2025-12-29 20:54:14.963', 'targetFilename': 'C:\\\\Windows\\\\SystemTemp\\\\__PSScriptPolicyTest_ugarzr5a.cwb.ps1', 'ruleName': 'technique_id=T1059.001,technique_name=PowerShell', 'creationUtcTime': '2025-12-29 20:54:14.960', 'user': 'NT AUTHORITY\\\\SYSTEM'}, 'system': {'eventID': '11', 'keywords': '0x8000000000000000', 'providerGuid': '{5770385f-c22a-43e0-bf4c-06f5698ffbd9}', 'level': '4', 'channel': 'Microsoft-Windows-Sysmon/Operational', 'opcode': '0', 'message': '""File created:\r\nRuleName: technique_id=T1059.001,technique_name=PowerShell\r\nUtcTime: 2025-12-29 20:54:14.963\r\nProcessGuid: {411eefe4-ea6a-6952-4901-000000001100}\r\nProcessId: 8656\r\nImage: C:\\WINDOWS\\SysWOW64\\WindowsPowerShell\\v1.0\\powershell.exe\r\nTargetFilename: C:\\Windows\\SystemTemp\\__PSScriptPolicyTest_ugarzr5a.cwb.ps1\r\nCreationUtcTime: 2025-12-29 20:54:14.960\r\nUser: NT AUTHORITY\\SYSTEM""', 'version': '2', 'systemTime': '2025-12-29T20:54:14.9647875Z', 'eventRecordID': '20971', 'threadID': '5004', 'computer': 'WindowsEnd-c7921449-8b62-4c4d-8a83-d9281ac0190b', 'task': '11', 'processID': '3884', 'severityValue': 'INFORMATION', 'providerName': 'Microsoft-Windows-Sysmon'}}}, 'rule': {'firedtimes': 1, 'mail': False, 'level': 9, 'description': 'Powershell process created an executable file in Windows root folder', 'groups': ['sysmon', 'sysmon_eid11_detections', 'windows'], 'mitre': {'technique': ['Ingress Tool Transfer'], 'id': ['T1105'], 'tactic': ['Command and Control']}, 'id': '92205'}, 'decoder': {'name': 'windows_eventchannel'}, 'input': {'type': 'log'}, '@timestamp': '2025-12-29T20:54:16.354Z', 'location': 'EventChannel', 'id': '1767041656.8679815', 'timestamp': '2025-12-29T21:54:16.354+0100'}",high,
2025-12-29T20:54:18.773Z,wazuh-vm,0,52002,Apparmor DENIED,3,,/var/log/kern.log,"{'predecoder': {'program_name': 'kernel', 'timestamp': '2025-12-29T21:54:17.195603+01:00'}, 'agent': {'name': 'wazuh-vm', 'id': '000'}, 'manager': {'name': 'wazuh-vm'}, 'data': {'extra_data': 'open', 'status': 'DENIED'}, 'rule': {'firedtimes': 91, 'mail': False, 'level': 3, 'description': 'Apparmor DENIED', 'groups': ['local', 'syslog', 'apparmor'], 'id': '52002'}, 'decoder': {'parent': 'kernel', 'name': 'kernel'}, 'full_log': '2025-12-29T21:54:17.195603+01:00 wazuh-vm kernel: audit: type=1400 audit(1767041657.193:294): apparmor=""DENIED"" operation=""open"" class=""file"" profile=""snap.firefox.firefox"" name=""/proc/pressure/memory"" pid=4137 comm=""MemoryPoller"" requested_mask=""r"" denied_mask=""r"" fsuid=1001 ouid=0', 'input': {'type': 'log'}, '@timestamp': '2025-12-29T20:54:18.773Z', 'location': '/var/log/kern.log', 'id': '1767041658.8682826', 'timestamp': '2025-12-29T21:54:18.773+0100'}",low,
2025-12-29T20:54:18.773Z,wazuh-vm,0,52002,Apparmor DENIED,3,,/var/log/syslog,"{'predecoder': {'program_name': 'kernel', 'timestamp': '2025-12-29T21:54:17.195603+01:00'}, 'agent': {'name': 'wazuh-vm', 'id': '000'}, 'manager': {'name': 'wazuh-vm'}, 'data': {'extra_data': 'open', 'status': 'DENIED'}, 'rule': {'firedtimes': 92, 'mail': False, 'level': 3, 'description': 'Apparmor DENIED', 'groups': ['local', 'syslog', 'apparmor'], 'id': '52002'}, 'decoder': {'parent': 'kernel', 'name': 'kernel'}, 'full_log': '2025-12-29T21:54:17.195603+01:00 wazuh-vm kernel: audit: type=1400 audit(1767041657.193:294): apparmor=""DENIED"" operation=""open"" class=""file"" profile=""snap.firefox.firefox"" name=""/proc/pressure/memory"" pid=4137 comm=""MemoryPoller"" requested_mask=""r"" denied_mask=""r"" fsuid=1001 ouid=0', 'input': {'type': 'log'}, '@timestamp': '2025-12-29T20:54:18.773Z', 'location': '/var/log/syslog', 'id': '1767041658.8683257', 'timestamp': '2025-12-29T21:54:18.773+0100'}",low,
2025-12-29T20:54:20.147Z,Endpoint3-Win,1,61102,Windows System error event,5,,EventChannel,"{'agent': {'ip': '192.168.100.15', 'name': 'Endpoint3-Win', 'id': '001'}, 'manager': {'name': 'wazuh-vm'}, 'data': {'win': {'eventdata': {'param1': '{8CFC164F-4BE5-4FDD-94E9-E2AF73ED4A19}'}, 'system': {'eventID': '10010', 'eventSourceName': 'DCOM', 'keywords': '0x8080000000000000', 'providerGuid': '{1B562E86-B7AA-4131-BADC-B6F3A001407E}', 'level': '2', 'channel': 'System', 'opcode': '0', 'message': '""The server {8CFC164F-4BE5-4FDD-94E9-E2AF73ED4A19} did not register with DCOM within the required timeout.""', 'version': '0', 'systemTime': '2025-12-29T20:54:18.4043690Z', 'eventRecordID': '2510', 'threadID': '400', 'computer': 'WindowsEnd-c7921449-8b62-4c4d-8a83-d9281ac0190b', 'task': '0', 'processID': '536', 'severityValue': 'ERROR', 'providerName': 'Microsoft-Windows-DistributedCOM'}}}, 'rule': {'firedtimes': 4, 'mail': False, 'level': 5, 'description': 'Windows System error event', 'groups': ['windows', 'windows_system', 'system_error'], 'id': '61102', 'gpg13': ['4.3'], 'gdpr': ['IV_35.7.d']}, 'decoder': {'name': 'windows_eventchannel'}, 'input': {'type': 'log'}, '@timestamp': '2025-12-29T20:54:20.147Z', 'location': 'EventChannel', 'id': '1767041660.8683686', 'timestamp': '2025-12-29T21:54:20.147+0100'}",medium,
2025-12-29T20:54:22.777Z,wazuh-vm,0,52002,Apparmor DENIED,3,,/var/log/syslog,"{'predecoder': {'program_name': 'kernel', 'timestamp': '2025-12-29T21:54:22.196885+01:00'}, 'agent': {'name': 'wazuh-vm', 'id': '000'}, 'manager': {'name': 'wazuh-vm'}, 'data': {'extra_data': 'open', 'status': 'DENIED'}, 'rule': {'firedtimes': 93, 'mail': False, 'level': 3, 'description': 'Apparmor DENIED', 'groups': ['local', 'syslog', 'apparmor'], 'id': '52002'}, 'decoder': {'parent': 'kernel', 'name': 'kernel'}, 'full_log': '2025-12-29T21:54:22.196885+01:00 wazuh-vm kernel: audit: type=1400 audit(1767041662.194:295): apparmor=""DENIED"" operation=""open"" class=""file"" profile=""snap.firefox.firefox"" name=""/proc/pressure/memory"" pid=4137 comm=""MemoryPoller"" requested_mask=""r"" denied_mask=""r"" fsuid=1001 ouid=0', 'input': {'type': 'log'}, '@timestamp': '2025-12-29T20:54:22.777Z', 'location': '/var/log/syslog', 'id': '1767041662.8685287', 'timestamp': '2025-12-29T21:54:22.777+0100'}",low,
2025-12-29T20:54:22.777Z,wazuh-vm,0,52002,Apparmor DENIED,3,,/var/log/kern.log,"{'predecoder': {'program_name': 'kernel', 'timestamp': '2025-12-29T21:54:22.196885+01:00'}, 'agent': {'name': 'wazuh-vm', 'id': '000'}, 'manager': {'name': 'wazuh-vm'}, 'data': {'extra_data': 'open', 'status': 'DENIED'}, 'rule': {'firedtimes': 94, 'mail': False, 'level': 3, 'description': 'Apparmor DENIED', 'groups': ['local', 'syslog', 'apparmor'], 'id': '52002'}, 'decoder': {'parent': 'kernel', 'name': 'kernel'}, 'full_log': '2025-12-29T21:54:22.196885+01:00 wazuh-vm kernel: audit: type=1400 audit(1767041662.194:295): apparmor=""DENIED"" operation=""open"" class=""file"" profile=""snap.firefox.firefox"" name=""/proc/pressure/memory"" pid=4137 comm=""MemoryPoller"" requested_mask=""r"" denied_mask=""r"" fsuid=1001 ouid=0', 'input': {'type': 'log'}, '@timestamp': '2025-12-29T20:54:22.777Z', 'location': '/var/log/kern.log', 'id': '1767041662.8685716', 'timestamp': '2025-12-29T21:54:22.777+0100'}",low,
2025-12-29T20:54:28.563Z,Endpoint3-Win,1,60642,Software protection service scheduled successfully.,3,,EventChannel,"{'agent': {'ip': '192.168.100.15', 'name': 'Endpoint3-Win', 'id': '001'}, 'manager': {'name': 'wazuh-vm'}, 'data': {'win': {'eventdata': {'data': '2025-12-30T20:49:27Z, RulesEngine'}, 'system': {'eventID': '16384', 'eventSourceName': 'Software Protection Platform Service', 'keywords': '0x80000000000000', 'providerGuid': '{E23B33B0-C8C9-472C-A5F9-F2BDFEA0F156}', 'level': '4', 'channel': 'Application', 'opcode': '0', 'message': '""Successfully scheduled Software Protection service for re-start at 2025-12-30T20:49:27Z. Reason: RulesEngine.""', 'version': '0', 'systemTime': '2025-12-29T20:54:27.8003420Z', 'eventRecordID': '1169', 'threadID': '0', 'computer': 'WindowsEnd-c7921449-8b62-4c4d-8a83-d9281ac0190b', 'task': '0', 'processID': '7332', 'severityValue': 'INFORMATION', 'providerName': 'Microsoft-Windows-Security-SPP'}}}, 'rule': {'firedtimes': 3, 'mail': False, 'level': 3, 'description': 'Software protection service scheduled successfully.', 'groups': ['windows', 'windows_application'], 'id': '60642'}, 'decoder': {'name': 'windows_eventchannel'}, 'input': {'type': 'log'}, '@timestamp': '2025-12-29T20:54:28.563Z', 'location': 'EventChannel', 'id': '1767041668.8686147', 'timestamp': '2025-12-29T21:54:28.563+0100'}",low,
