2025-12-29T20:49:46.471Z,wazuh-vm,0,52002,Apparmor DENIED,3,,/var/log/kern.log,"{'predecoder': {'program_name': 'kernel', 'timestamp': '2025-12-29T21:49:45.159707+01:00'}, 'agent': {'name': 'wazuh-vm', 'id': '000'}, 'manager': {'name': 'wazuh-vm'}, 'data': {'extra_data': 'open', 'status': 'DENIED'}, 'rule': {'firedtimes': 50, 'mail': False, 'level': 3, 'description': 'Apparmor DENIED', 'groups': ['local', 'syslog', 'apparmor'], 'id': '52002'}, 'decoder': {'parent': 'kernel', 'name': 'kernel'}, 'full_log': '2025-12-29T21:49:45.159707+01:00 wazuh-vm kernel: audit: type=1400 audit(1767041385.158:273): apparmor=""DENIED"" operation=""open"" class=""file"" profile=""snap.firefox.firefox"" name=""/proc/pressure/memory"" pid=4137 comm=""MemoryPoller"" requested_mask=""r"" denied_mask=""r"" fsuid=1001 ouid=0', 'input': {'type': 'log'}, '@timestamp': '2025-12-29T20:49:46.471Z', 'location': '/var/log/kern.log', 'id': '1767041386.8237411', 'timestamp': '2025-12-29T21:49:46.471+0100'}",low,
2025-12-29T20:49:46.471Z,wazuh-vm,0,52002,Apparmor DENIED,3,,/var/log/syslog,"{'predecoder': {'program_name': 'kernel', 'timestamp': '2025-12-29T21:49:45.159707+01:00'}, 'agent': {'name': 'wazuh-vm', 'id': '000'}, 'manager': {'name': 'wazuh-vm'}, 'data': {'extra_data': 'open', 'status': 'DENIED'}, 'rule': {'firedtimes': 49, 'mail': False, 'level': 3, 'description': 'Apparmor DENIED', 'groups': ['local', 'syslog', 'apparmor'], 'id': '52002'}, 'decoder': {'parent': 'kernel', 'name': 'kernel'}, 'full_log': '2025-12-29T21:49:45.159707+01:00 wazuh-vm kernel: audit: type=1400 audit(1767041385.158:273): apparmor=""DENIED"" operation=""open"" class=""file"" profile=""snap.firefox.firefox"" name=""/proc/pressure/memory"" pid=4137 comm=""MemoryPoller"" requested_mask=""r"" denied_mask=""r"" fsuid=1001 ouid=0', 'input': {'type': 'log'}, '@timestamp': '2025-12-29T20:49:46.471Z', 'location': '/var/log/syslog', 'id': '1767041386.8236982', 'timestamp': '2025-12-29T21:49:46.471+0100'}",low,
2025-12-29T20:50:01.832Z,Endpoint3-Win,1,92031,Discovery activity executed,3,T1087,EventChannel,"{'agent': {'ip': '192.168.100.15', 'name': 'Endpoint3-Win', 'id': '001'}, 'manager': {'name': 'wazuh-vm'}, 'data': {'win': {'eventdata': {'originalFileName': 'net.exe', 'image': 'C:\\\\Windows\\\\SysWOW64\\\\net.exe', 'product': 'Microsoft® Windows® Operating System', 'parentProcessGuid': '{411eefe4-e8e3-6952-4c00-000000001100}', 'description': 'Net Command', 'logonGuid': '{411eefe4-e8ce-6952-e703-000000000000}', 'parentCommandLine': '\\""C:\\\\Program Files (x86)\\\\ossec-agent\\\\wazuh-agent.exe\\""', 'processGuid': '{411eefe4-e900-6952-7100-000000001100}', 'logonId': '0x3e7', 'parentProcessId': '3316', 'processId': '5104', 'currentDirectory': 'C:\\\\Program Files (x86)\\\\ossec-agent\\\\', 'utcTime': '2025-12-29 20:48:00.536', 'hashes': 'SHA1=898EA6CF28BAA8E35FD604A218CB4AC1DB63CF9A,MD5=D4E7A009D386934803364C2D69ED465B,SHA256=E7A3A04DB13F7D5E65DB45DBED99B80C9AD9907BEEBA3416E2E5428E1EFB791E,IMPHASH=559D4014B9861D37E317DED7FD6BC691', 'parentImage': 'C:\\\\Program Files (x86)\\\\ossec-agent\\\\wazuh-agent.exe', 'ruleName': 'technique_id=T1018,technique_name=Remote System Discovery', 'company': 'Microsoft Corporation', 'commandLine': 'net.exe accounts', 'integrityLevel': 'System', 'fileVersion': '10.0.26100.7019 (WinBuild.160101.0800)', 'user': 'NT AUTHORITY\\\\SYSTEM', 'terminalSessionId': '0', 'parentUser': 'NT AUTHORITY\\\\SYSTEM'}, 'system': {'eventID': '1', 'keywords': '0x8000000000000000', 'providerGuid': '{5770385f-c22a-43e0-bf4c-06f5698ffbd9}', 'level': '4', 'channel': 'Microsoft-Windows-Sysmon/Operational', 'opcode': '0', 'message': '""Process Create:\r\nRuleName: technique_id=T1018,technique_name=Remote System Discovery\r\nUtcTime: 2025-12-29 20:48:00.536\r\nProcessGuid: {411eefe4-e900-6952-7100-000000001100}\r\nProcessId: 5104\r\nImage: C:\\Windows\\SysWOW64\\net.exe\r\nFileVersion: 10.0.26100.7019 (WinBuild.160101.0800)\r\nDescription: Net Command\r\nProduct: Microsoft® Windows® Operating System\r\nCompany: Microsoft Corporation\r\nOriginalFileName: net.exe\r\nCommandLine: net.exe accounts\r\nCurrentDirectory: C:\\Program Files (x86)\\ossec-agent\\\r\nUser: NT AUTHORITY\\SYSTEM\r\nLogonGuid: {411eefe4-e8ce-6952-e703-000000000000}\r\nLogonId: 0x3E7\r\nTerminalSessionId: 0\r\nIntegrityLevel: System\r\nHashes: SHA1=898EA6CF28BAA8E35FD604A218CB4AC1DB63CF9A,MD5=D4E7A009D386934803364C2D69ED465B,SHA256=E7A3A04DB13F7D5E65DB45DBED99B80C9AD9907BEEBA3416E2E5428E1EFB791E,IMPHASH=559D4014B9861D37E317DED7FD6BC691\r\nParentProcessGuid: {411eefe4-e8e3-6952-4c00-000000001100}\r\nParentProcessId: 3316\r\nParentImage: C:\\Program Files (x86)\\ossec-agent\\wazuh-agent.exe\r\nParentCommandLine: ""C:\\Program Files (x86)\\ossec-agent\\wazuh-agent.exe""\r\nParentUser: NT AUTHORITY\\SYSTEM""', 'version': '5', 'systemTime': '2025-12-29T20:50:00.0235344Z', 'eventRecordID': '19868', 'threadID': '5004', 'computer': 'WindowsEnd-c7921449-8b62-4c4d-8a83-d9281ac0190b', 'task': '1', 'processID': '3884', 'severityValue': 'INFORMATION', 'providerName': 'Microsoft-Windows-Sysmon'}}}, 'rule': {'firedtimes': 1, 'mail': False, 'level': 3, 'description': 'Discovery activity executed', 'groups': ['sysmon', 'sysmon_eid1_detections', 'windows'], 'mitre': {'technique': ['Account Discovery'], 'id': ['T1087'], 'tactic': ['Discovery']}, 'id': '92031'}, 'decoder': {'name': 'windows_eventchannel'}, 'input': {'type': 'log'}, '@timestamp': '2025-12-29T20:50:01.832Z', 'location': 'EventChannel', 'id': '1767041401.8237842', 'timestamp': '2025-12-29T21:50:01.832+0100'}",low,net.exe accounts
2025-12-29T20:50:04.856Z,Endpoint3-Win,1,60106,Windows logon success.,3,T1078,EventChannel,"{'agent': {'ip': '192.168.100.15', 'name': 'Endpoint3-Win', 'id': '001'}, 'manager': {'name': 'wazuh-vm'}, 'data': {'win': {'eventdata': {'subjectLogonId': '0x3e7', 'subjectDomainName': 'WORKGROUP', 'targetLinkedLogonId': '0x0', 'impersonationLevel': '%%1833', 'authenticationPackageName': 'Negotiate', 'targetLogonId': '0x3e7', 'logonProcessName': 'Advapi', 'logonGuid': '{00000000-0000-0000-0000-000000000000}', 'targetUserName': 'SYSTEM', 'keyLength': '0', 'elevatedToken': '%%1842', 'subjectUserSid': 'S-1-5-18', 'processId': '0x344', 'processName': 'C:\\\\Windows\\\\System32\\\\services.exe', 'targetDomainName': 'NT AUTHORITY', 'targetUserSid': 'S-1-5-18', 'virtualAccount': '%%1843', 'logonType': '5', 'subjectUserName': 'WINDOWSEND-C792$'}, 'system': {'eventID': '4624', 'keywords': '0x8020000000000000', 'providerGuid': '{54849625-5478-4994-a5ba-3e3b0328c30d}', 'level': '0', 'channel': 'Security', 'opcode': '0', 'message': '""An account was successfully logged on.\r\n\r\nSubject:\r\n\tSecurity ID:\t\tS-1-5-18\r\n\tAccount Name:\t\tWINDOWSEND-C792$\r\n\tAccount Domain:\t\tWORKGROUP\r\n\tLogon ID:\t\t0x3E7\r\n\r\nLogon Information:\r\n\tLogon Type:\t\t5\r\n\tRestricted Admin Mode:\t-\r\n\tRemote Credential Guard:\t-\r\n\tVirtual Account:\t\tNo\r\n\tElevated Token:\t\tYes\r\n\r\nImpersonation Level:\t\tImpersonation\r\n\r\nNew Logon:\r\n\tSecurity ID:\t\tS-1-5-18\r\n\tAccount Name:\t\tSYSTEM\r\n\tAccount Domain:\t\tNT AUTHORITY\r\n\tLogon ID:\t\t0x3E7\r\n\tLinked Logon ID:\t\t0x0\r\n\tNetwork Account Name:\t-\r\n\tNetwork Account Domain:\t-\r\n\tLogon GUID:\t\t{00000000-0000-0000-0000-000000000000}\r\n\r\nProcess Information:\r\n\tProcess ID:\t\t0x344\r\n\tProcess Name:\t\tC:\\Windows\\System32\\services.exe\r\n\r\nNetwork Information:\r\n\tWorkstation Name:\t-\r\n\tSource Network Address:\t-\r\n\tSource Port:\t\t-\r\n\r\nDetailed Authentication Information:\r\n\tLogon Process:\t\tAdvapi  \r\n\tAuthentication Package:\tNegotiate\r\n\tTransited Services:\t-\r\n\tPackage Name (NTLM only):\t-\r\n\tKey Length:\t\t0\r\n\r\nThis event is generated when a logon session is created. It is generated on the computer that was accessed.\r\n\r\nThe subject fields indicate the account on the local system which requested the logon. This is most commonly a service such as the Server service, or a local process such as Winlogon.exe or Services.exe.\r\n\r\nThe logon type field indicates the kind of logon that occurred. The most common types are 2 (interactive) and 3 (network).\r\n\r\nThe New Logon fields indicate the account for whom the new logon was created, i.e. the account that was logged on.\r\n\r\nThe network fields indicate where a remote logon request originated. Workstation name is not always available and may be left blank in some cases.\r\n\r\nThe impersonation level field indicates the extent to which a process in the logon session can impersonate.\r\n\r\nThe authentication information fields provide detailed information about this specific logon request.\r\n\t- Logon GUID is a unique identifier that can be used to correlate this event with a KDC event.\r\n\t- Transited services indicate which intermediate services have participated in this logon request.\r\n\t- Package name indicates which sub-protocol was used among the NTLM protocols.\r\n\t- Key length indicates the length of the generated session key. This will be 0 if no session key was requested.""', 'version': '3', 'systemTime': '2025-12-29T20:49:38.4595991Z', 'eventRecordID': '39340', 'threadID': '912', 'computer': 'WindowsEnd-c7921449-8b62-4c4d-8a83-d9281ac0190b', 'task': '12544', 'processID': '856', 'severityValue': 'AUDIT_SUCCESS', 'providerName': 'Microsoft-Windows-Security-Auditing'}}}, 'rule': {'mail': False, 'level': 3, 'hipaa': ['164.312.b'], 'pci_dss': ['10.2.5'], 'tsc': ['CC6.8', 'CC7.2', 'CC7.3'], 'description': 'Windows logon success.', 'groups': ['windows', 'windows_security', 'authentication_success'], 'nist_800_53': ['AC.7', 'AU.14'], 'gdpr': ['IV_32.2'], 'firedtimes': 10, 'mitre': {'technique': ['Valid Accounts'], 'id': ['T1078'], 'tactic': ['Defense Evasion', 'Persistence', 'Privilege Escalation', 'Initial Access']}, 'id': '60106', 'gpg13': ['7.1', '7.2']}, 'decoder': {'name': 'windows_eventchannel'}, 'input': {'type': 'log'}, '@timestamp': '2025-12-29T20:50:04.856Z', 'location': 'EventChannel', 'id': '1767041404.8243917', 'timestamp': '2025-12-29T21:50:04.856+0100'}",low,
2025-12-29T20:50:11.980Z,Endpoint3-Win,1,61102,Windows System error event,5,,EventChannel,"{'agent': {'ip': '192.168.100.15', 'name': 'Endpoint3-Win', 'id': '001'}, 'manager': {'name': 'wazuh-vm'}, 'data': {'win': {'eventdata': {'param3': '%%1326', 'param1': 'AtomicRunnerService', 'param2': '.\\\\ayoub'}, 'system': {'eventID': '7038', 'eventSourceName': 'Service Control Manager', 'keywords': '0x8080000000000000', 'providerGuid': '{555908d1-a6d7-4695-8e1e-26931d2012f4}', 'level': '2', 'channel': 'System', 'opcode': '0', 'message': '""The AtomicRunnerService service was unable to log on as .\\ayoub with the currently configured password due to the following error: \r\nThe user name or password is incorrect.\r\n\r\nTo ensure that the service is configured properly, use the Services snap-in in Microsoft Management Console (MMC).""', 'version': '0', 'systemTime': '2025-12-29T20:50:10.1656440Z', 'eventRecordID': '2496', 'threadID': '5112', 'computer': 'WindowsEnd-c7921449-8b62-4c4d-8a83-d9281ac0190b', 'task': '0', 'processID': '836', 'severityValue': 'ERROR', 'providerName': 'Service Control Manager'}}}, 'rule': {'firedtimes': 1, 'mail': False, 'level': 5, 'description': 'Windows System error event', 'groups': ['windows', 'windows_system', 'system_error'], 'id': '61102', 'gpg13': ['4.3'], 'gdpr': ['IV_35.7.d']}, 'decoder': {'name': 'windows_eventchannel'}, 'input': {'type': 'log'}, '@timestamp': '2025-12-29T20:50:11.980Z', 'location': 'EventChannel', 'id': '1767041411.8251363', 'timestamp': '2025-12-29T21:50:11.980+0100'}",medium,
2025-12-29T20:50:12.069Z,Endpoint3-Win,1,61102,Windows System error event,5,,EventChannel,"{'agent': {'ip': '192.168.100.15', 'name': 'Endpoint3-Win', 'id': '001'}, 'manager': {'name': 'wazuh-vm'}, 'data': {'win': {'eventdata': {'binary': '410074006F006D0069006300520075006E006E006500720053006500720076006900630065000000', 'param1': 'AtomicRunnerService', 'param2': '%%1069'}, 'system': {'eventID': '7000', 'eventSourceName': 'Service Control Manager', 'keywords': '0x8080000000000000', 'providerGuid': '{555908d1-a6d7-4695-8e1e-26931d2012f4}', 'level': '2', 'channel': 'System', 'opcode': '0', 'message': '""The AtomicRunnerService service failed to start due to the following error: \r\nThe service did not start due to a logon failure.""', 'version': '0', 'systemTime': '2025-12-29T20:50:10.1656440Z', 'eventRecordID': '2497', 'threadID': '5112', 'computer': 'WindowsEnd-c7921449-8b62-4c4d-8a83-d9281ac0190b', 'task': '0', 'processID': '836', 'severityValue': 'ERROR', 'providerName': 'Service Control Manager'}}}, 'rule': {'firedtimes': 2, 'mail': False, 'level': 5, 'description': 'Windows System error event', 'groups': ['windows', 'windows_system', 'system_error'], 'id': '61102', 'gpg13': ['4.3'], 'gdpr': ['IV_35.7.d']}, 'decoder': {'name': 'windows_eventchannel'}, 'input': {'type': 'log'}, '@timestamp': '2025-12-29T20:50:12.069Z', 'location': 'EventChannel', 'id': '1767041412.8253423', 'timestamp': '2025-12-29T21:50:12.069+0100'}",medium,
2025-12-29T20:50:12.607Z,Endpoint3-Win,1,60106,Windows logon success.,3,T1078,EventChannel,"{'agent': {'ip': '192.168.100.15', 'name': 'Endpoint3-Win', 'id': '001'}, 'manager': {'name': 'wazuh-vm'}, 'data': {'win': {'eventdata': {'subjectLogonId': '0x3e7', 'subjectDomainName': 'WORKGROUP', 'targetLinkedLogonId': '0x0', 'impersonationLevel': '%%1833', 'authenticationPackageName': 'Negotiate', 'targetLogonId': '0x3e7', 'logonProcessName': 'Advapi', 'logonGuid': '{00000000-0000-0000-0000-000000000000}', 'targetUserName': 'SYSTEM', 'keyLength': '0', 'elevatedToken': '%%1842', 'subjectUserSid': 'S-1-5-18', 'processId': '0x344', 'processName': 'C:\\\\Windows\\\\System32\\\\services.exe', 'targetDomainName': 'NT AUTHORITY', 'targetUserSid': 'S-1-5-18', 'virtualAccount': '%%1843', 'logonType': '5', 'subjectUserName': 'WINDOWSEND-C792$'}, 'system': {'eventID': '4624', 'keywords': '0x8020000000000000', 'providerGuid': '{54849625-5478-4994-a5ba-3e3b0328c30d}', 'level': '0', 'channel': 'Security', 'opcode': '0', 'message': '""An account was successfully logged on.\r\n\r\nSubject:\r\n\tSecurity ID:\t\tS-1-5-18\r\n\tAccount Name:\t\tWINDOWSEND-C792$\r\n\tAccount Domain:\t\tWORKGROUP\r\n\tLogon ID:\t\t0x3E7\r\n\r\nLogon Information:\r\n\tLogon Type:\t\t5\r\n\tRestricted Admin Mode:\t-\r\n\tRemote Credential Guard:\t-\r\n\tVirtual Account:\t\tNo\r\n\tElevated Token:\t\tYes\r\n\r\nImpersonation Level:\t\tImpersonation\r\n\r\nNew Logon:\r\n\tSecurity ID:\t\tS-1-5-18\r\n\tAccount Name:\t\tSYSTEM\r\n\tAccount Domain:\t\tNT AUTHORITY\r\n\tLogon ID:\t\t0x3E7\r\n\tLinked Logon ID:\t\t0x0\r\n\tNetwork Account Name:\t-\r\n\tNetwork Account Domain:\t-\r\n\tLogon GUID:\t\t{00000000-0000-0000-0000-000000000000}\r\n\r\nProcess Information:\r\n\tProcess ID:\t\t0x344\r\n\tProcess Name:\t\tC:\\Windows\\System32\\services.exe\r\n\r\nNetwork Information:\r\n\tWorkstation Name:\t-\r\n\tSource Network Address:\t-\r\n\tSource Port:\t\t-\r\n\r\nDetailed Authentication Information:\r\n\tLogon Process:\t\tAdvapi  \r\n\tAuthentication Package:\tNegotiate\r\n\tTransited Services:\t-\r\n\tPackage Name (NTLM only):\t-\r\n\tKey Length:\t\t0\r\n\r\nThis event is generated when a logon session is created. It is generated on the computer that was accessed.\r\n\r\nThe subject fields indicate the account on the local system which requested the logon. This is most commonly a service such as the Server service, or a local process such as Winlogon.exe or Services.exe.\r\n\r\nThe logon type field indicates the kind of logon that occurred. The most common types are 2 (interactive) and 3 (network).\r\n\r\nThe New Logon fields indicate the account for whom the new logon was created, i.e. the account that was logged on.\r\n\r\nThe network fields indicate where a remote logon request originated. Workstation name is not always available and may be left blank in some cases.\r\n\r\nThe impersonation level field indicates the extent to which a process in the logon session can impersonate.\r\n\r\nThe authentication information fields provide detailed information about this specific logon request.\r\n\t- Logon GUID is a unique identifier that can be used to correlate this event with a KDC event.\r\n\t- Transited services indicate which intermediate services have participated in this logon request.\r\n\t- Package name indicates which sub-protocol was used among the NTLM protocols.\r\n\t- Key length indicates the length of the generated session key. This will be 0 if no session key was requested.""', 'version': '3', 'systemTime': '2025-12-29T20:49:58.0588716Z', 'eventRecordID': '39453', 'threadID': '912', 'computer': 'WindowsEnd-c7921449-8b62-4c4d-8a83-d9281ac0190b', 'task': '12544', 'processID': '856', 'severityValue': 'AUDIT_SUCCESS', 'providerName': 'Microsoft-Windows-Security-Auditing'}}}, 'rule': {'mail': False, 'level': 3, 'hipaa': ['164.312.b'], 'pci_dss': ['10.2.5'], 'tsc': ['CC6.8', 'CC7.2', 'CC7.3'], 'description': 'Windows logon success.', 'groups': ['windows', 'windows_security', 'authentication_success'], 'nist_800_53': ['AC.7', 'AU.14'], 'gdpr': ['IV_32.2'], 'firedtimes': 11, 'mitre': {'technique': ['Valid Accounts'], 'id': ['T1078'], 'tactic': ['Defense Evasion', 'Persistence', 'Privilege Escalation', 'Initial Access']}, 'id': '60106', 'gpg13': ['7.1', '7.2']}, 'decoder': {'name': 'windows_eventchannel'}, 'input': {'type': 'log'}, '@timestamp': '2025-12-29T20:50:12.607Z', 'location': 'EventChannel', 'id': '1767041412.8255294', 'timestamp': '2025-12-29T21:50:12.607+0100'}",low,
2025-12-29T20:50:18.677Z,Endpoint3-Win,1,60122,Logon failure - Unknown user or bad password.,5,T1078;T1531,EventChannel,"{'agent': {'ip': '192.168.100.15', 'name': 'Endpoint3-Win', 'id': '001'}, 'manager': {'name': 'wazuh-vm'}, 'data': {'win': {'eventdata': {'subjectLogonId': '0x3e7', 'subjectDomainName': 'WORKGROUP', 'authenticationPackageName': 'Negotiate', 'subStatus': '0xc000006a', 'logonProcessName': 'Advapi', 'keyLength': '0', 'subjectUserSid': 'S-1-5-18', 'processId': '0x344', 'processName': 'C:\\\\Windows\\\\System32\\\\services.exe', 'failureReason': '%%2313', 'targetUserSid': 'S-1-0-0', 'logonType': '5', 'subjectUserName': 'WINDOWSEND-C792$', 'status': '0xc000006d'}, 'system': {'eventID': '4625', 'keywords': '0x8010000000000000', 'providerGuid': '{54849625-5478-4994-a5ba-3e3b0328c30d}', 'level': '0', 'channel': 'Security', 'opcode': '0', 'message': '""An account failed to log on.\r\n\r\nSubject:\r\n\tSecurity ID:\t\tS-1-5-18\r\n\tAccount Name:\t\tWINDOWSEND-C792$\r\n\tAccount Domain:\t\tWORKGROUP\r\n\tLogon ID:\t\t0x3E7\r\n\r\nLogon Type:\t\t\t5\r\n\r\nAccount For Which Logon Failed:\r\n\tSecurity ID:\t\tS-1-0-0\r\n\tAccount Name:\t\t-\r\n\tAccount Domain:\t\t-\r\n\r\nFailure Information:\r\n\tFailure Reason:\t\tUnknown user name or bad password.\r\n\tStatus:\t\t\t0xC000006D\r\n\tSub Status:\t\t0xC000006A\r\n\r\nProcess Information:\r\n\tCaller Process ID:\t0x344\r\n\tCaller Process Name:\tC:\\Windows\\System32\\services.exe\r\n\r\nNetwork Information:\r\n\tWorkstation Name:\t-\r\n\tSource Network Address:\t-\r\n\tSource Port:\t\t-\r\n\r\nDetailed Authentication Information:\r\n\tLogon Process:\t\tAdvapi  \r\n\tAuthentication Package:\tNegotiate\r\n\tTransited Services:\t-\r\n\tPackage Name (NTLM only):\t-\r\n\tKey Length:\t\t0\r\n\r\nThis event is generated when a logon request fails. It is generated on the computer where access was attempted.\r\n\r\nThe Subject fields indicate the account on the local system which requested the logon. This is most commonly a service such as the Server service, or a local process such as Winlogon.exe or Services.exe.\r\n\r\nThe Logon Type field indicates the kind of logon that was requested. The most common types are 2 (interactive) and 3 (network).\r\n\r\nThe Process Information fields indicate which account and process on the system requested the logon.\r\n\r\nThe Network Information fields indicate where a remote logon request originated. Workstation name is not always available and may be left blank in some cases.\r\n\r\nThe authentication information fields provide detailed information about this specific logon request.\r\n\t- Transited services indicate which intermediate services have participated in this logon request.\r\n\t- Package name indicates which sub-protocol was used among the NTLM protocols.\r\n\t- Key length indicates the length of the generated session key. This will be 0 if no session key was requested.""', 'version': '0', 'systemTime': '2025-12-29T20:50:10.1665447Z', 'eventRecordID': '39636', 'threadID': '916', 'computer': 'WindowsEnd-c7921449-8b62-4c4d-8a83-d9281ac0190b', 'task': '12544', 'processID': '856', 'severityValue': 'AUDIT_FAILURE', 'providerName': 'Microsoft-Windows-Security-Auditing'}}}, 'rule': {'mail': False, 'level': 5, 'hipaa': ['164.312.b'], 'pci_dss': ['10.2.4', '10.2.5'], 'tsc': ['CC6.1', 'CC6.8', 'CC7.2', 'CC7.3'], 'description': 'Logon failure - Unknown user or bad password.', 'groups': ['windows', 'windows_security', 'authentication_failed'], 'nist_800_53': ['AC.7', 'AU.14'], 'gdpr': ['IV_32.2', 'IV_35.7.d'], 'firedtimes': 1, 'mitre': {'technique': ['Valid Accounts', 'Account Access Removal'], 'id': ['T1078', 'T1531'], 'tactic': ['Defense Evasion', 'Persistence', 'Privilege Escalation', 'Initial Access', 'Impact']}, 'id': '60122', 'gpg13': ['7.1']}, 'decoder': {'name': 'windows_eventchannel'}, 'input': {'type': 'log'}, '@timestamp': '2025-12-29T20:50:18.677Z', 'location': 'EventChannel', 'id': '1767041418.8262740', 'timestamp': '2025-12-29T21:50:18.677+0100'}",medium,
2025-12-29T20:50:24.948Z,Endpoint3-Win,1,92307,Evidence of new service creation found in registry under HKLM\\System\\CurrentControlSet\\Services\\AarSvc_9bc5f\\ImagePath binary is: C:\\WINDOWS\\system32\\svchost.exe -k AarSvcGroup -p,3,T1543.003,EventChannel,"{'agent': {'ip': '192.168.100.15', 'name': 'Endpoint3-Win', 'id': '001'}, 'manager': {'name': 'wazuh-vm'}, 'data': {'win': {'eventdata': {'image': 'C:\\\\WINDOWS\\\\system32\\\\services.exe', 'targetObject': 'HKLM\\\\System\\\\CurrentControlSet\\\\Services\\\\AarSvc_9bc5f\\\\ImagePath', 'processGuid': '{411eefe4-e8cd-6952-0b00-000000001100}', 'processId': '836', 'utcTime': '2025-12-29 20:48:09.863', 'details': 'C:\\\\WINDOWS\\\\system32\\\\svchost.exe -k AarSvcGroup -p', 'eventType': 'SetValue', 'user': 'NT AUTHORITY\\\\SYSTEM'}, 'system': {'eventID': '13', 'keywords': '0x8000000000000000', 'providerGuid': '{5770385f-c22a-43e0-bf4c-06f5698ffbd9}', 'level': '4', 'channel': 'Microsoft-Windows-Sysmon/Operational', 'opcode': '0', 'message': '""Registry value set:\r\nRuleName: -\r\nEventType: SetValue\r\nUtcTime: 2025-12-29 20:48:09.863\r\nProcessGuid: {411eefe4-e8cd-6952-0b00-000000001100}\r\nProcessId: 836\r\nImage: C:\\WINDOWS\\system32\\services.exe\r\nTargetObject: HKLM\\System\\CurrentControlSet\\Services\\AarSvc_9bc5f\\ImagePath\r\nDetails: C:\\WINDOWS\\system32\\svchost.exe -k AarSvcGroup -p\r\nUser: NT AUTHORITY\\SYSTEM""', 'version': '2', 'systemTime': '2025-12-29T20:50:22.7080686Z', 'eventRecordID': '19909', 'threadID': '5004', 'computer': 'WindowsEnd-c7921449-8b62-4c4d-8a83-d9281ac0190b', 'task': '13', 'processID': '3884', 'severityValue': 'INFORMATION', 'providerName': 'Microsoft-Windows-Sysmon'}}}, 'rule': {'firedtimes': 1, 'mail': False, 'level': 3, 'description': 'Evidence of new service creation found in registry under HKLM\\\\System\\\\CurrentControlSet\\\\Services\\\\AarSvc_9bc5f\\\\ImagePath binary is: C:\\\\WINDOWS\\\\system32\\\\svchost.exe -k AarSvcGroup -p', 'groups': ['sysmon', 'sysmon_eid13_detections', 'windows'], 'mitre': {'technique': ['Windows Service'], 'id': ['T1543.003'], 'tactic': ['Persistence', 'Privilege Escalation']}, 'id': '92307'}, 'decoder': {'name': 'windows_eventchannel'}, 'input': {'type': 'log'}, '@timestamp': '2025-12-29T20:50:24.948Z', 'location': 'EventChannel', 'id': '1767041424.8269035', 'timestamp': '2025-12-29T21:50:24.948+0100'}",low,
2025-12-29T20:50:25.305Z,Endpoint3-Win,1,92307,Evidence of new service creation found in registry under HKLM\\System\\CurrentControlSet\\Services\\BcastDVRUserService_9bc5f\\ImagePath binary is: C:\\WINDOWS\\system32\\svchost.exe -k BcastDVRUserService,3,T1543.003,EventChannel,"{'agent': {'ip': '192.168.100.15', 'name': 'Endpoint3-Win', 'id': '001'}, 'manager': {'name': 'wazuh-vm'}, 'data': {'win': {'eventdata': {'image': 'C:\\\\WINDOWS\\\\system32\\\\services.exe', 'targetObject': 'HKLM\\\\System\\\\CurrentControlSet\\\\Services\\\\BcastDVRUserService_9bc5f\\\\ImagePath', 'processGuid': '{411eefe4-e8cd-6952-0b00-000000001100}', 'processId': '836', 'utcTime': '2025-12-29 20:48:09.868', 'details': 'C:\\\\WINDOWS\\\\system32\\\\svchost.exe -k BcastDVRUserService', 'eventType': 'SetValue', 'user': 'NT AUTHORITY\\\\SYSTEM'}, 'system': {'eventID': '13', 'keywords': '0x8000000000000000', 'providerGuid': '{5770385f-c22a-43e0-bf4c-06f5698ffbd9}', 'level': '4', 'channel': 'Microsoft-Windows-Sysmon/Operational', 'opcode': '0', 'message': '""Registry value set:\r\nRuleName: -\r\nEventType: SetValue\r\nUtcTime: 2025-12-29 20:48:09.868\r\nProcessGuid: {411eefe4-e8cd-6952-0b00-000000001100}\r\nProcessId: 836\r\nImage: C:\\WINDOWS\\system32\\services.exe\r\nTargetObject: HKLM\\System\\CurrentControlSet\\Services\\BcastDVRUserService_9bc5f\\ImagePath\r\nDetails: C:\\WINDOWS\\system32\\svchost.exe -k BcastDVRUserService\r\nUser: NT AUTHORITY\\SYSTEM""', 'version': '2', 'systemTime': '2025-12-29T20:50:22.7128238Z', 'eventRecordID': '19917', 'threadID': '5004', 'computer': 'WindowsEnd-c7921449-8b62-4c4d-8a83-d9281ac0190b', 'task': '13', 'processID': '3884', 'severityValue': 'INFORMATION', 'providerName': 'Microsoft-Windows-Sysmon'}}}, 'rule': {'firedtimes': 2, 'mail': False, 'level': 3, 'description': 'Evidence of new service creation found in registry under HKLM\\\\System\\\\CurrentControlSet\\\\Services\\\\BcastDVRUserService_9bc5f\\\\ImagePath binary is: C:\\\\WINDOWS\\\\system32\\\\svchost.exe -k BcastDVRUserService', 'groups': ['sysmon', 'sysmon_eid13_detections', 'windows'], 'mitre': {'technique': ['Windows Service'], 'id': ['T1543.003'], 'tactic': ['Persistence', 'Privilege Escalation']}, 'id': '92307'}, 'decoder': {'name': 'windows_eventchannel'}, 'input': {'type': 'log'}, '@timestamp': '2025-12-29T20:50:25.305Z', 'location': 'EventChannel', 'id': '1767041425.8272032', 'timestamp': '2025-12-29T21:50:25.305+0100'}",low,
2025-12-29T20:50:25.445Z,Endpoint3-Win,1,92307,Evidence of new service creation found in registry under HKLM\\System\\CurrentControlSet\\Services\\BluetoothUserService_9bc5f\\ImagePath binary is: C:\\WINDOWS\\system32\\svchost.exe -k BthAppGroup -p,3,T1543.003,EventChannel,"{'agent': {'ip': '192.168.100.15', 'name': 'Endpoint3-Win', 'id': '001'}, 'manager': {'name': 'wazuh-vm'}, 'data': {'win': {'eventdata': {'image': 'C:\\\\WINDOWS\\\\system32\\\\services.exe', 'targetObject': 'HKLM\\\\System\\\\CurrentControlSet\\\\Services\\\\BluetoothUserService_9bc5f\\\\ImagePath', 'processGuid': '{411eefe4-e8cd-6952-0b00-000000001100}', 'processId': '836', 'utcTime': '2025-12-29 20:48:09.871', 'details': 'C:\\\\WINDOWS\\\\system32\\\\svchost.exe -k BthAppGroup -p', 'eventType': 'SetValue', 'user': 'NT AUTHORITY\\\\SYSTEM'}, 'system': {'eventID': '13', 'keywords': '0x8000000000000000', 'providerGuid': '{5770385f-c22a-43e0-bf4c-06f5698ffbd9}', 'level': '4', 'channel': 'Microsoft-Windows-Sysmon/Operational', 'opcode': '0', 'message': '""Registry value set:\r\nRuleName: -\r\nEventType: SetValue\r\nUtcTime: 2025-12-29 20:48:09.871\r\nProcessGuid: {411eefe4-e8cd-6952-0b00-000000001100}\r\nProcessId: 836\r\nImage: C:\\WINDOWS\\system32\\services.exe\r\nTargetObject: HKLM\\System\\CurrentControlSet\\Services\\BluetoothUserService_9bc5f\\ImagePath\r\nDetails: C:\\WINDOWS\\system32\\svchost.exe -k BthAppGroup -p\r\nUser: NT AUTHORITY\\SYSTEM""', 'version': '2', 'systemTime': '2025-12-29T20:50:22.7234187Z', 'eventRecordID': '19925', 'threadID': '5004', 'computer': 'WindowsEnd-c7921449-8b62-4c4d-8a83-d9281ac0190b', 'task': '13', 'processID': '3884', 'severityValue': 'INFORMATION', 'providerName': 'Microsoft-Windows-Sysmon'}}}, 'rule': {'firedtimes': 3, 'mail': False, 'level': 3, 'description': 'Evidence of new service creation found in registry under HKLM\\\\System\\\\CurrentControlSet\\\\Services\\\\BluetoothUserService_9bc5f\\\\ImagePath binary is: C:\\\\WINDOWS\\\\system32\\\\svchost.exe -k BthAppGroup -p', 'groups': ['sysmon', 'sysmon_eid13_detections', 'windows'], 'mitre': {'technique': ['Windows Service'], 'id': ['T1543.003'], 'tactic': ['Persistence', 'Privilege Escalation']}, 'id': '92307'}, 'decoder': {'name': 'windows_eventchannel'}, 'input': {'type': 'log'}, '@timestamp': '2025-12-29T20:50:25.445Z', 'location': 'EventChannel', 'id': '1767041425.8275119', 'timestamp': '2025-12-29T21:50:25.445+0100'}",low,
2025-12-29T20:50:25.925Z,Endpoint3-Win,1,92307,Evidence of new service creation found in registry under HKLM\\System\\CurrentControlSet\\Services\\CaptureService_9bc5f\\ImagePath binary is: C:\\WINDOWS\\system32\\svchost.exe -k LocalService -p,3,T1543.003,EventChannel,"{'agent': {'ip': '192.168.100.15', 'name': 'Endpoint3-Win', 'id': '001'}, 'manager': {'name': 'wazuh-vm'}, 'data': {'win': {'eventdata': {'image': 'C:\\\\WINDOWS\\\\system32\\\\services.exe', 'targetObject': 'HKLM\\\\System\\\\CurrentControlSet\\\\Services\\\\CaptureService_9bc5f\\\\ImagePath', 'processGuid': '{411eefe4-e8cd-6952-0b00-000000001100}', 'processId': '836', 'utcTime': '2025-12-29 20:48:09.876', 'details': 'C:\\\\WINDOWS\\\\system32\\\\svchost.exe -k LocalService -p', 'eventType': 'SetValue', 'user': 'NT AUTHORITY\\\\SYSTEM'}, 'system': {'eventID': '13', 'keywords': '0x8000000000000000', 'providerGuid': '{5770385f-c22a-43e0-bf4c-06f5698ffbd9}', 'level': '4', 'channel': 'Microsoft-Windows-Sysmon/Operational', 'opcode': '0', 'message': '""Registry value set:\r\nRuleName: -\r\nEventType: SetValue\r\nUtcTime: 2025-12-29 20:48:09.876\r\nProcessGuid: {411eefe4-e8cd-6952-0b00-000000001100}\r\nProcessId: 836\r\nImage: C:\\WINDOWS\\system32\\services.exe\r\nTargetObject: HKLM\\System\\CurrentControlSet\\Services\\CaptureService_9bc5f\\ImagePath\r\nDetails: C:\\WINDOWS\\system32\\svchost.exe -k LocalService -p\r\nUser: NT AUTHORITY\\SYSTEM""', 'version': '2', 'systemTime': '2025-12-29T20:50:22.7437538Z', 'eventRecordID': '19951', 'threadID': '5004', 'computer': 'WindowsEnd-c7921449-8b62-4c4d-8a83-d9281ac0190b', 'task': '13', 'processID': '3884', 'severityValue': 'INFORMATION', 'providerName': 'Microsoft-Windows-Sysmon'}}}, 'rule': {'firedtimes': 4, 'mail': False, 'level': 3, 'description': 'Evidence of new service creation found in registry under HKLM\\\\System\\\\CurrentControlSet\\\\Services\\\\CaptureService_9bc5f\\\\ImagePath binary is: C:\\\\WINDOWS\\\\system32\\\\svchost.exe -k LocalService -p', 'groups': ['sysmon', 'sysmon_eid13_detections', 'windows'], 'mitre': {'technique': ['Windows Service'], 'id': ['T1543.003'], 'tactic': ['Persistence', 'Privilege Escalation']}, 'id': '92307'}, 'decoder': {'name': 'windows_eventchannel'}, 'input': {'type': 'log'}, '@timestamp': '2025-12-29T20:50:25.925Z', 'location': 'EventChannel', 'id': '1767041425.8278186', 'timestamp': '2025-12-29T21:50:25.925+0100'}",low,
2025-12-29T20:50:26.064Z,Endpoint3-Win,1,92307,Evidence of new service creation found in registry under HKLM\\System\\CurrentControlSet\\Services\\cbdhsvc_9bc5f\\ImagePath binary is: C:\\WINDOWS\\system32\\svchost.exe -k ClipboardSvcGroup -p,3,T1543.003,EventChannel,"{'agent': {'ip': '192.168.100.15', 'name': 'Endpoint3-Win', 'id': '001'}, 'manager': {'name': 'wazuh-vm'}, 'data': {'win': {'eventdata': {'image': 'C:\\\\WINDOWS\\\\system32\\\\services.exe', 'targetObject': 'HKLM\\\\System\\\\CurrentControlSet\\\\Services\\\\cbdhsvc_9bc5f\\\\ImagePath', 'processGuid': '{411eefe4-e8cd-6952-0b00-000000001100}', 'processId': '836', 'utcTime': '2025-12-29 20:48:09.880', 'details': 'C:\\\\WINDOWS\\\\system32\\\\svchost.exe -k ClipboardSvcGroup -p', 'eventType': 'SetValue', 'user': 'NT AUTHORITY\\\\SYSTEM'}, 'system': {'eventID': '13', 'keywords': '0x8000000000000000', 'providerGuid': '{5770385f-c22a-43e0-bf4c-06f5698ffbd9}', 'level': '4', 'channel': 'Microsoft-Windows-Sysmon/Operational', 'opcode': '0', 'message': '""Registry value set:\r\nRuleName: -\r\nEventType: SetValue\r\nUtcTime: 2025-12-29 20:48:09.880\r\nProcessGuid: {411eefe4-e8cd-6952-0b00-000000001100}\r\nProcessId: 836\r\nImage: C:\\WINDOWS\\system32\\services.exe\r\nTargetObject: HKLM\\System\\CurrentControlSet\\Services\\cbdhsvc_9bc5f\\ImagePath\r\nDetails: C:\\WINDOWS\\system32\\svchost.exe -k ClipboardSvcGroup -p\r\nUser: NT AUTHORITY\\SYSTEM""', 'version': '2', 'systemTime': '2025-12-29T20:50:22.7554899Z', 'eventRecordID': '19959', 'threadID': '5004', 'computer': 'WindowsEnd-c7921449-8b62-4c4d-8a83-d9281ac0190b', 'task': '13', 'processID': '3884', 'severityValue': 'INFORMATION', 'providerName': 'Microsoft-Windows-Sysmon'}}}, 'rule': {'firedtimes': 5, 'mail': False, 'level': 3, 'description': 'Evidence of new service creation found in registry under HKLM\\\\System\\\\CurrentControlSet\\\\Services\\\\cbdhsvc_9bc5f\\\\ImagePath binary is: C:\\\\WINDOWS\\\\system32\\\\svchost.exe -k ClipboardSvcGroup -p', 'groups': ['sysmon', 'sysmon_eid13_detections', 'windows'], 'mitre': {'technique': ['Windows Service'], 'id': ['T1543.003'], 'tactic': ['Persistence', 'Privilege Escalation']}, 'id': '92307'}, 'decoder': {'name': 'windows_eventchannel'}, 'input': {'type': 'log'}, '@timestamp': '2025-12-29T20:50:26.064Z', 'location': 'EventChannel', 'id': '1767041426.8281228', 'timestamp': '2025-12-29T21:50:26.064+0100'}",low,
2025-12-29T20:50:26.219Z,Endpoint3-Win,1,92307,Evidence of new service creation found in registry under HKLM\\System\\CurrentControlSet\\Services\\CDPUserSvc_9bc5f\\ImagePath binary is: C:\\WINDOWS\\system32\\svchost.exe -k UnistackSvcGroup,3,T1543.003,EventChannel,"{'agent': {'ip': '192.168.100.15', 'name': 'Endpoint3-Win', 'id': '001'}, 'manager': {'name': 'wazuh-vm'}, 'data': {'win': {'eventdata': {'image': 'C:\\\\WINDOWS\\\\system32\\\\services.exe', 'targetObject': 'HKLM\\\\System\\\\CurrentControlSet\\\\Services\\\\CDPUserSvc_9bc5f\\\\ImagePath', 'processGuid': '{411eefe4-e8cd-6952-0b00-000000001100}', 'processId': '836', 'utcTime': '2025-12-29 20:48:09.883', 'details': 'C:\\\\WINDOWS\\\\system32\\\\svchost.exe -k UnistackSvcGroup', 'eventType': 'SetValue', 'user': 'NT AUTHORITY\\\\SYSTEM'}, 'system': {'eventID': '13', 'keywords': '0x8000000000000000', 'providerGuid': '{5770385f-c22a-43e0-bf4c-06f5698ffbd9}', 'level': '4', 'channel': 'Microsoft-Windows-Sysmon/Operational', 'opcode': '0', 'message': '""Registry value set:\r\nRuleName: -\r\nEventType: SetValue\r\nUtcTime: 2025-12-29 20:48:09.883\r\nProcessGuid: {411eefe4-e8cd-6952-0b00-000000001100}\r\nProcessId: 836\r\nImage: C:\\WINDOWS\\system32\\services.exe\r\nTargetObject: HKLM\\System\\CurrentControlSet\\Services\\CDPUserSvc_9bc5f\\ImagePath\r\nDetails: C:\\WINDOWS\\system32\\svchost.exe -k UnistackSvcGroup\r\nUser: NT AUTHORITY\\SYSTEM""', 'version': '2', 'systemTime': '2025-12-29T20:50:22.7598857Z', 'eventRecordID': '19967', 'threadID': '5004', 'computer': 'WindowsEnd-c7921449-8b62-4c4d-8a83-d9281ac0190b', 'task': '13', 'processID': '3884', 'severityValue': 'INFORMATION', 'providerName': 'Microsoft-Windows-Sysmon'}}}, 'rule': {'firedtimes': 6, 'mail': False, 'level': 3, 'description': 'Evidence of new service creation found in registry under HKLM\\\\System\\\\CurrentControlSet\\\\Services\\\\CDPUserSvc_9bc5f\\\\ImagePath binary is: C:\\\\WINDOWS\\\\system32\\\\svchost.exe -k UnistackSvcGroup', 'groups': ['sysmon', 'sysmon_eid13_detections', 'windows'], 'mitre': {'technique': ['Windows Service'], 'id': ['T1543.003'], 'tactic': ['Persistence', 'Privilege Escalation']}, 'id': '92307'}, 'decoder': {'name': 'windows_eventchannel'}, 'input': {'type': 'log'}, '@timestamp': '2025-12-29T20:50:26.219Z', 'location': 'EventChannel', 'id': '1767041426.8284260', 'timestamp': '2025-12-29T21:50:26.219+0100'}",low,
2025-12-29T20:50:26.393Z,Endpoint3-Win,1,92307,Evidence of new service creation found in registry under HKLM\\System\\CurrentControlSet\\Services\\CloudBackupRestoreSvc_9bc5f\\ImagePath binary is: C:\\WINDOWS\\system32\\svchost.exe -k UnistackSvcGroup,3,T1543.003,EventChannel,"{'agent': {'ip': '192.168.100.15', 'name': 'Endpoint3-Win', 'id': '001'}, 'manager': {'name': 'wazuh-vm'}, 'data': {'win': {'eventdata': {'image': 'C:\\\\WINDOWS\\\\system32\\\\services.exe', 'targetObject': 'HKLM\\\\System\\\\CurrentControlSet\\\\Services\\\\CloudBackupRestoreSvc_9bc5f\\\\ImagePath', 'processGuid': '{411eefe4-e8cd-6952-0b00-000000001100}', 'processId': '836', 'utcTime': '2025-12-29 20:48:09.885', 'details': 'C:\\\\WINDOWS\\\\system32\\\\svchost.exe -k UnistackSvcGroup', 'eventType': 'SetValue', 'user': 'NT AUTHORITY\\\\SYSTEM'}, 'system': {'eventID': '13', 'keywords': '0x8000000000000000', 'providerGuid': '{5770385f-c22a-43e0-bf4c-06f5698ffbd9}', 'level': '4', 'channel': 'Microsoft-Windows-Sysmon/Operational', 'opcode': '0', 'message': '""Registry value set:\r\nRuleName: -\r\nEventType: SetValue\r\nUtcTime: 2025-12-29 20:48:09.885\r\nProcessGuid: {411eefe4-e8cd-6952-0b00-000000001100}\r\nProcessId: 836\r\nImage: C:\\WINDOWS\\system32\\services.exe\r\nTargetObject: HKLM\\System\\CurrentControlSet\\Services\\CloudBackupRestoreSvc_9bc5f\\ImagePath\r\nDetails: C:\\WINDOWS\\system32\\svchost.exe -k UnistackSvcGroup\r\nUser: NT AUTHORITY\\SYSTEM""', 'version': '2', 'systemTime': '2025-12-29T20:50:22.7615647Z', 'eventRecordID': '19975', 'threadID': '5004', 'computer': 'WindowsEnd-c7921449-8b62-4c4d-8a83-d9281ac0190b', 'task': '13', 'processID': '3884', 'severityValue': 'INFORMATION', 'providerName': 'Microsoft-Windows-Sysmon'}}}, 'rule': {'firedtimes': 7, 'mail': False, 'level': 3, 'description': 'Evidence of new service creation found in registry under HKLM\\\\System\\\\CurrentControlSet\\\\Services\\\\CloudBackupRestoreSvc_9bc5f\\\\ImagePath binary is: C:\\\\WINDOWS\\\\system32\\\\svchost.exe -k UnistackSvcGroup', 'groups': ['sysmon', 'sysmon_eid13_detections', 'windows'], 'mitre': {'technique': ['Windows Service'], 'id': ['T1543.003'], 'tactic': ['Persistence', 'Privilege Escalation']}, 'id': '92307'}, 'decoder': {'name': 'windows_eventchannel'}, 'input': {'type': 'log'}, '@timestamp': '2025-12-29T20:50:26.393Z', 'location': 'EventChannel', 'id': '1767041426.8287287', 'timestamp': '2025-12-29T21:50:26.393+0100'}",low,
2025-12-29T20:50:26.535Z,Endpoint3-Win,1,92307,Evidence of new service creation found in registry under HKLM\\System\\CurrentControlSet\\Services\\ConsentUxUserSvc_9bc5f\\ImagePath binary is: C:\\WINDOWS\\system32\\svchost.exe -k DevicesFlow,3,T1543.003,EventChannel,"{'agent': {'ip': '192.168.100.15', 'name': 'Endpoint3-Win', 'id': '001'}, 'manager': {'name': 'wazuh-vm'}, 'data': {'win': {'eventdata': {'image': 'C:\\\\WINDOWS\\\\system32\\\\services.exe', 'targetObject': 'HKLM\\\\System\\\\CurrentControlSet\\\\Services\\\\ConsentUxUserSvc_9bc5f\\\\ImagePath', 'processGuid': '{411eefe4-e8cd-6952-0b00-000000001100}', 'processId': '836', 'utcTime': '2025-12-29 20:48:09.890', 'details': 'C:\\\\WINDOWS\\\\system32\\\\svchost.exe -k DevicesFlow', 'eventType': 'SetValue', 'user': 'NT AUTHORITY\\\\SYSTEM'}, 'system': {'eventID': '13', 'keywords': '0x8000000000000000', 'providerGuid': '{5770385f-c22a-43e0-bf4c-06f5698ffbd9}', 'level': '4', 'channel': 'Microsoft-Windows-Sysmon/Operational', 'opcode': '0', 'message': '""Registry value set:\r\nRuleName: -\r\nEventType: SetValue\r\nUtcTime: 2025-12-29 20:48:09.890\r\nProcessGuid: {411eefe4-e8cd-6952-0b00-000000001100}\r\nProcessId: 836\r\nImage: C:\\WINDOWS\\system32\\services.exe\r\nTargetObject: HKLM\\System\\CurrentControlSet\\Services\\ConsentUxUserSvc_9bc5f\\ImagePath\r\nDetails: C:\\WINDOWS\\system32\\svchost.exe -k DevicesFlow\r\nUser: NT AUTHORITY\\SYSTEM""', 'version': '2', 'systemTime': '2025-12-29T20:50:22.7689233Z', 'eventRecordID': '19983', 'threadID': '5004', 'computer': 'WindowsEnd-c7921449-8b62-4c4d-8a83-d9281ac0190b', 'task': '13', 'processID': '3884', 'severityValue': 'INFORMATION', 'providerName': 'Microsoft-Windows-Sysmon'}}}, 'rule': {'firedtimes': 8, 'mail': False, 'level': 3, 'description': 'Evidence of new service creation found in registry under HKLM\\\\System\\\\CurrentControlSet\\\\Services\\\\ConsentUxUserSvc_9bc5f\\\\ImagePath binary is: C:\\\\WINDOWS\\\\system32\\\\svchost.exe -k DevicesFlow', 'groups': ['sysmon', 'sysmon_eid13_detections', 'windows'], 'mitre': {'technique': ['Windows Service'], 'id': ['T1543.003'], 'tactic': ['Persistence', 'Privilege Escalation']}, 'id': '92307'}, 'decoder': {'name': 'windows_eventchannel'}, 'input': {'type': 'log'}, '@timestamp': '2025-12-29T20:50:26.535Z', 'location': 'EventChannel', 'id': '1767041426.8290369', 'timestamp': '2025-12-29T21:50:26.535+0100'}",low,
2025-12-29T20:50:26.696Z,Endpoint3-Win,1,92307,Evidence of new service creation found in registry under HKLM\\System\\CurrentControlSet\\Services\\CredentialEnrollmentManagerUserSvc_9bc5f\\ImagePath binary is: C:\\WINDOWS\\system32\\CredentialEnrollmentManager.exe,3,T1543.003,EventChannel,"{'agent': {'ip': '192.168.100.15', 'name': 'Endpoint3-Win', 'id': '001'}, 'manager': {'name': 'wazuh-vm'}, 'data': {'win': {'eventdata': {'image': 'C:\\\\WINDOWS\\\\system32\\\\services.exe', 'targetObject': 'HKLM\\\\System\\\\CurrentControlSet\\\\Services\\\\CredentialEnrollmentManagerUserSvc_9bc5f\\\\ImagePath', 'processGuid': '{411eefe4-e8cd-6952-0b00-000000001100}', 'processId': '836', 'utcTime': '2025-12-29 20:48:09.893', 'details': 'C:\\\\WINDOWS\\\\system32\\\\CredentialEnrollmentManager.exe', 'eventType': 'SetValue', 'user': 'NT AUTHORITY\\\\SYSTEM'}, 'system': {'eventID': '13', 'keywords': '0x8000000000000000', 'providerGuid': '{5770385f-c22a-43e0-bf4c-06f5698ffbd9}', 'level': '4', 'channel': 'Microsoft-Windows-Sysmon/Operational', 'opcode': '0', 'message': '""Registry value set:\r\nRuleName: -\r\nEventType: SetValue\r\nUtcTime: 2025-12-29 20:48:09.893\r\nProcessGuid: {411eefe4-e8cd-6952-0b00-000000001100}\r\nProcessId: 836\r\nImage: C:\\WINDOWS\\system32\\services.exe\r\nTargetObject: HKLM\\System\\CurrentControlSet\\Services\\CredentialEnrollmentManagerUserSvc_9bc5f\\ImagePath\r\nDetails: C:\\WINDOWS\\system32\\CredentialEnrollmentManager.exe\r\nUser: NT AUTHORITY\\SYSTEM""', 'version': '2', 'systemTime': '2025-12-29T20:50:22.7780146Z', 'eventRecordID': '19991', 'threadID': '5004', 'computer': 'WindowsEnd-c7921449-8b62-4c4d-8a83-d9281ac0190b', 'task': '13', 'processID': '3884', 'severityValue': 'INFORMATION', 'providerName': 'Microsoft-Windows-Sysmon'}}}, 'rule': {'firedtimes': 9, 'mail': False, 'level': 3, 'description': 'Evidence of new service creation found in registry under HKLM\\\\System\\\\CurrentControlSet\\\\Services\\\\CredentialEnrollmentManagerUserSvc_9bc5f\\\\ImagePath binary is: C:\\\\WINDOWS\\\\system32\\\\CredentialEnrollmentManager.exe', 'groups': ['sysmon', 'sysmon_eid13_detections', 'windows'], 'mitre': {'technique': ['Windows Service'], 'id': ['T1543.003'], 'tactic': ['Persistence', 'Privilege Escalation']}, 'id': '92307'}, 'decoder': {'name': 'windows_eventchannel'}, 'input': {'type': 'log'}, '@timestamp': '2025-12-29T20:50:26.696Z', 'location': 'EventChannel', 'id': '1767041426.8293401', 'timestamp': '2025-12-29T21:50:26.696+0100'}",low,
2025-12-29T20:50:26.764Z,Endpoint3-Win,1,92307,"Evidence of new service creation found in registry under HKLM\\System\\CurrentControlSet\\Services\\CredentialEnrollmentManagerUserSvc_9bc5f\\Description binary is: @%%SystemRoot%%\\system32\\CredentialEnrollmentManager.exe,-101",3,T1543.003,EventChannel,"{'agent': {'ip': '192.168.100.15', 'name': 'Endpoint3-Win', 'id': '001'}, 'manager': {'name': 'wazuh-vm'}, 'data': {'win': {'eventdata': {'image': 'C:\\\\WINDOWS\\\\system32\\\\services.exe', 'targetObject': 'HKLM\\\\System\\\\CurrentControlSet\\\\Services\\\\CredentialEnrollmentManagerUserSvc_9bc5f\\\\Description', 'processGuid': '{411eefe4-e8cd-6952-0b00-000000001100}', 'processId': '836', 'utcTime': '2025-12-29 20:48:09.895', 'details': '@%%SystemRoot%%\\\\system32\\\\CredentialEnrollmentManager.exe,-101', 'eventType': 'SetValue', 'user': 'NT AUTHORITY\\\\SYSTEM'}, 'system': {'eventID': '13', 'keywords': '0x8000000000000000', 'providerGuid': '{5770385f-c22a-43e0-bf4c-06f5698ffbd9}', 'level': '4', 'channel': 'Microsoft-Windows-Sysmon/Operational', 'opcode': '0', 'message': '""Registry value set:\r\nRuleName: -\r\nEventType: SetValue\r\nUtcTime: 2025-12-29 20:48:09.895\r\nProcessGuid: {411eefe4-e8cd-6952-0b00-000000001100}\r\nProcessId: 836\r\nImage: C:\\WINDOWS\\system32\\services.exe\r\nTargetObject: HKLM\\System\\CurrentControlSet\\Services\\CredentialEnrollmentManagerUserSvc_9bc5f\\Description\r\nDetails: @%%SystemRoot%%\\system32\\CredentialEnrollmentManager.exe,-101\r\nUser: NT AUTHORITY\\SYSTEM""', 'version': '2', 'systemTime': '2025-12-29T20:50:22.7843887Z', 'eventRecordID': '19995', 'threadID': '5004', 'computer': 'WindowsEnd-c7921449-8b62-4c4d-8a83-d9281ac0190b', 'task': '13', 'processID': '3884', 'severityValue': 'INFORMATION', 'providerName': 'Microsoft-Windows-Sysmon'}}}, 'rule': {'firedtimes': 10, 'mail': False, 'level': 3, 'description': 'Evidence of new service creation found in registry under HKLM\\\\System\\\\CurrentControlSet\\\\Services\\\\CredentialEnrollmentManagerUserSvc_9bc5f\\\\Description binary is: @%%SystemRoot%%\\\\system32\\\\CredentialEnrollmentManager.exe,-101', 'groups': ['sysmon', 'sysmon_eid13_detections', 'windows'], 'mitre': {'technique': ['Windows Service'], 'id': ['T1543.003'], 'tactic': ['Persistence', 'Privilege Escalation']}, 'id': '92307'}, 'decoder': {'name': 'windows_eventchannel'}, 'input': {'type': 'log'}, '@timestamp': '2025-12-29T20:50:26.764Z', 'location': 'EventChannel', 'id': '1767041426.8296548', 'timestamp': '2025-12-29T21:50:26.764+0100'}",low,
2025-12-29T20:50:26.816Z,Endpoint3-Win,1,92307,Evidence of new service creation found in registry under HKLM\\System\\CurrentControlSet\\Services\\DeviceAssociationBrokerSvc_9bc5f\\ImagePath binary is: C:\\WINDOWS\\system32\\svchost.exe -k DevicesFlow -p,3,T1543.003,EventChannel,"{'agent': {'ip': '192.168.100.15', 'name': 'Endpoint3-Win', 'id': '001'}, 'manager': {'name': 'wazuh-vm'}, 'data': {'win': {'eventdata': {'image': 'C:\\\\WINDOWS\\\\system32\\\\services.exe', 'targetObject': 'HKLM\\\\System\\\\CurrentControlSet\\\\Services\\\\DeviceAssociationBrokerSvc_9bc5f\\\\ImagePath', 'processGuid': '{411eefe4-e8cd-6952-0b00-000000001100}', 'processId': '836', 'utcTime': '2025-12-29 20:48:09.895', 'details': 'C:\\\\WINDOWS\\\\system32\\\\svchost.exe -k DevicesFlow -p', 'eventType': 'SetValue', 'user': 'NT AUTHORITY\\\\SYSTEM'}, 'system': {'eventID': '13', 'keywords': '0x8000000000000000', 'providerGuid': '{5770385f-c22a-43e0-bf4c-06f5698ffbd9}', 'level': '4', 'channel': 'Microsoft-Windows-Sysmon/Operational', 'opcode': '0', 'message': '""Registry value set:\r\nRuleName: -\r\nEventType: SetValue\r\nUtcTime: 2025-12-29 20:48:09.895\r\nProcessGuid: {411eefe4-e8cd-6952-0b00-000000001100}\r\nProcessId: 836\r\nImage: C:\\WINDOWS\\system32\\services.exe\r\nTargetObject: HKLM\\System\\CurrentControlSet\\Services\\DeviceAssociationBrokerSvc_9bc5f\\ImagePath\r\nDetails: C:\\WINDOWS\\system32\\svchost.exe -k DevicesFlow -p\r\nUser: NT AUTHORITY\\SYSTEM""', 'version': '2', 'systemTime': '2025-12-29T20:50:22.7850775Z', 'eventRecordID': '19999', 'threadID': '5004', 'computer': 'WindowsEnd-c7921449-8b62-4c4d-8a83-d9281ac0190b', 'task': '13', 'processID': '3884', 'severityValue': 'INFORMATION', 'providerName': 'Microsoft-Windows-Sysmon'}}}, 'rule': {'firedtimes': 11, 'mail': False, 'level': 3, 'description': 'Evidence of new service creation found in registry under HKLM\\\\System\\\\CurrentControlSet\\\\Services\\\\DeviceAssociationBrokerSvc_9bc5f\\\\ImagePath binary is: C:\\\\WINDOWS\\\\system32\\\\svchost.exe -k DevicesFlow -p', 'groups': ['sysmon', 'sysmon_eid13_detections', 'windows'], 'mitre': {'technique': ['Windows Service'], 'id': ['T1543.003'], 'tactic': ['Persistence', 'Privilege Escalation']}, 'id': '92307'}, 'decoder': {'name': 'windows_eventchannel'}, 'input': {'type': 'log'}, '@timestamp': '2025-12-29T20:50:26.816Z', 'location': 'EventChannel', 'id': '1767041426.8299749', 'timestamp': '2025-12-29T21:50:26.816+0100'}",low,
