2025-12-29T00:35:55.068Z,Endpoint2-Win,4,61104,Service startup type was changed,3,,EventChannel,"{'agent': {'ip': '192.168.100.12', 'name': 'Endpoint2-Win', 'id': '004'}, 'manager': {'name': 'wazuh-vm'}, 'data': {'win': {'eventdata': {'param3': 'auto start', 'param4': 'TrustedInstaller', 'param1': 'Windows Modules Installer', 'param2': 'demand start'}, 'system': {'eventID': '7040', 'eventSourceName': 'Service Control Manager', 'keywords': '0x8080000000000000', 'providerGuid': '{555908d1-a6d7-4695-8e1e-26931d2012f4}', 'level': '4', 'channel': 'System', 'opcode': '0', 'message': '""The start type of the Windows Modules Installer service was changed from demand start to auto start.""', 'version': '0', 'systemTime': '2025-12-29T00:35:54.1179508Z', 'eventRecordID': '1763', 'threadID': '1360', 'computer': 'WindowsEnd', 'task': '0', 'processID': '832', 'severityValue': 'INFORMATION', 'providerName': 'Service Control Manager'}}}, 'rule': {'firedtimes': 4, 'mail': False, 'level': 3, 'pci_dss': ['10.6'], 'hipaa': ['164.312.b'], 'tsc': ['CC6.1', 'CC6.8', 'CC7.2', 'CC7.3'], 'description': 'Service startup type was changed', 'groups': ['windows', 'windows_system', 'policy_changed'], 'id': '61104', 'nist_800_53': ['AU.6'], 'info': 'This does not appear to be logged on Windows 2000', 'gdpr': ['IV_35.7.d']}, 'decoder': {'name': 'windows_eventchannel'}, 'input': {'type': 'log'}, '@timestamp': '2025-12-29T00:35:55.068Z', 'location': 'EventChannel', 'id': '1766968555.1709481', 'timestamp': '2025-12-29T01:35:55.068+0100'}",low,
2025-12-29T00:35:57.992Z,wazuh-vm,0,52002,Apparmor DENIED,3,,/var/log/kern.log,"{'predecoder': {'program_name': 'kernel', 'timestamp': '2025-12-29T01:35:56.759596+01:00'}, 'agent': {'name': 'wazuh-vm', 'id': '000'}, 'manager': {'name': 'wazuh-vm'}, 'data': {'extra_data': 'open', 'status': 'DENIED'}, 'rule': {'firedtimes': 449, 'mail': False, 'level': 3, 'description': 'Apparmor DENIED', 'groups': ['local', 'syslog', 'apparmor'], 'id': '52002'}, 'decoder': {'parent': 'kernel', 'name': 'kernel'}, 'full_log': '2025-12-29T01:35:56.759596+01:00 wazuh-vm kernel: audit: type=1400 audit(1766968556.756:949): apparmor=""DENIED"" operation=""open"" class=""file"" profile=""snap.firefox.firefox"" name=""/proc/pressure/memory"" pid=11504 comm=""MemoryPoller"" requested_mask=""r"" denied_mask=""r"" fsuid=1001 ouid=0', 'input': {'type': 'log'}, '@timestamp': '2025-12-29T00:35:57.992Z', 'location': '/var/log/kern.log', 'id': '1766968557.1711269', 'timestamp': '2025-12-29T01:35:57.992+0100'}",low,
2025-12-29T00:35:57.992Z,wazuh-vm,0,52002,Apparmor DENIED,3,,/var/log/syslog,"{'predecoder': {'program_name': 'kernel', 'timestamp': '2025-12-29T01:35:56.759596+01:00'}, 'agent': {'name': 'wazuh-vm', 'id': '000'}, 'manager': {'name': 'wazuh-vm'}, 'data': {'extra_data': 'open', 'status': 'DENIED'}, 'rule': {'firedtimes': 450, 'mail': False, 'level': 3, 'description': 'Apparmor DENIED', 'groups': ['local', 'syslog', 'apparmor'], 'id': '52002'}, 'decoder': {'parent': 'kernel', 'name': 'kernel'}, 'full_log': '2025-12-29T01:35:56.759596+01:00 wazuh-vm kernel: audit: type=1400 audit(1766968556.756:949): apparmor=""DENIED"" operation=""open"" class=""file"" profile=""snap.firefox.firefox"" name=""/proc/pressure/memory"" pid=11504 comm=""MemoryPoller"" requested_mask=""r"" denied_mask=""r"" fsuid=1001 ouid=0', 'input': {'type': 'log'}, '@timestamp': '2025-12-29T00:35:57.992Z', 'location': '/var/log/syslog', 'id': '1766968557.1711701', 'timestamp': '2025-12-29T01:35:57.992+0100'}",low,
2025-12-29T00:35:57.992Z,wazuh-vm,0,52002,Apparmor DENIED,3,,/var/log/kern.log,"{'predecoder': {'program_name': 'kernel', 'timestamp': '2025-12-29T01:35:56.759596+01:00'}, 'agent': {'name': 'wazuh-vm', 'id': '000'}, 'manager': {'name': 'wazuh-vm'}, 'data': {'extra_data': 'open', 'status': 'DENIED'}, 'rule': {'firedtimes': 449, 'mail': False, 'level': 3, 'description': 'Apparmor DENIED', 'groups': ['local', 'syslog', 'apparmor'], 'id': '52002'}, 'decoder': {'parent': 'kernel', 'name': 'kernel'}, 'full_log': '2025-12-29T01:35:56.759596+01:00 wazuh-vm kernel: audit: type=1400 audit(1766968556.756:949): apparmor=""DENIED"" operation=""open"" class=""file"" profile=""snap.firefox.firefox"" name=""/proc/pressure/memory"" pid=11504 comm=""MemoryPoller"" requested_mask=""r"" denied_mask=""r"" fsuid=1001 ouid=0', 'input': {'type': 'log'}, '@timestamp': '2025-12-29T00:35:57.992Z', 'location': '/var/log/kern.log', 'id': '1766968557.1711269', 'timestamp': '2025-12-29T01:35:57.992+0100'}",low,
2025-12-29T00:35:57.992Z,wazuh-vm,0,52002,Apparmor DENIED,3,,/var/log/syslog,"{'predecoder': {'program_name': 'kernel', 'timestamp': '2025-12-29T01:35:56.759596+01:00'}, 'agent': {'name': 'wazuh-vm', 'id': '000'}, 'manager': {'name': 'wazuh-vm'}, 'data': {'extra_data': 'open', 'status': 'DENIED'}, 'rule': {'firedtimes': 450, 'mail': False, 'level': 3, 'description': 'Apparmor DENIED', 'groups': ['local', 'syslog', 'apparmor'], 'id': '52002'}, 'decoder': {'parent': 'kernel', 'name': 'kernel'}, 'full_log': '2025-12-29T01:35:56.759596+01:00 wazuh-vm kernel: audit: type=1400 audit(1766968556.756:949): apparmor=""DENIED"" operation=""open"" class=""file"" profile=""snap.firefox.firefox"" name=""/proc/pressure/memory"" pid=11504 comm=""MemoryPoller"" requested_mask=""r"" denied_mask=""r"" fsuid=1001 ouid=0', 'input': {'type': 'log'}, '@timestamp': '2025-12-29T00:35:57.992Z', 'location': '/var/log/syslog', 'id': '1766968557.1711701', 'timestamp': '2025-12-29T01:35:57.992+0100'}",low,
2025-12-29T00:36:03.997Z,wazuh-vm,0,52002,Apparmor DENIED,3,,/var/log/syslog,"{'predecoder': {'program_name': 'kernel', 'timestamp': '2025-12-29T01:36:02.144986+01:00'}, 'agent': {'name': 'wazuh-vm', 'id': '000'}, 'manager': {'name': 'wazuh-vm'}, 'data': {'extra_data': 'open', 'status': 'DENIED'}, 'rule': {'firedtimes': 451, 'mail': False, 'level': 3, 'description': 'Apparmor DENIED', 'groups': ['local', 'syslog', 'apparmor'], 'id': '52002'}, 'decoder': {'parent': 'kernel', 'name': 'kernel'}, 'full_log': '2025-12-29T01:36:02.144986+01:00 wazuh-vm kernel: audit: type=1400 audit(1766968562.142:950): apparmor=""DENIED"" operation=""open"" class=""file"" profile=""snap.firefox.firefox"" name=""/proc/pressure/memory"" pid=11504 comm=""MemoryPoller"" requested_mask=""r"" denied_mask=""r"" fsuid=1001 ouid=0', 'input': {'type': 'log'}, '@timestamp': '2025-12-29T00:36:03.997Z', 'location': '/var/log/syslog', 'id': '1766968563.1712131', 'timestamp': '2025-12-29T01:36:03.997+0100'}",low,
2025-12-29T00:36:03.997Z,wazuh-vm,0,52002,Apparmor DENIED,3,,/var/log/kern.log,"{'predecoder': {'program_name': 'kernel', 'timestamp': '2025-12-29T01:36:02.144986+01:00'}, 'agent': {'name': 'wazuh-vm', 'id': '000'}, 'manager': {'name': 'wazuh-vm'}, 'data': {'extra_data': 'open', 'status': 'DENIED'}, 'rule': {'firedtimes': 452, 'mail': False, 'level': 3, 'description': 'Apparmor DENIED', 'groups': ['local', 'syslog', 'apparmor'], 'id': '52002'}, 'decoder': {'parent': 'kernel', 'name': 'kernel'}, 'full_log': '2025-12-29T01:36:02.144986+01:00 wazuh-vm kernel: audit: type=1400 audit(1766968562.142:950): apparmor=""DENIED"" operation=""open"" class=""file"" profile=""snap.firefox.firefox"" name=""/proc/pressure/memory"" pid=11504 comm=""MemoryPoller"" requested_mask=""r"" denied_mask=""r"" fsuid=1001 ouid=0', 'input': {'type': 'log'}, '@timestamp': '2025-12-29T00:36:03.997Z', 'location': '/var/log/kern.log', 'id': '1766968563.1712561', 'timestamp': '2025-12-29T01:36:03.997+0100'}",low,
2025-12-29T00:36:03.997Z,wazuh-vm,0,52002,Apparmor DENIED,3,,/var/log/syslog,"{'predecoder': {'program_name': 'kernel', 'timestamp': '2025-12-29T01:36:02.144986+01:00'}, 'agent': {'name': 'wazuh-vm', 'id': '000'}, 'manager': {'name': 'wazuh-vm'}, 'data': {'extra_data': 'open', 'status': 'DENIED'}, 'rule': {'firedtimes': 451, 'mail': False, 'level': 3, 'description': 'Apparmor DENIED', 'groups': ['local', 'syslog', 'apparmor'], 'id': '52002'}, 'decoder': {'parent': 'kernel', 'name': 'kernel'}, 'full_log': '2025-12-29T01:36:02.144986+01:00 wazuh-vm kernel: audit: type=1400 audit(1766968562.142:950): apparmor=""DENIED"" operation=""open"" class=""file"" profile=""snap.firefox.firefox"" name=""/proc/pressure/memory"" pid=11504 comm=""MemoryPoller"" requested_mask=""r"" denied_mask=""r"" fsuid=1001 ouid=0', 'input': {'type': 'log'}, '@timestamp': '2025-12-29T00:36:03.997Z', 'location': '/var/log/syslog', 'id': '1766968563.1712131', 'timestamp': '2025-12-29T01:36:03.997+0100'}",low,
2025-12-29T00:36:03.997Z,wazuh-vm,0,52002,Apparmor DENIED,3,,/var/log/kern.log,"{'predecoder': {'program_name': 'kernel', 'timestamp': '2025-12-29T01:36:02.144986+01:00'}, 'agent': {'name': 'wazuh-vm', 'id': '000'}, 'manager': {'name': 'wazuh-vm'}, 'data': {'extra_data': 'open', 'status': 'DENIED'}, 'rule': {'firedtimes': 452, 'mail': False, 'level': 3, 'description': 'Apparmor DENIED', 'groups': ['local', 'syslog', 'apparmor'], 'id': '52002'}, 'decoder': {'parent': 'kernel', 'name': 'kernel'}, 'full_log': '2025-12-29T01:36:02.144986+01:00 wazuh-vm kernel: audit: type=1400 audit(1766968562.142:950): apparmor=""DENIED"" operation=""open"" class=""file"" profile=""snap.firefox.firefox"" name=""/proc/pressure/memory"" pid=11504 comm=""MemoryPoller"" requested_mask=""r"" denied_mask=""r"" fsuid=1001 ouid=0', 'input': {'type': 'log'}, '@timestamp': '2025-12-29T00:36:03.997Z', 'location': '/var/log/kern.log', 'id': '1766968563.1712561', 'timestamp': '2025-12-29T01:36:03.997+0100'}",low,
2025-12-29T00:36:04.866Z,Endpoint2-Win,4,61104,Service startup type was changed,3,,EventChannel,"{'agent': {'ip': '192.168.100.12', 'name': 'Endpoint2-Win', 'id': '004'}, 'manager': {'name': 'wazuh-vm'}, 'data': {'win': {'eventdata': {'param3': 'demand start', 'param4': 'TrustedInstaller', 'param1': 'Windows Modules Installer', 'param2': 'auto start'}, 'system': {'eventID': '7040', 'eventSourceName': 'Service Control Manager', 'keywords': '0x8080000000000000', 'providerGuid': '{555908d1-a6d7-4695-8e1e-26931d2012f4}', 'level': '4', 'channel': 'System', 'opcode': '0', 'message': '""The start type of the Windows Modules Installer service was changed from auto start to demand start.""', 'version': '0', 'systemTime': '2025-12-29T00:36:03.9032974Z', 'eventRecordID': '1764', 'threadID': '1360', 'computer': 'WindowsEnd', 'task': '0', 'processID': '832', 'severityValue': 'INFORMATION', 'providerName': 'Service Control Manager'}}}, 'rule': {'firedtimes': 5, 'mail': False, 'level': 3, 'pci_dss': ['10.6'], 'hipaa': ['164.312.b'], 'tsc': ['CC6.1', 'CC6.8', 'CC7.2', 'CC7.3'], 'description': 'Service startup type was changed', 'groups': ['windows', 'windows_system', 'policy_changed'], 'id': '61104', 'nist_800_53': ['AU.6'], 'info': 'This does not appear to be logged on Windows 2000', 'gdpr': ['IV_35.7.d']}, 'decoder': {'name': 'windows_eventchannel'}, 'input': {'type': 'log'}, '@timestamp': '2025-12-29T00:36:04.866Z', 'location': 'EventChannel', 'id': '1766968564.1712993', 'timestamp': '2025-12-29T01:36:04.866+0100'}",low,
2025-12-29T00:36:04.866Z,Endpoint2-Win,4,61104,Service startup type was changed,3,,EventChannel,"{'agent': {'ip': '192.168.100.12', 'name': 'Endpoint2-Win', 'id': '004'}, 'manager': {'name': 'wazuh-vm'}, 'data': {'win': {'eventdata': {'param3': 'demand start', 'param4': 'TrustedInstaller', 'param1': 'Windows Modules Installer', 'param2': 'auto start'}, 'system': {'eventID': '7040', 'eventSourceName': 'Service Control Manager', 'keywords': '0x8080000000000000', 'providerGuid': '{555908d1-a6d7-4695-8e1e-26931d2012f4}', 'level': '4', 'channel': 'System', 'opcode': '0', 'message': '""The start type of the Windows Modules Installer service was changed from auto start to demand start.""', 'version': '0', 'systemTime': '2025-12-29T00:36:03.9032974Z', 'eventRecordID': '1764', 'threadID': '1360', 'computer': 'WindowsEnd', 'task': '0', 'processID': '832', 'severityValue': 'INFORMATION', 'providerName': 'Service Control Manager'}}}, 'rule': {'firedtimes': 5, 'mail': False, 'level': 3, 'pci_dss': ['10.6'], 'hipaa': ['164.312.b'], 'tsc': ['CC6.1', 'CC6.8', 'CC7.2', 'CC7.3'], 'description': 'Service startup type was changed', 'groups': ['windows', 'windows_system', 'policy_changed'], 'id': '61104', 'nist_800_53': ['AU.6'], 'info': 'This does not appear to be logged on Windows 2000', 'gdpr': ['IV_35.7.d']}, 'decoder': {'name': 'windows_eventchannel'}, 'input': {'type': 'log'}, '@timestamp': '2025-12-29T00:36:04.866Z', 'location': 'EventChannel', 'id': '1766968564.1712993', 'timestamp': '2025-12-29T01:36:04.866+0100'}",low,
2025-12-29T00:36:08.000Z,wazuh-vm,0,52002,Apparmor DENIED,3,,/var/log/syslog,"{'predecoder': {'program_name': 'kernel', 'timestamp': '2025-12-29T01:36:07.174090+01:00'}, 'agent': {'name': 'wazuh-vm', 'id': '000'}, 'manager': {'name': 'wazuh-vm'}, 'data': {'extra_data': 'open', 'status': 'DENIED'}, 'rule': {'firedtimes': 453, 'mail': False, 'level': 3, 'description': 'Apparmor DENIED', 'groups': ['local', 'syslog', 'apparmor'], 'id': '52002'}, 'decoder': {'parent': 'kernel', 'name': 'kernel'}, 'full_log': '2025-12-29T01:36:07.174090+01:00 wazuh-vm kernel: audit: type=1400 audit(1766968567.171:951): apparmor=""DENIED"" operation=""open"" class=""file"" profile=""snap.firefox.firefox"" name=""/proc/pressure/memory"" pid=11504 comm=""MemoryPoller"" requested_mask=""r"" denied_mask=""r"" fsuid=1001 ouid=0', 'input': {'type': 'log'}, '@timestamp': '2025-12-29T00:36:08.000Z', 'location': '/var/log/syslog', 'id': '1766968568.1714781', 'timestamp': '2025-12-29T01:36:08.000+0100'}",low,
2025-12-29T00:36:08.000Z,wazuh-vm,0,52002,Apparmor DENIED,3,,/var/log/syslog,"{'predecoder': {'program_name': 'kernel', 'timestamp': '2025-12-29T01:36:07.174090+01:00'}, 'agent': {'name': 'wazuh-vm', 'id': '000'}, 'manager': {'name': 'wazuh-vm'}, 'data': {'extra_data': 'open', 'status': 'DENIED'}, 'rule': {'firedtimes': 453, 'mail': False, 'level': 3, 'description': 'Apparmor DENIED', 'groups': ['local', 'syslog', 'apparmor'], 'id': '52002'}, 'decoder': {'parent': 'kernel', 'name': 'kernel'}, 'full_log': '2025-12-29T01:36:07.174090+01:00 wazuh-vm kernel: audit: type=1400 audit(1766968567.171:951): apparmor=""DENIED"" operation=""open"" class=""file"" profile=""snap.firefox.firefox"" name=""/proc/pressure/memory"" pid=11504 comm=""MemoryPoller"" requested_mask=""r"" denied_mask=""r"" fsuid=1001 ouid=0', 'input': {'type': 'log'}, '@timestamp': '2025-12-29T00:36:08.000Z', 'location': '/var/log/syslog', 'id': '1766968568.1714781', 'timestamp': '2025-12-29T01:36:08.000+0100'}",low,
2025-12-29T00:36:08.001Z,wazuh-vm,0,52002,Apparmor DENIED,3,,/var/log/kern.log,"{'predecoder': {'program_name': 'kernel', 'timestamp': '2025-12-29T01:36:07.174090+01:00'}, 'agent': {'name': 'wazuh-vm', 'id': '000'}, 'manager': {'name': 'wazuh-vm'}, 'data': {'extra_data': 'open', 'status': 'DENIED'}, 'rule': {'firedtimes': 454, 'mail': False, 'level': 3, 'description': 'Apparmor DENIED', 'groups': ['local', 'syslog', 'apparmor'], 'id': '52002'}, 'decoder': {'parent': 'kernel', 'name': 'kernel'}, 'full_log': '2025-12-29T01:36:07.174090+01:00 wazuh-vm kernel: audit: type=1400 audit(1766968567.171:951): apparmor=""DENIED"" operation=""open"" class=""file"" profile=""snap.firefox.firefox"" name=""/proc/pressure/memory"" pid=11504 comm=""MemoryPoller"" requested_mask=""r"" denied_mask=""r"" fsuid=1001 ouid=0', 'input': {'type': 'log'}, '@timestamp': '2025-12-29T00:36:08.001Z', 'location': '/var/log/kern.log', 'id': '1766968568.1715211', 'timestamp': '2025-12-29T01:36:08.001+0100'}",low,
2025-12-29T00:36:08.001Z,wazuh-vm,0,52002,Apparmor DENIED,3,,/var/log/kern.log,"{'predecoder': {'program_name': 'kernel', 'timestamp': '2025-12-29T01:36:07.174090+01:00'}, 'agent': {'name': 'wazuh-vm', 'id': '000'}, 'manager': {'name': 'wazuh-vm'}, 'data': {'extra_data': 'open', 'status': 'DENIED'}, 'rule': {'firedtimes': 454, 'mail': False, 'level': 3, 'description': 'Apparmor DENIED', 'groups': ['local', 'syslog', 'apparmor'], 'id': '52002'}, 'decoder': {'parent': 'kernel', 'name': 'kernel'}, 'full_log': '2025-12-29T01:36:07.174090+01:00 wazuh-vm kernel: audit: type=1400 audit(1766968567.171:951): apparmor=""DENIED"" operation=""open"" class=""file"" profile=""snap.firefox.firefox"" name=""/proc/pressure/memory"" pid=11504 comm=""MemoryPoller"" requested_mask=""r"" denied_mask=""r"" fsuid=1001 ouid=0', 'input': {'type': 'log'}, '@timestamp': '2025-12-29T00:36:08.001Z', 'location': '/var/log/kern.log', 'id': '1766968568.1715211', 'timestamp': '2025-12-29T01:36:08.001+0100'}",low,
2025-12-29T00:36:09.685Z,Endpoint3-Win,1,60106,Windows logon success.,3,T1078,EventChannel,"{'agent': {'ip': '192.168.100.15', 'name': 'Endpoint3-Win', 'id': '001'}, 'manager': {'name': 'wazuh-vm'}, 'data': {'win': {'eventdata': {'subjectLogonId': '0x3e7', 'subjectDomainName': 'WORKGROUP', 'targetLinkedLogonId': '0x0', 'impersonationLevel': '%%1833', 'authenticationPackageName': 'Negotiate', 'targetLogonId': '0x3e7', 'logonProcessName': 'Advapi', 'logonGuid': '{00000000-0000-0000-0000-000000000000}', 'targetUserName': 'SYSTEM', 'keyLength': '0', 'elevatedToken': '%%1842', 'subjectUserSid': 'S-1-5-18', 'processId': '0x32c', 'processName': 'C:\\\\Windows\\\\System32\\\\services.exe', 'targetDomainName': 'NT AUTHORITY', 'targetUserSid': 'S-1-5-18', 'virtualAccount': '%%1843', 'logonType': '5', 'subjectUserName': 'WINDOWSEND-C792$'}, 'system': {'eventID': '4624', 'keywords': '0x8020000000000000', 'providerGuid': '{54849625-5478-4994-a5ba-3e3b0328c30d}', 'level': '0', 'channel': 'Security', 'opcode': '0', 'message': '""An account was successfully logged on.\r\n\r\nSubject:\r\n\tSecurity ID:\t\tS-1-5-18\r\n\tAccount Name:\t\tWINDOWSEND-C792$\r\n\tAccount Domain:\t\tWORKGROUP\r\n\tLogon ID:\t\t0x3E7\r\n\r\nLogon Information:\r\n\tLogon Type:\t\t5\r\n\tRestricted Admin Mode:\t-\r\n\tRemote Credential Guard:\t-\r\n\tVirtual Account:\t\tNo\r\n\tElevated Token:\t\tYes\r\n\r\nImpersonation Level:\t\tImpersonation\r\n\r\nNew Logon:\r\n\tSecurity ID:\t\tS-1-5-18\r\n\tAccount Name:\t\tSYSTEM\r\n\tAccount Domain:\t\tNT AUTHORITY\r\n\tLogon ID:\t\t0x3E7\r\n\tLinked Logon ID:\t\t0x0\r\n\tNetwork Account Name:\t-\r\n\tNetwork Account Domain:\t-\r\n\tLogon GUID:\t\t{00000000-0000-0000-0000-000000000000}\r\n\r\nProcess Information:\r\n\tProcess ID:\t\t0x32c\r\n\tProcess Name:\t\tC:\\Windows\\System32\\services.exe\r\n\r\nNetwork Information:\r\n\tWorkstation Name:\t-\r\n\tSource Network Address:\t-\r\n\tSource Port:\t\t-\r\n\r\nDetailed Authentication Information:\r\n\tLogon Process:\t\tAdvapi  \r\n\tAuthentication Package:\tNegotiate\r\n\tTransited Services:\t-\r\n\tPackage Name (NTLM only):\t-\r\n\tKey Length:\t\t0\r\n\r\nThis event is generated when a logon session is created. It is generated on the computer that was accessed.\r\n\r\nThe subject fields indicate the account on the local system which requested the logon. This is most commonly a service such as the Server service, or a local process such as Winlogon.exe or Services.exe.\r\n\r\nThe logon type field indicates the kind of logon that occurred. The most common types are 2 (interactive) and 3 (network).\r\n\r\nThe New Logon fields indicate the account for whom the new logon was created, i.e. the account that was logged on.\r\n\r\nThe network fields indicate where a remote logon request originated. Workstation name is not always available and may be left blank in some cases.\r\n\r\nThe impersonation level field indicates the extent to which a process in the logon session can impersonate.\r\n\r\nThe authentication information fields provide detailed information about this specific logon request.\r\n\t- Logon GUID is a unique identifier that can be used to correlate this event with a KDC event.\r\n\t- Transited services indicate which intermediate services have participated in this logon request.\r\n\t- Package name indicates which sub-protocol was used among the NTLM protocols.\r\n\t- Key length indicates the length of the generated session key. This will be 0 if no session key was requested.""', 'version': '3', 'systemTime': '2025-12-29T00:36:08.8218607Z', 'eventRecordID': '37970', 'threadID': '10212', 'computer': 'WindowsEnd-c7921449-8b62-4c4d-8a83-d9281ac0190b', 'task': '12544', 'processID': '832', 'severityValue': 'AUDIT_SUCCESS', 'providerName': 'Microsoft-Windows-Security-Auditing'}}}, 'rule': {'mail': False, 'level': 3, 'hipaa': ['164.312.b'], 'pci_dss': ['10.2.5'], 'tsc': ['CC6.8', 'CC7.2', 'CC7.3'], 'description': 'Windows logon success.', 'groups': ['windows', 'windows_security', 'authentication_success'], 'nist_800_53': ['AC.7', 'AU.14'], 'gdpr': ['IV_32.2'], 'firedtimes': 18, 'mitre': {'technique': ['Valid Accounts'], 'id': ['T1078'], 'tactic': ['Defense Evasion', 'Persistence', 'Privilege Escalation', 'Initial Access']}, 'id': '60106', 'gpg13': ['7.1', '7.2']}, 'decoder': {'name': 'windows_eventchannel'}, 'input': {'type': 'log'}, '@timestamp': '2025-12-29T00:36:09.685Z', 'location': 'EventChannel', 'id': '1766968569.1715643', 'timestamp': '2025-12-29T01:36:09.685+0100'}",low,
2025-12-29T00:36:09.685Z,Endpoint3-Win,1,60106,Windows logon success.,3,T1078,EventChannel,"{'agent': {'ip': '192.168.100.15', 'name': 'Endpoint3-Win', 'id': '001'}, 'manager': {'name': 'wazuh-vm'}, 'data': {'win': {'eventdata': {'subjectLogonId': '0x3e7', 'subjectDomainName': 'WORKGROUP', 'targetLinkedLogonId': '0x0', 'impersonationLevel': '%%1833', 'authenticationPackageName': 'Negotiate', 'targetLogonId': '0x3e7', 'logonProcessName': 'Advapi', 'logonGuid': '{00000000-0000-0000-0000-000000000000}', 'targetUserName': 'SYSTEM', 'keyLength': '0', 'elevatedToken': '%%1842', 'subjectUserSid': 'S-1-5-18', 'processId': '0x32c', 'processName': 'C:\\\\Windows\\\\System32\\\\services.exe', 'targetDomainName': 'NT AUTHORITY', 'targetUserSid': 'S-1-5-18', 'virtualAccount': '%%1843', 'logonType': '5', 'subjectUserName': 'WINDOWSEND-C792$'}, 'system': {'eventID': '4624', 'keywords': '0x8020000000000000', 'providerGuid': '{54849625-5478-4994-a5ba-3e3b0328c30d}', 'level': '0', 'channel': 'Security', 'opcode': '0', 'message': '""An account was successfully logged on.\r\n\r\nSubject:\r\n\tSecurity ID:\t\tS-1-5-18\r\n\tAccount Name:\t\tWINDOWSEND-C792$\r\n\tAccount Domain:\t\tWORKGROUP\r\n\tLogon ID:\t\t0x3E7\r\n\r\nLogon Information:\r\n\tLogon Type:\t\t5\r\n\tRestricted Admin Mode:\t-\r\n\tRemote Credential Guard:\t-\r\n\tVirtual Account:\t\tNo\r\n\tElevated Token:\t\tYes\r\n\r\nImpersonation Level:\t\tImpersonation\r\n\r\nNew Logon:\r\n\tSecurity ID:\t\tS-1-5-18\r\n\tAccount Name:\t\tSYSTEM\r\n\tAccount Domain:\t\tNT AUTHORITY\r\n\tLogon ID:\t\t0x3E7\r\n\tLinked Logon ID:\t\t0x0\r\n\tNetwork Account Name:\t-\r\n\tNetwork Account Domain:\t-\r\n\tLogon GUID:\t\t{00000000-0000-0000-0000-000000000000}\r\n\r\nProcess Information:\r\n\tProcess ID:\t\t0x32c\r\n\tProcess Name:\t\tC:\\Windows\\System32\\services.exe\r\n\r\nNetwork Information:\r\n\tWorkstation Name:\t-\r\n\tSource Network Address:\t-\r\n\tSource Port:\t\t-\r\n\r\nDetailed Authentication Information:\r\n\tLogon Process:\t\tAdvapi  \r\n\tAuthentication Package:\tNegotiate\r\n\tTransited Services:\t-\r\n\tPackage Name (NTLM only):\t-\r\n\tKey Length:\t\t0\r\n\r\nThis event is generated when a logon session is created. It is generated on the computer that was accessed.\r\n\r\nThe subject fields indicate the account on the local system which requested the logon. This is most commonly a service such as the Server service, or a local process such as Winlogon.exe or Services.exe.\r\n\r\nThe logon type field indicates the kind of logon that occurred. The most common types are 2 (interactive) and 3 (network).\r\n\r\nThe New Logon fields indicate the account for whom the new logon was created, i.e. the account that was logged on.\r\n\r\nThe network fields indicate where a remote logon request originated. Workstation name is not always available and may be left blank in some cases.\r\n\r\nThe impersonation level field indicates the extent to which a process in the logon session can impersonate.\r\n\r\nThe authentication information fields provide detailed information about this specific logon request.\r\n\t- Logon GUID is a unique identifier that can be used to correlate this event with a KDC event.\r\n\t- Transited services indicate which intermediate services have participated in this logon request.\r\n\t- Package name indicates which sub-protocol was used among the NTLM protocols.\r\n\t- Key length indicates the length of the generated session key. This will be 0 if no session key was requested.""', 'version': '3', 'systemTime': '2025-12-29T00:36:08.8218607Z', 'eventRecordID': '37970', 'threadID': '10212', 'computer': 'WindowsEnd-c7921449-8b62-4c4d-8a83-d9281ac0190b', 'task': '12544', 'processID': '832', 'severityValue': 'AUDIT_SUCCESS', 'providerName': 'Microsoft-Windows-Security-Auditing'}}}, 'rule': {'mail': False, 'level': 3, 'hipaa': ['164.312.b'], 'pci_dss': ['10.2.5'], 'tsc': ['CC6.8', 'CC7.2', 'CC7.3'], 'description': 'Windows logon success.', 'groups': ['windows', 'windows_security', 'authentication_success'], 'nist_800_53': ['AC.7', 'AU.14'], 'gdpr': ['IV_32.2'], 'firedtimes': 18, 'mitre': {'technique': ['Valid Accounts'], 'id': ['T1078'], 'tactic': ['Defense Evasion', 'Persistence', 'Privilege Escalation', 'Initial Access']}, 'id': '60106', 'gpg13': ['7.1', '7.2']}, 'decoder': {'name': 'windows_eventchannel'}, 'input': {'type': 'log'}, '@timestamp': '2025-12-29T00:36:09.685Z', 'location': 'EventChannel', 'id': '1766968569.1715643', 'timestamp': '2025-12-29T01:36:09.685+0100'}",low,
2025-12-29T00:36:14.007Z,wazuh-vm,0,52002,Apparmor DENIED,3,,/var/log/syslog,"{'predecoder': {'program_name': 'kernel', 'timestamp': '2025-12-29T01:36:12.256468+01:00'}, 'agent': {'name': 'wazuh-vm', 'id': '000'}, 'manager': {'name': 'wazuh-vm'}, 'data': {'extra_data': 'open', 'status': 'DENIED'}, 'rule': {'firedtimes': 455, 'mail': False, 'level': 3, 'description': 'Apparmor DENIED', 'groups': ['local', 'syslog', 'apparmor'], 'id': '52002'}, 'decoder': {'parent': 'kernel', 'name': 'kernel'}, 'full_log': '2025-12-29T01:36:12.256468+01:00 wazuh-vm kernel: audit: type=1400 audit(1766968572.253:952): apparmor=""DENIED"" operation=""open"" class=""file"" profile=""snap.firefox.firefox"" name=""/proc/pressure/memory"" pid=11504 comm=""MemoryPoller"" requested_mask=""r"" denied_mask=""r"" fsuid=1001 ouid=0', 'input': {'type': 'log'}, '@timestamp': '2025-12-29T00:36:14.007Z', 'location': '/var/log/syslog', 'id': '1766968574.1723093', 'timestamp': '2025-12-29T01:36:14.007+0100'}",low,
2025-12-29T00:36:14.007Z,wazuh-vm,0,52002,Apparmor DENIED,3,,/var/log/syslog,"{'predecoder': {'program_name': 'kernel', 'timestamp': '2025-12-29T01:36:12.256468+01:00'}, 'agent': {'name': 'wazuh-vm', 'id': '000'}, 'manager': {'name': 'wazuh-vm'}, 'data': {'extra_data': 'open', 'status': 'DENIED'}, 'rule': {'firedtimes': 455, 'mail': False, 'level': 3, 'description': 'Apparmor DENIED', 'groups': ['local', 'syslog', 'apparmor'], 'id': '52002'}, 'decoder': {'parent': 'kernel', 'name': 'kernel'}, 'full_log': '2025-12-29T01:36:12.256468+01:00 wazuh-vm kernel: audit: type=1400 audit(1766968572.253:952): apparmor=""DENIED"" operation=""open"" class=""file"" profile=""snap.firefox.firefox"" name=""/proc/pressure/memory"" pid=11504 comm=""MemoryPoller"" requested_mask=""r"" denied_mask=""r"" fsuid=1001 ouid=0', 'input': {'type': 'log'}, '@timestamp': '2025-12-29T00:36:14.007Z', 'location': '/var/log/syslog', 'id': '1766968574.1723093', 'timestamp': '2025-12-29T01:36:14.007+0100'}",low,
2025-12-29T00:36:14.008Z,wazuh-vm,0,52002,Apparmor DENIED,3,,/var/log/kern.log,"{'predecoder': {'program_name': 'kernel', 'timestamp': '2025-12-29T01:36:12.256468+01:00'}, 'agent': {'name': 'wazuh-vm', 'id': '000'}, 'manager': {'name': 'wazuh-vm'}, 'data': {'extra_data': 'open', 'status': 'DENIED'}, 'rule': {'firedtimes': 456, 'mail': False, 'level': 3, 'description': 'Apparmor DENIED', 'groups': ['local', 'syslog', 'apparmor'], 'id': '52002'}, 'decoder': {'parent': 'kernel', 'name': 'kernel'}, 'full_log': '2025-12-29T01:36:12.256468+01:00 wazuh-vm kernel: audit: type=1400 audit(1766968572.253:952): apparmor=""DENIED"" operation=""open"" class=""file"" profile=""snap.firefox.firefox"" name=""/proc/pressure/memory"" pid=11504 comm=""MemoryPoller"" requested_mask=""r"" denied_mask=""r"" fsuid=1001 ouid=0', 'input': {'type': 'log'}, '@timestamp': '2025-12-29T00:36:14.008Z', 'location': '/var/log/kern.log', 'id': '1766968574.1723523', 'timestamp': '2025-12-29T01:36:14.008+0100'}",low,
2025-12-29T00:36:14.008Z,wazuh-vm,0,52002,Apparmor DENIED,3,,/var/log/kern.log,"{'predecoder': {'program_name': 'kernel', 'timestamp': '2025-12-29T01:36:12.256468+01:00'}, 'agent': {'name': 'wazuh-vm', 'id': '000'}, 'manager': {'name': 'wazuh-vm'}, 'data': {'extra_data': 'open', 'status': 'DENIED'}, 'rule': {'firedtimes': 456, 'mail': False, 'level': 3, 'description': 'Apparmor DENIED', 'groups': ['local', 'syslog', 'apparmor'], 'id': '52002'}, 'decoder': {'parent': 'kernel', 'name': 'kernel'}, 'full_log': '2025-12-29T01:36:12.256468+01:00 wazuh-vm kernel: audit: type=1400 audit(1766968572.253:952): apparmor=""DENIED"" operation=""open"" class=""file"" profile=""snap.firefox.firefox"" name=""/proc/pressure/memory"" pid=11504 comm=""MemoryPoller"" requested_mask=""r"" denied_mask=""r"" fsuid=1001 ouid=0', 'input': {'type': 'log'}, '@timestamp': '2025-12-29T00:36:14.008Z', 'location': '/var/log/kern.log', 'id': '1766968574.1723523', 'timestamp': '2025-12-29T01:36:14.008+0100'}",low,
2025-12-29T00:36:15.394Z,Endpoint3-Win,1,92154,Process loaded taskschd.dll module. May be used to create delayed malware execution,4,T1053.005,EventChannel,"{'agent': {'ip': '192.168.100.15', 'name': 'Endpoint3-Win', 'id': '001'}, 'manager': {'name': 'wazuh-vm'}, 'data': {'win': {'eventdata': {'originalFileName': 'taskschd.dll', 'image': 'C:\\\\Windows\\\\UUS\\\\Packages\\\\Preview\\\\amd64\\\\MoUsoCoreWorker.exe', 'product': 'Microsoft® Windows® Operating System', 'signature': 'Microsoft Windows', 'imageLoaded': 'C:\\\\Windows\\\\System32\\\\taskschd.dll', 'description': 'Task Scheduler COM API', 'signed': 'true', 'signatureStatus': 'Valid', 'processGuid': '{411eefe4-ccf7-6951-8d16-000000001000}', 'processId': '9468', 'utcTime': '2025-12-29 00:36:14.571', 'hashes': 'SHA1=BF09E52372CF6663743A6FC58FCDB75D7551CD64,MD5=DF9E41FF2CF7430B4A29B24BB86AB7B0,SHA256=1E3292A4C58708CA4E3A73B82DB0E9CA4A2C1FC640526B9A14337A1A55A36AA7,IMPHASH=E61FD409CB21E6A6EBA2AFE59848CFC8', 'ruleName': 'technique_id=T1053,technique_name=Scheduled Task', 'company': 'Microsoft Corporation', 'fileVersion': '10.0.26100.5074 (WinBuild.160101.0800)', 'user': 'NT AUTHORITY\\\\SYSTEM'}, 'system': {'eventID': '7', 'keywords': '0x8000000000000000', 'providerGuid': '{5770385f-c22a-43e0-bf4c-06f5698ffbd9}', 'level': '4', 'channel': 'Microsoft-Windows-Sysmon/Operational', 'opcode': '0', 'message': '""Image loaded:\r\nRuleName: technique_id=T1053,technique_name=Scheduled Task\r\nUtcTime: 2025-12-29 00:36:14.571\r\nProcessGuid: {411eefe4-ccf7-6951-8d16-000000001000}\r\nProcessId: 9468\r\nImage: C:\\Windows\\UUS\\Packages\\Preview\\amd64\\MoUsoCoreWorker.exe\r\nImageLoaded: C:\\Windows\\System32\\taskschd.dll\r\nFileVersion: 10.0.26100.5074 (WinBuild.160101.0800)\r\nDescription: Task Scheduler COM API\r\nProduct: Microsoft® Windows® Operating System\r\nCompany: Microsoft Corporation\r\nOriginalFileName: taskschd.dll\r\nHashes: SHA1=BF09E52372CF6663743A6FC58FCDB75D7551CD64,MD5=DF9E41FF2CF7430B4A29B24BB86AB7B0,SHA256=1E3292A4C58708CA4E3A73B82DB0E9CA4A2C1FC640526B9A14337A1A55A36AA7,IMPHASH=E61FD409CB21E6A6EBA2AFE59848CFC8\r\nSigned: true\r\nSignature: Microsoft Windows\r\nSignatureStatus: Valid\r\nUser: NT AUTHORITY\\SYSTEM""', 'version': '3', 'systemTime': '2025-12-29T00:36:14.5988330Z', 'eventRecordID': '16227', 'threadID': '8312', 'computer': 'WindowsEnd-c7921449-8b62-4c4d-8a83-d9281ac0190b', 'task': '7', 'processID': '1836', 'severityValue': 'INFORMATION', 'providerName': 'Microsoft-Windows-Sysmon'}}}, 'rule': {'firedtimes': 13, 'mail': False, 'level': 4, 'description': 'Process loaded taskschd.dll module. May be used to create delayed malware execution', 'groups': ['sysmon', 'sysmon_eid7_detections', 'windows'], 'mitre': {'technique': ['Scheduled Task'], 'id': ['T1053.005'], 'tactic': ['Execution', 'Persistence', 'Privilege Escalation']}, 'id': '92154'}, 'decoder': {'name': 'windows_eventchannel'}, 'input': {'type': 'log'}, '@timestamp': '2025-12-29T00:36:15.394Z', 'location': 'EventChannel', 'id': '1766968575.1723955', 'timestamp': '2025-12-29T01:36:15.394+0100'}",medium,
2025-12-29T00:36:15.394Z,Endpoint3-Win,1,92154,Process loaded taskschd.dll module. May be used to create delayed malware execution,4,T1053.005,EventChannel,"{'agent': {'ip': '192.168.100.15', 'name': 'Endpoint3-Win', 'id': '001'}, 'manager': {'name': 'wazuh-vm'}, 'data': {'win': {'eventdata': {'originalFileName': 'taskschd.dll', 'image': 'C:\\\\Windows\\\\UUS\\\\Packages\\\\Preview\\\\amd64\\\\MoUsoCoreWorker.exe', 'product': 'Microsoft® Windows® Operating System', 'signature': 'Microsoft Windows', 'imageLoaded': 'C:\\\\Windows\\\\System32\\\\taskschd.dll', 'description': 'Task Scheduler COM API', 'signed': 'true', 'signatureStatus': 'Valid', 'processGuid': '{411eefe4-ccf7-6951-8d16-000000001000}', 'processId': '9468', 'utcTime': '2025-12-29 00:36:14.571', 'hashes': 'SHA1=BF09E52372CF6663743A6FC58FCDB75D7551CD64,MD5=DF9E41FF2CF7430B4A29B24BB86AB7B0,SHA256=1E3292A4C58708CA4E3A73B82DB0E9CA4A2C1FC640526B9A14337A1A55A36AA7,IMPHASH=E61FD409CB21E6A6EBA2AFE59848CFC8', 'ruleName': 'technique_id=T1053,technique_name=Scheduled Task', 'company': 'Microsoft Corporation', 'fileVersion': '10.0.26100.5074 (WinBuild.160101.0800)', 'user': 'NT AUTHORITY\\\\SYSTEM'}, 'system': {'eventID': '7', 'keywords': '0x8000000000000000', 'providerGuid': '{5770385f-c22a-43e0-bf4c-06f5698ffbd9}', 'level': '4', 'channel': 'Microsoft-Windows-Sysmon/Operational', 'opcode': '0', 'message': '""Image loaded:\r\nRuleName: technique_id=T1053,technique_name=Scheduled Task\r\nUtcTime: 2025-12-29 00:36:14.571\r\nProcessGuid: {411eefe4-ccf7-6951-8d16-000000001000}\r\nProcessId: 9468\r\nImage: C:\\Windows\\UUS\\Packages\\Preview\\amd64\\MoUsoCoreWorker.exe\r\nImageLoaded: C:\\Windows\\System32\\taskschd.dll\r\nFileVersion: 10.0.26100.5074 (WinBuild.160101.0800)\r\nDescription: Task Scheduler COM API\r\nProduct: Microsoft® Windows® Operating System\r\nCompany: Microsoft Corporation\r\nOriginalFileName: taskschd.dll\r\nHashes: SHA1=BF09E52372CF6663743A6FC58FCDB75D7551CD64,MD5=DF9E41FF2CF7430B4A29B24BB86AB7B0,SHA256=1E3292A4C58708CA4E3A73B82DB0E9CA4A2C1FC640526B9A14337A1A55A36AA7,IMPHASH=E61FD409CB21E6A6EBA2AFE59848CFC8\r\nSigned: true\r\nSignature: Microsoft Windows\r\nSignatureStatus: Valid\r\nUser: NT AUTHORITY\\SYSTEM""', 'version': '3', 'systemTime': '2025-12-29T00:36:14.5988330Z', 'eventRecordID': '16227', 'threadID': '8312', 'computer': 'WindowsEnd-c7921449-8b62-4c4d-8a83-d9281ac0190b', 'task': '7', 'processID': '1836', 'severityValue': 'INFORMATION', 'providerName': 'Microsoft-Windows-Sysmon'}}}, 'rule': {'firedtimes': 13, 'mail': False, 'level': 4, 'description': 'Process loaded taskschd.dll module. May be used to create delayed malware execution', 'groups': ['sysmon', 'sysmon_eid7_detections', 'windows'], 'mitre': {'technique': ['Scheduled Task'], 'id': ['T1053.005'], 'tactic': ['Execution', 'Persistence', 'Privilege Escalation']}, 'id': '92154'}, 'decoder': {'name': 'windows_eventchannel'}, 'input': {'type': 'log'}, '@timestamp': '2025-12-29T00:36:15.394Z', 'location': 'EventChannel', 'id': '1766968575.1723955', 'timestamp': '2025-12-29T01:36:15.394+0100'}",medium,
2025-12-29T00:36:15.457Z,Endpoint3-Win,1,92154,Process loaded taskschd.dll module. May be used to create delayed malware execution,4,T1053.005,EventChannel,"{'agent': {'ip': '192.168.100.15', 'name': 'Endpoint3-Win', 'id': '001'}, 'manager': {'name': 'wazuh-vm'}, 'data': {'win': {'eventdata': {'originalFileName': 'taskschd.dll', 'image': 'C:\\\\Windows\\\\System32\\\\svchost.exe', 'product': 'Microsoft® Windows® Operating System', 'signature': 'Microsoft Windows', 'imageLoaded': 'C:\\\\Windows\\\\System32\\\\taskschd.dll', 'description': 'Task Scheduler COM API', 'signed': 'true', 'signatureStatus': 'Valid', 'processGuid': '{411eefe4-ccf8-6951-8e16-000000001000}', 'processId': '1232', 'utcTime': '2025-12-29 00:36:14.638', 'hashes': 'SHA1=BF09E52372CF6663743A6FC58FCDB75D7551CD64,MD5=DF9E41FF2CF7430B4A29B24BB86AB7B0,SHA256=1E3292A4C58708CA4E3A73B82DB0E9CA4A2C1FC640526B9A14337A1A55A36AA7,IMPHASH=E61FD409CB21E6A6EBA2AFE59848CFC8', 'ruleName': 'technique_id=T1053,technique_name=Scheduled Task', 'company': 'Microsoft Corporation', 'fileVersion': '10.0.26100.5074 (WinBuild.160101.0800)', 'user': 'NT AUTHORITY\\\\SYSTEM'}, 'system': {'eventID': '7', 'keywords': '0x8000000000000000', 'providerGuid': '{5770385f-c22a-43e0-bf4c-06f5698ffbd9}', 'level': '4', 'channel': 'Microsoft-Windows-Sysmon/Operational', 'opcode': '0', 'message': '""Image loaded:\r\nRuleName: technique_id=T1053,technique_name=Scheduled Task\r\nUtcTime: 2025-12-29 00:36:14.638\r\nProcessGuid: {411eefe4-ccf8-6951-8e16-000000001000}\r\nProcessId: 1232\r\nImage: C:\\Windows\\System32\\svchost.exe\r\nImageLoaded: C:\\Windows\\System32\\taskschd.dll\r\nFileVersion: 10.0.26100.5074 (WinBuild.160101.0800)\r\nDescription: Task Scheduler COM API\r\nProduct: Microsoft® Windows® Operating System\r\nCompany: Microsoft Corporation\r\nOriginalFileName: taskschd.dll\r\nHashes: SHA1=BF09E52372CF6663743A6FC58FCDB75D7551CD64,MD5=DF9E41FF2CF7430B4A29B24BB86AB7B0,SHA256=1E3292A4C58708CA4E3A73B82DB0E9CA4A2C1FC640526B9A14337A1A55A36AA7,IMPHASH=E61FD409CB21E6A6EBA2AFE59848CFC8\r\nSigned: true\r\nSignature: Microsoft Windows\r\nSignatureStatus: Valid\r\nUser: NT AUTHORITY\\SYSTEM""', 'version': '3', 'systemTime': '2025-12-29T00:36:14.6418713Z', 'eventRecordID': '16229', 'threadID': '3676', 'computer': 'WindowsEnd-c7921449-8b62-4c4d-8a83-d9281ac0190b', 'task': '7', 'processID': '1836', 'severityValue': 'INFORMATION', 'providerName': 'Microsoft-Windows-Sysmon'}}}, 'rule': {'firedtimes': 14, 'mail': False, 'level': 4, 'description': 'Process loaded taskschd.dll module. May be used to create delayed malware execution', 'groups': ['sysmon', 'sysmon_eid7_detections', 'windows'], 'mitre': {'technique': ['Scheduled Task'], 'id': ['T1053.005'], 'tactic': ['Execution', 'Persistence', 'Privilege Escalation']}, 'id': '92154'}, 'decoder': {'name': 'windows_eventchannel'}, 'input': {'type': 'log'}, '@timestamp': '2025-12-29T00:36:15.457Z', 'location': 'EventChannel', 'id': '1766968575.1728733', 'timestamp': '2025-12-29T01:36:15.457+0100'}",medium,
2025-12-29T00:36:15.457Z,Endpoint3-Win,1,92154,Process loaded taskschd.dll module. May be used to create delayed malware execution,4,T1053.005,EventChannel,"{'agent': {'ip': '192.168.100.15', 'name': 'Endpoint3-Win', 'id': '001'}, 'manager': {'name': 'wazuh-vm'}, 'data': {'win': {'eventdata': {'originalFileName': 'taskschd.dll', 'image': 'C:\\\\Windows\\\\System32\\\\svchost.exe', 'product': 'Microsoft® Windows® Operating System', 'signature': 'Microsoft Windows', 'imageLoaded': 'C:\\\\Windows\\\\System32\\\\taskschd.dll', 'description': 'Task Scheduler COM API', 'signed': 'true', 'signatureStatus': 'Valid', 'processGuid': '{411eefe4-ccf8-6951-8e16-000000001000}', 'processId': '1232', 'utcTime': '2025-12-29 00:36:14.638', 'hashes': 'SHA1=BF09E52372CF6663743A6FC58FCDB75D7551CD64,MD5=DF9E41FF2CF7430B4A29B24BB86AB7B0,SHA256=1E3292A4C58708CA4E3A73B82DB0E9CA4A2C1FC640526B9A14337A1A55A36AA7,IMPHASH=E61FD409CB21E6A6EBA2AFE59848CFC8', 'ruleName': 'technique_id=T1053,technique_name=Scheduled Task', 'company': 'Microsoft Corporation', 'fileVersion': '10.0.26100.5074 (WinBuild.160101.0800)', 'user': 'NT AUTHORITY\\\\SYSTEM'}, 'system': {'eventID': '7', 'keywords': '0x8000000000000000', 'providerGuid': '{5770385f-c22a-43e0-bf4c-06f5698ffbd9}', 'level': '4', 'channel': 'Microsoft-Windows-Sysmon/Operational', 'opcode': '0', 'message': '""Image loaded:\r\nRuleName: technique_id=T1053,technique_name=Scheduled Task\r\nUtcTime: 2025-12-29 00:36:14.638\r\nProcessGuid: {411eefe4-ccf8-6951-8e16-000000001000}\r\nProcessId: 1232\r\nImage: C:\\Windows\\System32\\svchost.exe\r\nImageLoaded: C:\\Windows\\System32\\taskschd.dll\r\nFileVersion: 10.0.26100.5074 (WinBuild.160101.0800)\r\nDescription: Task Scheduler COM API\r\nProduct: Microsoft® Windows® Operating System\r\nCompany: Microsoft Corporation\r\nOriginalFileName: taskschd.dll\r\nHashes: SHA1=BF09E52372CF6663743A6FC58FCDB75D7551CD64,MD5=DF9E41FF2CF7430B4A29B24BB86AB7B0,SHA256=1E3292A4C58708CA4E3A73B82DB0E9CA4A2C1FC640526B9A14337A1A55A36AA7,IMPHASH=E61FD409CB21E6A6EBA2AFE59848CFC8\r\nSigned: true\r\nSignature: Microsoft Windows\r\nSignatureStatus: Valid\r\nUser: NT AUTHORITY\\SYSTEM""', 'version': '3', 'systemTime': '2025-12-29T00:36:14.6418713Z', 'eventRecordID': '16229', 'threadID': '3676', 'computer': 'WindowsEnd-c7921449-8b62-4c4d-8a83-d9281ac0190b', 'task': '7', 'processID': '1836', 'severityValue': 'INFORMATION', 'providerName': 'Microsoft-Windows-Sysmon'}}}, 'rule': {'firedtimes': 14, 'mail': False, 'level': 4, 'description': 'Process loaded taskschd.dll module. May be used to create delayed malware execution', 'groups': ['sysmon', 'sysmon_eid7_detections', 'windows'], 'mitre': {'technique': ['Scheduled Task'], 'id': ['T1053.005'], 'tactic': ['Execution', 'Persistence', 'Privilege Escalation']}, 'id': '92154'}, 'decoder': {'name': 'windows_eventchannel'}, 'input': {'type': 'log'}, '@timestamp': '2025-12-29T00:36:15.457Z', 'location': 'EventChannel', 'id': '1766968575.1728733', 'timestamp': '2025-12-29T01:36:15.457+0100'}",medium,
2025-12-29T00:36:15.645Z,Endpoint3-Win,1,60106,Windows logon success.,3,T1078,EventChannel,"{'agent': {'ip': '192.168.100.15', 'name': 'Endpoint3-Win', 'id': '001'}, 'manager': {'name': 'wazuh-vm'}, 'data': {'win': {'eventdata': {'subjectLogonId': '0x3e7', 'subjectDomainName': 'WORKGROUP', 'targetLinkedLogonId': '0x0', 'impersonationLevel': '%%1833', 'authenticationPackageName': 'Negotiate', 'targetLogonId': '0x3e7', 'logonProcessName': 'Advapi', 'logonGuid': '{00000000-0000-0000-0000-000000000000}', 'targetUserName': 'SYSTEM', 'keyLength': '0', 'elevatedToken': '%%1842', 'subjectUserSid': 'S-1-5-18', 'processId': '0x32c', 'processName': 'C:\\\\Windows\\\\System32\\\\services.exe', 'targetDomainName': 'NT AUTHORITY', 'targetUserSid': 'S-1-5-18', 'virtualAccount': '%%1843', 'logonType': '5', 'subjectUserName': 'WINDOWSEND-C792$'}, 'system': {'eventID': '4624', 'keywords': '0x8020000000000000', 'providerGuid': '{54849625-5478-4994-a5ba-3e3b0328c30d}', 'level': '0', 'channel': 'Security', 'opcode': '0', 'message': '""An account was successfully logged on.\r\n\r\nSubject:\r\n\tSecurity ID:\t\tS-1-5-18\r\n\tAccount Name:\t\tWINDOWSEND-C792$\r\n\tAccount Domain:\t\tWORKGROUP\r\n\tLogon ID:\t\t0x3E7\r\n\r\nLogon Information:\r\n\tLogon Type:\t\t5\r\n\tRestricted Admin Mode:\t-\r\n\tRemote Credential Guard:\t-\r\n\tVirtual Account:\t\tNo\r\n\tElevated Token:\t\tYes\r\n\r\nImpersonation Level:\t\tImpersonation\r\n\r\nNew Logon:\r\n\tSecurity ID:\t\tS-1-5-18\r\n\tAccount Name:\t\tSYSTEM\r\n\tAccount Domain:\t\tNT AUTHORITY\r\n\tLogon ID:\t\t0x3E7\r\n\tLinked Logon ID:\t\t0x0\r\n\tNetwork Account Name:\t-\r\n\tNetwork Account Domain:\t-\r\n\tLogon GUID:\t\t{00000000-0000-0000-0000-000000000000}\r\n\r\nProcess Information:\r\n\tProcess ID:\t\t0x32c\r\n\tProcess Name:\t\tC:\\Windows\\System32\\services.exe\r\n\r\nNetwork Information:\r\n\tWorkstation Name:\t-\r\n\tSource Network Address:\t-\r\n\tSource Port:\t\t-\r\n\r\nDetailed Authentication Information:\r\n\tLogon Process:\t\tAdvapi  \r\n\tAuthentication Package:\tNegotiate\r\n\tTransited Services:\t-\r\n\tPackage Name (NTLM only):\t-\r\n\tKey Length:\t\t0\r\n\r\nThis event is generated when a logon session is created. It is generated on the computer that was accessed.\r\n\r\nThe subject fields indicate the account on the local system which requested the logon. This is most commonly a service such as the Server service, or a local process such as Winlogon.exe or Services.exe.\r\n\r\nThe logon type field indicates the kind of logon that occurred. The most common types are 2 (interactive) and 3 (network).\r\n\r\nThe New Logon fields indicate the account for whom the new logon was created, i.e. the account that was logged on.\r\n\r\nThe network fields indicate where a remote logon request originated. Workstation name is not always available and may be left blank in some cases.\r\n\r\nThe impersonation level field indicates the extent to which a process in the logon session can impersonate.\r\n\r\nThe authentication information fields provide detailed information about this specific logon request.\r\n\t- Logon GUID is a unique identifier that can be used to correlate this event with a KDC event.\r\n\t- Transited services indicate which intermediate services have participated in this logon request.\r\n\t- Package name indicates which sub-protocol was used among the NTLM protocols.\r\n\t- Key length indicates the length of the generated session key. This will be 0 if no session key was requested.""', 'version': '3', 'systemTime': '2025-12-29T00:36:14.8494107Z', 'eventRecordID': '37972', 'threadID': '11900', 'computer': 'WindowsEnd-c7921449-8b62-4c4d-8a83-d9281ac0190b', 'task': '12544', 'processID': '832', 'severityValue': 'AUDIT_SUCCESS', 'providerName': 'Microsoft-Windows-Security-Auditing'}}}, 'rule': {'mail': False, 'level': 3, 'hipaa': ['164.312.b'], 'pci_dss': ['10.2.5'], 'tsc': ['CC6.8', 'CC7.2', 'CC7.3'], 'description': 'Windows logon success.', 'groups': ['windows', 'windows_security', 'authentication_success'], 'nist_800_53': ['AC.7', 'AU.14'], 'gdpr': ['IV_32.2'], 'firedtimes': 19, 'mitre': {'technique': ['Valid Accounts'], 'id': ['T1078'], 'tactic': ['Defense Evasion', 'Persistence', 'Privilege Escalation', 'Initial Access']}, 'id': '60106', 'gpg13': ['7.1', '7.2']}, 'decoder': {'name': 'windows_eventchannel'}, 'input': {'type': 'log'}, '@timestamp': '2025-12-29T00:36:15.645Z', 'location': 'EventChannel', 'id': '1766968575.1733392', 'timestamp': '2025-12-29T01:36:15.645+0100'}",low,
