2025-12-29T09:41:41.601Z,Endpoint3-Win,1,92151,Binary loaded PowerShell automation library - Possible unmanaged Powershell execution by suspicious process,12,T1059.001,EventChannel,"{'agent': {'ip': '192.168.100.15', 'name': 'Endpoint3-Win', 'id': '001'}, 'manager': {'name': 'wazuh-vm'}, 'data': {'win': {'eventdata': {'originalFileName': 'System.Management.Automation.dll', 'image': 'C:\\\\Windows\\\\Microsoft.NET\\\\Framework\\\\v4.0.30319\\\\mscorsvw.exe', 'product': 'Microsoft (R) Windows (R) Operating System', 'signature': 'Microsoft Windows', 'imageLoaded': 'C:\\\\Windows\\\\Microsoft.NET\\\\assembly\\\\GAC_MSIL\\\\System.Management.Automation\\\\v4.0_3.0.0.0__31bf3856ad364e35\\\\System.Management.Automation.dll', 'description': 'System.Management.Automation', 'signed': 'true', 'signatureStatus': 'Valid', 'processGuid': '{411eefe4-4cd4-6952-cc17-000000001000}', 'processId': '12504', 'utcTime': '2025-12-29 09:41:41.271', 'hashes': 'SHA1=00BD08F417A37522651DBDEB756CD52D99736266,MD5=CACEF6B7D029B9D1CA39D4D9A34F80E3,SHA256=B446AF8762D93C979656667C5AC8CFDE59D6282198D3902FBDAFDC0E78C1D87E,IMPHASH=DAE02F32A21E03CE65412F6E56942DAA', 'ruleName': 'technique_id=T1059.001,technique_name=PowerShell', 'company': 'Microsoft Corporation', 'fileVersion': '10.0.26100.7462', 'user': 'NT AUTHORITY\\\\SYSTEM'}, 'system': {'eventID': '7', 'keywords': '0x8000000000000000', 'providerGuid': '{5770385f-c22a-43e0-bf4c-06f5698ffbd9}', 'level': '4', 'channel': 'Microsoft-Windows-Sysmon/Operational', 'opcode': '0', 'message': '""Image loaded:\r\nRuleName: technique_id=T1059.001,technique_name=PowerShell\r\nUtcTime: 2025-12-29 09:41:41.271\r\nProcessGuid: {411eefe4-4cd4-6952-cc17-000000001000}\r\nProcessId: 12504\r\nImage: C:\\Windows\\Microsoft.NET\\Framework\\v4.0.30319\\mscorsvw.exe\r\nImageLoaded: C:\\Windows\\Microsoft.NET\\assembly\\GAC_MSIL\\System.Management.Automation\\v4.0_3.0.0.0__31bf3856ad364e35\\System.Management.Automation.dll\r\nFileVersion: 10.0.26100.7462\r\nDescription: System.Management.Automation\r\nProduct: Microsoft (R) Windows (R) Operating System\r\nCompany: Microsoft Corporation\r\nOriginalFileName: System.Management.Automation.dll\r\nHashes: SHA1=00BD08F417A37522651DBDEB756CD52D99736266,MD5=CACEF6B7D029B9D1CA39D4D9A34F80E3,SHA256=B446AF8762D93C979656667C5AC8CFDE59D6282198D3902FBDAFDC0E78C1D87E,IMPHASH=DAE02F32A21E03CE65412F6E56942DAA\r\nSigned: true\r\nSignature: Microsoft Windows\r\nSignatureStatus: Valid\r\nUser: NT AUTHORITY\\SYSTEM""', 'version': '3', 'systemTime': '2025-12-29T09:41:41.2735642Z', 'eventRecordID': '18061', 'threadID': '3676', 'computer': 'WindowsEnd-c7921449-8b62-4c4d-8a83-d9281ac0190b', 'task': '7', 'processID': '1836', 'severityValue': 'INFORMATION', 'providerName': 'Microsoft-Windows-Sysmon'}}}, 'rule': {'firedtimes': 26, 'mail': True, 'level': 12, 'description': 'Binary loaded PowerShell automation library - Possible unmanaged Powershell execution by suspicious process', 'groups': ['sysmon', 'sysmon_eid7_detections', 'windows'], 'mitre': {'technique': ['PowerShell'], 'id': ['T1059.001'], 'tactic': ['Execution']}, 'id': '92151'}, 'decoder': {'name': 'windows_eventchannel'}, 'input': {'type': 'log'}, '@timestamp': '2025-12-29T09:41:41.601Z', 'location': 'EventChannel', 'id': '1767001301.6772078', 'timestamp': '2025-12-29T10:41:41.601+0100'}",critical,
2025-12-29T09:41:44.094Z,Endpoint3-Win,1,92217,Executable dropped in Windows root folder,6,T1570,EventChannel,"{'agent': {'ip': '192.168.100.15', 'name': 'Endpoint3-Win', 'id': '001'}, 'manager': {'name': 'wazuh-vm'}, 'data': {'win': {'eventdata': {'image': 'C:\\\\Windows\\\\Microsoft.NET\\\\Framework\\\\v4.0.30319\\\\mscorsvw.exe', 'processGuid': '{411eefe4-4cd4-6952-cc17-000000001000}', 'processId': '12504', 'utcTime': '2025-12-29 09:41:43.007', 'targetFilename': 'C:\\\\Windows\\\\assembly\\\\NativeImages_v4.0.30319_32\\\\Temp\\\\30d8-0\\\\Microsoft.PowerShell.Management.Activities.dll', 'ruleName': 'technique_id=T1574.010,technique_name=Services File Permissions Weakness', 'creationUtcTime': '2025-12-29 09:41:43.007', 'user': 'NT AUTHORITY\\\\SYSTEM'}, 'system': {'eventID': '11', 'keywords': '0x8000000000000000', 'providerGuid': '{5770385f-c22a-43e0-bf4c-06f5698ffbd9}', 'level': '4', 'channel': 'Microsoft-Windows-Sysmon/Operational', 'opcode': '0', 'message': '""File created:\r\nRuleName: technique_id=T1574.010,technique_name=Services File Permissions Weakness\r\nUtcTime: 2025-12-29 09:41:43.007\r\nProcessGuid: {411eefe4-4cd4-6952-cc17-000000001000}\r\nProcessId: 12504\r\nImage: C:\\Windows\\Microsoft.NET\\Framework\\v4.0.30319\\mscorsvw.exe\r\nTargetFilename: C:\\Windows\\assembly\\NativeImages_v4.0.30319_32\\Temp\\30d8-0\\Microsoft.PowerShell.Management.Activities.dll\r\nCreationUtcTime: 2025-12-29 09:41:43.007\r\nUser: NT AUTHORITY\\SYSTEM""', 'version': '2', 'systemTime': '2025-12-29T09:41:43.0093705Z', 'eventRecordID': '18064', 'threadID': '3676', 'computer': 'WindowsEnd-c7921449-8b62-4c4d-8a83-d9281ac0190b', 'task': '11', 'processID': '1836', 'severityValue': 'INFORMATION', 'providerName': 'Microsoft-Windows-Sysmon'}}}, 'rule': {'firedtimes': 13, 'mail': False, 'level': 6, 'description': 'Executable dropped in Windows root folder', 'groups': ['sysmon', 'sysmon_eid11_detections', 'windows'], 'mitre': {'technique': ['Lateral Tool Transfer'], 'id': ['T1570'], 'tactic': ['Lateral Movement']}, 'id': '92217'}, 'decoder': {'name': 'windows_eventchannel'}, 'input': {'type': 'log'}, '@timestamp': '2025-12-29T09:41:44.094Z', 'location': 'EventChannel', 'id': '1767001304.6777350', 'timestamp': '2025-12-29T10:41:44.094+0100'}",medium,
2025-12-29T09:41:44.105Z,Endpoint3-Win,1,92151,Binary loaded PowerShell automation library - Possible unmanaged Powershell execution by suspicious process,12,T1059.001,EventChannel,"{'agent': {'ip': '192.168.100.15', 'name': 'Endpoint3-Win', 'id': '001'}, 'manager': {'name': 'wazuh-vm'}, 'data': {'win': {'eventdata': {'originalFileName': 'System.Management.Automation.dll', 'image': 'C:\\\\Windows\\\\Microsoft.NET\\\\Framework\\\\v4.0.30319\\\\mscorsvw.exe', 'product': 'Microsoft (R) Windows (R) Operating System', 'signature': 'Microsoft Windows', 'imageLoaded': 'C:\\\\Windows\\\\Microsoft.NET\\\\assembly\\\\GAC_MSIL\\\\System.Management.Automation\\\\v4.0_3.0.0.0__31bf3856ad364e35\\\\System.Management.Automation.dll', 'description': 'System.Management.Automation', 'signed': 'true', 'signatureStatus': 'Valid', 'processGuid': '{411eefe4-4cd7-6952-cd17-000000001000}', 'processId': '4740', 'utcTime': '2025-12-29 09:41:43.699', 'hashes': 'SHA1=00BD08F417A37522651DBDEB756CD52D99736266,MD5=CACEF6B7D029B9D1CA39D4D9A34F80E3,SHA256=B446AF8762D93C979656667C5AC8CFDE59D6282198D3902FBDAFDC0E78C1D87E,IMPHASH=DAE02F32A21E03CE65412F6E56942DAA', 'ruleName': 'technique_id=T1059.001,technique_name=PowerShell', 'company': 'Microsoft Corporation', 'fileVersion': '10.0.26100.7462', 'user': 'NT AUTHORITY\\\\SYSTEM'}, 'system': {'eventID': '7', 'keywords': '0x8000000000000000', 'providerGuid': '{5770385f-c22a-43e0-bf4c-06f5698ffbd9}', 'level': '4', 'channel': 'Microsoft-Windows-Sysmon/Operational', 'opcode': '0', 'message': '""Image loaded:\r\nRuleName: technique_id=T1059.001,technique_name=PowerShell\r\nUtcTime: 2025-12-29 09:41:43.699\r\nProcessGuid: {411eefe4-4cd7-6952-cd17-000000001000}\r\nProcessId: 4740\r\nImage: C:\\Windows\\Microsoft.NET\\Framework\\v4.0.30319\\mscorsvw.exe\r\nImageLoaded: C:\\Windows\\Microsoft.NET\\assembly\\GAC_MSIL\\System.Management.Automation\\v4.0_3.0.0.0__31bf3856ad364e35\\System.Management.Automation.dll\r\nFileVersion: 10.0.26100.7462\r\nDescription: System.Management.Automation\r\nProduct: Microsoft (R) Windows (R) Operating System\r\nCompany: Microsoft Corporation\r\nOriginalFileName: System.Management.Automation.dll\r\nHashes: SHA1=00BD08F417A37522651DBDEB756CD52D99736266,MD5=CACEF6B7D029B9D1CA39D4D9A34F80E3,SHA256=B446AF8762D93C979656667C5AC8CFDE59D6282198D3902FBDAFDC0E78C1D87E,IMPHASH=DAE02F32A21E03CE65412F6E56942DAA\r\nSigned: true\r\nSignature: Microsoft Windows\r\nSignatureStatus: Valid\r\nUser: NT AUTHORITY\\SYSTEM""', 'version': '3', 'systemTime': '2025-12-29T09:41:43.7012373Z', 'eventRecordID': '18068', 'threadID': '3676', 'computer': 'WindowsEnd-c7921449-8b62-4c4d-8a83-d9281ac0190b', 'task': '7', 'processID': '1836', 'severityValue': 'INFORMATION', 'providerName': 'Microsoft-Windows-Sysmon'}}}, 'rule': {'firedtimes': 27, 'mail': True, 'level': 12, 'description': 'Binary loaded PowerShell automation library - Possible unmanaged Powershell execution by suspicious process', 'groups': ['sysmon', 'sysmon_eid7_detections', 'windows'], 'mitre': {'technique': ['PowerShell'], 'id': ['T1059.001'], 'tactic': ['Execution']}, 'id': '92151'}, 'decoder': {'name': 'windows_eventchannel'}, 'input': {'type': 'log'}, '@timestamp': '2025-12-29T09:41:44.105Z', 'location': 'EventChannel', 'id': '1767001304.6780637', 'timestamp': '2025-12-29T10:41:44.105+0100'}",critical,
2025-12-29T09:41:44.107Z,Endpoint3-Win,1,92151,Binary loaded PowerShell automation library - Possible unmanaged Powershell execution by suspicious process,12,T1059.001,EventChannel,"{'agent': {'ip': '192.168.100.15', 'name': 'Endpoint3-Win', 'id': '001'}, 'manager': {'name': 'wazuh-vm'}, 'data': {'win': {'eventdata': {'originalFileName': 'System.Management.Automation.dll', 'image': 'C:\\\\Windows\\\\Microsoft.NET\\\\Framework\\\\v4.0.30319\\\\mscorsvw.exe', 'product': 'Microsoft (R) Windows (R) Operating System', 'signature': 'Microsoft Windows', 'imageLoaded': 'C:\\\\Windows\\\\Microsoft.NET\\\\assembly\\\\GAC_MSIL\\\\System.Management.Automation\\\\v4.0_3.0.0.0__31bf3856ad364e35\\\\System.Management.Automation.dll', 'description': 'System.Management.Automation', 'signed': 'true', 'signatureStatus': 'Valid', 'processGuid': '{411eefe4-4cd7-6952-cd17-000000001000}', 'processId': '4740', 'utcTime': '2025-12-29 09:41:43.699', 'hashes': 'SHA1=00BD08F417A37522651DBDEB756CD52D99736266,MD5=CACEF6B7D029B9D1CA39D4D9A34F80E3,SHA256=B446AF8762D93C979656667C5AC8CFDE59D6282198D3902FBDAFDC0E78C1D87E,IMPHASH=DAE02F32A21E03CE65412F6E56942DAA', 'ruleName': 'technique_id=T1059.001,technique_name=PowerShell', 'company': 'Microsoft Corporation', 'fileVersion': '10.0.26100.7462', 'user': 'NT AUTHORITY\\\\SYSTEM'}, 'system': {'eventID': '7', 'keywords': '0x8000000000000000', 'providerGuid': '{5770385f-c22a-43e0-bf4c-06f5698ffbd9}', 'level': '4', 'channel': 'Microsoft-Windows-Sysmon/Operational', 'opcode': '0', 'message': '""Image loaded:\r\nRuleName: technique_id=T1059.001,technique_name=PowerShell\r\nUtcTime: 2025-12-29 09:41:43.699\r\nProcessGuid: {411eefe4-4cd7-6952-cd17-000000001000}\r\nProcessId: 4740\r\nImage: C:\\Windows\\Microsoft.NET\\Framework\\v4.0.30319\\mscorsvw.exe\r\nImageLoaded: C:\\Windows\\Microsoft.NET\\assembly\\GAC_MSIL\\System.Management.Automation\\v4.0_3.0.0.0__31bf3856ad364e35\\System.Management.Automation.dll\r\nFileVersion: 10.0.26100.7462\r\nDescription: System.Management.Automation\r\nProduct: Microsoft (R) Windows (R) Operating System\r\nCompany: Microsoft Corporation\r\nOriginalFileName: System.Management.Automation.dll\r\nHashes: SHA1=00BD08F417A37522651DBDEB756CD52D99736266,MD5=CACEF6B7D029B9D1CA39D4D9A34F80E3,SHA256=B446AF8762D93C979656667C5AC8CFDE59D6282198D3902FBDAFDC0E78C1D87E,IMPHASH=DAE02F32A21E03CE65412F6E56942DAA\r\nSigned: true\r\nSignature: Microsoft Windows\r\nSignatureStatus: Valid\r\nUser: NT AUTHORITY\\SYSTEM""', 'version': '3', 'systemTime': '2025-12-29T09:41:43.7021170Z', 'eventRecordID': '18069', 'threadID': '3676', 'computer': 'WindowsEnd-c7921449-8b62-4c4d-8a83-d9281ac0190b', 'task': '7', 'processID': '1836', 'severityValue': 'INFORMATION', 'providerName': 'Microsoft-Windows-Sysmon'}}}, 'rule': {'firedtimes': 28, 'mail': True, 'level': 12, 'description': 'Binary loaded PowerShell automation library - Possible unmanaged Powershell execution by suspicious process', 'groups': ['sysmon', 'sysmon_eid7_detections', 'windows'], 'mitre': {'technique': ['PowerShell'], 'id': ['T1059.001'], 'tactic': ['Execution']}, 'id': '92151'}, 'decoder': {'name': 'windows_eventchannel'}, 'input': {'type': 'log'}, '@timestamp': '2025-12-29T09:41:44.107Z', 'location': 'EventChannel', 'id': '1767001304.6785905', 'timestamp': '2025-12-29T10:41:44.107+0100'}",critical,
2025-12-29T09:41:45.134Z,Endpoint3-Win,1,92151,Binary loaded PowerShell automation library - Possible unmanaged Powershell execution by suspicious process,12,T1059.001,EventChannel,"{'agent': {'ip': '192.168.100.15', 'name': 'Endpoint3-Win', 'id': '001'}, 'manager': {'name': 'wazuh-vm'}, 'data': {'win': {'eventdata': {'originalFileName': 'System.Management.Automation.dll', 'image': 'C:\\\\Windows\\\\Microsoft.NET\\\\Framework\\\\v4.0.30319\\\\mscorsvw.exe', 'product': 'Microsoft (R) Windows (R) Operating System', 'signature': 'Microsoft Windows', 'imageLoaded': 'C:\\\\Windows\\\\Microsoft.NET\\\\assembly\\\\GAC_MSIL\\\\System.Management.Automation\\\\v4.0_3.0.0.0__31bf3856ad364e35\\\\System.Management.Automation.dll', 'description': 'System.Management.Automation', 'signed': 'true', 'signatureStatus': 'Valid', 'processGuid': '{411eefe4-4cd7-6952-ce17-000000001000}', 'processId': '7644', 'utcTime': '2025-12-29 09:41:44.057', 'hashes': 'SHA1=00BD08F417A37522651DBDEB756CD52D99736266,MD5=CACEF6B7D029B9D1CA39D4D9A34F80E3,SHA256=B446AF8762D93C979656667C5AC8CFDE59D6282198D3902FBDAFDC0E78C1D87E,IMPHASH=DAE02F32A21E03CE65412F6E56942DAA', 'ruleName': 'technique_id=T1059.001,technique_name=PowerShell', 'company': 'Microsoft Corporation', 'fileVersion': '10.0.26100.7462', 'user': 'NT AUTHORITY\\\\SYSTEM'}, 'system': {'eventID': '7', 'keywords': '0x8000000000000000', 'providerGuid': '{5770385f-c22a-43e0-bf4c-06f5698ffbd9}', 'level': '4', 'channel': 'Microsoft-Windows-Sysmon/Operational', 'opcode': '0', 'message': '""Image loaded:\r\nRuleName: technique_id=T1059.001,technique_name=PowerShell\r\nUtcTime: 2025-12-29 09:41:44.057\r\nProcessGuid: {411eefe4-4cd7-6952-ce17-000000001000}\r\nProcessId: 7644\r\nImage: C:\\Windows\\Microsoft.NET\\Framework\\v4.0.30319\\mscorsvw.exe\r\nImageLoaded: C:\\Windows\\Microsoft.NET\\assembly\\GAC_MSIL\\System.Management.Automation\\v4.0_3.0.0.0__31bf3856ad364e35\\System.Management.Automation.dll\r\nFileVersion: 10.0.26100.7462\r\nDescription: System.Management.Automation\r\nProduct: Microsoft (R) Windows (R) Operating System\r\nCompany: Microsoft Corporation\r\nOriginalFileName: System.Management.Automation.dll\r\nHashes: SHA1=00BD08F417A37522651DBDEB756CD52D99736266,MD5=CACEF6B7D029B9D1CA39D4D9A34F80E3,SHA256=B446AF8762D93C979656667C5AC8CFDE59D6282198D3902FBDAFDC0E78C1D87E,IMPHASH=DAE02F32A21E03CE65412F6E56942DAA\r\nSigned: true\r\nSignature: Microsoft Windows\r\nSignatureStatus: Valid\r\nUser: NT AUTHORITY\\SYSTEM""', 'version': '3', 'systemTime': '2025-12-29T09:41:44.0581273Z', 'eventRecordID': '18071', 'threadID': '3676', 'computer': 'WindowsEnd-c7921449-8b62-4c4d-8a83-d9281ac0190b', 'task': '7', 'processID': '1836', 'severityValue': 'INFORMATION', 'providerName': 'Microsoft-Windows-Sysmon'}}}, 'rule': {'firedtimes': 29, 'mail': True, 'level': 12, 'description': 'Binary loaded PowerShell automation library - Possible unmanaged Powershell execution by suspicious process', 'groups': ['sysmon', 'sysmon_eid7_detections', 'windows'], 'mitre': {'technique': ['PowerShell'], 'id': ['T1059.001'], 'tactic': ['Execution']}, 'id': '92151'}, 'decoder': {'name': 'windows_eventchannel'}, 'input': {'type': 'log'}, '@timestamp': '2025-12-29T09:41:45.134Z', 'location': 'EventChannel', 'id': '1767001305.6791173', 'timestamp': '2025-12-29T10:41:45.134+0100'}",critical,
2025-12-29T09:41:45.139Z,Endpoint3-Win,1,92151,Binary loaded PowerShell automation library - Possible unmanaged Powershell execution by suspicious process,12,T1059.001,EventChannel,"{'agent': {'ip': '192.168.100.15', 'name': 'Endpoint3-Win', 'id': '001'}, 'manager': {'name': 'wazuh-vm'}, 'data': {'win': {'eventdata': {'originalFileName': 'System.Management.Automation.dll', 'image': 'C:\\\\Windows\\\\Microsoft.NET\\\\Framework\\\\v4.0.30319\\\\mscorsvw.exe', 'product': 'Microsoft (R) Windows (R) Operating System', 'signature': 'Microsoft Windows', 'imageLoaded': 'C:\\\\Windows\\\\Microsoft.NET\\\\assembly\\\\GAC_MSIL\\\\System.Management.Automation\\\\v4.0_3.0.0.0__31bf3856ad364e35\\\\System.Management.Automation.dll', 'description': 'System.Management.Automation', 'signed': 'true', 'signatureStatus': 'Valid', 'processGuid': '{411eefe4-4cd7-6952-ce17-000000001000}', 'processId': '7644', 'utcTime': '2025-12-29 09:41:44.058', 'hashes': 'SHA1=00BD08F417A37522651DBDEB756CD52D99736266,MD5=CACEF6B7D029B9D1CA39D4D9A34F80E3,SHA256=B446AF8762D93C979656667C5AC8CFDE59D6282198D3902FBDAFDC0E78C1D87E,IMPHASH=DAE02F32A21E03CE65412F6E56942DAA', 'ruleName': 'technique_id=T1059.001,technique_name=PowerShell', 'company': 'Microsoft Corporation', 'fileVersion': '10.0.26100.7462', 'user': 'NT AUTHORITY\\\\SYSTEM'}, 'system': {'eventID': '7', 'keywords': '0x8000000000000000', 'providerGuid': '{5770385f-c22a-43e0-bf4c-06f5698ffbd9}', 'level': '4', 'channel': 'Microsoft-Windows-Sysmon/Operational', 'opcode': '0', 'message': '""Image loaded:\r\nRuleName: technique_id=T1059.001,technique_name=PowerShell\r\nUtcTime: 2025-12-29 09:41:44.058\r\nProcessGuid: {411eefe4-4cd7-6952-ce17-000000001000}\r\nProcessId: 7644\r\nImage: C:\\Windows\\Microsoft.NET\\Framework\\v4.0.30319\\mscorsvw.exe\r\nImageLoaded: C:\\Windows\\Microsoft.NET\\assembly\\GAC_MSIL\\System.Management.Automation\\v4.0_3.0.0.0__31bf3856ad364e35\\System.Management.Automation.dll\r\nFileVersion: 10.0.26100.7462\r\nDescription: System.Management.Automation\r\nProduct: Microsoft (R) Windows (R) Operating System\r\nCompany: Microsoft Corporation\r\nOriginalFileName: System.Management.Automation.dll\r\nHashes: SHA1=00BD08F417A37522651DBDEB756CD52D99736266,MD5=CACEF6B7D029B9D1CA39D4D9A34F80E3,SHA256=B446AF8762D93C979656667C5AC8CFDE59D6282198D3902FBDAFDC0E78C1D87E,IMPHASH=DAE02F32A21E03CE65412F6E56942DAA\r\nSigned: true\r\nSignature: Microsoft Windows\r\nSignatureStatus: Valid\r\nUser: NT AUTHORITY\\SYSTEM""', 'version': '3', 'systemTime': '2025-12-29T09:41:44.0597049Z', 'eventRecordID': '18072', 'threadID': '3676', 'computer': 'WindowsEnd-c7921449-8b62-4c4d-8a83-d9281ac0190b', 'task': '7', 'processID': '1836', 'severityValue': 'INFORMATION', 'providerName': 'Microsoft-Windows-Sysmon'}}}, 'rule': {'firedtimes': 30, 'mail': True, 'level': 12, 'description': 'Binary loaded PowerShell automation library - Possible unmanaged Powershell execution by suspicious process', 'groups': ['sysmon', 'sysmon_eid7_detections', 'windows'], 'mitre': {'technique': ['PowerShell'], 'id': ['T1059.001'], 'tactic': ['Execution']}, 'id': '92151'}, 'decoder': {'name': 'windows_eventchannel'}, 'input': {'type': 'log'}, '@timestamp': '2025-12-29T09:41:45.139Z', 'location': 'EventChannel', 'id': '1767001305.6796441', 'timestamp': '2025-12-29T10:41:45.139+0100'}",critical,
2025-12-29T09:41:45.146Z,Endpoint3-Win,1,92217,Executable dropped in Windows root folder,6,T1570,EventChannel,"{'agent': {'ip': '192.168.100.15', 'name': 'Endpoint3-Win', 'id': '001'}, 'manager': {'name': 'wazuh-vm'}, 'data': {'win': {'eventdata': {'image': 'C:\\\\Windows\\\\Microsoft.NET\\\\Framework\\\\v4.0.30319\\\\mscorsvw.exe', 'processGuid': '{411eefe4-4cd7-6952-ce17-000000001000}', 'processId': '7644', 'utcTime': '2025-12-29 09:41:44.520', 'targetFilename': 'C:\\\\Windows\\\\assembly\\\\NativeImages_v4.0.30319_32\\\\Temp\\\\1ddc-0\\\\Microsoft.PowerShell.Security.Activities.dll', 'ruleName': 'technique_id=T1574.010,technique_name=Services File Permissions Weakness', 'creationUtcTime': '2025-12-29 09:41:44.520', 'user': 'NT AUTHORITY\\\\SYSTEM'}, 'system': {'eventID': '11', 'keywords': '0x8000000000000000', 'providerGuid': '{5770385f-c22a-43e0-bf4c-06f5698ffbd9}', 'level': '4', 'channel': 'Microsoft-Windows-Sysmon/Operational', 'opcode': '0', 'message': '""File created:\r\nRuleName: technique_id=T1574.010,technique_name=Services File Permissions Weakness\r\nUtcTime: 2025-12-29 09:41:44.520\r\nProcessGuid: {411eefe4-4cd7-6952-ce17-000000001000}\r\nProcessId: 7644\r\nImage: C:\\Windows\\Microsoft.NET\\Framework\\v4.0.30319\\mscorsvw.exe\r\nTargetFilename: C:\\Windows\\assembly\\NativeImages_v4.0.30319_32\\Temp\\1ddc-0\\Microsoft.PowerShell.Security.Activities.dll\r\nCreationUtcTime: 2025-12-29 09:41:44.520\r\nUser: NT AUTHORITY\\SYSTEM""', 'version': '2', 'systemTime': '2025-12-29T09:41:44.5231357Z', 'eventRecordID': '18073', 'threadID': '3676', 'computer': 'WindowsEnd-c7921449-8b62-4c4d-8a83-d9281ac0190b', 'task': '11', 'processID': '1836', 'severityValue': 'INFORMATION', 'providerName': 'Microsoft-Windows-Sysmon'}}}, 'rule': {'firedtimes': 14, 'mail': False, 'level': 6, 'description': 'Executable dropped in Windows root folder', 'groups': ['sysmon', 'sysmon_eid11_detections', 'windows'], 'mitre': {'technique': ['Lateral Tool Transfer'], 'id': ['T1570'], 'tactic': ['Lateral Movement']}, 'id': '92217'}, 'decoder': {'name': 'windows_eventchannel'}, 'input': {'type': 'log'}, '@timestamp': '2025-12-29T09:41:45.146Z', 'location': 'EventChannel', 'id': '1767001305.6801709', 'timestamp': '2025-12-29T10:41:45.146+0100'}",medium,
2025-12-29T09:41:45.157Z,Endpoint3-Win,1,92151,Binary loaded PowerShell automation library - Possible unmanaged Powershell execution by suspicious process,12,T1059.001,EventChannel,"{'agent': {'ip': '192.168.100.15', 'name': 'Endpoint3-Win', 'id': '001'}, 'manager': {'name': 'wazuh-vm'}, 'data': {'win': {'eventdata': {'originalFileName': 'System.Management.Automation.dll', 'image': 'C:\\\\Windows\\\\Microsoft.NET\\\\Framework\\\\v4.0.30319\\\\mscorsvw.exe', 'product': 'Microsoft (R) Windows (R) Operating System', 'signature': 'Microsoft Windows', 'imageLoaded': 'C:\\\\Windows\\\\Microsoft.NET\\\\assembly\\\\GAC_MSIL\\\\System.Management.Automation\\\\v4.0_3.0.0.0__31bf3856ad364e35\\\\System.Management.Automation.dll', 'description': 'System.Management.Automation', 'signed': 'true', 'signatureStatus': 'Valid', 'processGuid': '{411eefe4-4cd8-6952-cf17-000000001000}', 'processId': '2564', 'utcTime': '2025-12-29 09:41:44.911', 'hashes': 'SHA1=00BD08F417A37522651DBDEB756CD52D99736266,MD5=CACEF6B7D029B9D1CA39D4D9A34F80E3,SHA256=B446AF8762D93C979656667C5AC8CFDE59D6282198D3902FBDAFDC0E78C1D87E,IMPHASH=DAE02F32A21E03CE65412F6E56942DAA', 'ruleName': 'technique_id=T1059.001,technique_name=PowerShell', 'company': 'Microsoft Corporation', 'fileVersion': '10.0.26100.7462', 'user': 'NT AUTHORITY\\\\SYSTEM'}, 'system': {'eventID': '7', 'keywords': '0x8000000000000000', 'providerGuid': '{5770385f-c22a-43e0-bf4c-06f5698ffbd9}', 'level': '4', 'channel': 'Microsoft-Windows-Sysmon/Operational', 'opcode': '0', 'message': '""Image loaded:\r\nRuleName: technique_id=T1059.001,technique_name=PowerShell\r\nUtcTime: 2025-12-29 09:41:44.911\r\nProcessGuid: {411eefe4-4cd8-6952-cf17-000000001000}\r\nProcessId: 2564\r\nImage: C:\\Windows\\Microsoft.NET\\Framework\\v4.0.30319\\mscorsvw.exe\r\nImageLoaded: C:\\Windows\\Microsoft.NET\\assembly\\GAC_MSIL\\System.Management.Automation\\v4.0_3.0.0.0__31bf3856ad364e35\\System.Management.Automation.dll\r\nFileVersion: 10.0.26100.7462\r\nDescription: System.Management.Automation\r\nProduct: Microsoft (R) Windows (R) Operating System\r\nCompany: Microsoft Corporation\r\nOriginalFileName: System.Management.Automation.dll\r\nHashes: SHA1=00BD08F417A37522651DBDEB756CD52D99736266,MD5=CACEF6B7D029B9D1CA39D4D9A34F80E3,SHA256=B446AF8762D93C979656667C5AC8CFDE59D6282198D3902FBDAFDC0E78C1D87E,IMPHASH=DAE02F32A21E03CE65412F6E56942DAA\r\nSigned: true\r\nSignature: Microsoft Windows\r\nSignatureStatus: Valid\r\nUser: NT AUTHORITY\\SYSTEM""', 'version': '3', 'systemTime': '2025-12-29T09:41:44.9135755Z', 'eventRecordID': '18077', 'threadID': '3676', 'computer': 'WindowsEnd-c7921449-8b62-4c4d-8a83-d9281ac0190b', 'task': '7', 'processID': '1836', 'severityValue': 'INFORMATION', 'providerName': 'Microsoft-Windows-Sysmon'}}}, 'rule': {'firedtimes': 31, 'mail': True, 'level': 12, 'description': 'Binary loaded PowerShell automation library - Possible unmanaged Powershell execution by suspicious process', 'groups': ['sysmon', 'sysmon_eid7_detections', 'windows'], 'mitre': {'technique': ['PowerShell'], 'id': ['T1059.001'], 'tactic': ['Execution']}, 'id': '92151'}, 'decoder': {'name': 'windows_eventchannel'}, 'input': {'type': 'log'}, '@timestamp': '2025-12-29T09:41:45.157Z', 'location': 'EventChannel', 'id': '1767001305.6804984', 'timestamp': '2025-12-29T10:41:45.157+0100'}",critical,
2025-12-29T09:41:45.159Z,Endpoint3-Win,1,92151,Binary loaded PowerShell automation library - Possible unmanaged Powershell execution by suspicious process,12,T1059.001,EventChannel,"{'agent': {'ip': '192.168.100.15', 'name': 'Endpoint3-Win', 'id': '001'}, 'manager': {'name': 'wazuh-vm'}, 'data': {'win': {'eventdata': {'originalFileName': 'System.Management.Automation.dll', 'image': 'C:\\\\Windows\\\\Microsoft.NET\\\\Framework\\\\v4.0.30319\\\\mscorsvw.exe', 'product': 'Microsoft (R) Windows (R) Operating System', 'signature': 'Microsoft Windows', 'imageLoaded': 'C:\\\\Windows\\\\Microsoft.NET\\\\assembly\\\\GAC_MSIL\\\\System.Management.Automation\\\\v4.0_3.0.0.0__31bf3856ad364e35\\\\System.Management.Automation.dll', 'description': 'System.Management.Automation', 'signed': 'true', 'signatureStatus': 'Valid', 'processGuid': '{411eefe4-4cd8-6952-cf17-000000001000}', 'processId': '2564', 'utcTime': '2025-12-29 09:41:44.911', 'hashes': 'SHA1=00BD08F417A37522651DBDEB756CD52D99736266,MD5=CACEF6B7D029B9D1CA39D4D9A34F80E3,SHA256=B446AF8762D93C979656667C5AC8CFDE59D6282198D3902FBDAFDC0E78C1D87E,IMPHASH=DAE02F32A21E03CE65412F6E56942DAA', 'ruleName': 'technique_id=T1059.001,technique_name=PowerShell', 'company': 'Microsoft Corporation', 'fileVersion': '10.0.26100.7462', 'user': 'NT AUTHORITY\\\\SYSTEM'}, 'system': {'eventID': '7', 'keywords': '0x8000000000000000', 'providerGuid': '{5770385f-c22a-43e0-bf4c-06f5698ffbd9}', 'level': '4', 'channel': 'Microsoft-Windows-Sysmon/Operational', 'opcode': '0', 'message': '""Image loaded:\r\nRuleName: technique_id=T1059.001,technique_name=PowerShell\r\nUtcTime: 2025-12-29 09:41:44.911\r\nProcessGuid: {411eefe4-4cd8-6952-cf17-000000001000}\r\nProcessId: 2564\r\nImage: C:\\Windows\\Microsoft.NET\\Framework\\v4.0.30319\\mscorsvw.exe\r\nImageLoaded: C:\\Windows\\Microsoft.NET\\assembly\\GAC_MSIL\\System.Management.Automation\\v4.0_3.0.0.0__31bf3856ad364e35\\System.Management.Automation.dll\r\nFileVersion: 10.0.26100.7462\r\nDescription: System.Management.Automation\r\nProduct: Microsoft (R) Windows (R) Operating System\r\nCompany: Microsoft Corporation\r\nOriginalFileName: System.Management.Automation.dll\r\nHashes: SHA1=00BD08F417A37522651DBDEB756CD52D99736266,MD5=CACEF6B7D029B9D1CA39D4D9A34F80E3,SHA256=B446AF8762D93C979656667C5AC8CFDE59D6282198D3902FBDAFDC0E78C1D87E,IMPHASH=DAE02F32A21E03CE65412F6E56942DAA\r\nSigned: true\r\nSignature: Microsoft Windows\r\nSignatureStatus: Valid\r\nUser: NT AUTHORITY\\SYSTEM""', 'version': '3', 'systemTime': '2025-12-29T09:41:44.9140991Z', 'eventRecordID': '18078', 'threadID': '3676', 'computer': 'WindowsEnd-c7921449-8b62-4c4d-8a83-d9281ac0190b', 'task': '7', 'processID': '1836', 'severityValue': 'INFORMATION', 'providerName': 'Microsoft-Windows-Sysmon'}}}, 'rule': {'firedtimes': 32, 'mail': True, 'level': 12, 'description': 'Binary loaded PowerShell automation library - Possible unmanaged Powershell execution by suspicious process', 'groups': ['sysmon', 'sysmon_eid7_detections', 'windows'], 'mitre': {'technique': ['PowerShell'], 'id': ['T1059.001'], 'tactic': ['Execution']}, 'id': '92151'}, 'decoder': {'name': 'windows_eventchannel'}, 'input': {'type': 'log'}, '@timestamp': '2025-12-29T09:41:45.159Z', 'location': 'EventChannel', 'id': '1767001305.6810252', 'timestamp': '2025-12-29T10:41:45.159+0100'}",critical,
2025-12-29T09:41:46.251Z,Endpoint3-Win,1,92151,Binary loaded PowerShell automation library - Possible unmanaged Powershell execution by suspicious process,12,T1059.001,EventChannel,"{'agent': {'ip': '192.168.100.15', 'name': 'Endpoint3-Win', 'id': '001'}, 'manager': {'name': 'wazuh-vm'}, 'data': {'win': {'eventdata': {'originalFileName': 'System.Management.Automation.dll', 'image': 'C:\\\\Windows\\\\Microsoft.NET\\\\Framework\\\\v4.0.30319\\\\mscorsvw.exe', 'product': 'Microsoft (R) Windows (R) Operating System', 'signature': 'Microsoft Windows', 'imageLoaded': 'C:\\\\Windows\\\\Microsoft.NET\\\\assembly\\\\GAC_MSIL\\\\System.Management.Automation\\\\v4.0_3.0.0.0__31bf3856ad364e35\\\\System.Management.Automation.dll', 'description': 'System.Management.Automation', 'signed': 'true', 'signatureStatus': 'Valid', 'processGuid': '{411eefe4-4cd9-6952-d017-000000001000}', 'processId': '5784', 'utcTime': '2025-12-29 09:41:45.440', 'hashes': 'SHA1=00BD08F417A37522651DBDEB756CD52D99736266,MD5=CACEF6B7D029B9D1CA39D4D9A34F80E3,SHA256=B446AF8762D93C979656667C5AC8CFDE59D6282198D3902FBDAFDC0E78C1D87E,IMPHASH=DAE02F32A21E03CE65412F6E56942DAA', 'ruleName': 'technique_id=T1059.001,technique_name=PowerShell', 'company': 'Microsoft Corporation', 'fileVersion': '10.0.26100.7462', 'user': 'NT AUTHORITY\\\\SYSTEM'}, 'system': {'eventID': '7', 'keywords': '0x8000000000000000', 'providerGuid': '{5770385f-c22a-43e0-bf4c-06f5698ffbd9}', 'level': '4', 'channel': 'Microsoft-Windows-Sysmon/Operational', 'opcode': '0', 'message': '""Image loaded:\r\nRuleName: technique_id=T1059.001,technique_name=PowerShell\r\nUtcTime: 2025-12-29 09:41:45.440\r\nProcessGuid: {411eefe4-4cd9-6952-d017-000000001000}\r\nProcessId: 5784\r\nImage: C:\\Windows\\Microsoft.NET\\Framework\\v4.0.30319\\mscorsvw.exe\r\nImageLoaded: C:\\Windows\\Microsoft.NET\\assembly\\GAC_MSIL\\System.Management.Automation\\v4.0_3.0.0.0__31bf3856ad364e35\\System.Management.Automation.dll\r\nFileVersion: 10.0.26100.7462\r\nDescription: System.Management.Automation\r\nProduct: Microsoft (R) Windows (R) Operating System\r\nCompany: Microsoft Corporation\r\nOriginalFileName: System.Management.Automation.dll\r\nHashes: SHA1=00BD08F417A37522651DBDEB756CD52D99736266,MD5=CACEF6B7D029B9D1CA39D4D9A34F80E3,SHA256=B446AF8762D93C979656667C5AC8CFDE59D6282198D3902FBDAFDC0E78C1D87E,IMPHASH=DAE02F32A21E03CE65412F6E56942DAA\r\nSigned: true\r\nSignature: Microsoft Windows\r\nSignatureStatus: Valid\r\nUser: NT AUTHORITY\\SYSTEM""', 'version': '3', 'systemTime': '2025-12-29T09:41:45.4414178Z', 'eventRecordID': '18082', 'threadID': '3676', 'computer': 'WindowsEnd-c7921449-8b62-4c4d-8a83-d9281ac0190b', 'task': '7', 'processID': '1836', 'severityValue': 'INFORMATION', 'providerName': 'Microsoft-Windows-Sysmon'}}}, 'rule': {'firedtimes': 33, 'mail': True, 'level': 12, 'description': 'Binary loaded PowerShell automation library - Possible unmanaged Powershell execution by suspicious process', 'groups': ['sysmon', 'sysmon_eid7_detections', 'windows'], 'mitre': {'technique': ['PowerShell'], 'id': ['T1059.001'], 'tactic': ['Execution']}, 'id': '92151'}, 'decoder': {'name': 'windows_eventchannel'}, 'input': {'type': 'log'}, '@timestamp': '2025-12-29T09:41:46.251Z', 'location': 'EventChannel', 'id': '1767001306.6815520', 'timestamp': '2025-12-29T10:41:46.251+0100'}",critical,
2025-12-29T09:41:46.254Z,Endpoint3-Win,1,92151,Binary loaded PowerShell automation library - Possible unmanaged Powershell execution by suspicious process,12,T1059.001,EventChannel,"{'agent': {'ip': '192.168.100.15', 'name': 'Endpoint3-Win', 'id': '001'}, 'manager': {'name': 'wazuh-vm'}, 'data': {'win': {'eventdata': {'originalFileName': 'System.Management.Automation.dll', 'image': 'C:\\\\Windows\\\\Microsoft.NET\\\\Framework\\\\v4.0.30319\\\\mscorsvw.exe', 'product': 'Microsoft (R) Windows (R) Operating System', 'signature': 'Microsoft Windows', 'imageLoaded': 'C:\\\\Windows\\\\Microsoft.NET\\\\assembly\\\\GAC_MSIL\\\\System.Management.Automation\\\\v4.0_3.0.0.0__31bf3856ad364e35\\\\System.Management.Automation.dll', 'description': 'System.Management.Automation', 'signed': 'true', 'signatureStatus': 'Valid', 'processGuid': '{411eefe4-4cd9-6952-d017-000000001000}', 'processId': '5784', 'utcTime': '2025-12-29 09:41:45.440', 'hashes': 'SHA1=00BD08F417A37522651DBDEB756CD52D99736266,MD5=CACEF6B7D029B9D1CA39D4D9A34F80E3,SHA256=B446AF8762D93C979656667C5AC8CFDE59D6282198D3902FBDAFDC0E78C1D87E,IMPHASH=DAE02F32A21E03CE65412F6E56942DAA', 'ruleName': 'technique_id=T1059.001,technique_name=PowerShell', 'company': 'Microsoft Corporation', 'fileVersion': '10.0.26100.7462', 'user': 'NT AUTHORITY\\\\SYSTEM'}, 'system': {'eventID': '7', 'keywords': '0x8000000000000000', 'providerGuid': '{5770385f-c22a-43e0-bf4c-06f5698ffbd9}', 'level': '4', 'channel': 'Microsoft-Windows-Sysmon/Operational', 'opcode': '0', 'message': '""Image loaded:\r\nRuleName: technique_id=T1059.001,technique_name=PowerShell\r\nUtcTime: 2025-12-29 09:41:45.440\r\nProcessGuid: {411eefe4-4cd9-6952-d017-000000001000}\r\nProcessId: 5784\r\nImage: C:\\Windows\\Microsoft.NET\\Framework\\v4.0.30319\\mscorsvw.exe\r\nImageLoaded: C:\\Windows\\Microsoft.NET\\assembly\\GAC_MSIL\\System.Management.Automation\\v4.0_3.0.0.0__31bf3856ad364e35\\System.Management.Automation.dll\r\nFileVersion: 10.0.26100.7462\r\nDescription: System.Management.Automation\r\nProduct: Microsoft (R) Windows (R) Operating System\r\nCompany: Microsoft Corporation\r\nOriginalFileName: System.Management.Automation.dll\r\nHashes: SHA1=00BD08F417A37522651DBDEB756CD52D99736266,MD5=CACEF6B7D029B9D1CA39D4D9A34F80E3,SHA256=B446AF8762D93C979656667C5AC8CFDE59D6282198D3902FBDAFDC0E78C1D87E,IMPHASH=DAE02F32A21E03CE65412F6E56942DAA\r\nSigned: true\r\nSignature: Microsoft Windows\r\nSignatureStatus: Valid\r\nUser: NT AUTHORITY\\SYSTEM""', 'version': '3', 'systemTime': '2025-12-29T09:41:45.4419550Z', 'eventRecordID': '18083', 'threadID': '3676', 'computer': 'WindowsEnd-c7921449-8b62-4c4d-8a83-d9281ac0190b', 'task': '7', 'processID': '1836', 'severityValue': 'INFORMATION', 'providerName': 'Microsoft-Windows-Sysmon'}}}, 'rule': {'firedtimes': 34, 'mail': True, 'level': 12, 'description': 'Binary loaded PowerShell automation library - Possible unmanaged Powershell execution by suspicious process', 'groups': ['sysmon', 'sysmon_eid7_detections', 'windows'], 'mitre': {'technique': ['PowerShell'], 'id': ['T1059.001'], 'tactic': ['Execution']}, 'id': '92151'}, 'decoder': {'name': 'windows_eventchannel'}, 'input': {'type': 'log'}, '@timestamp': '2025-12-29T09:41:46.254Z', 'location': 'EventChannel', 'id': '1767001306.6820788', 'timestamp': '2025-12-29T10:41:46.254+0100'}",critical,
2025-12-29T09:41:46.725Z,wazuh-vm,0,52002,Apparmor DENIED,3,,/var/log/syslog,"{'predecoder': {'program_name': 'kernel', 'timestamp': '2025-12-29T10:41:45.460502+01:00'}, 'agent': {'name': 'wazuh-vm', 'id': '000'}, 'manager': {'name': 'wazuh-vm'}, 'data': {'extra_data': 'open', 'status': 'DENIED'}, 'rule': {'firedtimes': 71, 'mail': False, 'level': 3, 'description': 'Apparmor DENIED', 'groups': ['local', 'syslog', 'apparmor'], 'id': '52002'}, 'decoder': {'parent': 'kernel', 'name': 'kernel'}, 'full_log': '2025-12-29T10:41:45.460502+01:00 wazuh-vm kernel: audit: type=1400 audit(1767001305.459:192): apparmor=""DENIED"" operation=""open"" class=""file"" profile=""snap.firefox.firefox"" name=""/proc/pressure/memory"" pid=5825 comm=""MemoryPoller"" requested_mask=""r"" denied_mask=""r"" fsuid=1001 ouid=0', 'input': {'type': 'log'}, '@timestamp': '2025-12-29T09:41:46.725Z', 'location': '/var/log/syslog', 'id': '1767001306.6826056', 'timestamp': '2025-12-29T10:41:46.725+0100'}",low,
2025-12-29T09:41:46.726Z,wazuh-vm,0,52002,Apparmor DENIED,3,,/var/log/kern.log,"{'predecoder': {'program_name': 'kernel', 'timestamp': '2025-12-29T10:41:45.460502+01:00'}, 'agent': {'name': 'wazuh-vm', 'id': '000'}, 'manager': {'name': 'wazuh-vm'}, 'data': {'extra_data': 'open', 'status': 'DENIED'}, 'rule': {'firedtimes': 72, 'mail': False, 'level': 3, 'description': 'Apparmor DENIED', 'groups': ['local', 'syslog', 'apparmor'], 'id': '52002'}, 'decoder': {'parent': 'kernel', 'name': 'kernel'}, 'full_log': '2025-12-29T10:41:45.460502+01:00 wazuh-vm kernel: audit: type=1400 audit(1767001305.459:192): apparmor=""DENIED"" operation=""open"" class=""file"" profile=""snap.firefox.firefox"" name=""/proc/pressure/memory"" pid=5825 comm=""MemoryPoller"" requested_mask=""r"" denied_mask=""r"" fsuid=1001 ouid=0', 'input': {'type': 'log'}, '@timestamp': '2025-12-29T09:41:46.726Z', 'location': '/var/log/kern.log', 'id': '1767001306.6826485', 'timestamp': '2025-12-29T10:41:46.726+0100'}",low,
2025-12-29T09:41:48.106Z,Endpoint3-Win,1,92217,Executable dropped in Windows root folder,6,T1570,EventChannel,"{'agent': {'ip': '192.168.100.15', 'name': 'Endpoint3-Win', 'id': '001'}, 'manager': {'name': 'wazuh-vm'}, 'data': {'win': {'eventdata': {'image': 'C:\\\\Windows\\\\Microsoft.NET\\\\Framework\\\\v4.0.30319\\\\mscorsvw.exe', 'processGuid': '{411eefe4-4cd9-6952-d017-000000001000}', 'processId': '5784', 'utcTime': '2025-12-29 09:41:47.014', 'targetFilename': 'C:\\\\Windows\\\\assembly\\\\NativeImages_v4.0.30319_32\\\\Temp\\\\1698-0\\\\Microsoft.PowerShell.Utility.Activities.dll', 'ruleName': 'technique_id=T1574.010,technique_name=Services File Permissions Weakness', 'creationUtcTime': '2025-12-29 09:41:47.014', 'user': 'NT AUTHORITY\\\\SYSTEM'}, 'system': {'eventID': '11', 'keywords': '0x8000000000000000', 'providerGuid': '{5770385f-c22a-43e0-bf4c-06f5698ffbd9}', 'level': '4', 'channel': 'Microsoft-Windows-Sysmon/Operational', 'opcode': '0', 'message': '""File created:\r\nRuleName: technique_id=T1574.010,technique_name=Services File Permissions Weakness\r\nUtcTime: 2025-12-29 09:41:47.014\r\nProcessGuid: {411eefe4-4cd9-6952-d017-000000001000}\r\nProcessId: 5784\r\nImage: C:\\Windows\\Microsoft.NET\\Framework\\v4.0.30319\\mscorsvw.exe\r\nTargetFilename: C:\\Windows\\assembly\\NativeImages_v4.0.30319_32\\Temp\\1698-0\\Microsoft.PowerShell.Utility.Activities.dll\r\nCreationUtcTime: 2025-12-29 09:41:47.014\r\nUser: NT AUTHORITY\\SYSTEM""', 'version': '2', 'systemTime': '2025-12-29T09:41:47.0151735Z', 'eventRecordID': '18086', 'threadID': '3676', 'computer': 'WindowsEnd-c7921449-8b62-4c4d-8a83-d9281ac0190b', 'task': '11', 'processID': '1836', 'severityValue': 'INFORMATION', 'providerName': 'Microsoft-Windows-Sysmon'}}}, 'rule': {'firedtimes': 15, 'mail': False, 'level': 6, 'description': 'Executable dropped in Windows root folder', 'groups': ['sysmon', 'sysmon_eid11_detections', 'windows'], 'mitre': {'technique': ['Lateral Tool Transfer'], 'id': ['T1570'], 'tactic': ['Lateral Movement']}, 'id': '92217'}, 'decoder': {'name': 'windows_eventchannel'}, 'input': {'type': 'log'}, '@timestamp': '2025-12-29T09:41:48.106Z', 'location': 'EventChannel', 'id': '1767001308.6826916', 'timestamp': '2025-12-29T10:41:48.106+0100'}",medium,
2025-12-29T09:41:48.118Z,Endpoint3-Win,1,92151,Binary loaded PowerShell automation library - Possible unmanaged Powershell execution by suspicious process,12,T1059.001,EventChannel,"{'agent': {'ip': '192.168.100.15', 'name': 'Endpoint3-Win', 'id': '001'}, 'manager': {'name': 'wazuh-vm'}, 'data': {'win': {'eventdata': {'originalFileName': 'System.Management.Automation.dll', 'image': 'C:\\\\Windows\\\\Microsoft.NET\\\\Framework\\\\v4.0.30319\\\\mscorsvw.exe', 'product': 'Microsoft (R) Windows (R) Operating System', 'signature': 'Microsoft Windows', 'imageLoaded': 'C:\\\\Windows\\\\Microsoft.NET\\\\assembly\\\\GAC_MSIL\\\\System.Management.Automation\\\\v4.0_3.0.0.0__31bf3856ad364e35\\\\System.Management.Automation.dll', 'description': 'System.Management.Automation', 'signed': 'true', 'signatureStatus': 'Valid', 'processGuid': '{411eefe4-4cdb-6952-d117-000000001000}', 'processId': '13032', 'utcTime': '2025-12-29 09:41:47.514', 'hashes': 'SHA1=00BD08F417A37522651DBDEB756CD52D99736266,MD5=CACEF6B7D029B9D1CA39D4D9A34F80E3,SHA256=B446AF8762D93C979656667C5AC8CFDE59D6282198D3902FBDAFDC0E78C1D87E,IMPHASH=DAE02F32A21E03CE65412F6E56942DAA', 'ruleName': 'technique_id=T1059.001,technique_name=PowerShell', 'company': 'Microsoft Corporation', 'fileVersion': '10.0.26100.7462', 'user': 'NT AUTHORITY\\\\SYSTEM'}, 'system': {'eventID': '7', 'keywords': '0x8000000000000000', 'providerGuid': '{5770385f-c22a-43e0-bf4c-06f5698ffbd9}', 'level': '4', 'channel': 'Microsoft-Windows-Sysmon/Operational', 'opcode': '0', 'message': '""Image loaded:\r\nRuleName: technique_id=T1059.001,technique_name=PowerShell\r\nUtcTime: 2025-12-29 09:41:47.514\r\nProcessGuid: {411eefe4-4cdb-6952-d117-000000001000}\r\nProcessId: 13032\r\nImage: C:\\Windows\\Microsoft.NET\\Framework\\v4.0.30319\\mscorsvw.exe\r\nImageLoaded: C:\\Windows\\Microsoft.NET\\assembly\\GAC_MSIL\\System.Management.Automation\\v4.0_3.0.0.0__31bf3856ad364e35\\System.Management.Automation.dll\r\nFileVersion: 10.0.26100.7462\r\nDescription: System.Management.Automation\r\nProduct: Microsoft (R) Windows (R) Operating System\r\nCompany: Microsoft Corporation\r\nOriginalFileName: System.Management.Automation.dll\r\nHashes: SHA1=00BD08F417A37522651DBDEB756CD52D99736266,MD5=CACEF6B7D029B9D1CA39D4D9A34F80E3,SHA256=B446AF8762D93C979656667C5AC8CFDE59D6282198D3902FBDAFDC0E78C1D87E,IMPHASH=DAE02F32A21E03CE65412F6E56942DAA\r\nSigned: true\r\nSignature: Microsoft Windows\r\nSignatureStatus: Valid\r\nUser: NT AUTHORITY\\SYSTEM""', 'version': '3', 'systemTime': '2025-12-29T09:41:47.5163466Z', 'eventRecordID': '18090', 'threadID': '3676', 'computer': 'WindowsEnd-c7921449-8b62-4c4d-8a83-d9281ac0190b', 'task': '7', 'processID': '1836', 'severityValue': 'INFORMATION', 'providerName': 'Microsoft-Windows-Sysmon'}}}, 'rule': {'firedtimes': 35, 'mail': True, 'level': 12, 'description': 'Binary loaded PowerShell automation library - Possible unmanaged Powershell execution by suspicious process', 'groups': ['sysmon', 'sysmon_eid7_detections', 'windows'], 'mitre': {'technique': ['PowerShell'], 'id': ['T1059.001'], 'tactic': ['Execution']}, 'id': '92151'}, 'decoder': {'name': 'windows_eventchannel'}, 'input': {'type': 'log'}, '@timestamp': '2025-12-29T09:41:48.118Z', 'location': 'EventChannel', 'id': '1767001308.6830187', 'timestamp': '2025-12-29T10:41:48.118+0100'}",critical,
2025-12-29T09:41:48.121Z,Endpoint3-Win,1,92151,Binary loaded PowerShell automation library - Possible unmanaged Powershell execution by suspicious process,12,T1059.001,EventChannel,"{'agent': {'ip': '192.168.100.15', 'name': 'Endpoint3-Win', 'id': '001'}, 'manager': {'name': 'wazuh-vm'}, 'data': {'win': {'eventdata': {'originalFileName': 'System.Management.Automation.dll', 'image': 'C:\\\\Windows\\\\Microsoft.NET\\\\Framework\\\\v4.0.30319\\\\mscorsvw.exe', 'product': 'Microsoft (R) Windows (R) Operating System', 'signature': 'Microsoft Windows', 'imageLoaded': 'C:\\\\Windows\\\\Microsoft.NET\\\\assembly\\\\GAC_MSIL\\\\System.Management.Automation\\\\v4.0_3.0.0.0__31bf3856ad364e35\\\\System.Management.Automation.dll', 'description': 'System.Management.Automation', 'signed': 'true', 'signatureStatus': 'Valid', 'processGuid': '{411eefe4-4cdb-6952-d117-000000001000}', 'processId': '13032', 'utcTime': '2025-12-29 09:41:47.514', 'hashes': 'SHA1=00BD08F417A37522651DBDEB756CD52D99736266,MD5=CACEF6B7D029B9D1CA39D4D9A34F80E3,SHA256=B446AF8762D93C979656667C5AC8CFDE59D6282198D3902FBDAFDC0E78C1D87E,IMPHASH=DAE02F32A21E03CE65412F6E56942DAA', 'ruleName': 'technique_id=T1059.001,technique_name=PowerShell', 'company': 'Microsoft Corporation', 'fileVersion': '10.0.26100.7462', 'user': 'NT AUTHORITY\\\\SYSTEM'}, 'system': {'eventID': '7', 'keywords': '0x8000000000000000', 'providerGuid': '{5770385f-c22a-43e0-bf4c-06f5698ffbd9}', 'level': '4', 'channel': 'Microsoft-Windows-Sysmon/Operational', 'opcode': '0', 'message': '""Image loaded:\r\nRuleName: technique_id=T1059.001,technique_name=PowerShell\r\nUtcTime: 2025-12-29 09:41:47.514\r\nProcessGuid: {411eefe4-4cdb-6952-d117-000000001000}\r\nProcessId: 13032\r\nImage: C:\\Windows\\Microsoft.NET\\Framework\\v4.0.30319\\mscorsvw.exe\r\nImageLoaded: C:\\Windows\\Microsoft.NET\\assembly\\GAC_MSIL\\System.Management.Automation\\v4.0_3.0.0.0__31bf3856ad364e35\\System.Management.Automation.dll\r\nFileVersion: 10.0.26100.7462\r\nDescription: System.Management.Automation\r\nProduct: Microsoft (R) Windows (R) Operating System\r\nCompany: Microsoft Corporation\r\nOriginalFileName: System.Management.Automation.dll\r\nHashes: SHA1=00BD08F417A37522651DBDEB756CD52D99736266,MD5=CACEF6B7D029B9D1CA39D4D9A34F80E3,SHA256=B446AF8762D93C979656667C5AC8CFDE59D6282198D3902FBDAFDC0E78C1D87E,IMPHASH=DAE02F32A21E03CE65412F6E56942DAA\r\nSigned: true\r\nSignature: Microsoft Windows\r\nSignatureStatus: Valid\r\nUser: NT AUTHORITY\\SYSTEM""', 'version': '3', 'systemTime': '2025-12-29T09:41:47.5170335Z', 'eventRecordID': '18091', 'threadID': '3676', 'computer': 'WindowsEnd-c7921449-8b62-4c4d-8a83-d9281ac0190b', 'task': '7', 'processID': '1836', 'severityValue': 'INFORMATION', 'providerName': 'Microsoft-Windows-Sysmon'}}}, 'rule': {'firedtimes': 36, 'mail': True, 'level': 12, 'description': 'Binary loaded PowerShell automation library - Possible unmanaged Powershell execution by suspicious process', 'groups': ['sysmon', 'sysmon_eid7_detections', 'windows'], 'mitre': {'technique': ['PowerShell'], 'id': ['T1059.001'], 'tactic': ['Execution']}, 'id': '92151'}, 'decoder': {'name': 'windows_eventchannel'}, 'input': {'type': 'log'}, '@timestamp': '2025-12-29T09:41:48.121Z', 'location': 'EventChannel', 'id': '1767001308.6835459', 'timestamp': '2025-12-29T10:41:48.121+0100'}",critical,
2025-12-29T09:41:49.273Z,Endpoint3-Win,1,92151,Binary loaded PowerShell automation library - Possible unmanaged Powershell execution by suspicious process,12,T1059.001,EventChannel,"{'agent': {'ip': '192.168.100.15', 'name': 'Endpoint3-Win', 'id': '001'}, 'manager': {'name': 'wazuh-vm'}, 'data': {'win': {'eventdata': {'originalFileName': 'System.Management.Automation.dll', 'image': 'C:\\\\Windows\\\\Microsoft.NET\\\\Framework\\\\v4.0.30319\\\\mscorsvw.exe', 'product': 'Microsoft (R) Windows (R) Operating System', 'signature': 'Microsoft Windows', 'imageLoaded': 'C:\\\\Windows\\\\Microsoft.NET\\\\assembly\\\\GAC_MSIL\\\\System.Management.Automation\\\\v4.0_3.0.0.0__31bf3856ad364e35\\\\System.Management.Automation.dll', 'description': 'System.Management.Automation', 'signed': 'true', 'signatureStatus': 'Valid', 'processGuid': '{411eefe4-4cdb-6952-d217-000000001000}', 'processId': '10904', 'utcTime': '2025-12-29 09:41:48.199', 'hashes': 'SHA1=00BD08F417A37522651DBDEB756CD52D99736266,MD5=CACEF6B7D029B9D1CA39D4D9A34F80E3,SHA256=B446AF8762D93C979656667C5AC8CFDE59D6282198D3902FBDAFDC0E78C1D87E,IMPHASH=DAE02F32A21E03CE65412F6E56942DAA', 'ruleName': 'technique_id=T1059.001,technique_name=PowerShell', 'company': 'Microsoft Corporation', 'fileVersion': '10.0.26100.7462', 'user': 'NT AUTHORITY\\\\SYSTEM'}, 'system': {'eventID': '7', 'keywords': '0x8000000000000000', 'providerGuid': '{5770385f-c22a-43e0-bf4c-06f5698ffbd9}', 'level': '4', 'channel': 'Microsoft-Windows-Sysmon/Operational', 'opcode': '0', 'message': '""Image loaded:\r\nRuleName: technique_id=T1059.001,technique_name=PowerShell\r\nUtcTime: 2025-12-29 09:41:48.199\r\nProcessGuid: {411eefe4-4cdb-6952-d217-000000001000}\r\nProcessId: 10904\r\nImage: C:\\Windows\\Microsoft.NET\\Framework\\v4.0.30319\\mscorsvw.exe\r\nImageLoaded: C:\\Windows\\Microsoft.NET\\assembly\\GAC_MSIL\\System.Management.Automation\\v4.0_3.0.0.0__31bf3856ad364e35\\System.Management.Automation.dll\r\nFileVersion: 10.0.26100.7462\r\nDescription: System.Management.Automation\r\nProduct: Microsoft (R) Windows (R) Operating System\r\nCompany: Microsoft Corporation\r\nOriginalFileName: System.Management.Automation.dll\r\nHashes: SHA1=00BD08F417A37522651DBDEB756CD52D99736266,MD5=CACEF6B7D029B9D1CA39D4D9A34F80E3,SHA256=B446AF8762D93C979656667C5AC8CFDE59D6282198D3902FBDAFDC0E78C1D87E,IMPHASH=DAE02F32A21E03CE65412F6E56942DAA\r\nSigned: true\r\nSignature: Microsoft Windows\r\nSignatureStatus: Valid\r\nUser: NT AUTHORITY\\SYSTEM""', 'version': '3', 'systemTime': '2025-12-29T09:41:48.2006669Z', 'eventRecordID': '18095', 'threadID': '3676', 'computer': 'WindowsEnd-c7921449-8b62-4c4d-8a83-d9281ac0190b', 'task': '7', 'processID': '1836', 'severityValue': 'INFORMATION', 'providerName': 'Microsoft-Windows-Sysmon'}}}, 'rule': {'firedtimes': 37, 'mail': True, 'level': 12, 'description': 'Binary loaded PowerShell automation library - Possible unmanaged Powershell execution by suspicious process', 'groups': ['sysmon', 'sysmon_eid7_detections', 'windows'], 'mitre': {'technique': ['PowerShell'], 'id': ['T1059.001'], 'tactic': ['Execution']}, 'id': '92151'}, 'decoder': {'name': 'windows_eventchannel'}, 'input': {'type': 'log'}, '@timestamp': '2025-12-29T09:41:49.273Z', 'location': 'EventChannel', 'id': '1767001309.6840731', 'timestamp': '2025-12-29T10:41:49.273+0100'}",critical,
